Log file open, 05/09/17 21:30:15
LogInit:Display: Running engine for game: Shooter
LogPlatformFile: Not using cached read wrapper
LogInit:Display: RandInit(-1400912675) SRandInit(-1400912675).
LogTaskGraph: Started task graph with 5 named threads and 8 total threads with 1 sets of task threads.
LogStats: Stats thread started at 0.125103
LogInit: Using libcurl 7.47.1
LogInit:  - built for x86_64-pc-win32
LogInit:  - supports SSL with OpenSSL/1.0.2g
LogInit:  - supports HTTP deflate (compression) using libz 1.2.8
LogInit:  - other features:
LogInit:      CURL_VERSION_SSL
LogInit:      CURL_VERSION_LIBZ
LogInit:      CURL_VERSION_IPV6
LogInit:      CURL_VERSION_ASYNCHDNS
LogInit:      CURL_VERSION_LARGEFILE
LogInit:      CURL_VERSION_IDN
LogInit:  CurlRequestOptions (configurable via config and command line):
LogInit:  - bVerifyPeer = false  - Libcurl will NOT verify peer certificate
LogInit:  - bUseHttpProxy = false  - Libcurl will NOT use HTTP proxy
LogInit:  - bDontReuseConnections = false  - Libcurl will reuse connections
LogInit:  - CertBundlePath = nullptr  - Libcurl will use whatever was configured at build time.
LogInit: Build: ++UE4+Release-4.15-CL-3416026
LogInit: Engine Version: 4.15.2-3416026+++UE4+Release-4.15
LogInit: Compatible Engine Version: 4.15.0-3299760+++UE4+Release-4.15
LogInit: Net CL: 3299760
LogDevObjectVersion: Number of dev versions registered: 14
LogDevObjectVersion:   Dev-Blueprints (B0D832E4-1F89-4F0D-ACCF-7EB736FD4AA2): 8
LogDevObjectVersion:   Dev-Build (E1C64328-A22C-4D53-A36C-8E866417BD8C): 0
LogDevObjectVersion:   Dev-Core (375EC13C-06E4-48FB-B500-84F0262A717E): 2
LogDevObjectVersion:   Dev-Editor (E4B068ED-F494-42E9-A231-DA0B2E46BB41): 14
LogDevObjectVersion:   Dev-Framework (CFFC743F-43B0-4480-9391-14DF171D2073): 22
LogDevObjectVersion:   Dev-Mobile (B02B49B5-BB20-44E9-A304-32B752E40360): 0
LogDevObjectVersion:   Dev-Networking (A4E4105C-59A1-49B5-A7C5-40C4547EDFEE): 0
LogDevObjectVersion:   Dev-Online (39C831C9-5AE6-47DC-9A44-9C173E1C8E7C): 0
LogDevObjectVersion:   Dev-Physics (78F01B33-EBEA-4F98-B9B4-84EACCB95AA2): 0
LogDevObjectVersion:   Dev-Platform (6631380F-2D4D-43E0-8009-CF276956A95A): 0
LogDevObjectVersion:   Dev-Rendering (12F88B9F-8875-4AFC-A67C-D90C383ABD29): 12
LogDevObjectVersion:   Dev-Sequencer (7B5AE74C-D270-4C10-A958-57980B212A5A): 3
LogDevObjectVersion:   Dev-VR (D7296918-1DD6-4BDD-9DE2-64A83CC13884): 0
LogDevObjectVersion:   Dev-LoadTimes (C2A15278-BFE7-4AFE-6C17-90FF531DF755): 1
LogInit: Compiled (64-bit): May  1 2017 13:11:28
LogInit: Compiled with Visual C++: 19.00.23026.00
LogInit: Build Configuration: Development
LogInit: Branch Name: ++UE4+Release-4.15
LogInit: Command line:  
LogInit: Base directory: D:/Epic Games/UE_4.15/Engine/Binaries/Win64/
LogInit: Installed Engine Build: 1
LogInit: Presizing for max 8388607 objects, including 0 objects not considered by GC, pre-allocating 0 bytes for permanent pool.
LogInit: Object subsystem initialized
[2017.05.10-01.30.17:013][  0]LogInit: Selected Device Profile: [Windows]
[2017.05.10-01.30.17:013][  0]LogInit: Applying CVar settings loaded from the selected device profile: [Windows]
[2017.05.10-01.30.17:045][  0]LogInit: Computer: DESKTOP-44SKKF1
[2017.05.10-01.30.17:045][  0]LogInit: User: 1
[2017.05.10-01.30.17:045][  0]LogInit: CPU Page size=65536, Cores=4
[2017.05.10-01.30.17:045][  0]LogInit: High frequency timer resolution =1.754519 MHz
[2017.05.10-01.30.17:046][  0]LogMemory: Memory total: Physical=7.3GB (8GB approx)
[2017.05.10-01.30.17:046][  0]LogMemory: Platform Memory Stats for Windows
[2017.05.10-01.30.17:046][  0]LogMemory: Process Physical Memory: 262.91 MB used, 262.91 MB peak
[2017.05.10-01.30.17:046][  0]LogMemory: Process Virtual Memory: 262.55 MB used, 262.55 MB peak
[2017.05.10-01.30.17:046][  0]LogMemory: Physical Memory: 2465.28 MB used,  5020.06 MB free, 7485.34 MB total
[2017.05.10-01.30.17:046][  0]LogMemory: Virtual Memory: 643.93 MB used,  5020.06 MB free, 134217728.00 MB total
[2017.05.10-01.30.17:196][  0]LogInit: Overriding culture en with editor configuration.
[2017.05.10-01.30.18:359][  0]LogD3D11RHI: D3D11 adapters:
[2017.05.10-01.30.18:398][  0]LogD3D11RHI:    0. 'AMD Radeon R6 Graphics' (Feature Level 11_0)
[2017.05.10-01.30.18:398][  0]LogD3D11RHI:       487/0/3742 MB DedicatedVideo/DedicatedSystem/SharedSystem, Outputs:1, VendorId:0x1002
[2017.05.10-01.30.18:401][  0]LogD3D11RHI:    1. 'Microsoft Basic Render Driver' (Feature Level 11_0)
[2017.05.10-01.30.18:401][  0]LogD3D11RHI:       0/0/3742 MB DedicatedVideo/DedicatedSystem/SharedSystem, Outputs:0, VendorId:0x1414
[2017.05.10-01.30.18:401][  0]LogD3D11RHI: Chosen D3D11 Adapter: 0
[2017.05.10-01.30.18:417][  0]LogD3D11RHI: Creating new Direct3DDevice
[2017.05.10-01.30.18:417][  0]LogD3D11RHI:     GPU DeviceId: 0x9874 (for the marketing name, search the web for "GPU Device Id")
[2017.05.10-01.30.18:417][  0]LogWindows: EnumDisplayDevices:
[2017.05.10-01.30.18:417][  0]LogWindows:    0. 'AMD Radeon R6 Graphics' (P:1 D:1)
[2017.05.10-01.30.18:418][  0]LogWindows:    1. 'AMD Radeon R6 Graphics' (P:0 D:0)
[2017.05.10-01.30.18:419][  0]LogWindows:    2. 'AMD Radeon R6 Graphics' (P:0 D:0)
[2017.05.10-01.30.18:420][  0]LogWindows: DebugString: FoundDriverCount:3 
[2017.05.10-01.30.18:420][  0]LogD3D11RHI:     Adapter Name: AMD Radeon R6 Graphics
[2017.05.10-01.30.18:420][  0]LogD3D11RHI:   Driver Version: Crimson 16.6 (internal:21.19.137.514, unified:21.19.137.514)
[2017.05.10-01.30.18:420][  0]LogD3D11RHI:      Driver Date: 11-21-2016
[2017.05.10-01.30.18:420][  0]LogRHI: Texture pool is 340 MB (70% of 487 MB)
[2017.05.10-01.30.18:497][  0]LogD3D11RHI: Async texture creation enabled
[2017.05.10-01.30.18:520][  0]LogD3D11RHI: GPU Timing Frequency: 100.000000 (Debug: 2 1)
[2017.05.10-01.30.18:524][  0]LogShaderCompilers: Guid format shader working directory is 3 characters bigger than the processId version (C:/Users/lenovo/Documents/UnrealPro/Shooter/Intermediate/Shaders/WorkingDirectory/52808/).
[2017.05.10-01.30.18:524][  0]LogShaderCompilers: Cleaned the shader compiler working directory 'C:/Users/lenovo/AppData/Local/Temp/UnrealShaderWorkingDir/CB4CF86042D2B369BE2F348002E83212/'.
[2017.05.10-01.30.18:524][  0]LogShaderCompilers:Display: Using Local Shader Compiler.
[2017.05.10-01.30.21:071][  0]LogTemp:Display: Loaded TP AllDesktopTargetPlatform
[2017.05.10-01.30.21:182][  0]LogTemp:Display: Loaded TP MacClientTargetPlatform
[2017.05.10-01.30.21:308][  0]LogTemp:Display: Loaded TP MacNoEditorTargetPlatform
[2017.05.10-01.30.21:403][  0]LogTemp:Display: Loaded TP MacServerTargetPlatform
[2017.05.10-01.30.21:507][  0]LogTemp:Display: Loaded TP MacTargetPlatform
[2017.05.10-01.30.21:604][  0]LogTemp:Display: Loaded TP WindowsClientTargetPlatform
[2017.05.10-01.30.21:699][  0]LogTemp:Display: Loaded TP WindowsNoEditorTargetPlatform
[2017.05.10-01.30.21:801][  0]LogTemp:Display: Loaded TP WindowsServerTargetPlatform
[2017.05.10-01.30.21:880][  0]LogTemp:Display: Loaded TP WindowsTargetPlatform
[2017.05.10-01.30.21:981][  0]LogTemp:Display: Loaded TP AndroidTargetPlatform
[2017.05.10-01.30.22:080][  0]LogTemp:Display: Loaded TP Android_ASTCTargetPlatform
[2017.05.10-01.30.22:185][  0]LogTemp:Display: Loaded TP Android_ATCTargetPlatform
[2017.05.10-01.30.22:281][  0]LogTemp:Display: Loaded TP Android_DXTTargetPlatform
[2017.05.10-01.30.22:374][  0]LogTemp:Display: Loaded TP Android_ETC1TargetPlatform
[2017.05.10-01.30.22:463][  0]LogTemp:Display: Loaded TP Android_ETC2TargetPlatform
[2017.05.10-01.30.22:640][  0]LogTemp:Display: Loaded TP Android_MultiTargetPlatform
[2017.05.10-01.30.22:640][  0]LogTemp:Display: Loaded TP Android_PVRTCTargetPlatform
[2017.05.10-01.30.22:717][  0]LogTemp:Display: Loaded TP HTML5TargetPlatform
[2017.05.10-01.30.22:898][  0]LogTemp:Display: Loaded TP IOSTargetPlatform
[2017.05.10-01.30.22:976][  0]LogTemp:Display: Loaded TP TVOSTargetPlatform
[2017.05.10-01.30.23:071][  0]LogTemp:Display: Loaded TP LinuxClientTargetPlatform
[2017.05.10-01.30.23:161][  0]LogTemp:Display: Loaded TP LinuxNoEditorTargetPlatform
[2017.05.10-01.30.23:252][  0]LogTemp:Display: Loaded TP LinuxServerTargetPlatform
[2017.05.10-01.30.23:342][  0]LogTemp:Display: Loaded TP LinuxTargetPlatform
[2017.05.10-01.30.23:342][  0]LogTargetPlatformManager:Display: Building Assets For Windows
[2017.05.10-01.30.24:111][  0]LogDerivedDataCache:Display: Max Cache Size: 512 MB
[2017.05.10-01.30.24:241][  0]LogDerivedDataCache: Loaded boot cache 0.13s 50MB C:/Users/lenovo/AppData/Local/UnrealEngine/4.15/DerivedDataCache/Boot.ddc.
[2017.05.10-01.30.24:241][  0]LogDerivedDataCache:Display: Loaded Boot cache: C:/Users/lenovo/AppData/Local/UnrealEngine/4.15/DerivedDataCache/Boot.ddc
[2017.05.10-01.30.24:241][  0]LogDerivedDataCache: FDerivedDataBackendGraph:  Pak pak cache file C:/Users/lenovo/Documents/UnrealPro/Shooter/DerivedDataCache/DDC.ddp not found, will not use a pak cache.
[2017.05.10-01.30.24:241][  0]LogDerivedDataCache: Unable to find inner node Pak for hierarchical cache Hierarchy.
[2017.05.10-01.30.24:241][  0]LogDerivedDataCache: FDerivedDataBackendGraph:  CompressedPak pak cache file C:/Users/lenovo/Documents/UnrealPro/Shooter/DerivedDataCache/Compressed.ddp not found, will not use a pak cache.
[2017.05.10-01.30.24:241][  0]LogDerivedDataCache: Unable to find inner node CompressedPak for hierarchical cache Hierarchy.
[2017.05.10-01.30.24:283][  0]LogDerivedDataCache:Display: Pak cache opened for reading ../../../Engine/DerivedDataCache/Compressed.ddp.
[2017.05.10-01.30.24:298][  0]LogDerivedDataCache: Using Local data cache path C:/Users/lenovo/AppData/Local/UnrealEngine/Common/DerivedDataCache: Writable
[2017.05.10-01.30.24:318][  0]LogSlate: Using Freetype 2.6.0
[2017.05.10-01.30.24:319][  0]LogSlate: SlateFontCache - WITH_FREETYPE: 1, WITH_HARFBUZZ: 1
[2017.05.10-01.30.24:319][  0]LogSlate: SlateFontCache - WITH_FREETYPE: 1, WITH_HARFBUZZ: 1
[2017.05.10-01.30.24:935][  0]LogInit: Selected Device Profile: [Windows]
[2017.05.10-01.30.24:942][  0]LogContentStreaming: Texture pool size is 0.00 MB
[2017.05.10-01.30.25:301][  0]LogMeshUtilities: Using QuadricMeshReduction for automatic static mesh reduction
[2017.05.10-01.30.25:382][  0]LogSimplygon: Simplygon DLL not present - disabling.
[2017.05.10-01.30.25:461][  0]LogMeshUtilities: Using SimplygonSwarm for distributed automatic mesh merging
[2017.05.10-01.30.25:461][  0]LogMeshUtilities: No automatic skeletal mesh reduction module available
[2017.05.10-01.30.25:461][  0]LogMeshUtilities: No automatic mesh merging module available
[2017.05.10-01.30.26:575][  0]LogNetVersion: GetLocalNetworkVersion: CL: 3299760, ProjectName: shooter, ProjectVersion: , EngineNetworkVersion: 2, GameNetworkVersion: 0, NetworkChecksum: 1589670086
[2017.05.10-01.30.26:643][  0]LogAssetRegistry: FAssetRegistry took 0.0227 seconds to start up
[2017.05.10-01.30.26:748][  0]LogPackageLocalizationCache: Processed 3 localized package path(s) for 1 prioritized culture(s) in 0.048880 seconds
[2017.05.10-01.30.26:762][  0]LogUObjectArray: 32493 objects as part of root set at end of initial load.
[2017.05.10-01.30.26:762][  0]LogUObjectAllocator: 7077024 out of 0 bytes used by permanent object pool.
[2017.05.10-01.30.26:762][  0]LogUObjectArray: CloseDisregardForGC: 0/0 objects in disregard for GC pool
[2017.05.10-01.30.26:902][  0]LogInit: WinSock: version 1.1 (2.2), MaxSocks=32767, MaxUdp=65467
[2017.05.10-01.30.29:681][  0]LogTcpMessaging: Initializing TcpMessaging bridge
[2017.05.10-01.30.29:749][  0]LogUdpMessaging: Initializing bridge on interface 0.0.0.0:0 to multicast group 230.0.0.1:6666.
[2017.05.10-01.30.30:607][  0]LogMaterial: Uniform references updated for custom material expression Custom.
[2017.05.10-01.30.31:233][  0]SourceControl: Info Source control is disabled
[2017.05.10-01.30.31:236][  0]SourceControl: Info Source control is disabled
[2017.05.10-01.30.31:323][  0]SourceControl: Info Source control is disabled
[2017.05.10-01.30.31:411][  0]SourceControl: Info Source control is disabled
[2017.05.10-01.30.33:739][  0]LogEngine: Initializing Engine...
[2017.05.10-01.30.33:742][  0]LogHMD: Failed to initialize OpenVR with code 110
[2017.05.10-01.30.33:959][  0]LogStats: UGameplayTagsManager::ConstructGameplayTagTree: Construct from data asset -  0.000 s
[2017.05.10-01.30.33:959][  0]LogStats: UGameplayTagsManager::ConstructGameplayTagTree: GameplayTagTreeChangedEvent.Broadcast -  0.000 s
[2017.05.10-01.30.34:188][  0]LogAIModule: Creating AISystem for world Untitled
[2017.05.10-01.30.34:215][  0]LogInit: XAudio2 using '扬声器 (Conexant SmartAudio HD)' : 2 channels at 48 kHz using 32 bits per sample (channel mask 0x3)
[2017.05.10-01.30.35:389][  0]LogInit: FAudioDevice initialized.
[2017.05.10-01.30.35:462][  0]LogDerivedDataCache: Saved boot cache 0.07s 50MB C:/Users/lenovo/AppData/Local/UnrealEngine/4.15/DerivedDataCache/Boot.ddc.
[2017.05.10-01.30.35:490][  0]LogInit: Texture streaming: Enabled
[2017.05.10-01.30.35:720][  0]LogEngineSessionManager: EngineSessionManager initialized
[2017.05.10-01.30.35:879][  0]LogInit: Transaction tracking system initialized
[2017.05.10-01.30.36:575][  0]BlueprintLog: New page: Editor Load
[2017.05.10-01.30.38:437][  0]LocalizationService: Info Localization service is disabled
[2017.05.10-01.30.40:035][  0]LogConsoleResponse:Display: 
[2017.05.10-01.30.40:307][  0]LogCook:Display: Max memory allowance for cook 16384mb min free memory 0mb
[2017.05.10-01.30.40:307][  0]LogCook:Display: Mobile HDR setting 1
[2017.05.10-01.30.40:639][  0]LogFileCache: Scanning file cache for directory 'C:/Users/lenovo/Documents/UnrealPro/Shooter/Content/' took 0.02s
[2017.05.10-01.30.42:323][  0]SourceControl: Info Source control is disabled
[2017.05.10-01.30.42:323][  0]Cmd: MAP LOAD FILE="C:/Users/lenovo/Documents/UnrealPro/Shooter/Content/ThirdPersonBP/Maps/ThirdPersonExampleMap.umap" TEMPLATE=0 SHOWPROGRESS=1 FEATURELEVEL=3
[2017.05.10-01.30.42:325][  0]LightingResults: New page: Lighting Build
[2017.05.10-01.30.42:428][  0]MapCheck: New page: Map Check
[2017.05.10-01.30.42:428][  0]LightingResults: New page: Lighting Build
[2017.05.10-01.30.43:670][  0]LogAIModule: Creating AISystem for world ThirdPersonExampleMap
[2017.05.10-01.30.43:733][  0]LogEditorServer: Finished looking for orphan Actors (0.000 secs)
[2017.05.10-01.30.43:734][  0]Cmd: MAP CHECKDEP NOCLEARLOG
[2017.05.10-01.30.43:861][  0]MapCheck: Info Map check complete: 0 Error(s), 0 Warning(s), took 127.027ms to complete.
[2017.05.10-01.30.43:861][  0]LogFileHelpers: Loading map 'ThirdPersonExampleMap' took 1.538
[2017.05.10-01.30.44:151][  0]LogCollectionManager: Loaded 0 collections in 0.002618 seconds
[2017.05.10-01.30.44:262][  0]LogFileCache: Scanning file cache for directory 'C:/Users/lenovo/Documents/UnrealPro/Shooter/Saved/Collections/' took 0.01s
[2017.05.10-01.30.44:262][  0]LogFileCache: Scanning file cache for directory 'C:/Users/lenovo/Documents/UnrealPro/Shooter/Content/Developers/1/Collections/' took 0.01s
[2017.05.10-01.30.44:262][  0]LogFileCache: Scanning file cache for directory 'C:/Users/lenovo/Documents/UnrealPro/Shooter/Content/Collections/' took 0.01s
[2017.05.10-01.30.44:262][  0]LogCollectionManager: Rebuilt the GUID cache for 0 collections in 0.000003 seconds
[2017.05.10-01.30.44:278][  0]LogContentBrowser: Native class hierarchy populated in 0.0154 seconds. Added 2245 classes and 453 folders.
[2017.05.10-01.30.44:388][  0]LogContentBrowser: Native class hierarchy updated for 'WidgetCarousel' in 0.0009 seconds. Added 0 classes and 0 folders.
[2017.05.10-01.30.44:461][  0]LogContentBrowser: Native class hierarchy updated for 'AddContentDialog' in 0.0009 seconds. Added 0 classes and 0 folders.
[2017.05.10-01.30.44:532][  0]LogContentBrowser: Native class hierarchy updated for 'SceneOutliner' in 0.0009 seconds. Added 1 classes and 2 folders.
[2017.05.10-01.30.44:611][  0]LogCrashTracker: Crashtracker disabled due to settings.
[2017.05.10-01.30.44:626][  0]LogUObjectGlobals:Warning: Failed to find object 'Class None.'
[2017.05.10-01.30.44:754][  0]LogContentBrowser: Native class hierarchy updated for 'HierarchicalLODOutliner' in 0.0011 seconds. Added 1 classes and 2 folders.
[2017.05.10-01.30.44:755][  0]LogLoad: (Engine Initialization) Total time: 31.82 seconds
[2017.05.10-01.30.44:755][  0]LogLoad: (Engine Initialization) Total Blueprint compile time: 0.40 seconds
[2017.05.10-01.30.44:755][  0]LogExternalProfiler: Found external profiler: VSPerf
[2017.05.10-01.30.44:755][  0]LogExternalProfiler: Using external profiler: VSPerf
[2017.05.10-01.30.45:095][  0]LogOcInput: OculusInput pre-init called
[2017.05.10-01.30.45:123][  0]LogContentStreaming: Texture pool size now 400 MB
[2017.05.10-01.30.45:126][  0]LogSlate: Took 0.000449 seconds to synchronously load lazily loaded font '../../../Engine/Content/Slate/Fonts/Roboto-Regular.ttf' (155K)
[2017.05.10-01.30.45:135][  0]LogSlate: Took 0.000470 seconds to synchronously load lazily loaded font '../../../Engine/Content/Slate/Fonts/Roboto-Bold.ttf' (160K)
[2017.05.10-01.30.45:147][  0]LogSlate: Took 0.000948 seconds to synchronously load lazily loaded font '../../../Engine/Content/Editor/Slate/Fonts/FontAwesome.ttf' (139K)
[2017.05.10-01.30.45:412][  0]LogSlate: Took 0.000598 seconds to synchronously load lazily loaded font '../../../Engine/Content/Slate/Fonts/Roboto-Light.ttf' (159K)
[2017.05.10-01.30.45:572][  0]LogRenderer: Reallocating scene render targets to support 884x408 NumSamples 1 (Frame:2).
[2017.05.10-01.30.46:330][  3]LogAssetRegistry: Asset discovery search completed in 19.7088 seconds
[2017.05.10-01.30.46:330][  3]LogCollectionManager: Rebuilt the object cache for 0 collections in 0.000034 seconds (found 0 objects)
[2017.05.10-01.30.46:330][  3]LogCollectionManager: Fixed up redirectors for 0 collections in 0.000058 seconds (updated 0 objects)
[2017.05.10-01.30.46:353][  3]LogSlate: Took 0.000569 seconds to synchronously load lazily loaded font '../../../Engine/Content/Slate/Fonts/Roboto-Light.ttf' (159K)
[2017.05.10-01.30.55:995][ 33]LogHttp:Warning: 000002443CAFDD80: request failed, libcurl error: 6 (Couldn't resolve host name)
[2017.05.10-01.30.55:995][ 33]LogHttp:Warning: 000002443CAFDD80: libcurl info message cache 0 (Could not resolve host: cdn.unrealengine.com)
[2017.05.10-01.30.55:995][ 33]LogHttp:Warning: 000002443CAFDD80: libcurl info message cache 1 (Closing connection 0)
[2017.05.10-01.31.01:560][253]LogTemp: Repeting last play command: Selected Viewport
[2017.05.10-01.31.01:598][253]LogBlueprintUserMessages: Early PlayInEditor Detection: Level '/Game/ThirdPersonBP/Maps/ThirdPersonExampleMap.ThirdPersonExampleMap:PersistentLevel' has LevelScriptBlueprint '/Game/ThirdPersonBP/Maps/ThirdPersonExampleMap.ThirdPersonExampleMap:PersistentLevel.ThirdPersonExampleMap' with GeneratedClass '/Game/ThirdPersonBP/Maps/ThirdPersonExampleMap.ThirdPersonExampleMap_C' with ClassGeneratedBy '/Game/ThirdPersonBP/Maps/ThirdPersonExampleMap.ThirdPersonExampleMap:PersistentLevel.ThirdPersonExampleMap'
[2017.05.10-01.31.01:599][253]LogPlayLevel: PlayLevel: No blueprints needed recompiling
[2017.05.10-01.31.01:599][253]PIE: New page: PIE session: ThirdPersonExampleMap (May 9, 2017, 5:31:01 PM)
[2017.05.10-01.31.01:599][253]LogPlayLevel: Creating play world package: /Game/ThirdPersonBP/Maps/UEDPIE_0_ThirdPersonExampleMap
[2017.05.10-01.31.01:680][253]LogPlayLevel: PIE: StaticDuplicateObject took: (0.080601s)
[2017.05.10-01.31.01:681][253]LogAIModule: Creating AISystem for world ThirdPersonExampleMap
[2017.05.10-01.31.01:681][253]LogPlayLevel: PIE: World Init took: (0.001650s)
[2017.05.10-01.31.01:682][253]LogPlayLevel: PIE: Created PIE world by copying editor world from /Game/ThirdPersonBP/Maps/ThirdPersonExampleMap.ThirdPersonExampleMap to /Game/ThirdPersonBP/Maps/UEDPIE_0_ThirdPersonExampleMap.ThirdPersonExampleMap (0.082730s)
[2017.05.10-01.31.01:733][253]LogInit: XAudio2 using '扬声器 (Conexant SmartAudio HD)' : 2 channels at 48 kHz using 32 bits per sample (channel mask 0x3)
[2017.05.10-01.31.01:753][253]LogInit: FAudioDevice initialized.
[2017.05.10-01.31.02:189][253]LogLoad: Game class is 'ThirdPersonGameMode_C'
[2017.05.10-01.31.02:201][253]LogWorld: Bringing World /Game/ThirdPersonBP/Maps/UEDPIE_0_ThirdPersonExampleMap.ThirdPersonExampleMap up for play (max tick rate 0) at 2017.05.09-21.31.02
[2017.05.10-01.31.02:201][253]LogWorld: Bringing up level for play took: 0.008673
[2017.05.10-01.31.02:284][253]LogContentBrowser: Native class hierarchy updated for 'MovieSceneCapture' in 0.0012 seconds. Added 11 classes and 0 folders.
[2017.05.10-01.31.02:285][253]PIE: Info Play in editor start time for /Game/ThirdPersonBP/Maps/UEDPIE_0_ThirdPersonExampleMap 0.467
[2017.05.10-01.31.02:320][253]LogBlueprintUserMessages: Late PlayInEditor Detection: Level '/Game/ThirdPersonBP/Maps/ThirdPersonExampleMap.ThirdPersonExampleMap:PersistentLevel' has LevelScriptBlueprint '/Game/ThirdPersonBP/Maps/ThirdPersonExampleMap.ThirdPersonExampleMap:PersistentLevel.ThirdPersonExampleMap' with GeneratedClass '/Game/ThirdPersonBP/Maps/ThirdPersonExampleMap.ThirdPersonExampleMap_C' with ClassGeneratedBy '/Game/ThirdPersonBP/Maps/ThirdPersonExampleMap.ThirdPersonExampleMap:PersistentLevel.ThirdPersonExampleMap'
[2017.05.10-01.31.07:109][497]LogHttp:Warning: 000002445A019900: request failed, libcurl error: 6 (Couldn't resolve host name)
[2017.05.10-01.31.07:110][497]LogHttp:Warning: 000002445A019900: libcurl info message cache 0 (Could not resolve host: cdn.unrealengine.com)
[2017.05.10-01.31.07:110][497]LogHttp:Warning: 000002445A019900: libcurl info message cache 1 (Closing connection 1)
[2017.05.10-01.31.07:146][499]LogHttp:Warning: 000002443E87A380: request failed, libcurl error: 6 (Couldn't resolve host name)
[2017.05.10-01.31.07:146][499]LogHttp:Warning: 000002443E87A380: libcurl info message cache 0 (Could not resolve host: cdn.unrealengine.com)
[2017.05.10-01.31.07:146][499]LogHttp:Warning: 000002443E87A380: libcurl info message cache 1 (Closing connection 2)
[2017.05.10-01.31.09:337][615]LogBlueprintUserMessages: Early EndPlayMap Detection: Level '/Game/ThirdPersonBP/Maps/ThirdPersonExampleMap.ThirdPersonExampleMap:PersistentLevel' has LevelScriptBlueprint '/Game/ThirdPersonBP/Maps/ThirdPersonExampleMap.ThirdPersonExampleMap:PersistentLevel.ThirdPersonExampleMap' with GeneratedClass '/Game/ThirdPersonBP/Maps/ThirdPersonExampleMap.ThirdPersonExampleMap_C' with ClassGeneratedBy '/Game/ThirdPersonBP/Maps/ThirdPersonExampleMap.ThirdPersonExampleMap:PersistentLevel.ThirdPersonExampleMap'
[2017.05.10-01.31.09:433][615]LogBlueprintUserMessages: Late EndPlayMap Detection: Level '/Game/ThirdPersonBP/Maps/ThirdPersonExampleMap.ThirdPersonExampleMap:PersistentLevel' has LevelScriptBlueprint '/Game/ThirdPersonBP/Maps/ThirdPersonExampleMap.ThirdPersonExampleMap:PersistentLevel.ThirdPersonExampleMap' with GeneratedClass '/Game/ThirdPersonBP/Maps/ThirdPersonExampleMap.ThirdPersonExampleMap_C' with ClassGeneratedBy '/Game/ThirdPersonBP/Maps/ThirdPersonExampleMap.ThirdPersonExampleMap:PersistentLevel.ThirdPersonExampleMap'
[2017.05.10-01.31.20:691][ 73]LogSlate: Took 0.000653 seconds to synchronously load lazily loaded font '../../../Engine/Content/Slate/Fonts/Roboto-Light.ttf' (159K)
[2017.05.10-01.31.20:901][ 73]LogContentBrowser: Native class hierarchy updated for 'SkeletonEditor' in 0.0016 seconds. Added 1 classes and 2 folders.
[2017.05.10-01.31.21:197][ 73]LogActorComponent: RegisterComponentWithWorld: (/Engine/Transient.World_6:PersistentLevel.Actor_0.DebugSkelMeshComponent_0) Already registered. Aborting.
[2017.05.10-01.31.21:394][ 73]LogSlate: Took 0.000511 seconds to synchronously load lazily loaded font '../../../Engine/Content/Slate/Fonts/Roboto-Regular.ttf' (155K)
[2017.05.10-01.31.22:206][ 73]LogContentBrowser: Native class hierarchy updated for 'BlueprintGraph' in 0.0018 seconds. Added 112 classes and 0 folders.
[2017.05.10-01.31.22:866][ 73]LogSkeletalMesh: USkeletalMeshComponent::InitArticulated : Bodies already created (/Engine/Transient.World_6:PersistentLevel.Actor_0.DebugSkelMeshComponent_0) - call TermArticulated first.
[2017.05.10-01.31.23:189][ 73]LogSlate: Took 0.000602 seconds to synchronously load lazily loaded font '../../../Engine/Content/Editor/Slate/Fonts/Roboto-BoldCondensed.ttf' (158K)
[2017.05.10-01.31.34:742][385]LogSlate: Took 0.000645 seconds to synchronously load lazily loaded font '../../../Engine/Content/Editor/Slate/Fonts/Roboto-Italic.ttf' (157K)
[2017.05.10-01.31.44:852][624]LogHttp:Warning: 00000244822D9180: request failed, libcurl error: 6 (Couldn't resolve host name)
[2017.05.10-01.31.44:852][624]LogHttp:Warning: 00000244822D9180: libcurl info message cache 0 (Could not resolve host: datarouter.ol.epicgames.com)
[2017.05.10-01.31.44:852][624]LogHttp:Warning: 00000244822D9180: libcurl info message cache 1 (Closing connection 3)
[2017.05.10-01.31.59:588][997]LogActorComponent: RegisterComponentWithWorld: (/Engine/Transient.World_9:PersistentLevel.Actor_1.DebugSkelMeshComponent_2) Already registered. Aborting.
[2017.05.10-01.31.59:666][997]LogSkeletalMesh: USkeletalMeshComponent::InitArticulated : Bodies already created (/Engine/Transient.World_9:PersistentLevel.Actor_1.DebugSkelMeshComponent_2) - call TermArticulated first.
[2017.05.10-01.32.00:094][998]LogRenderer: Reallocating scene render targets to support 912x408 NumSamples 1 (Frame:4036).
[2017.05.10-01.32.56:228][483]LogHttp:Warning: 000002448CCE8B80: request failed, libcurl error: 6 (Couldn't resolve host name)
[2017.05.10-01.32.56:228][483]LogHttp:Warning: 000002448CCE8B80: libcurl info message cache 0 (Could not resolve host: datarouter.ol.epicgames.com)
[2017.05.10-01.32.56:228][483]LogHttp:Warning: 000002448CCE8B80: libcurl info message cache 1 (Closing connection 4)
[2017.05.10-01.33.45:177][869]LogHttp:Warning: 00000244806DA080: request failed, libcurl error: 6 (Couldn't resolve host name)
[2017.05.10-01.33.45:177][869]LogHttp:Warning: 00000244806DA080: libcurl info message cache 0 (Could not resolve host: datarouter.ol.epicgames.com)
[2017.05.10-01.33.45:177][869]LogHttp:Warning: 00000244806DA080: libcurl info message cache 1 (Closing connection 5)
[2017.05.10-01.34.45:159][468]LogHttp:Warning: 000002449198F400: request failed, libcurl error: 6 (Couldn't resolve host name)
[2017.05.10-01.34.45:159][468]LogHttp:Warning: 000002449198F400: libcurl info message cache 0 (Could not resolve host: datarouter.ol.epicgames.com)
[2017.05.10-01.34.45:159][468]LogHttp:Warning: 000002449198F400: libcurl info message cache 1 (Closing connection 6)
[2017.05.10-01.35.45:133][398]LogHttp:Warning: 0000024420667A00: request failed, libcurl error: 6 (Couldn't resolve host name)
[2017.05.10-01.35.45:133][398]LogHttp:Warning: 0000024420667A00: libcurl info message cache 0 (Could not resolve host: datarouter.ol.epicgames.com)
[2017.05.10-01.35.45:133][398]LogHttp:Warning: 0000024420667A00: libcurl info message cache 1 (Closing connection 7)
[2017.05.10-01.36.10:990][543]LogActorComponent: RegisterComponentWithWorld: (/Engine/Transient.World_13:PersistentLevel.Actor_2.DebugSkelMeshComponent_4) Already registered. Aborting.
[2017.05.10-01.36.11:086][543]LogSkeletalMesh: USkeletalMeshComponent::InitArticulated : Bodies already created (/Engine/Transient.World_13:PersistentLevel.Actor_2.DebugSkelMeshComponent_4) - call TermArticulated first.
[2017.05.10-01.36.22:718][957]LogEditorViewport: Clicking on Actor (context menu): Ue4ASP_Character_C (Ue4ASP_Character)
[2017.05.10-01.36.23:798][982]LogTemp: Repeting last play command: Selected Viewport
[2017.05.10-01.36.23:854][982]LogBlueprintUserMessages: Early PlayInEditor Detection: Level '/Game/ThirdPersonBP/Maps/ThirdPersonExampleMap.ThirdPersonExampleMap:PersistentLevel' has LevelScriptBlueprint '/Game/ThirdPersonBP/Maps/ThirdPersonExampleMap.ThirdPersonExampleMap:PersistentLevel.ThirdPersonExampleMap' with GeneratedClass '/Game/ThirdPersonBP/Maps/ThirdPersonExampleMap.ThirdPersonExampleMap_C' with ClassGeneratedBy '/Game/ThirdPersonBP/Maps/ThirdPersonExampleMap.ThirdPersonExampleMap:PersistentLevel.ThirdPersonExampleMap'
[2017.05.10-01.36.23:854][982]BlueprintLog: New page: Pre-Play auto-recompile
[2017.05.10-01.36.23:854][982]LogPlayLevel: [PlayLevel] Compiling UE4ASP_HeroTPP_AnimBlueprint before play...
[2017.05.10-01.36.24:254][982]LogPlayLevel: PlayLevel: Blueprint regeneration took 400 ms (1 blueprints)
[2017.05.10-01.36.24:254][982]PIE: New page: PIE session: ThirdPersonExampleMap (May 9, 2017, 5:36:24 PM)
[2017.05.10-01.36.24:254][982]LogPlayLevel: Creating play world package: /Game/ThirdPersonBP/Maps/UEDPIE_0_ThirdPersonExampleMap
[2017.05.10-01.36.24:327][982]LogPlayLevel: PIE: StaticDuplicateObject took: (0.072879s)
[2017.05.10-01.36.24:328][982]LogAIModule: Creating AISystem for world ThirdPersonExampleMap
[2017.05.10-01.36.24:329][982]LogPlayLevel: PIE: World Init took: (0.001563s)
[2017.05.10-01.36.24:329][982]LogPlayLevel: PIE: Created PIE world by copying editor world from /Game/ThirdPersonBP/Maps/ThirdPersonExampleMap.ThirdPersonExampleMap to /Game/ThirdPersonBP/Maps/UEDPIE_0_ThirdPersonExampleMap.ThirdPersonExampleMap (0.074926s)
[2017.05.10-01.36.24:403][982]LogInit: XAudio2 using '扬声器 (Conexant SmartAudio HD)' : 2 channels at 48 kHz using 32 bits per sample (channel mask 0x3)
[2017.05.10-01.36.24:424][982]LogInit: FAudioDevice initialized.
[2017.05.10-01.36.24:462][982]LogLoad: Game class is 'ThirdPersonGameMode_C'
[2017.05.10-01.36.24:473][982]LogWorld: Bringing World /Game/ThirdPersonBP/Maps/UEDPIE_0_ThirdPersonExampleMap.ThirdPersonExampleMap up for play (max tick rate 0) at 2017.05.09-21.36.24
[2017.05.10-01.36.24:474][982]LogWorld: Bringing up level for play took: 0.009126
[2017.05.10-01.36.24:477][982]PIE: Info Play in editor start time for /Game/ThirdPersonBP/Maps/UEDPIE_0_ThirdPersonExampleMap 0.659
[2017.05.10-01.36.24:478][982]LogBlueprintUserMessages: Late PlayInEditor Detection: Level '/Game/ThirdPersonBP/Maps/ThirdPersonExampleMap.ThirdPersonExampleMap:PersistentLevel' has LevelScriptBlueprint '/Game/ThirdPersonBP/Maps/ThirdPersonExampleMap.ThirdPersonExampleMap:PersistentLevel.ThirdPersonExampleMap' with GeneratedClass '/Game/ThirdPersonBP/Maps/ThirdPersonExampleMap.ThirdPersonExampleMap_C' with ClassGeneratedBy '/Game/ThirdPersonBP/Maps/ThirdPersonExampleMap.ThirdPersonExampleMap:PersistentLevel.ThirdPersonExampleMap'
[2017.05.10-01.36.35:730][673]LogBlueprintUserMessages: Early EndPlayMap Detection: Level '/Game/ThirdPersonBP/Maps/ThirdPersonExampleMap.ThirdPersonExampleMap:PersistentLevel' has LevelScriptBlueprint '/Game/ThirdPersonBP/Maps/ThirdPersonExampleMap.ThirdPersonExampleMap:PersistentLevel.ThirdPersonExampleMap' with GeneratedClass '/Game/ThirdPersonBP/Maps/ThirdPersonExampleMap.ThirdPersonExampleMap_C' with ClassGeneratedBy '/Game/ThirdPersonBP/Maps/ThirdPersonExampleMap.ThirdPersonExampleMap:PersistentLevel.ThirdPersonExampleMap'
[2017.05.10-01.36.35:913][673]LogBlueprintUserMessages: Late EndPlayMap Detection: Level '/Game/ThirdPersonBP/Maps/ThirdPersonExampleMap.ThirdPersonExampleMap:PersistentLevel' has LevelScriptBlueprint '/Game/ThirdPersonBP/Maps/ThirdPersonExampleMap.ThirdPersonExampleMap:PersistentLevel.ThirdPersonExampleMap' with GeneratedClass '/Game/ThirdPersonBP/Maps/ThirdPersonExampleMap.ThirdPersonExampleMap_C' with ClassGeneratedBy '/Game/ThirdPersonBP/Maps/ThirdPersonExampleMap.ThirdPersonExampleMap:PersistentLevel.ThirdPersonExampleMap'
[2017.05.10-01.36.37:936][729]LogActorComponent: RegisterComponentWithWorld: (/Engine/Transient.World_15:PersistentLevel.Actor_3.DebugSkelMeshComponent_6) Already registered. Aborting.
[2017.05.10-01.36.38:032][729]LogSkeletalMesh: USkeletalMeshComponent::InitArticulated : Bodies already created (/Engine/Transient.World_15:PersistentLevel.Actor_3.DebugSkelMeshComponent_6) - call TermArticulated first.
[2017.05.10-01.36.45:188][897]LogHttp:Warning: 000002448148C880: request failed, libcurl error: 6 (Couldn't resolve host name)
[2017.05.10-01.36.45:188][897]LogHttp:Warning: 000002448148C880: libcurl info message cache 0 (Could not resolve host: datarouter.ol.epicgames.com)
[2017.05.10-01.36.45:188][897]LogHttp:Warning: 000002448148C880: libcurl info message cache 1 (Closing connection 8)
[2017.05.10-01.37.53:138][598]Cmd: OBJ SAVEPACKAGE PACKAGE="/Game/AnimStarterPack/UE4ASP_HeroTPP_AnimBlueprint" FILE="C:/Users/lenovo/Documents/UnrealPro/Shooter/Content/AnimStarterPack/UE4ASP_HeroTPP_AnimBlueprint.uasset" SILENT=true
[2017.05.10-01.37.53:368][598]LogSavePackage: Save=180.02ms
[2017.05.10-01.37.53:368][598]LogSavePackage: Moving 'C:/Users/lenovo/Documents/UnrealPro/Shooter/Saved/UE4ASP_HeroTPP_AnimBlueprintD0B6C568432585A94E7587B32080D9BE.tmp' to 'C:/Users/lenovo/Documents/UnrealPro/Shooter/Content/AnimStarterPack/UE4ASP_HeroTPP_AnimBlueprint.uasset'
[2017.05.10-01.37.53:385][598]LogSavePackage:Display: Finished SavePackage C:/Users/lenovo/Documents/UnrealPro/Shooter/Content/AnimStarterPack/UE4ASP_HeroTPP_AnimBlueprint.uasset
[2017.05.10-01.37.53:594][598]LogWindowsTextInputMethodSystem:Display: IME system now deactivated.
[2017.05.10-01.37.53:943][599]Cmd: QUIT_EDITOR
[2017.05.10-01.37.54:286][599]LogExit: Preparing to exit.
[2017.05.10-01.37.55:201][599]LogExit: Editor shut down
[2017.05.10-01.37.55:202][599]LogExit: Transaction tracking system shut down
[2017.05.10-01.37.55:419][599]LogObj: Freed 0b from 0 cluster array pools.
[2017.05.10-01.37.55:419][599]LogExit: Object subsystem successfully closed.
[2017.05.10-01.37.55:438][599]LogD3D11RHI: Shutdown
[2017.05.10-01.37.55:438][599]LogD3D11RHI: CleanupD3DDevice
[2017.05.10-01.37.56:194][599]LogD3D11RHI: ~FD3D11DynamicRHI
[2017.05.10-01.37.56:218][599]LogModuleManager: Shutting down and abandoning module AnimationEditor (510)
[2017.05.10-01.37.56:218][599]LogModuleManager: Shutting down and abandoning module BlueprintGraph (508)
[2017.05.10-01.37.56:218][599]LogModuleManager: Shutting down and abandoning module BlueprintProfiler (506)
[2017.05.10-01.37.56:218][599]LogModuleManager: Shutting down and abandoning module SkeletonEditor (504)
[2017.05.10-01.37.56:218][599]LogModuleManager: Shutting down and abandoning module AnimationBlueprintEditor (502)
[2017.05.10-01.37.56:218][599]LogModuleManager: Shutting down and abandoning module MovieSceneCapture (500)
[2017.05.10-01.37.56:218][599]LogModuleManager: Shutting down and abandoning module HierarchicalLODOutliner (498)
[2017.05.10-01.37.56:219][599]LogModuleManager: Shutting down and abandoning module CrashTracker (496)
[2017.05.10-01.37.56:219][599]LogModuleManager: Shutting down and abandoning module SceneOutliner (494)
[2017.05.10-01.37.56:219][599]LogModuleManager: Shutting down and abandoning module AddContentDialog (492)
[2017.05.10-01.37.56:219][599]LogDirectoryWatcher: A directory notification for 'D:/Epic Games/UE_4.15/FeaturePacks/' was aborted.
[2017.05.10-01.37.56:222][599]LogModuleManager: Shutting down and abandoning module WidgetCarousel (491)
[2017.05.10-01.37.56:222][599]LogModuleManager: Shutting down and abandoning module EditorWidgets (488)
[2017.05.10-01.37.56:222][599]LogModuleManager: Shutting down and abandoning module CollectionManager (486)
[2017.05.10-01.37.56:222][599]LogDirectoryWatcher: A directory notification for 'C:/Users/lenovo/Documents/UnrealPro/Shooter/Content/Collections/' was aborted.
[2017.05.10-01.37.56:222][599]LogDirectoryWatcher: A directory notification for 'C:/Users/lenovo/Documents/UnrealPro/Shooter/Content/Developers/1/Collections/' was aborted.
[2017.05.10-01.37.56:222][599]LogDirectoryWatcher: A directory notification for 'C:/Users/lenovo/Documents/UnrealPro/Shooter/Saved/Collections/' was aborted.
[2017.05.10-01.37.56:222][599]LogModuleManager: Shutting down and abandoning module StatsViewer (484)
[2017.05.10-01.37.56:222][599]LogModuleManager: Shutting down and abandoning module FoliageEdit (482)
[2017.05.10-01.37.56:222][599]LogModuleManager: Shutting down and abandoning module LandscapeEditor (480)
[2017.05.10-01.37.56:222][599]LogModuleManager: Shutting down and abandoning module SceneDepthPickerMode (478)
[2017.05.10-01.37.56:223][599]LogModuleManager: Shutting down and abandoning module ActorPickerMode (476)
[2017.05.10-01.37.56:223][599]LogModuleManager: Shutting down and abandoning module GeometryMode (474)
[2017.05.10-01.37.56:223][599]LogModuleManager: Shutting down and abandoning module TextureAlignMode (472)
[2017.05.10-01.37.56:223][599]LogModuleManager: Shutting down and abandoning module BspMode (470)
[2017.05.10-01.37.56:223][599]LogModuleManager: Shutting down and abandoning module HardwareSurvey (468)
[2017.05.10-01.37.56:223][599]LogModuleManager: Shutting down and abandoning module SequenceRecorderSections (466)
[2017.05.10-01.37.56:223][599]LogModuleManager: Shutting down and abandoning module AutomationWorker (464)
[2017.05.10-01.37.56:223][599]LogModuleManager: Shutting down and abandoning module MatineeToLevelSequence (462)
[2017.05.10-01.37.56:223][599]LogModuleManager: Shutting down and abandoning module LevelSequenceEditor (460)
[2017.05.10-01.37.56:223][599]LogModuleManager: Shutting down and abandoning module PlacementMode (459)
[2017.05.10-01.37.56:223][599]LogModuleManager: Shutting down and abandoning module WmfMediaFactory (456)
[2017.05.10-01.37.56:223][599]LogModuleManager: Shutting down and abandoning module WmfMediaEditor (454)
[2017.05.10-01.37.56:223][599]LogModuleManager: Shutting down and abandoning module MfMediaFactory (452)
[2017.05.10-01.37.56:223][599]LogModuleManager: Shutting down and abandoning module MfMediaEditor (450)
[2017.05.10-01.37.56:223][599]LogModuleManager: Shutting down and abandoning module AvfMediaFactory (448)
[2017.05.10-01.37.56:223][599]LogModuleManager: Shutting down and abandoning module AvfMediaEditor (446)
[2017.05.10-01.37.56:223][599]LogModuleManager: Shutting down and abandoning module AndroidMediaFactory (444)
[2017.05.10-01.37.56:223][599]LogModuleManager: Shutting down and abandoning module Media (443)
[2017.05.10-01.37.56:223][599]LogModuleManager: Shutting down and abandoning module AndroidMediaEditor (440)
[2017.05.10-01.37.56:223][599]LogModuleManager: Shutting down and abandoning module CharacterAI (438)
[2017.05.10-01.37.56:223][599]LogModuleManager: Shutting down and abandoning module AudioCapture (436)
[2017.05.10-01.37.56:223][599]LogModuleManager: Shutting down and abandoning module SequenceRecorder (435)
[2017.05.10-01.37.56:223][599]LogModuleManager: Shutting down and abandoning module SmartSnapping (432)
[2017.05.10-01.37.56:223][599]LogModuleManager: Shutting down and abandoning module SessionServices (430)
[2017.05.10-01.37.56:223][599]LogModuleManager: Shutting down and abandoning module ViewportSnapping (428)
[2017.05.10-01.37.56:223][599]LogModuleManager: Shutting down and abandoning module ViewportInteraction (426)
[2017.05.10-01.37.56:223][599]LogModuleManager: Shutting down and abandoning module LogVisualizer (424)
[2017.05.10-01.37.56:224][599]LogModuleManager: Shutting down and abandoning module IntroTutorials (422)
[2017.05.10-01.37.56:224][599]LogModuleManager: Shutting down and abandoning module GameProjectGeneration (421)
[2017.05.10-01.37.56:224][599]LogModuleManager: Shutting down and abandoning module EditorLiveStreaming (418)
[2017.05.10-01.37.56:224][599]LogModuleManager: Shutting down and abandoning module IOSPlatformEditor (416)
[2017.05.10-01.37.56:224][599]LogModuleManager: Shutting down and abandoning module HTML5PlatformEditor (414)
[2017.05.10-01.37.56:224][599]LogModuleManager: Shutting down and abandoning module AndroidPlatformEditor (412)
[2017.05.10-01.37.56:224][599]LogModuleManager: Shutting down and abandoning module AndroidDeviceDetection (411)
[2017.05.10-01.37.56:319][599]LogModuleManager: Shutting down and abandoning module IOSRuntimeSettings (408)
[2017.05.10-01.37.56:319][599]LogModuleManager: Shutting down and abandoning module AndroidRuntimeSettings (406)
[2017.05.10-01.37.56:319][599]LogModuleManager: Shutting down and abandoning module InputBindingEditor (404)
[2017.05.10-01.37.56:319][599]LogModuleManager: Shutting down and abandoning module NiagaraEditor (402)
[2017.05.10-01.37.56:320][599]LogModuleManager: Shutting down and abandoning module MergeActors (400)
[2017.05.10-01.37.56:320][599]LogModuleManager: Shutting down and abandoning module SizeMap (398)
[2017.05.10-01.37.56:320][599]LogModuleManager: Shutting down and abandoning module TreeMap (396)
[2017.05.10-01.37.56:320][599]LogModuleManager: Shutting down and abandoning module ReferenceViewer (394)
[2017.05.10-01.37.56:320][599]LogModuleManager: Shutting down and abandoning module LocalizationDashboard (392)
[2017.05.10-01.37.56:320][599]LogModuleManager: Shutting down and abandoning module LocalizationService (391)
[2017.05.10-01.37.56:320][599]LogModuleManager: Shutting down and abandoning module HardwareTargeting (388)
[2017.05.10-01.37.56:320][599]LogModuleManager: Shutting down and abandoning module DeviceProfileEditor (386)
[2017.05.10-01.37.56:320][599]LogModuleManager: Shutting down and abandoning module UndoHistory (384)
[2017.05.10-01.37.56:320][599]LogModuleManager: Shutting down and abandoning module UserFeedback (382)
[2017.05.10-01.37.56:320][599]LogModuleManager: Shutting down and abandoning module XmlParser (380)
[2017.05.10-01.37.56:320][599]LogModuleManager: Shutting down and abandoning module Blutility (378)
[2017.05.10-01.37.56:320][599]LogModuleManager: Shutting down and abandoning module ProjectSettingsViewer (376)
[2017.05.10-01.37.56:320][599]LogModuleManager: Shutting down and abandoning module ProjectTargetPlatformEditor (375)
[2017.05.10-01.37.56:320][599]LogModuleManager: Shutting down and abandoning module EditorSettingsViewer (372)
[2017.05.10-01.37.56:320][599]LogModuleManager: Shutting down and abandoning module SettingsEditor (370)
[2017.05.10-01.37.56:321][599]LogModuleManager: Shutting down and abandoning module ProjectLauncher (368)
[2017.05.10-01.37.56:321][599]LogModuleManager: Shutting down and abandoning module SessionFrontend (366)
[2017.05.10-01.37.56:321][599]LogModuleManager: Shutting down and abandoning module ProfilerClient (364)
[2017.05.10-01.37.56:321][599]LogModuleManager: Shutting down and abandoning module DeviceManager (362)
[2017.05.10-01.37.56:321][599]LogModuleManager: Shutting down and abandoning module TargetDeviceServices (361)
[2017.05.10-01.37.56:376][599]LogModuleManager: Shutting down and abandoning module AutomationController (358)
[2017.05.10-01.37.56:376][599]LogModuleManager: Shutting down and abandoning module AutomationWindow (356)
[2017.05.10-01.37.56:376][599]LogModuleManager: Shutting down and abandoning module Layers (354)
[2017.05.10-01.37.56:376][599]LogModuleManager: Shutting down and abandoning module ComponentVisualizers (352)
[2017.05.10-01.37.56:376][599]LogModuleManager: Shutting down and abandoning module DetailCustomizations (350)
[2017.05.10-01.37.56:376][599]LogModuleManager: Shutting down and abandoning module PackagesDialog (348)
[2017.05.10-01.37.56:376][599]LogModuleManager: Shutting down and abandoning module Persona (346)
[2017.05.10-01.37.56:376][599]LogModuleManager: Shutting down and abandoning module AnimGraph (345)
[2017.05.10-01.37.56:376][599]LogModuleManager: Shutting down and abandoning module Kismet (342)
[2017.05.10-01.37.56:392][599]LogModuleManager: Shutting down and abandoning module GraphEditor (340)
[2017.05.10-01.37.56:392][599]LogModuleManager: Shutting down and abandoning module ClassViewer (338)
[2017.05.10-01.37.56:392][599]LogModuleManager: Shutting down and abandoning module Toolbox (336)
[2017.05.10-01.37.56:392][599]LogModuleManager: Shutting down and abandoning module ModuleUI (334)
[2017.05.10-01.37.56:392][599]LogModuleManager: Shutting down and abandoning module MovieSceneTools (332)
[2017.05.10-01.37.56:392][599]LogModuleManager: Shutting down and abandoning module OutputLog (330)
[2017.05.10-01.37.56:393][599]LogModuleManager: Shutting down and abandoning module GammaUI (328)
[2017.05.10-01.37.56:393][599]LogModuleManager: Shutting down and abandoning module Documentation (326)
[2017.05.10-01.37.56:393][599]LogModuleManager: Shutting down and abandoning module Niagara (324)
[2017.05.10-01.37.56:393][599]LogModuleManager: Shutting down and abandoning module StreamingPauseRendering (322)
[2017.05.10-01.37.56:393][599]LogModuleManager: Shutting down and abandoning module AnalyticsET (320)
[2017.05.10-01.37.56:393][599]LogModuleManager: Shutting down and abandoning module PortalServices (318)
[2017.05.10-01.37.56:393][599]LogModuleManager: Shutting down and abandoning module PortalRpc (316)
[2017.05.10-01.37.56:393][599]LogModuleManager: Shutting down and abandoning module MessagingRpc (314)
[2017.05.10-01.37.56:393][599]LogModuleManager: Shutting down and abandoning module AIModule (312)
[2017.05.10-01.37.56:393][599]LogModuleManager: Shutting down and abandoning module GameplayDebugger (311)
[2017.05.10-01.37.56:393][599]LogModuleManager: Shutting down and abandoning module AITestSuite (309)
[2017.05.10-01.37.56:393][599]LogModuleManager: Shutting down and abandoning module ProfilerService (306)
[2017.05.10-01.37.56:538][599]LogModuleManager: Shutting down and abandoning module TaskGraph (304)
[2017.05.10-01.37.56:538][599]LogModuleManager: Shutting down and abandoning module SteamVRController (302)
[2017.05.10-01.37.56:538][599]LogModuleManager: Shutting down and abandoning module SteamVR (300)
[2017.05.10-01.37.56:538][599]LogModuleManager: Shutting down and abandoning module ProceduralMeshComponentEditor (298)
[2017.05.10-01.37.56:538][599]LogModuleManager: Shutting down and abandoning module ProceduralMeshComponent (296)
[2017.05.10-01.37.56:538][599]LogModuleManager: Shutting down and abandoning module OculusLibrary (294)
[2017.05.10-01.37.56:538][599]LogModuleManager: Shutting down and abandoning module OculusInput (292)
[2017.05.10-01.37.56:538][599]LogModuleManager: Shutting down and abandoning module MobilePatchingUtils (290)
[2017.05.10-01.37.56:538][599]LogModuleManager: Shutting down and abandoning module CustomMeshComponent (288)
[2017.05.10-01.37.56:538][599]LogModuleManager: Shutting down and abandoning module CableComponent (286)
[2017.05.10-01.37.56:538][599]LogModuleManager: Shutting down and abandoning module ArchVisCharacter (284)
[2017.05.10-01.37.56:538][599]LogModuleManager: Shutting down and abandoning module MediaPlayerEditor (280)
[2017.05.10-01.37.56:538][599]LogModuleManager: Shutting down and abandoning module HTML5Networking (278)
[2017.05.10-01.37.56:538][599]LogModuleManager: Shutting down and abandoning module AlembicImporter (276)
[2017.05.10-01.37.56:538][599]LogModuleManager: Shutting down and abandoning module AlembicLibrary (275)
[2017.05.10-01.37.56:538][599]LogModuleManager: Shutting down and abandoning module GeometryCache (274)
[2017.05.10-01.37.56:538][599]LogModuleManager: Shutting down and abandoning module GeometryCacheEd (273)
[2017.05.10-01.37.56:538][599]LogModuleManager: Shutting down and abandoning module SuperSearchEditor (268)
[2017.05.10-01.37.56:538][599]LogModuleManager: Shutting down and abandoning module SuperSearch (267)
[2017.05.10-01.37.56:538][599]LogModuleManager: Shutting down and abandoning module SpeedTreeImporter (264)
[2017.05.10-01.37.56:538][599]LogModuleManager: Shutting down and abandoning module PluginBrowser (262)
[2017.05.10-01.37.56:538][599]LogModuleManager: Shutting down and abandoning module MobileLauncherProfileWizard (260)
[2017.05.10-01.37.56:539][599]LogModuleManager: Shutting down and abandoning module EpicSurvey (258)
[2017.05.10-01.37.56:539][599]LogModuleManager: Shutting down and abandoning module VisualStudioSourceCodeAccess (256)
[2017.05.10-01.37.56:539][599]LogModuleManager: Shutting down and abandoning module DesktopPlatform (255)
[2017.05.10-01.37.56:539][599]LogModuleManager: Shutting down and abandoning module UObjectPlugin (252)
[2017.05.10-01.37.56:539][599]LogModuleManager: Shutting down and abandoning module SubversionSourceControl (250)
[2017.05.10-01.37.56:539][599]LogModuleManager: Shutting down and abandoning module PerforceSourceControl (248)
[2017.05.10-01.37.56:539][599]LogModuleManager: Shutting down and abandoning module GitSourceControl (246)
[2017.05.10-01.37.56:539][599]LogModuleManager: Shutting down and abandoning module SourceControl (245)
[2017.05.10-01.37.56:539][599]LogModuleManager: Shutting down and abandoning module LightPropagationVolumeEditor (242)
[2017.05.10-01.37.56:539][599]LogModuleManager: Shutting down and abandoning module PaperTiledImporter (240)
[2017.05.10-01.37.56:539][599]LogModuleManager: Shutting down and abandoning module PaperSpriteSheetImporter (238)
[2017.05.10-01.37.56:539][599]LogModuleManager: Shutting down and abandoning module Paper2DEditor (236)
[2017.05.10-01.37.56:539][599]LogModuleManager: Shutting down and abandoning module MeshPaint (235)
[2017.05.10-01.37.56:539][599]LogModuleManager: Shutting down and abandoning module LevelEditor (233)
[2017.05.10-01.37.56:541][599]LogModuleManager: Shutting down and abandoning module PixelInspectorModule (232)
[2017.05.10-01.37.56:541][599]LogModuleManager: Shutting down and abandoning module MainFrame (230)
[2017.05.10-01.37.56:541][599]LogModuleManager: Shutting down and abandoning module HotReload (229)
[2017.05.10-01.37.56:543][599]LogModuleManager: Shutting down and abandoning module ContentBrowser (225)
[2017.05.10-01.37.56:546][599]LogModuleManager: Shutting down and abandoning module PhysXVehiclesEditor (222)
[2017.05.10-01.37.56:546][599]LogModuleManager: Shutting down and abandoning module PhysXVehicles (220)
[2017.05.10-01.37.56:546][599]LogModuleManager: Shutting down and abandoning module LocationServicesBPLibrary (218)
[2017.05.10-01.37.56:546][599]LogModuleManager: Shutting down and abandoning module UdpMessaging (216)
[2017.05.10-01.37.56:648][599]LogModuleManager: Shutting down and abandoning module TcpMessaging (214)
[2017.05.10-01.37.56:749][599]LogModuleManager: Shutting down and abandoning module GameplayTagsEditor (212)
[2017.05.10-01.37.56:749][599]LogModuleManager: Shutting down and abandoning module FacialAnimationEditor (210)
[2017.05.10-01.37.56:749][599]LogModuleManager: Shutting down and abandoning module FacialAnimation (208)
[2017.05.10-01.37.56:749][599]LogModuleManager: Shutting down and abandoning module LightPropagationVolumeRuntime (206)
[2017.05.10-01.37.56:749][599]LogModuleManager: Shutting down and abandoning module Paper2D (204)
[2017.05.10-01.37.56:749][599]LogModuleManager: Shutting down and abandoning module WindowsMoviePlayer (202)
[2017.05.10-01.37.56:749][599]LogModuleManager: Shutting down and abandoning module WmfMedia (200)
[2017.05.10-01.37.56:750][599]LogModuleManager: Shutting down and abandoning module MfMedia (198)
[2017.05.10-01.37.56:750][599]LogModuleManager: Shutting down and abandoning module MediaAssets (196)
[2017.05.10-01.37.56:750][599]LogModuleManager: Shutting down and abandoning module GameLiveStreaming (194)
[2017.05.10-01.37.56:750][599]LogModuleManager: Shutting down and abandoning module VREditor (192)
[2017.05.10-01.37.56:750][599]LogModuleManager: Shutting down and abandoning module GameplayTasksEditor (190)
[2017.05.10-01.37.56:750][599]LogModuleManager: Shutting down and abandoning module BehaviorTreeEditor (188)
[2017.05.10-01.37.56:750][599]LogModuleManager: Shutting down and abandoning module FunctionalTesting (186)
[2017.05.10-01.37.56:750][599]LogModuleManager: Shutting down and abandoning module CollisionAnalyzer (184)
[2017.05.10-01.37.56:750][599]LogModuleManager: Shutting down and abandoning module UMG (182)
[2017.05.10-01.37.56:750][599]LogModuleManager: Shutting down and abandoning module UMGEditor (181)
[2017.05.10-01.37.56:750][599]LogModuleManager: Shutting down and abandoning module Sequencer (180)
[2017.05.10-01.37.56:750][599]LogModuleManager: Shutting down and abandoning module AssetTools (178)
[2017.05.10-01.37.56:750][599]LogModuleManager: Shutting down and abandoning module MessageLog (177)
[2017.05.10-01.37.56:750][599]LogModuleManager: Shutting down and abandoning module WorkspaceMenuStructure (176)
[2017.05.10-01.37.56:750][599]LogModuleManager: Shutting down and abandoning module SlateReflector (170)
[2017.05.10-01.37.56:750][599]LogModuleManager: Shutting down and abandoning module Slate (168)
[2017.05.10-01.37.56:750][599]LogModuleManager: Shutting down and abandoning module EditorStyle (166)
[2017.05.10-01.37.56:755][599]LogModuleManager: Shutting down and abandoning module SourceCodeAccess (164)
[2017.05.10-01.37.56:755][599]LogModuleManager: Shutting down and abandoning module HeadMountedDisplay (162)
[2017.05.10-01.37.56:755][599]LogModuleManager: Shutting down and abandoning module XAudio2 (160)
[2017.05.10-01.37.56:755][599]LogModuleManager: Shutting down and abandoning module Networking (158)
[2017.05.10-01.37.56:755][599]LogModuleManager: Shutting down and abandoning module Core (154)
[2017.05.10-01.37.56:755][599]LogModuleManager: Shutting down and abandoning module AssetRegistry (152)
[2017.05.10-01.37.56:958][599]LogDirectoryWatcher: A directory notification for '../../../Engine/Content/' was aborted.
[2017.05.10-01.37.56:958][599]LogDirectoryWatcher: A directory notification for 'C:/Users/lenovo/Documents/UnrealPro/Shooter/Content/' was aborted.
[2017.05.10-01.37.56:958][599]LogDirectoryWatcher: A directory notification for '../../../Engine/Plugins/2D/Paper2D/Content/' was aborted.
[2017.05.10-01.37.56:959][599]LogModuleManager: Shutting down and abandoning module DirectoryWatcher (151)
[2017.05.10-01.37.56:960][599]LogModuleManager: Shutting down and abandoning module KismetCompiler (148)
[2017.05.10-01.37.56:960][599]LogModuleManager: Shutting down and abandoning module PhysXFormats (146)
[2017.05.10-01.37.56:960][599]LogModuleManager: Shutting down and abandoning module MeshUtilities (144)
[2017.05.10-01.37.56:960][599]LogModuleManager: Shutting down and abandoning module SimplygonSwarm (143)
[2017.05.10-01.37.56:960][599]LogModuleManager: Shutting down and abandoning module SimplygonMeshReduction (141)
[2017.05.10-01.37.56:960][599]LogModuleManager: Shutting down and abandoning module QuadricMeshReduction (139)
[2017.05.10-01.37.56:960][599]LogModuleManager: Shutting down and abandoning module PropertyEditor (137)
[2017.05.10-01.37.56:960][599]LogModuleManager: Shutting down and abandoning module DerivedDataCache (134)
[2017.05.10-01.37.56:968][599]LogDerivedDataCache: Shutdown
[2017.05.10-01.37.56:968][599]LogModuleManager: Shutting down and abandoning module TargetPlatform (132)
[2017.05.10-01.37.56:968][599]LogModuleManager: Shutting down and abandoning module VulkanShaderFormat (131)
[2017.05.10-01.37.56:968][599]LogModuleManager: Shutting down and abandoning module ShaderFormatOpenGL (129)
[2017.05.10-01.37.56:968][599]LogModuleManager: Shutting down and abandoning module ShaderFormatD3D (127)
[2017.05.10-01.37.56:968][599]LogModuleManager: Shutting down and abandoning module MetalShaderFormat (125)
[2017.05.10-01.37.56:968][599]LogModuleManager: Shutting down and abandoning module TextureFormatUncompressed (123)
[2017.05.10-01.37.56:968][599]LogModuleManager: Shutting down and abandoning module TextureFormatPVR (121)
[2017.05.10-01.37.56:968][599]LogModuleManager: Shutting down and abandoning module TextureFormatDXT (119)
[2017.05.10-01.37.56:968][599]LogModuleManager: Shutting down and abandoning module TextureFormatIntelISPCTexComp (117)
[2017.05.10-01.37.56:968][599]LogModuleManager: Shutting down and abandoning module TextureFormatASTC (115)
[2017.05.10-01.37.56:968][599]LogModuleManager: Shutting down and abandoning module ImageWrapper (114)
[2017.05.10-01.37.56:968][599]LogModuleManager: Shutting down and abandoning module TextureFormatAndroid (111)
[2017.05.10-01.37.56:968][599]LogModuleManager: Shutting down and abandoning module AudioFormatOpus (109)
[2017.05.10-01.37.56:969][599]LogModuleManager: Shutting down and abandoning module AudioFormatOgg (107)
[2017.05.10-01.37.56:969][599]LogModuleManager: Shutting down and abandoning module AudioFormatADPCM (105)
[2017.05.10-01.37.56:969][599]LogModuleManager: Shutting down and abandoning module LinuxTargetPlatform (103)
[2017.05.10-01.37.56:969][599]LogModuleManager: Shutting down and abandoning module LinuxServerTargetPlatform (101)
[2017.05.10-01.37.56:969][599]LogModuleManager: Shutting down and abandoning module LinuxNoEditorTargetPlatform (99)
[2017.05.10-01.37.56:969][599]LogModuleManager: Shutting down and abandoning module LinuxClientTargetPlatform (97)
[2017.05.10-01.37.56:969][599]LogModuleManager: Shutting down and abandoning module TVOSTargetPlatform (95)
[2017.05.10-01.37.56:969][599]LogModuleManager: Shutting down and abandoning module Messaging (93)
[2017.05.10-01.37.56:969][599]LogModuleManager: Shutting down and abandoning module IOSTargetPlatform (91)
[2017.05.10-01.37.56:969][599]LogModuleManager: Shutting down and abandoning module HTML5TargetPlatform (89)
[2017.05.10-01.37.56:969][599]LogModuleManager: Shutting down and abandoning module Android_PVRTCTargetPlatform (87)
[2017.05.10-01.37.56:969][599]LogModuleManager: Shutting down and abandoning module Android_MultiTargetPlatform (85)
[2017.05.10-01.37.56:969][599]LogModuleManager: Shutting down and abandoning module Android_ETC2TargetPlatform (83)
[2017.05.10-01.37.56:969][599]LogModuleManager: Shutting down and abandoning module Android_ETC1TargetPlatform (81)
[2017.05.10-01.37.56:969][599]LogModuleManager: Shutting down and abandoning module Android_DXTTargetPlatform (79)
[2017.05.10-01.37.56:969][599]LogModuleManager: Shutting down and abandoning module Android_ATCTargetPlatform (77)
[2017.05.10-01.37.56:969][599]LogModuleManager: Shutting down and abandoning module Android_ASTCTargetPlatform (75)
[2017.05.10-01.37.56:969][599]LogModuleManager: Shutting down and abandoning module AndroidTargetPlatform (73)
[2017.05.10-01.37.56:969][599]LogModuleManager: Shutting down and abandoning module WindowsTargetPlatform (71)
[2017.05.10-01.37.56:969][599]LogModuleManager: Shutting down and abandoning module WindowsServerTargetPlatform (69)
[2017.05.10-01.37.56:969][599]LogModuleManager: Shutting down and abandoning module WindowsNoEditorTargetPlatform (67)
[2017.05.10-01.37.56:969][599]LogModuleManager: Shutting down and abandoning module WindowsClientTargetPlatform (65)
[2017.05.10-01.37.56:969][599]LogModuleManager: Shutting down and abandoning module MacTargetPlatform (63)
[2017.05.10-01.37.56:969][599]LogModuleManager: Shutting down and abandoning module MacServerTargetPlatform (61)
[2017.05.10-01.37.56:969][599]LogModuleManager: Shutting down and abandoning module MacNoEditorTargetPlatform (59)
[2017.05.10-01.37.56:969][599]LogModuleManager: Shutting down and abandoning module MacClientTargetPlatform (57)
[2017.05.10-01.37.56:969][599]LogModuleManager: Shutting down and abandoning module AllDesktopTargetPlatform (55)
[2017.05.10-01.37.56:969][599]LogModuleManager: Shutting down and abandoning module InputCore (52)
[2017.05.10-01.37.56:969][599]LogModuleManager: Shutting down and abandoning module Settings (50)
[2017.05.10-01.37.56:969][599]LogModuleManager: Shutting down and abandoning module OculusRift (48)
[2017.05.10-01.37.56:969][599]LogModuleManager: Shutting down and abandoning module GearVR (46)
[2017.05.10-01.37.56:969][599]LogModuleManager: Shutting down and abandoning module ExampleDeviceProfileSelector (44)
[2017.05.10-01.37.56:969][599]LogModuleManager: Shutting down and abandoning module OnlineBlueprintSupport (42)
[2017.05.10-01.37.56:969][599]LogModuleManager: Shutting down and abandoning module OnlineSubsystem (38)
[2017.05.10-01.37.56:969][599]LogOnline:Display: Unloading online subsystem: NULL
[2017.05.10-01.37.56:969][599]LogModuleManager: Shutting down and abandoning module XMPP (37)
[2017.05.10-01.37.56:969][599]LogModuleManager: Shutting down and abandoning module HTTP (35)
[2017.05.10-01.37.56:969][599]LogHttp:Display: Http module shutting down, but needs to wait on 1 outstanding Http requests:
[2017.05.10-01.37.56:969][599]LogHttp:Display: 	verb=[POST] url=[https://datarouter.ol.epicgames.com/datarouter/api/v1/public/data?SessionID=%7B7E611F10-4AEB-82BA-DDC4-EB99F9711D3F%7D&AppID=UEEditor.Rocket.Release&AppVersion=4.15.2-3416026%2B%2B%2BUE4%2BRelease-4.15&UserID=fc0ab5e14c29e395dee894bb26e0e4c8%7Ccbf7e4b3a2fa4a3483ff9ae11ae13430%7C0a898179-1db4-4ad6-89ab-2983492e6393&AppEnvironment=datacollector-binary&UploadType=eteventstream] status=Processing
[2017.05.10-01.37.56:969][599]LogHttp:Warning: 0000024420B6AB00: request failed, libcurl error: 6 (Couldn't resolve host name)
[2017.05.10-01.37.56:969][599]LogHttp:Warning: 0000024420B6AB00: libcurl info message cache 0 (Could not resolve host: datarouter.ol.epicgames.com)
[2017.05.10-01.37.56:969][599]LogHttp:Warning: 0000024420B6AB00: libcurl info message cache 1 (Closing connection 9)
[2017.05.10-01.37.56:974][599]LogModuleManager: Shutting down and abandoning module SSL (34)
[2017.05.10-01.37.56:978][599]LogModuleManager: Shutting down and abandoning module AudioEditor (30)
[2017.05.10-01.37.56:978][599]LogModuleManager: Shutting down and abandoning module TextureCompressor (28)
[2017.05.10-01.37.56:979][599]LogModuleManager: Shutting down and abandoning module ShaderCore (26)
[2017.05.10-01.37.56:979][599]LogModuleManager: Shutting down and abandoning module Landscape (24)
[2017.05.10-01.37.56:979][599]LogModuleManager: Shutting down and abandoning module SlateRHIRenderer (22)
[2017.05.10-01.37.56:984][599]LogModuleManager: Shutting down and abandoning module OpenGLDrv (20)
[2017.05.10-01.37.56:984][599]LogModuleManager: Shutting down and abandoning module D3D11RHI (18)
[2017.05.10-01.37.56:984][599]LogModuleManager: Shutting down and abandoning module AnimGraphRuntime (16)
[2017.05.10-01.37.56:984][599]LogModuleManager: Shutting down and abandoning module Renderer (14)
[2017.05.10-01.37.56:984][599]LogModuleManager: Shutting down and abandoning module Engine (12)
[2017.05.10-01.37.56:984][599]LogModuleManager: Shutting down and abandoning module CoreUObject (10)
[2017.05.10-01.37.56:984][599]LogModuleManager: Shutting down and abandoning module NetworkFile (8)
[2017.05.10-01.37.56:984][599]LogModuleManager: Shutting down and abandoning module StreamingFile (6)
[2017.05.10-01.37.56:984][599]LogModuleManager: Shutting down and abandoning module SandboxFile (4)
[2017.05.10-01.37.56:984][599]LogModuleManager: Shutting down and abandoning module PakFile (2)
[2017.05.10-01.37.56:988][599]LogExit: Exiting.
[2017.05.10-01.37.56:992][599]Log file closed, 05/09/17 21:37:56
