Log file open, 05/03/17 17:06:22
LogInit:Display: Running engine for game: Shooter
LogPlatformFile: Not using cached read wrapper
LogInit:Display: RandInit(1894636037) SRandInit(1894636037).
LogTaskGraph: Started task graph with 5 named threads and 8 total threads with 1 sets of task threads.
LogStats: Stats thread started at 0.158605
LogInit: Using libcurl 7.47.1
LogInit:  - built for x86_64-pc-win32
LogInit:  - supports SSL with OpenSSL/1.0.2g
LogInit:  - supports HTTP deflate (compression) using libz 1.2.8
LogInit:  - other features:
LogInit:      CURL_VERSION_SSL
LogInit:      CURL_VERSION_LIBZ
LogInit:      CURL_VERSION_IPV6
LogInit:      CURL_VERSION_ASYNCHDNS
LogInit:      CURL_VERSION_LARGEFILE
LogInit:      CURL_VERSION_IDN
LogInit:  CurlRequestOptions (configurable via config and command line):
LogInit:  - bVerifyPeer = false  - Libcurl will NOT verify peer certificate
LogInit:  - bUseHttpProxy = false  - Libcurl will NOT use HTTP proxy
LogInit:  - bDontReuseConnections = false  - Libcurl will reuse connections
LogInit:  - CertBundlePath = nullptr  - Libcurl will use whatever was configured at build time.
LogInit: Build: ++UE4+Release-4.15-CL-3348071
LogInit: Engine Version: 4.15.1-3348071+++UE4+Release-4.15
LogInit: Compatible Engine Version: 4.15.0-3299760+++UE4+Release-4.15
LogInit: Net CL: 3299760
LogDevObjectVersion: Number of dev versions registered: 14
LogDevObjectVersion:   Dev-Blueprints (B0D832E4-1F89-4F0D-ACCF-7EB736FD4AA2): 8
LogDevObjectVersion:   Dev-Build (E1C64328-A22C-4D53-A36C-8E866417BD8C): 0
LogDevObjectVersion:   Dev-Core (375EC13C-06E4-48FB-B500-84F0262A717E): 2
LogDevObjectVersion:   Dev-Editor (E4B068ED-F494-42E9-A231-DA0B2E46BB41): 14
LogDevObjectVersion:   Dev-Framework (CFFC743F-43B0-4480-9391-14DF171D2073): 22
LogDevObjectVersion:   Dev-Mobile (B02B49B5-BB20-44E9-A304-32B752E40360): 0
LogDevObjectVersion:   Dev-Networking (A4E4105C-59A1-49B5-A7C5-40C4547EDFEE): 0
LogDevObjectVersion:   Dev-Online (39C831C9-5AE6-47DC-9A44-9C173E1C8E7C): 0
LogDevObjectVersion:   Dev-Physics (78F01B33-EBEA-4F98-B9B4-84EACCB95AA2): 0
LogDevObjectVersion:   Dev-Platform (6631380F-2D4D-43E0-8009-CF276956A95A): 0
LogDevObjectVersion:   Dev-Rendering (12F88B9F-8875-4AFC-A67C-D90C383ABD29): 12
LogDevObjectVersion:   Dev-Sequencer (7B5AE74C-D270-4C10-A958-57980B212A5A): 3
LogDevObjectVersion:   Dev-VR (D7296918-1DD6-4BDD-9DE2-64A83CC13884): 0
LogDevObjectVersion:   Dev-LoadTimes (C2A15278-BFE7-4AFE-6C17-90FF531DF755): 1
LogInit: Compiled (64-bit): Mar 15 2017 16:52:47
LogInit: Compiled with Visual C++: 19.00.23026.00
LogInit: Build Configuration: Development
LogInit: Branch Name: ++UE4+Release-4.15
LogInit: Command line: -EpicPortal 
LogInit: Base directory: D:/Epic Games/UE_4.15/Engine/Binaries/Win64/
LogInit: Installed Engine Build: 1
LogInit: Presizing for max 8388607 objects, including 0 objects not considered by GC, pre-allocating 0 bytes for permanent pool.
LogInit: Object subsystem initialized
[2017.05.03-21.06.26:662][  0]LogInit: Selected Device Profile: [Windows]
[2017.05.03-21.06.26:662][  0]LogInit: Applying CVar settings loaded from the selected device profile: [Windows]
[2017.05.03-21.06.26:725][  0]LogInit: Computer: DESKTOP-44SKKF1
[2017.05.03-21.06.26:725][  0]LogInit: User: 1
[2017.05.03-21.06.26:725][  0]LogInit: CPU Page size=65536, Cores=4
[2017.05.03-21.06.26:725][  0]LogInit: High frequency timer resolution =1.754517 MHz
[2017.05.03-21.06.26:726][  0]LogMemory: Memory total: Physical=7.3GB (8GB approx)
[2017.05.03-21.06.26:726][  0]LogMemory: Platform Memory Stats for Windows
[2017.05.03-21.06.26:726][  0]LogMemory: Process Physical Memory: 262.72 MB used, 262.72 MB peak
[2017.05.03-21.06.26:726][  0]LogMemory: Process Virtual Memory: 262.40 MB used, 262.40 MB peak
[2017.05.03-21.06.26:726][  0]LogMemory: Physical Memory: 4655.03 MB used,  2830.31 MB free, 7485.34 MB total
[2017.05.03-21.06.26:726][  0]LogMemory: Virtual Memory: 641.47 MB used,  2830.31 MB free, 134217728.00 MB total
[2017.05.03-21.06.26:968][  0]LogInit: Overriding culture en with editor configuration.
[2017.05.03-21.06.29:083][  0]LogD3D11RHI: D3D11 adapters:
[2017.05.03-21.06.29:184][  0]LogD3D11RHI:    0. 'AMD Radeon R6 Graphics' (Feature Level 11_0)
[2017.05.03-21.06.29:184][  0]LogD3D11RHI:       487/0/3742 MB DedicatedVideo/DedicatedSystem/SharedSystem, Outputs:1, VendorId:0x1002
[2017.05.03-21.06.29:199][  0]LogD3D11RHI:    1. 'Microsoft Basic Render Driver' (Feature Level 11_0)
[2017.05.03-21.06.29:199][  0]LogD3D11RHI:       0/0/3742 MB DedicatedVideo/DedicatedSystem/SharedSystem, Outputs:0, VendorId:0x1414
[2017.05.03-21.06.29:199][  0]LogD3D11RHI: Chosen D3D11 Adapter: 0
[2017.05.03-21.06.29:277][  0]LogD3D11RHI: Creating new Direct3DDevice
[2017.05.03-21.06.29:278][  0]LogD3D11RHI:     GPU DeviceId: 0x9874 (for the marketing name, search the web for "GPU Device Id")
[2017.05.03-21.06.29:278][  0]LogWindows: EnumDisplayDevices:
[2017.05.03-21.06.29:278][  0]LogWindows:    0. 'AMD Radeon R6 Graphics' (P:1 D:1)
[2017.05.03-21.06.29:279][  0]LogWindows:    1. 'AMD Radeon R6 Graphics' (P:0 D:0)
[2017.05.03-21.06.29:281][  0]LogWindows:    2. 'AMD Radeon R6 Graphics' (P:0 D:0)
[2017.05.03-21.06.29:282][  0]LogWindows: DebugString: FoundDriverCount:3 
[2017.05.03-21.06.29:282][  0]LogD3D11RHI:     Adapter Name: AMD Radeon R6 Graphics
[2017.05.03-21.06.29:282][  0]LogD3D11RHI:   Driver Version: Crimson 16.6 (internal:21.19.137.514, unified:21.19.137.514)
[2017.05.03-21.06.29:282][  0]LogD3D11RHI:      Driver Date: 11-21-2016
[2017.05.03-21.06.29:282][  0]LogRHI: Texture pool is 340 MB (70% of 487 MB)
[2017.05.03-21.06.29:449][  0]LogD3D11RHI: Async texture creation enabled
[2017.05.03-21.06.29:489][  0]LogD3D11RHI: GPU Timing Frequency: 100.000000 (Debug: 2 1)
[2017.05.03-21.06.29:494][  0]LogShaderCompilers: Guid format shader working directory is -4 characters bigger than the processId version (C:/Users/lenovo/Documents/Unreal Projects/Shooter/Intermediate/Shaders/WorkingDirectory/279548/).
[2017.05.03-21.06.29:495][  0]LogShaderCompilers: Cleaned the shader compiler working directory 'C:/Users/lenovo/AppData/Local/Temp/UnrealShaderWorkingDir/CD017FA04EA30198023F33A8AB67ED52/'.
[2017.05.03-21.06.29:495][  0]LogShaderCompilers:Display: Using Local Shader Compiler.
[2017.05.03-21.06.34:521][  0]LogTemp:Display: Loaded TP AllDesktopTargetPlatform
[2017.05.03-21.06.34:699][  0]LogTemp:Display: Loaded TP MacClientTargetPlatform
[2017.05.03-21.06.34:885][  0]LogTemp:Display: Loaded TP MacNoEditorTargetPlatform
[2017.05.03-21.06.35:078][  0]LogTemp:Display: Loaded TP MacServerTargetPlatform
[2017.05.03-21.06.35:270][  0]LogTemp:Display: Loaded TP MacTargetPlatform
[2017.05.03-21.06.35:498][  0]LogTemp:Display: Loaded TP WindowsClientTargetPlatform
[2017.05.03-21.06.35:732][  0]LogTemp:Display: Loaded TP WindowsNoEditorTargetPlatform
[2017.05.03-21.06.35:913][  0]LogTemp:Display: Loaded TP WindowsServerTargetPlatform
[2017.05.03-21.06.36:088][  0]LogTemp:Display: Loaded TP WindowsTargetPlatform
[2017.05.03-21.06.36:259][  0]LogTemp:Display: Loaded TP AndroidTargetPlatform
[2017.05.03-21.06.36:447][  0]LogTemp:Display: Loaded TP Android_ASTCTargetPlatform
[2017.05.03-21.06.36:633][  0]LogTemp:Display: Loaded TP Android_ATCTargetPlatform
[2017.05.03-21.06.36:817][  0]LogTemp:Display: Loaded TP Android_DXTTargetPlatform
[2017.05.03-21.06.37:032][  0]LogTemp:Display: Loaded TP Android_ETC1TargetPlatform
[2017.05.03-21.06.37:232][  0]LogTemp:Display: Loaded TP Android_ETC2TargetPlatform
[2017.05.03-21.06.37:600][  0]LogTemp:Display: Loaded TP Android_MultiTargetPlatform
[2017.05.03-21.06.37:600][  0]LogTemp:Display: Loaded TP Android_PVRTCTargetPlatform
[2017.05.03-21.06.37:735][  0]LogTemp:Display: Loaded TP HTML5TargetPlatform
[2017.05.03-21.06.38:004][  0]LogTemp:Display: Loaded TP IOSTargetPlatform
[2017.05.03-21.06.38:129][  0]LogTemp:Display: Loaded TP TVOSTargetPlatform
[2017.05.03-21.06.38:298][  0]LogTemp:Display: Loaded TP LinuxClientTargetPlatform
[2017.05.03-21.06.38:496][  0]LogTemp:Display: Loaded TP LinuxNoEditorTargetPlatform
[2017.05.03-21.06.38:716][  0]LogTemp:Display: Loaded TP LinuxServerTargetPlatform
[2017.05.03-21.06.38:900][  0]LogTemp:Display: Loaded TP LinuxTargetPlatform
[2017.05.03-21.06.38:900][  0]LogTargetPlatformManager:Display: Building Assets For Windows
[2017.05.03-21.06.40:482][  0]LogDerivedDataCache:Display: Max Cache Size: 512 MB
[2017.05.03-21.06.40:682][  0]LogDerivedDataCache: Loaded boot cache 0.20s 50MB C:/Users/lenovo/AppData/Local/UnrealEngine/4.15/DerivedDataCache/Boot.ddc.
[2017.05.03-21.06.40:682][  0]LogDerivedDataCache:Display: Loaded Boot cache: C:/Users/lenovo/AppData/Local/UnrealEngine/4.15/DerivedDataCache/Boot.ddc
[2017.05.03-21.06.40:682][  0]LogDerivedDataCache: FDerivedDataBackendGraph:  Pak pak cache file C:/Users/lenovo/Documents/Unreal Projects/Shooter/DerivedDataCache/DDC.ddp not found, will not use a pak cache.
[2017.05.03-21.06.40:682][  0]LogDerivedDataCache: Unable to find inner node Pak for hierarchical cache Hierarchy.
[2017.05.03-21.06.40:682][  0]LogDerivedDataCache: FDerivedDataBackendGraph:  CompressedPak pak cache file C:/Users/lenovo/Documents/Unreal Projects/Shooter/DerivedDataCache/Compressed.ddp not found, will not use a pak cache.
[2017.05.03-21.06.40:682][  0]LogDerivedDataCache: Unable to find inner node CompressedPak for hierarchical cache Hierarchy.
[2017.05.03-21.06.40:733][  0]LogDerivedDataCache:Display: Pak cache opened for reading ../../../Engine/DerivedDataCache/Compressed.ddp.
[2017.05.03-21.06.40:748][  0]LogDerivedDataCache: Using Local data cache path C:/Users/lenovo/AppData/Local/UnrealEngine/Common/DerivedDataCache: Writable
[2017.05.03-21.06.40:775][  0]LogSlate: Using Freetype 2.6.0
[2017.05.03-21.06.40:776][  0]LogSlate: SlateFontCache - WITH_FREETYPE: 1, WITH_HARFBUZZ: 1
[2017.05.03-21.06.40:776][  0]LogSlate: SlateFontCache - WITH_FREETYPE: 1, WITH_HARFBUZZ: 1
[2017.05.03-21.06.41:888][  0]LogInit: Selected Device Profile: [Windows]
[2017.05.03-21.06.41:902][  0]LogContentStreaming: Texture pool size is 0.00 MB
[2017.05.03-21.06.42:699][  0]LogMeshUtilities: Using QuadricMeshReduction for automatic static mesh reduction
[2017.05.03-21.06.42:838][  0]LogSimplygon: Simplygon DLL not present - disabling.
[2017.05.03-21.06.43:014][  0]LogMeshUtilities: Using SimplygonSwarm for distributed automatic mesh merging
[2017.05.03-21.06.43:014][  0]LogMeshUtilities: No automatic skeletal mesh reduction module available
[2017.05.03-21.06.43:014][  0]LogMeshUtilities: No automatic mesh merging module available
[2017.05.03-21.06.44:964][  0]LogNetVersion: GetLocalNetworkVersion: CL: 3299760, ProjectName: shooter, ProjectVersion: , EngineNetworkVersion: 2, GameNetworkVersion: 0, NetworkChecksum: 1589670086
[2017.05.03-21.06.45:068][  0]LogAssetRegistry: FAssetRegistry took 0.0235 seconds to start up
[2017.05.03-21.06.45:245][  0]LogPackageLocalizationCache: Processed 3 localized package path(s) for 1 prioritized culture(s) in 0.081401 seconds
[2017.05.03-21.06.45:264][  0]LogUObjectArray: 32493 objects as part of root set at end of initial load.
[2017.05.03-21.06.45:265][  0]LogUObjectAllocator: 7077032 out of 0 bytes used by permanent object pool.
[2017.05.03-21.06.45:265][  0]LogUObjectArray: CloseDisregardForGC: 0/0 objects in disregard for GC pool
[2017.05.03-21.06.45:506][  0]LogInit: WinSock: version 1.1 (2.2), MaxSocks=32767, MaxUdp=65467
[2017.05.03-21.06.51:046][  0]LogTcpMessaging: Initializing TcpMessaging bridge
[2017.05.03-21.06.51:164][  0]LogUdpMessaging: Initializing bridge on interface 0.0.0.0:0 to multicast group 230.0.0.1:6666.
[2017.05.03-21.06.52:711][  0]LogMaterial: Uniform references updated for custom material expression Custom.
[2017.05.03-21.06.54:075][  0]SourceControl: Info Source control is disabled
[2017.05.03-21.06.54:078][  0]SourceControl: Info Source control is disabled
[2017.05.03-21.06.54:236][  0]SourceControl: Info Source control is disabled
[2017.05.03-21.06.54:427][  0]SourceControl: Info Source control is disabled
[2017.05.03-21.06.59:302][  0]LogEngine: Initializing Engine...
[2017.05.03-21.06.59:306][  0]LogHMD: Failed to initialize OpenVR with code 110
[2017.05.03-21.07.00:132][  0]LogAIModule: Creating AISystem for world Untitled
[2017.05.03-21.07.00:184][  0]LogInit: XAudio2 using '扬声器 (Conexant SmartAudio HD)' : 2 channels at 48 kHz using 32 bits per sample (channel mask 0x3)
[2017.05.03-21.07.00:233][  0]LogInit: FAudioDevice initialized.
[2017.05.03-21.07.00:343][  0]LogDerivedDataCache: Saved boot cache 0.11s 50MB C:/Users/lenovo/AppData/Local/UnrealEngine/4.15/DerivedDataCache/Boot.ddc.
[2017.05.03-21.07.00:380][  0]LogInit: Texture streaming: Enabled
[2017.05.03-21.07.00:744][  0]LogEngineSessionManager: EngineSessionManager initialized
[2017.05.03-21.07.01:148][  0]LogInit: Transaction tracking system initialized
[2017.05.03-21.07.02:542][  0]BlueprintLog: New page: Editor Load
[2017.05.03-21.07.05:966][  0]LocalizationService: Info Localization service is disabled
[2017.05.03-21.07.08:478][  0]LogConsoleResponse:Display: 
[2017.05.03-21.07.09:019][  0]LogCook:Display: Max memory allowance for cook 16384mb min free memory 0mb
[2017.05.03-21.07.09:019][  0]LogCook:Display: Mobile HDR setting 1
[2017.05.03-21.07.09:610][  0]LogFileCache: Scanning file cache for directory 'C:/Users/lenovo/Documents/Unreal Projects/Shooter/Content/' took 0.04s
[2017.05.03-21.07.12:981][  0]SourceControl: Info Source control is disabled
[2017.05.03-21.07.12:981][  0]Cmd: MAP LOAD FILE="C:/Users/lenovo/Documents/Unreal Projects/Shooter/Content/ThirdPersonBP/Maps/ThirdPersonExampleMap.umap" TEMPLATE=0 SHOWPROGRESS=1 FEATURELEVEL=3
[2017.05.03-21.07.12:982][  0]LightingResults: New page: Lighting Build
[2017.05.03-21.07.13:111][  0]MapCheck: New page: Map Check
[2017.05.03-21.07.13:111][  0]LightingResults: New page: Lighting Build
[2017.05.03-21.07.15:567][  0]LogAIModule: Creating AISystem for world ThirdPersonExampleMap
[2017.05.03-21.07.15:685][  0]LogEditorServer: Finished looking for orphan Actors (0.000 secs)
[2017.05.03-21.07.15:690][  0]Cmd: MAP CHECKDEP NOCLEARLOG
[2017.05.03-21.07.15:847][  0]MapCheck: Info Map check complete: 0 Error(s), 0 Warning(s), took 156.11ms to complete.
[2017.05.03-21.07.15:847][  0]LogFileHelpers: Loading map 'ThirdPersonExampleMap' took 2.866
[2017.05.03-21.07.16:602][  0]LogCollectionManager: Loaded 0 collections in 0.003682 seconds
[2017.05.03-21.07.16:835][  0]LogFileCache: Scanning file cache for directory 'C:/Users/lenovo/Documents/Unreal Projects/Shooter/Saved/Collections/' took 0.01s
[2017.05.03-21.07.16:835][  0]LogFileCache: Scanning file cache for directory 'C:/Users/lenovo/Documents/Unreal Projects/Shooter/Content/Developers/1/Collections/' took 0.01s
[2017.05.03-21.07.16:835][  0]LogFileCache: Scanning file cache for directory 'C:/Users/lenovo/Documents/Unreal Projects/Shooter/Content/Collections/' took 0.02s
[2017.05.03-21.07.16:835][  0]LogCollectionManager: Rebuilt the GUID cache for 0 collections in 0.000010 seconds
[2017.05.03-21.07.16:874][  0]LogContentBrowser: Native class hierarchy populated in 0.0324 seconds. Added 2245 classes and 453 folders.
[2017.05.03-21.07.16:892][  0]LogStats: UGameplayTagsManager::ConstructGameplayTagTree: Construct from data asset -  0.000 s
[2017.05.03-21.07.16:893][  0]LogStats: UGameplayTagsManager::ConstructGameplayTagTree: GameplayTagTreeChangedEvent.Broadcast -  0.000 s
[2017.05.03-21.07.17:136][  0]LogContentBrowser: Native class hierarchy updated for 'WidgetCarousel' in 0.0013 seconds. Added 0 classes and 0 folders.
[2017.05.03-21.07.18:234][  0]LogContentBrowser: Native class hierarchy updated for 'AddContentDialog' in 0.0016 seconds. Added 0 classes and 0 folders.
[2017.05.03-21.07.18:413][  0]LogContentBrowser: Native class hierarchy updated for 'SceneOutliner' in 0.0014 seconds. Added 1 classes and 2 folders.
[2017.05.03-21.07.18:677][  0]LogCrashTracker: Crashtracker disabled due to settings.
[2017.05.03-21.07.18:726][  0]LogUObjectGlobals:Warning: Failed to find object 'Class None.'
[2017.05.03-21.07.18:948][  0]LogContentBrowser: Native class hierarchy updated for 'HierarchicalLODOutliner' in 0.0013 seconds. Added 1 classes and 2 folders.
[2017.05.03-21.07.18:948][  0]LogLoad: (Engine Initialization) Total time: 59.55 seconds
[2017.05.03-21.07.18:948][  0]LogLoad: (Engine Initialization) Total Blueprint compile time: 0.58 seconds
[2017.05.03-21.07.18:948][  0]LogExternalProfiler: Found external profiler: VSPerf
[2017.05.03-21.07.18:948][  0]LogExternalProfiler: Using external profiler: VSPerf
[2017.05.03-21.07.19:292][  0]LogOcInput: OculusInput pre-init called
[2017.05.03-21.07.19:378][  0]LogContentStreaming: Texture pool size now 1000 MB
[2017.05.03-21.07.19:381][  0]LogSlate: Took 0.000564 seconds to synchronously load lazily loaded font '../../../Engine/Content/Slate/Fonts/Roboto-Regular.ttf' (155K)
[2017.05.03-21.07.19:431][  0]LogSlate: Took 0.001078 seconds to synchronously load lazily loaded font '../../../Engine/Content/Slate/Fonts/Roboto-Bold.ttf' (160K)
[2017.05.03-21.07.19:481][  0]LogSlate: Took 0.015137 seconds to synchronously load lazily loaded font '../../../Engine/Content/Editor/Slate/Fonts/FontAwesome.ttf' (139K)
[2017.05.03-21.07.20:141][  0]LogRenderer: Reallocating scene render targets to support 928x436 NumSamples 1 (Frame:2).
[2017.05.03-21.07.20:735][  1]LogSlate: Took 0.015192 seconds to synchronously load lazily loaded font '../../../Engine/Content/Slate/Fonts/Roboto-Light.ttf' (159K)
[2017.05.03-21.07.22:235][  6]LogAssetRegistry: Asset discovery search completed in 37.1899 seconds
[2017.05.03-21.07.22:235][  6]LogCollectionManager: Rebuilt the object cache for 0 collections in 0.000017 seconds (found 0 objects)
[2017.05.03-21.07.22:235][  6]LogCollectionManager: Fixed up redirectors for 0 collections in 0.000045 seconds (updated 0 objects)
[2017.05.03-21.08.45:859][707]LogSlate: Only BGRA pngs, bmps or icos are supported in by External Image Picker
[2017.05.03-21.08.46:213][711]LogTemp:Display: Executing iPhonePackager certificates Engine -bundlename com.YourCompany.Shooter

[2017.05.03-21.08.46:213][711]LogTemp:Display: CWD: D:\Epic Games\UE_4.15\Engine\Binaries\DotNET\IOS

[2017.05.03-21.08.46:213][711]LogTemp:Display: Initial Dir: D:\Epic Games\UE_4.15

[2017.05.03-21.08.46:213][711]LogTemp:Display: Env CWD: D:\Epic Games\UE_4.15\Engine\Binaries\DotNET\IOS

[2017.05.03-21.08.46:213][711]LogTemp:Display: BranchPath = DESKTOP-44SKKF1/D/Epic Games/UE_4.15/Engine/Binaries --- GameBranchPath = DESKTOP-44SKKF1/D/Epic Games/UE_4.15/Engine/Binaries

[2017.05.03-21.08.46:393][716]LogTemp:Display: IPP ERROR: Application exception: System.IO.DirectoryNotFoundException: δ???ҵ?·????C:\Users\lenovo\AppData\Local\Apple Computer\MobileDevice\Provisioning Profiles????һ???֡?

[2017.05.03-21.08.46:393][716]LogTemp:Display:    ?? System.IO.__Error.WinIOError(Int32 errorCode, String maybeFullPath)

[2017.05.03-21.08.46:393][716]LogTemp:Display:    ?? System.IO.FileSystemEnumerableIterator`1.CommonInit()

[2017.05.03-21.08.46:393][716]LogTemp:Display:    ?? System.IO.Directory.EnumerateFiles(String path, String searchPattern)

[2017.05.03-21.08.46:393][716]LogTemp:Display:    ?? iPhonePackager.CodeSignatureBuilder.FindProvisions(String CFBundleIdentifier)

[2017.05.03-21.08.46:393][716]LogTemp:Display:    ?? iPhonePackager.Program.Main(String[] args)

[2017.05.03-21.09.59:240][881]LogEditorViewport: Clicking on Actor (LMB): ThirdPersonCharacter_C (ThirdPersonCharacter)
[2017.05.03-21.10.04:530][ 38]LogSlate: Took 0.012337 seconds to synchronously load lazily loaded font '../../../Engine/Content/Editor/Slate/Fonts/Roboto-Italic.ttf' (157K)
[2017.05.03-21.10.17:376][514]LogSlate: Took 0.000423 seconds to synchronously load lazily loaded font '../../../Engine/Content/Slate/Fonts/Roboto-Light.ttf' (159K)
[2017.05.03-21.10.18:301][514]LogSlate: Took 0.000528 seconds to synchronously load lazily loaded font '../../../Engine/Content/Slate/Fonts/Roboto-Regular.ttf' (155K)
[2017.05.03-21.10.18:798][514]LogContentBrowser: Native class hierarchy updated for 'BlueprintGraph' in 0.0023 seconds. Added 112 classes and 0 folders.
[2017.05.03-21.10.20:710][514]LogSlate: Took 0.009194 seconds to synchronously load lazily loaded font '../../../Engine/Content/Editor/Slate/Fonts/Roboto-BoldCondensed.ttf' (158K)
[2017.05.03-21.14.12:729][260]LogSlate: Took 0.000465 seconds to synchronously load lazily loaded font '../../../Engine/Content/Slate/Fonts/Roboto-Light.ttf' (159K)
[2017.05.03-21.17.47:770][282]LogTemp: Repeting last play command: Selected Viewport
[2017.05.03-21.17.47:843][282]LogBlueprintUserMessages: Early PlayInEditor Detection: Level '/Game/ThirdPersonBP/Maps/ThirdPersonExampleMap.ThirdPersonExampleMap:PersistentLevel' has LevelScriptBlueprint '/Game/ThirdPersonBP/Maps/ThirdPersonExampleMap.ThirdPersonExampleMap:PersistentLevel.ThirdPersonExampleMap' with GeneratedClass '/Game/ThirdPersonBP/Maps/ThirdPersonExampleMap.ThirdPersonExampleMap_C' with ClassGeneratedBy '/Game/ThirdPersonBP/Maps/ThirdPersonExampleMap.ThirdPersonExampleMap:PersistentLevel.ThirdPersonExampleMap'
[2017.05.03-21.17.47:846][282]BlueprintLog: New page: Pre-Play auto-recompile
[2017.05.03-21.17.47:846][282]LogPlayLevel: [PlayLevel] Compiling ThirdPersonCharacter before play...
[2017.05.03-21.17.48:321][282]LogPlayLevel: PlayLevel: Blueprint regeneration took 475 ms (1 blueprints)
[2017.05.03-21.17.48:329][282]PIE: New page: PIE session: ThirdPersonExampleMap (May 3, 2017, 1:17:48 PM)
[2017.05.03-21.17.48:330][282]LogPlayLevel: Creating play world package: /Game/ThirdPersonBP/Maps/UEDPIE_0_ThirdPersonExampleMap
[2017.05.03-21.17.48:414][282]LogPlayLevel: PIE: StaticDuplicateObject took: (0.083144s)
[2017.05.03-21.17.48:415][282]LogAIModule: Creating AISystem for world ThirdPersonExampleMap
[2017.05.03-21.17.48:416][282]LogPlayLevel: PIE: World Init took: (0.001913s)
[2017.05.03-21.17.48:417][282]LogPlayLevel: PIE: Created PIE world by copying editor world from /Game/ThirdPersonBP/Maps/ThirdPersonExampleMap.ThirdPersonExampleMap to /Game/ThirdPersonBP/Maps/UEDPIE_0_ThirdPersonExampleMap.ThirdPersonExampleMap (0.087139s)
[2017.05.03-21.17.48:513][282]LogInit: XAudio2 using '扬声器 (Conexant SmartAudio HD)' : 2 channels at 48 kHz using 32 bits per sample (channel mask 0x3)
[2017.05.03-21.17.48:538][282]LogInit: FAudioDevice initialized.
[2017.05.03-21.17.48:670][282]LogLoad: Game class is 'ThirdPersonGameMode_C'
[2017.05.03-21.17.48:690][282]LogWorld: Bringing World /Game/ThirdPersonBP/Maps/UEDPIE_0_ThirdPersonExampleMap.ThirdPersonExampleMap up for play (max tick rate 60) at 2017.05.03-17.17.48
[2017.05.03-21.17.48:692][282]LogWorld: Bringing up level for play took: 0.006649
[2017.05.03-21.17.48:825][282]LogContentBrowser: Native class hierarchy updated for 'MovieSceneCapture' in 0.0013 seconds. Added 11 classes and 0 folders.
[2017.05.03-21.17.48:828][282]PIE: Info Play in editor start time for /Game/ThirdPersonBP/Maps/UEDPIE_0_ThirdPersonExampleMap 1.221
[2017.05.03-21.17.48:829][282]LogBlueprintUserMessages: Late PlayInEditor Detection: Level '/Game/ThirdPersonBP/Maps/ThirdPersonExampleMap.ThirdPersonExampleMap:PersistentLevel' has LevelScriptBlueprint '/Game/ThirdPersonBP/Maps/ThirdPersonExampleMap.ThirdPersonExampleMap:PersistentLevel.ThirdPersonExampleMap' with GeneratedClass '/Game/ThirdPersonBP/Maps/ThirdPersonExampleMap.ThirdPersonExampleMap_C' with ClassGeneratedBy '/Game/ThirdPersonBP/Maps/ThirdPersonExampleMap.ThirdPersonExampleMap:PersistentLevel.ThirdPersonExampleMap'
[2017.05.03-21.18.29:121][319]LogBlueprintUserMessages: Early EndPlayMap Detection: Level '/Game/ThirdPersonBP/Maps/ThirdPersonExampleMap.ThirdPersonExampleMap:PersistentLevel' has LevelScriptBlueprint '/Game/ThirdPersonBP/Maps/ThirdPersonExampleMap.ThirdPersonExampleMap:PersistentLevel.ThirdPersonExampleMap' with GeneratedClass '/Game/ThirdPersonBP/Maps/ThirdPersonExampleMap.ThirdPersonExampleMap_C' with ClassGeneratedBy '/Game/ThirdPersonBP/Maps/ThirdPersonExampleMap.ThirdPersonExampleMap:PersistentLevel.ThirdPersonExampleMap'
[2017.05.03-21.18.29:358][319]LogBlueprintUserMessages: Late EndPlayMap Detection: Level '/Game/ThirdPersonBP/Maps/ThirdPersonExampleMap.ThirdPersonExampleMap:PersistentLevel' has LevelScriptBlueprint '/Game/ThirdPersonBP/Maps/ThirdPersonExampleMap.ThirdPersonExampleMap:PersistentLevel.ThirdPersonExampleMap' with GeneratedClass '/Game/ThirdPersonBP/Maps/ThirdPersonExampleMap.ThirdPersonExampleMap_C' with ClassGeneratedBy '/Game/ThirdPersonBP/Maps/ThirdPersonExampleMap.ThirdPersonExampleMap:PersistentLevel.ThirdPersonExampleMap'
[2017.05.03-21.19.21:557][894]LogSavePackage: Save=771.78ms
[2017.05.03-21.19.21:557][894]LogSavePackage: Moving 'C:/Users/lenovo/Documents/Unreal Projects/Shooter/Saved/ThirdPersonExampleMap_Auto19573E3A34D6145F0396925BA01378CB2.tmp' to 'C:/Users/lenovo/Documents/Unreal Projects/Shooter/Saved/Autosaves/Game/ThirdPersonBP/Maps/ThirdPersonExampleMap_Auto1.umap'
[2017.05.03-21.19.21:568][894]LogSavePackage:Display: Finished SavePackage C:/Users/lenovo/Documents/Unreal Projects/Shooter/Saved/Autosaves/Game/ThirdPersonBP/Maps/ThirdPersonExampleMap_Auto1.umap
[2017.05.03-21.19.21:578][894]LogFileHelpers: Editor autosave (incl. sublevels) for '/Game/ThirdPersonBP/Maps/ThirdPersonExampleMap' took 0.942
[2017.05.03-21.19.21:578][894]LogFileHelpers: Editor autosave (incl. sublevels) for all levels took 0.942
[2017.05.03-21.19.21:586][894]OBJ SavePackage: Generating thumbnails for [1] asset(s) in package [/Game/ThirdPersonBP/Blueprints/ThirdPersonCharacter] ([1] browsable assets)...
[2017.05.03-21.19.21:715][894]OBJ SavePackage:     Rendered thumbnail for [Blueprint /Game/ThirdPersonBP/Blueprints/ThirdPersonCharacter.ThirdPersonCharacter]
[2017.05.03-21.19.21:715][894]OBJ SavePackage: Finished generating thumbnails for package [/Game/ThirdPersonBP/Blueprints/ThirdPersonCharacter]
[2017.05.03-21.19.21:903][894]LogSavePackage: Save=160.83ms
[2017.05.03-21.19.21:903][894]LogSavePackage: Moving 'C:/Users/lenovo/Documents/Unreal Projects/Shooter/Saved/ThirdPersonCharacter_Auto189A249914E3E56B6DAC36A80BEF890C1.tmp' to 'C:/Users/lenovo/Documents/Unreal Projects/Shooter/Saved/Autosaves/Game/ThirdPersonBP/Blueprints/ThirdPersonCharacter_Auto1.uasset'
[2017.05.03-21.19.21:911][894]LogSavePackage:Display: Finished SavePackage C:/Users/lenovo/Documents/Unreal Projects/Shooter/Saved/Autosaves/Game/ThirdPersonBP/Blueprints/ThirdPersonCharacter_Auto1.uasset
[2017.05.03-21.19.21:911][894]LogFileHelpers: Auto-saving content packages took 0.332
