Log file open, 05/09/17 21:43:56
LogInit:Display: Running engine for game: Shooter
LogPlatformFile: Not using cached read wrapper
LogInit:Display: RandInit(40610234) SRandInit(40610234).
LogTaskGraph: Started task graph with 5 named threads and 8 total threads with 1 sets of task threads.
LogStats: Stats thread started at 0.170495
LogInit: Using libcurl 7.47.1
LogInit:  - built for x86_64-pc-win32
LogInit:  - supports SSL with OpenSSL/1.0.2g
LogInit:  - supports HTTP deflate (compression) using libz 1.2.8
LogInit:  - other features:
LogInit:      CURL_VERSION_SSL
LogInit:      CURL_VERSION_LIBZ
LogInit:      CURL_VERSION_IPV6
LogInit:      CURL_VERSION_ASYNCHDNS
LogInit:      CURL_VERSION_LARGEFILE
LogInit:      CURL_VERSION_IDN
LogInit:  CurlRequestOptions (configurable via config and command line):
LogInit:  - bVerifyPeer = false  - Libcurl will NOT verify peer certificate
LogInit:  - bUseHttpProxy = false  - Libcurl will NOT use HTTP proxy
LogInit:  - bDontReuseConnections = false  - Libcurl will reuse connections
LogInit:  - CertBundlePath = nullptr  - Libcurl will use whatever was configured at build time.
LogInit: Build: ++UE4+Release-4.15-CL-3416026
LogInit: Engine Version: 4.15.2-3416026+++UE4+Release-4.15
LogInit: Compatible Engine Version: 4.15.0-3299760+++UE4+Release-4.15
LogInit: Net CL: 3299760
LogDevObjectVersion: Number of dev versions registered: 14
LogDevObjectVersion:   Dev-Blueprints (B0D832E4-1F89-4F0D-ACCF-7EB736FD4AA2): 8
LogDevObjectVersion:   Dev-Build (E1C64328-A22C-4D53-A36C-8E866417BD8C): 0
LogDevObjectVersion:   Dev-Core (375EC13C-06E4-48FB-B500-84F0262A717E): 2
LogDevObjectVersion:   Dev-Editor (E4B068ED-F494-42E9-A231-DA0B2E46BB41): 14
LogDevObjectVersion:   Dev-Framework (CFFC743F-43B0-4480-9391-14DF171D2073): 22
LogDevObjectVersion:   Dev-Mobile (B02B49B5-BB20-44E9-A304-32B752E40360): 0
LogDevObjectVersion:   Dev-Networking (A4E4105C-59A1-49B5-A7C5-40C4547EDFEE): 0
LogDevObjectVersion:   Dev-Online (39C831C9-5AE6-47DC-9A44-9C173E1C8E7C): 0
LogDevObjectVersion:   Dev-Physics (78F01B33-EBEA-4F98-B9B4-84EACCB95AA2): 0
LogDevObjectVersion:   Dev-Platform (6631380F-2D4D-43E0-8009-CF276956A95A): 0
LogDevObjectVersion:   Dev-Rendering (12F88B9F-8875-4AFC-A67C-D90C383ABD29): 12
LogDevObjectVersion:   Dev-Sequencer (7B5AE74C-D270-4C10-A958-57980B212A5A): 3
LogDevObjectVersion:   Dev-VR (D7296918-1DD6-4BDD-9DE2-64A83CC13884): 0
LogDevObjectVersion:   Dev-LoadTimes (C2A15278-BFE7-4AFE-6C17-90FF531DF755): 1
LogInit: Compiled (64-bit): May  1 2017 13:11:28
LogInit: Compiled with Visual C++: 19.00.23026.00
LogInit: Build Configuration: Development
LogInit: Branch Name: ++UE4+Release-4.15
LogInit: Command line: -EpicPortal 
LogInit: Base directory: D:/Epic Games/UE_4.15/Engine/Binaries/Win64/
LogInit: Installed Engine Build: 1
LogInit: Presizing for max 8388607 objects, including 0 objects not considered by GC, pre-allocating 0 bytes for permanent pool.
LogInit: Object subsystem initialized
[2017.05.10-01.43.58:948][  0]LogInit: Selected Device Profile: [Windows]
[2017.05.10-01.43.58:948][  0]LogInit: Applying CVar settings loaded from the selected device profile: [Windows]
[2017.05.10-01.43.58:984][  0]LogInit: Computer: DESKTOP-44SKKF1
[2017.05.10-01.43.58:985][  0]LogInit: User: 1
[2017.05.10-01.43.58:985][  0]LogInit: CPU Page size=65536, Cores=4
[2017.05.10-01.43.58:985][  0]LogInit: High frequency timer resolution =1.754519 MHz
[2017.05.10-01.43.58:985][  0]LogMemory: Memory total: Physical=7.3GB (8GB approx)
[2017.05.10-01.43.58:985][  0]LogMemory: Platform Memory Stats for Windows
[2017.05.10-01.43.58:985][  0]LogMemory: Process Physical Memory: 262.82 MB used, 262.82 MB peak
[2017.05.10-01.43.58:985][  0]LogMemory: Process Virtual Memory: 262.51 MB used, 262.51 MB peak
[2017.05.10-01.43.58:985][  0]LogMemory: Physical Memory: 4008.36 MB used,  3476.98 MB free, 7485.34 MB total
[2017.05.10-01.43.58:985][  0]LogMemory: Virtual Memory: 643.93 MB used,  3476.98 MB free, 134217728.00 MB total
[2017.05.10-01.43.59:186][  0]LogInit: Overriding culture en with editor configuration.
[2017.05.10-01.44.00:751][  0]LogD3D11RHI: D3D11 adapters:
[2017.05.10-01.44.00:794][  0]LogD3D11RHI:    0. 'AMD Radeon R6 Graphics' (Feature Level 11_0)
[2017.05.10-01.44.00:794][  0]LogD3D11RHI:       487/0/3742 MB DedicatedVideo/DedicatedSystem/SharedSystem, Outputs:1, VendorId:0x1002
[2017.05.10-01.44.00:797][  0]LogD3D11RHI:    1. 'Microsoft Basic Render Driver' (Feature Level 11_0)
[2017.05.10-01.44.00:797][  0]LogD3D11RHI:       0/0/3742 MB DedicatedVideo/DedicatedSystem/SharedSystem, Outputs:0, VendorId:0x1414
[2017.05.10-01.44.00:797][  0]LogD3D11RHI: Chosen D3D11 Adapter: 0
[2017.05.10-01.44.00:815][  0]LogD3D11RHI: Creating new Direct3DDevice
[2017.05.10-01.44.00:815][  0]LogD3D11RHI:     GPU DeviceId: 0x9874 (for the marketing name, search the web for "GPU Device Id")
[2017.05.10-01.44.00:815][  0]LogWindows: EnumDisplayDevices:
[2017.05.10-01.44.00:815][  0]LogWindows:    0. 'AMD Radeon R6 Graphics' (P:1 D:1)
[2017.05.10-01.44.00:816][  0]LogWindows:    1. 'AMD Radeon R6 Graphics' (P:0 D:0)
[2017.05.10-01.44.00:818][  0]LogWindows:    2. 'AMD Radeon R6 Graphics' (P:0 D:0)
[2017.05.10-01.44.00:819][  0]LogWindows: DebugString: FoundDriverCount:3 
[2017.05.10-01.44.00:819][  0]LogD3D11RHI:     Adapter Name: AMD Radeon R6 Graphics
[2017.05.10-01.44.00:819][  0]LogD3D11RHI:   Driver Version: Crimson 16.6 (internal:21.19.137.514, unified:21.19.137.514)
[2017.05.10-01.44.00:819][  0]LogD3D11RHI:      Driver Date: 11-21-2016
[2017.05.10-01.44.00:819][  0]LogRHI: Texture pool is 340 MB (70% of 487 MB)
[2017.05.10-01.44.00:912][  0]LogD3D11RHI: Async texture creation enabled
[2017.05.10-01.44.00:937][  0]LogD3D11RHI: GPU Timing Frequency: 100.000000 (Debug: 2 1)
[2017.05.10-01.44.00:940][  0]LogShaderCompilers: Guid format shader working directory is 3 characters bigger than the processId version (C:/Users/lenovo/Documents/UnrealPro/Shooter/Intermediate/Shaders/WorkingDirectory/57004/).
[2017.05.10-01.44.00:940][  0]LogShaderCompilers: Cleaned the shader compiler working directory 'C:/Users/lenovo/AppData/Local/Temp/UnrealShaderWorkingDir/6B18EA5747C96EA528475BA64CD91A12/'.
[2017.05.10-01.44.00:940][  0]LogShaderCompilers:Display: Using Local Shader Compiler.
[2017.05.10-01.44.03:935][  0]LogTemp:Display: Loaded TP AllDesktopTargetPlatform
[2017.05.10-01.44.04:055][  0]LogTemp:Display: Loaded TP MacClientTargetPlatform
[2017.05.10-01.44.04:179][  0]LogTemp:Display: Loaded TP MacNoEditorTargetPlatform
[2017.05.10-01.44.04:295][  0]LogTemp:Display: Loaded TP MacServerTargetPlatform
[2017.05.10-01.44.04:418][  0]LogTemp:Display: Loaded TP MacTargetPlatform
[2017.05.10-01.44.04:537][  0]LogTemp:Display: Loaded TP WindowsClientTargetPlatform
[2017.05.10-01.44.04:659][  0]LogTemp:Display: Loaded TP WindowsNoEditorTargetPlatform
[2017.05.10-01.44.04:780][  0]LogTemp:Display: Loaded TP WindowsServerTargetPlatform
[2017.05.10-01.44.04:880][  0]LogTemp:Display: Loaded TP WindowsTargetPlatform
[2017.05.10-01.44.05:004][  0]LogTemp:Display: Loaded TP AndroidTargetPlatform
[2017.05.10-01.44.05:144][  0]LogTemp:Display: Loaded TP Android_ASTCTargetPlatform
[2017.05.10-01.44.05:269][  0]LogTemp:Display: Loaded TP Android_ATCTargetPlatform
[2017.05.10-01.44.05:388][  0]LogTemp:Display: Loaded TP Android_DXTTargetPlatform
[2017.05.10-01.44.05:506][  0]LogTemp:Display: Loaded TP Android_ETC1TargetPlatform
[2017.05.10-01.44.05:625][  0]LogTemp:Display: Loaded TP Android_ETC2TargetPlatform
[2017.05.10-01.44.05:858][  0]LogTemp:Display: Loaded TP Android_MultiTargetPlatform
[2017.05.10-01.44.05:858][  0]LogTemp:Display: Loaded TP Android_PVRTCTargetPlatform
[2017.05.10-01.44.05:941][  0]LogTemp:Display: Loaded TP HTML5TargetPlatform
[2017.05.10-01.44.06:127][  0]LogTemp:Display: Loaded TP IOSTargetPlatform
[2017.05.10-01.44.06:205][  0]LogTemp:Display: Loaded TP TVOSTargetPlatform
[2017.05.10-01.44.06:318][  0]LogTemp:Display: Loaded TP LinuxClientTargetPlatform
[2017.05.10-01.44.06:432][  0]LogTemp:Display: Loaded TP LinuxNoEditorTargetPlatform
[2017.05.10-01.44.06:549][  0]LogTemp:Display: Loaded TP LinuxServerTargetPlatform
[2017.05.10-01.44.06:690][  0]LogTemp:Display: Loaded TP LinuxTargetPlatform
[2017.05.10-01.44.06:690][  0]LogTargetPlatformManager:Display: Building Assets For Windows
[2017.05.10-01.44.07:662][  0]LogDerivedDataCache:Display: Max Cache Size: 512 MB
[2017.05.10-01.44.07:806][  0]LogDerivedDataCache: Loaded boot cache 0.14s 50MB C:/Users/lenovo/AppData/Local/UnrealEngine/4.15/DerivedDataCache/Boot.ddc.
[2017.05.10-01.44.07:806][  0]LogDerivedDataCache:Display: Loaded Boot cache: C:/Users/lenovo/AppData/Local/UnrealEngine/4.15/DerivedDataCache/Boot.ddc
[2017.05.10-01.44.07:806][  0]LogDerivedDataCache: FDerivedDataBackendGraph:  Pak pak cache file C:/Users/lenovo/Documents/UnrealPro/Shooter/DerivedDataCache/DDC.ddp not found, will not use a pak cache.
[2017.05.10-01.44.07:806][  0]LogDerivedDataCache: Unable to find inner node Pak for hierarchical cache Hierarchy.
[2017.05.10-01.44.07:806][  0]LogDerivedDataCache: FDerivedDataBackendGraph:  CompressedPak pak cache file C:/Users/lenovo/Documents/UnrealPro/Shooter/DerivedDataCache/Compressed.ddp not found, will not use a pak cache.
[2017.05.10-01.44.07:806][  0]LogDerivedDataCache: Unable to find inner node CompressedPak for hierarchical cache Hierarchy.
[2017.05.10-01.44.07:844][  0]LogDerivedDataCache:Display: Pak cache opened for reading ../../../Engine/DerivedDataCache/Compressed.ddp.
[2017.05.10-01.44.07:861][  0]LogDerivedDataCache: Using Local data cache path C:/Users/lenovo/AppData/Local/UnrealEngine/Common/DerivedDataCache: Writable
[2017.05.10-01.44.07:883][  0]LogSlate: Using Freetype 2.6.0
[2017.05.10-01.44.07:885][  0]LogSlate: SlateFontCache - WITH_FREETYPE: 1, WITH_HARFBUZZ: 1
[2017.05.10-01.44.07:885][  0]LogSlate: SlateFontCache - WITH_FREETYPE: 1, WITH_HARFBUZZ: 1
[2017.05.10-01.44.08:603][  0]LogInit: Selected Device Profile: [Windows]
[2017.05.10-01.44.08:613][  0]LogContentStreaming: Texture pool size is 0.00 MB
[2017.05.10-01.44.09:061][  0]LogMeshUtilities: Using QuadricMeshReduction for automatic static mesh reduction
[2017.05.10-01.44.09:155][  0]LogSimplygon: Simplygon DLL not present - disabling.
[2017.05.10-01.44.09:256][  0]LogMeshUtilities: Using SimplygonSwarm for distributed automatic mesh merging
[2017.05.10-01.44.09:256][  0]LogMeshUtilities: No automatic skeletal mesh reduction module available
[2017.05.10-01.44.09:256][  0]LogMeshUtilities: No automatic mesh merging module available
[2017.05.10-01.44.10:538][  0]LogNetVersion: GetLocalNetworkVersion: CL: 3299760, ProjectName: shooter, ProjectVersion: , EngineNetworkVersion: 2, GameNetworkVersion: 0, NetworkChecksum: 1589670086
[2017.05.10-01.44.10:615][  0]LogAssetRegistry: FAssetRegistry took 0.0229 seconds to start up
[2017.05.10-01.44.10:723][  0]LogPackageLocalizationCache: Processed 3 localized package path(s) for 1 prioritized culture(s) in 0.045254 seconds
[2017.05.10-01.44.10:738][  0]LogUObjectArray: 32493 objects as part of root set at end of initial load.
[2017.05.10-01.44.10:738][  0]LogUObjectAllocator: 7077032 out of 0 bytes used by permanent object pool.
[2017.05.10-01.44.10:738][  0]LogUObjectArray: CloseDisregardForGC: 0/0 objects in disregard for GC pool
[2017.05.10-01.44.10:895][  0]LogInit: WinSock: version 1.1 (2.2), MaxSocks=32767, MaxUdp=65467
[2017.05.10-01.44.14:329][  0]LogTcpMessaging: Initializing TcpMessaging bridge
[2017.05.10-01.44.14:409][  0]LogUdpMessaging: Initializing bridge on interface 0.0.0.0:0 to multicast group 230.0.0.1:6666.
[2017.05.10-01.44.15:312][  0]LogMaterial: Uniform references updated for custom material expression Custom.
[2017.05.10-01.44.16:150][  0]SourceControl: Info Source control is disabled
[2017.05.10-01.44.16:153][  0]SourceControl: Info Source control is disabled
[2017.05.10-01.44.16:262][  0]SourceControl: Info Source control is disabled
[2017.05.10-01.44.16:359][  0]SourceControl: Info Source control is disabled
[2017.05.10-01.44.19:095][  0]LogEngine: Initializing Engine...
[2017.05.10-01.44.19:098][  0]LogHMD: Failed to initialize OpenVR with code 110
[2017.05.10-01.44.19:346][  0]LogStats: UGameplayTagsManager::ConstructGameplayTagTree: Construct from data asset -  0.000 s
[2017.05.10-01.44.19:347][  0]LogStats: UGameplayTagsManager::ConstructGameplayTagTree: GameplayTagTreeChangedEvent.Broadcast -  0.000 s
[2017.05.10-01.44.19:607][  0]LogAIModule: Creating AISystem for world Untitled
[2017.05.10-01.44.19:636][  0]LogInit: XAudio2 using '扬声器 (Conexant SmartAudio HD)' : 2 channels at 48 kHz using 32 bits per sample (channel mask 0x3)
[2017.05.10-01.44.19:741][  0]LogInit: FAudioDevice initialized.
[2017.05.10-01.44.19:820][  0]LogDerivedDataCache: Saved boot cache 0.08s 50MB C:/Users/lenovo/AppData/Local/UnrealEngine/4.15/DerivedDataCache/Boot.ddc.
[2017.05.10-01.44.19:849][  0]LogInit: Texture streaming: Enabled
[2017.05.10-01.44.20:074][  0]LogEngineSessionManager: EngineSessionManager initialized
[2017.05.10-01.44.20:304][  0]LogInit: Transaction tracking system initialized
[2017.05.10-01.44.21:088][  0]BlueprintLog: New page: Editor Load
[2017.05.10-01.44.23:148][  0]LocalizationService: Info Localization service is disabled
[2017.05.10-01.44.24:993][  0]LogConsoleResponse:Display: 
[2017.05.10-01.44.25:292][  0]LogCook:Display: Max memory allowance for cook 16384mb min free memory 0mb
[2017.05.10-01.44.25:292][  0]LogCook:Display: Mobile HDR setting 1
[2017.05.10-01.44.26:196][  0]LogFileCache: Scanning file cache for directory 'C:/Users/lenovo/Documents/UnrealPro/Shooter/Content/' took 0.02s
[2017.05.10-01.44.27:664][  0]SourceControl: Info Source control is disabled
[2017.05.10-01.44.27:664][  0]Cmd: MAP LOAD FILE="C:/Users/lenovo/Documents/UnrealPro/Shooter/Content/ThirdPersonBP/Maps/ThirdPersonExampleMap.umap" TEMPLATE=0 SHOWPROGRESS=1 FEATURELEVEL=3
[2017.05.10-01.44.27:665][  0]LightingResults: New page: Lighting Build
[2017.05.10-01.44.27:776][  0]MapCheck: New page: Map Check
[2017.05.10-01.44.27:776][  0]LightingResults: New page: Lighting Build
[2017.05.10-01.44.29:213][  0]LogAIModule: Creating AISystem for world ThirdPersonExampleMap
[2017.05.10-01.44.29:290][  0]LogEditorServer: Finished looking for orphan Actors (0.000 secs)
[2017.05.10-01.44.29:291][  0]Cmd: MAP CHECKDEP NOCLEARLOG
[2017.05.10-01.44.29:414][  0]MapCheck: Info Map check complete: 0 Error(s), 0 Warning(s), took 122.532ms to complete.
[2017.05.10-01.44.29:414][  0]LogFileHelpers: Loading map 'ThirdPersonExampleMap' took 1.750
[2017.05.10-01.44.29:481][  0]LogWindowsTextInputMethodSystem:Display: IME system now deactivated.
[2017.05.10-01.44.29:745][  0]LogCollectionManager: Loaded 0 collections in 0.003579 seconds
[2017.05.10-01.44.29:892][  0]LogFileCache: Scanning file cache for directory 'C:/Users/lenovo/Documents/UnrealPro/Shooter/Saved/Collections/' took 0.01s
[2017.05.10-01.44.29:892][  0]LogFileCache: Scanning file cache for directory 'C:/Users/lenovo/Documents/UnrealPro/Shooter/Content/Developers/1/Collections/' took 0.01s
[2017.05.10-01.44.29:892][  0]LogFileCache: Scanning file cache for directory 'C:/Users/lenovo/Documents/UnrealPro/Shooter/Content/Collections/' took 0.01s
[2017.05.10-01.44.29:892][  0]LogCollectionManager: Rebuilt the GUID cache for 0 collections in 0.000003 seconds
[2017.05.10-01.44.29:913][  0]LogContentBrowser: Native class hierarchy populated in 0.0209 seconds. Added 2245 classes and 453 folders.
[2017.05.10-01.44.30:071][  0]LogContentBrowser: Native class hierarchy updated for 'WidgetCarousel' in 0.0010 seconds. Added 0 classes and 0 folders.
[2017.05.10-01.44.30:168][  0]LogContentBrowser: Native class hierarchy updated for 'AddContentDialog' in 0.0015 seconds. Added 0 classes and 0 folders.
[2017.05.10-01.44.30:263][  0]LogContentBrowser: Native class hierarchy updated for 'SceneOutliner' in 0.0010 seconds. Added 1 classes and 2 folders.
[2017.05.10-01.44.30:372][  0]LogCrashTracker: Crashtracker disabled due to settings.
[2017.05.10-01.44.30:385][  0]LogUObjectGlobals:Warning: Failed to find object 'Class None.'
[2017.05.10-01.44.30:517][  0]LogContentBrowser: Native class hierarchy updated for 'HierarchicalLODOutliner' in 0.0012 seconds. Added 1 classes and 2 folders.
[2017.05.10-01.44.30:518][  0]LogLoad: (Engine Initialization) Total time: 36.02 seconds
[2017.05.10-01.44.30:518][  0]LogLoad: (Engine Initialization) Total Blueprint compile time: 0.48 seconds
[2017.05.10-01.44.30:518][  0]LogExternalProfiler: Found external profiler: VSPerf
[2017.05.10-01.44.30:518][  0]LogExternalProfiler: Using external profiler: VSPerf
[2017.05.10-01.44.30:528][  0]LogOcInput: OculusInput pre-init called
[2017.05.10-01.44.30:556][  0]LogContentStreaming: Texture pool size now 400 MB
[2017.05.10-01.44.30:559][  0]LogSlate: Took 0.000474 seconds to synchronously load lazily loaded font '../../../Engine/Content/Slate/Fonts/Roboto-Regular.ttf' (155K)
[2017.05.10-01.44.30:570][  0]LogSlate: Took 0.001599 seconds to synchronously load lazily loaded font '../../../Engine/Content/Slate/Fonts/Roboto-Bold.ttf' (160K)
[2017.05.10-01.44.30:583][  0]LogSlate: Took 0.000787 seconds to synchronously load lazily loaded font '../../../Engine/Content/Editor/Slate/Fonts/FontAwesome.ttf' (139K)
[2017.05.10-01.44.30:880][  0]LogSlate: Took 0.000600 seconds to synchronously load lazily loaded font '../../../Engine/Content/Slate/Fonts/Roboto-Light.ttf' (159K)
[2017.05.10-01.44.30:974][  1]LogRenderer: Reallocating scene render targets to support 812x396 NumSamples 1 (Frame:2).
[2017.05.10-01.44.31:441][  4]LogAssetRegistry: Asset discovery search completed in 20.8492 seconds
[2017.05.10-01.44.31:441][  4]LogCollectionManager: Rebuilt the object cache for 0 collections in 0.000030 seconds (found 0 objects)
[2017.05.10-01.44.31:442][  4]LogCollectionManager: Fixed up redirectors for 0 collections in 0.000083 seconds (updated 0 objects)
[2017.05.10-01.44.39:238][367]LogEditorViewport: Clicking on Actor (LMB): SkeletalMeshActor (SK_Mannequin)
[2017.05.10-01.44.40:664][417]Cmd: DELETE
[2017.05.10-01.44.40:664][417]Cmd: ACTOR DELETE
[2017.05.10-01.44.40:681][417]LogEditorActor: Deleted Actor: SkeletalMeshActor
[2017.05.10-01.44.40:737][417]LogEditorActor: Deleted 1 Actors (0.065 secs)
[2017.05.10-01.44.46:644][656]LogTemp: Repeting last play command: Selected Viewport
[2017.05.10-01.44.46:689][656]LogBlueprintUserMessages: Early PlayInEditor Detection: Level '/Game/ThirdPersonBP/Maps/ThirdPersonExampleMap.ThirdPersonExampleMap:PersistentLevel' has LevelScriptBlueprint '/Game/ThirdPersonBP/Maps/ThirdPersonExampleMap.ThirdPersonExampleMap:PersistentLevel.ThirdPersonExampleMap' with GeneratedClass '/Game/ThirdPersonBP/Maps/ThirdPersonExampleMap.ThirdPersonExampleMap_C' with ClassGeneratedBy '/Game/ThirdPersonBP/Maps/ThirdPersonExampleMap.ThirdPersonExampleMap:PersistentLevel.ThirdPersonExampleMap'
[2017.05.10-01.44.46:689][656]LogPlayLevel: PlayLevel: No blueprints needed recompiling
[2017.05.10-01.44.46:689][656]PIE: New page: PIE session: ThirdPersonExampleMap (May 9, 2017, 5:44:46 PM)
[2017.05.10-01.44.46:690][656]LogPlayLevel: Creating play world package: /Game/ThirdPersonBP/Maps/UEDPIE_0_ThirdPersonExampleMap
[2017.05.10-01.44.46:767][656]LogPlayLevel: PIE: StaticDuplicateObject took: (0.077686s)
[2017.05.10-01.44.46:769][656]LogAIModule: Creating AISystem for world ThirdPersonExampleMap
[2017.05.10-01.44.46:769][656]LogPlayLevel: PIE: World Init took: (0.002100s)
[2017.05.10-01.44.46:770][656]LogPlayLevel: PIE: Created PIE world by copying editor world from /Game/ThirdPersonBP/Maps/ThirdPersonExampleMap.ThirdPersonExampleMap to /Game/ThirdPersonBP/Maps/UEDPIE_0_ThirdPersonExampleMap.ThirdPersonExampleMap (0.080342s)
[2017.05.10-01.44.46:815][656]LogInit: XAudio2 using '扬声器 (Conexant SmartAudio HD)' : 2 channels at 48 kHz using 32 bits per sample (channel mask 0x3)
[2017.05.10-01.44.46:840][656]LogInit: FAudioDevice initialized.
[2017.05.10-01.44.47:266][656]LogLoad: Game class is 'ThirdPersonGameMode_C'
[2017.05.10-01.44.47:277][656]LogWorld: Bringing World /Game/ThirdPersonBP/Maps/UEDPIE_0_ThirdPersonExampleMap.ThirdPersonExampleMap up for play (max tick rate 0) at 2017.05.09-21.44.47
[2017.05.10-01.44.47:279][656]LogWorld: Bringing up level for play took: 0.009339
[2017.05.10-01.44.47:374][656]LogContentBrowser: Native class hierarchy updated for 'MovieSceneCapture' in 0.0014 seconds. Added 11 classes and 0 folders.
[2017.05.10-01.44.47:376][656]PIE: Info Play in editor start time for /Game/ThirdPersonBP/Maps/UEDPIE_0_ThirdPersonExampleMap 1.558
[2017.05.10-01.44.47:377][656]LogBlueprintUserMessages: Late PlayInEditor Detection: Level '/Game/ThirdPersonBP/Maps/ThirdPersonExampleMap.ThirdPersonExampleMap:PersistentLevel' has LevelScriptBlueprint '/Game/ThirdPersonBP/Maps/ThirdPersonExampleMap.ThirdPersonExampleMap:PersistentLevel.ThirdPersonExampleMap' with GeneratedClass '/Game/ThirdPersonBP/Maps/ThirdPersonExampleMap.ThirdPersonExampleMap_C' with ClassGeneratedBy '/Game/ThirdPersonBP/Maps/ThirdPersonExampleMap.ThirdPersonExampleMap:PersistentLevel.ThirdPersonExampleMap'
[2017.05.10-01.44.51:457][873]LogHttp:Warning: 0000021DF38F5D80: request failed, libcurl error: 7 (Couldn't connect to server)
[2017.05.10-01.44.51:457][873]LogHttp:Warning: 0000021DF38F5D80: libcurl info message cache 0 (  Trying 13.32.195.195...)
[2017.05.10-01.44.51:457][873]LogHttp:Warning: 0000021DF38F5D80: libcurl info message cache 1 (connect to 13.32.195.195 port 80 failed: Timed out)
[2017.05.10-01.44.51:458][873]LogHttp:Warning: 0000021DF38F5D80: libcurl info message cache 2 (Failed to connect to cdn.unrealengine.com port 80: Timed out)
[2017.05.10-01.44.51:458][873]LogHttp:Warning: 0000021DF38F5D80: libcurl info message cache 3 (Closing connection 0)
[2017.05.10-01.45.05:541][687]LogBlueprintUserMessages: Early EndPlayMap Detection: Level '/Game/ThirdPersonBP/Maps/ThirdPersonExampleMap.ThirdPersonExampleMap:PersistentLevel' has LevelScriptBlueprint '/Game/ThirdPersonBP/Maps/ThirdPersonExampleMap.ThirdPersonExampleMap:PersistentLevel.ThirdPersonExampleMap' with GeneratedClass '/Game/ThirdPersonBP/Maps/ThirdPersonExampleMap.ThirdPersonExampleMap_C' with ClassGeneratedBy '/Game/ThirdPersonBP/Maps/ThirdPersonExampleMap.ThirdPersonExampleMap:PersistentLevel.ThirdPersonExampleMap'
[2017.05.10-01.45.05:675][687]LogBlueprintUserMessages: Late EndPlayMap Detection: Level '/Game/ThirdPersonBP/Maps/ThirdPersonExampleMap.ThirdPersonExampleMap:PersistentLevel' has LevelScriptBlueprint '/Game/ThirdPersonBP/Maps/ThirdPersonExampleMap.ThirdPersonExampleMap:PersistentLevel.ThirdPersonExampleMap' with GeneratedClass '/Game/ThirdPersonBP/Maps/ThirdPersonExampleMap.ThirdPersonExampleMap_C' with ClassGeneratedBy '/Game/ThirdPersonBP/Maps/ThirdPersonExampleMap.ThirdPersonExampleMap:PersistentLevel.ThirdPersonExampleMap'
[2017.05.10-01.45.08:258][782]LogSlate: Took 0.000627 seconds to synchronously load lazily loaded font '../../../Engine/Content/Slate/Fonts/Roboto-Light.ttf' (159K)
[2017.05.10-01.45.08:472][782]LogContentBrowser: Native class hierarchy updated for 'SkeletonEditor' in 0.0010 seconds. Added 1 classes and 2 folders.
[2017.05.10-01.45.08:831][782]LogSlate: Took 0.000386 seconds to synchronously load lazily loaded font '../../../Engine/Content/Slate/Fonts/Roboto-Regular.ttf' (155K)
[2017.05.10-01.45.08:867][782]LogActorComponent: RegisterComponentWithWorld: (/Engine/Transient.World_5:PersistentLevel.Actor_0.DebugSkelMeshComponent_0) Already registered. Aborting.
[2017.05.10-01.45.08:976][782]LogSkeletalMesh: USkeletalMeshComponent::InitArticulated : Bodies already created (/Engine/Transient.World_5:PersistentLevel.Actor_0.DebugSkelMeshComponent_0) - call TermArticulated first.
[2017.05.10-01.45.09:524][782]LogRenderer: Reallocating scene render targets to support 912x396 NumSamples 1 (Frame:2079).
[2017.05.10-01.46.48:547][982]LogActorComponent: RegisterComponentWithWorld: (/Engine/Transient.World_7:PersistentLevel.Actor_1.DebugSkelMeshComponent_2) Already registered. Aborting.
[2017.05.10-01.46.48:679][982]LogSkeletalMesh: USkeletalMeshComponent::InitArticulated : Bodies already created (/Engine/Transient.World_7:PersistentLevel.Actor_1.DebugSkelMeshComponent_2) - call TermArticulated first.
[2017.05.10-01.47.30:587][480]LogHttp:Warning: 0000021DEA801600: request failed, libcurl error: 6 (Couldn't resolve host name)
[2017.05.10-01.47.30:587][480]LogHttp:Warning: 0000021DEA801600: libcurl info message cache 0 (Found bundle for host datarouter.ol.epicgames.com: 0x21df385be80 [serially])
[2017.05.10-01.47.30:587][480]LogHttp:Warning: 0000021DEA801600: libcurl info message cache 1 (Hostname in DNS cache was stale, zapped)
[2017.05.10-01.47.30:587][480]LogHttp:Warning: 0000021DEA801600: libcurl info message cache 2 (Could not resolve host: datarouter.ol.epicgames.com)
[2017.05.10-01.47.30:587][480]LogHttp:Warning: 0000021DEA801600: libcurl info message cache 3 (Closing connection 3)
[2017.05.10-01.48.09:597][974]LogHttp:Warning: 0000021DD6675480: request failed, libcurl error: 0 (No error)
[2017.05.10-01.48.09:597][974]LogHttp:Warning: 0000021DD6675480: libcurl info message cache 0 (Found bundle for host cdn.unrealengine.com: 0x21df385bfa0 [can pipeline])
[2017.05.10-01.48.09:597][974]LogHttp:Warning: 0000021DD6675480: libcurl info message cache 1 (Re-using existing connection! (#1) with host cdn.unrealengine.com)
[2017.05.10-01.48.09:597][974]LogHttp:Warning: 0000021DD6675480: libcurl info message cache 2 (Connected to cdn.unrealengine.com (13.32.195.195) port 80 (#1))
[2017.05.10-01.48.09:597][974]LogHttp:Warning: 0000021DD6675480: libcurl info message cache 3 (Closing connection 1)
[2017.05.10-01.48.30:580][660]LogHttp:Warning: 0000021DEA8AFD00: request failed, libcurl error: 0 (No error)
[2017.05.10-01.48.30:580][660]LogHttp:Warning: 0000021DEA8AFD00: libcurl info message cache 0 (  Trying 34.198.55.107...)
[2017.05.10-01.48.30:581][660]LogHttp:Warning: 0000021DEA8AFD00: libcurl info message cache 1 (connect to 34.198.55.107 port 443 failed: Timed out)
[2017.05.10-01.48.30:581][660]LogHttp:Warning: 0000021DEA8AFD00: libcurl info message cache 2 (  Trying 54.165.158.243...)
[2017.05.10-01.48.30:581][660]LogHttp:Warning: 0000021DEA8AFD00: libcurl info message cache 3 (connect to 54.165.158.243 port 443 failed: Timed out)
[2017.05.10-01.48.30:581][660]LogHttp:Warning: 0000021DEA8AFD00: libcurl info message cache 4 (  Trying 107.21.20.6...)
[2017.05.10-01.48.30:581][660]LogHttp:Warning: 0000021DEA8AFD00: libcurl info message cache 5 (Connected to datarouter.ol.epicgames.com (107.21.20.6) port 443 (#2))
[2017.05.10-01.48.30:581][660]LogHttp:Warning: 0000021DEA8AFD00: libcurl info message cache 6 (ALPN, offering http/1.1)
[2017.05.10-01.48.30:581][660]LogHttp:Warning: 0000021DEA8AFD00: libcurl info message cache 7 (Cipher selection: ALL:!EXPORT:!EXPORT40:!EXPORT56:!aNULL:!LOW:!RC4:@STRENGTH)
[2017.05.10-01.48.30:581][660]LogHttp:Warning: 0000021DEA8AFD00: libcurl info message cache 8 (TLSv1.2 (OUT), TLS header, Certificate Status (22):)
[2017.05.10-01.48.30:581][660]LogHttp:Warning: 0000021DEA8AFD00: libcurl info message cache 9 (TLSv1.2 (OUT), TLS handshake, Client hello (1):)
[2017.05.10-01.48.30:581][660]LogHttp:Warning: 0000021DEA8AFD00: libcurl info message cache 10 (Closing connection 2)
[2017.05.10-01.49.14:164][331]LogSlate:Warning: Prevented a slow task dialog from being summoned while a context menu was open
[2017.05.10-01.49.16:149][412]LogSlate:Warning: Prevented a slow task dialog from being summoned while a context menu was open
[2017.05.10-01.49.24:311][753]LogSlate:Warning: Prevented a slow task dialog from being summoned while a context menu was open
[2017.05.10-01.49.25:411][793]LogSlate:Warning: Prevented a slow task dialog from being summoned while a context menu was open
[2017.05.10-01.49.30:587][  7]LogHttp:Warning: 0000021DD713F400: request failed, libcurl error: 6 (Couldn't resolve host name)
[2017.05.10-01.49.30:587][  7]LogHttp:Warning: 0000021DD713F400: libcurl info message cache 0 (Could not resolve host: datarouter.ol.epicgames.com)
[2017.05.10-01.49.30:587][  7]LogHttp:Warning: 0000021DD713F400: libcurl info message cache 1 (Closing connection 4)
[2017.05.10-01.49.41:864][484]LogSlate: Took 0.000462 seconds to synchronously load lazily loaded font '../../../Engine/Content/Slate/Fonts/Roboto-Light.ttf' (159K)
[2017.05.10-01.50.37:392][566]LogAnimation:Warning: SkeletalMesh DefaultSkeletalMesh has no skeleton. This needs to fixed before an animation can be set
[2017.05.10-01.50.37:438][567]LogAnimation:Warning: SkeletalMesh DefaultSkeletalMesh has no skeleton. This needs to fixed before an animation can be set
[2017.05.10-01.50.38:436][615]LogAnimation:Warning: SkeletalMesh DefaultSkeletalMesh has no skeleton. This needs to fixed before an animation can be set
[2017.05.10-01.50.38:458][616]LogAnimation:Warning: SkeletalMesh DefaultSkeletalMesh has no skeleton. This needs to fixed before an animation can be set
[2017.05.10-01.50.38:484][617]LogAnimation:Warning: SkeletalMesh DefaultSkeletalMesh has no skeleton. This needs to fixed before an animation can be set
[2017.05.10-01.50.38:510][618]LogAnimation:Warning: SkeletalMesh DefaultSkeletalMesh has no skeleton. This needs to fixed before an animation can be set
[2017.05.10-01.50.38:534][619]LogAnimation:Warning: SkeletalMesh DefaultSkeletalMesh has no skeleton. This needs to fixed before an animation can be set
[2017.05.10-01.50.38:559][620]LogAnimation:Warning: SkeletalMesh DefaultSkeletalMesh has no skeleton. This needs to fixed before an animation can be set
[2017.05.10-01.50.38:586][621]LogAnimation:Warning: SkeletalMesh DefaultSkeletalMesh has no skeleton. This needs to fixed before an animation can be set
[2017.05.10-01.50.38:612][622]LogAnimation:Warning: SkeletalMesh DefaultSkeletalMesh has no skeleton. This needs to fixed before an animation can be set
[2017.05.10-01.50.38:634][623]LogAnimation:Warning: SkeletalMesh DefaultSkeletalMesh has no skeleton. This needs to fixed before an animation can be set
[2017.05.10-01.50.38:660][624]LogAnimation:Warning: SkeletalMesh DefaultSkeletalMesh has no skeleton. This needs to fixed before an animation can be set
[2017.05.10-01.50.38:699][625]LogAnimation:Warning: SkeletalMesh DefaultSkeletalMesh has no skeleton. This needs to fixed before an animation can be set
[2017.05.10-01.50.38:723][626]LogAnimation:Warning: SkeletalMesh DefaultSkeletalMesh has no skeleton. This needs to fixed before an animation can be set
[2017.05.10-01.50.38:747][627]LogAnimation:Warning: SkeletalMesh DefaultSkeletalMesh has no skeleton. This needs to fixed before an animation can be set
[2017.05.10-01.50.38:771][628]LogAnimation:Warning: SkeletalMesh DefaultSkeletalMesh has no skeleton. This needs to fixed before an animation can be set
[2017.05.10-01.50.38:792][629]LogAnimation:Warning: SkeletalMesh DefaultSkeletalMesh has no skeleton. This needs to fixed before an animation can be set
[2017.05.10-01.50.38:813][630]LogAnimation:Warning: SkeletalMesh DefaultSkeletalMesh has no skeleton. This needs to fixed before an animation can be set
[2017.05.10-01.50.38:835][631]LogAnimation:Warning: SkeletalMesh DefaultSkeletalMesh has no skeleton. This needs to fixed before an animation can be set
[2017.05.10-01.50.38:861][632]LogAnimation:Warning: SkeletalMesh DefaultSkeletalMesh has no skeleton. This needs to fixed before an animation can be set
[2017.05.10-01.50.38:882][633]LogAnimation:Warning: SkeletalMesh DefaultSkeletalMesh has no skeleton. This needs to fixed before an animation can be set
[2017.05.10-01.50.38:904][634]LogAnimation:Warning: SkeletalMesh DefaultSkeletalMesh has no skeleton. This needs to fixed before an animation can be set
[2017.05.10-01.50.38:925][635]LogAnimation:Warning: SkeletalMesh DefaultSkeletalMesh has no skeleton. This needs to fixed before an animation can be set
[2017.05.10-01.50.38:946][636]LogAnimation:Warning: SkeletalMesh DefaultSkeletalMesh has no skeleton. This needs to fixed before an animation can be set
[2017.05.10-01.50.38:970][637]LogAnimation:Warning: SkeletalMesh DefaultSkeletalMesh has no skeleton. This needs to fixed before an animation can be set
[2017.05.10-01.50.38:990][638]LogAnimation:Warning: SkeletalMesh DefaultSkeletalMesh has no skeleton. This needs to fixed before an animation can be set
[2017.05.10-01.50.39:012][639]LogAnimation:Warning: SkeletalMesh DefaultSkeletalMesh has no skeleton. This needs to fixed before an animation can be set
[2017.05.10-01.50.39:037][640]LogAnimation:Warning: SkeletalMesh DefaultSkeletalMesh has no skeleton. This needs to fixed before an animation can be set
[2017.05.10-01.50.39:062][641]LogAnimation:Warning: SkeletalMesh DefaultSkeletalMesh has no skeleton. This needs to fixed before an animation can be set
[2017.05.10-01.50.39:082][642]LogAnimation:Warning: SkeletalMesh DefaultSkeletalMesh has no skeleton. This needs to fixed before an animation can be set
[2017.05.10-01.50.39:100][643]LogAnimation:Warning: SkeletalMesh DefaultSkeletalMesh has no skeleton. This needs to fixed before an animation can be set
[2017.05.10-01.50.39:120][644]LogAnimation:Warning: SkeletalMesh DefaultSkeletalMesh has no skeleton. This needs to fixed before an animation can be set
[2017.05.10-01.50.39:139][645]LogAnimation:Warning: SkeletalMesh DefaultSkeletalMesh has no skeleton. This needs to fixed before an animation can be set
[2017.05.10-01.50.39:192][646]LogAnimation:Warning: SkeletalMesh DefaultSkeletalMesh has no skeleton. This needs to fixed before an animation can be set
[2017.05.10-01.50.39:259][647]LogAnimation:Warning: SkeletalMesh DefaultSkeletalMesh has no skeleton. This needs to fixed before an animation can be set
[2017.05.10-01.50.39:288][648]LogAnimation:Warning: SkeletalMesh DefaultSkeletalMesh has no skeleton. This needs to fixed before an animation can be set
[2017.05.10-01.50.39:288][648]LogAnimation:Warning: SkeletalMesh DefaultSkeletalMesh has no skeleton. This needs to fixed before an animation can be set
[2017.05.10-01.50.39:319][649]LogAnimation:Warning: SkeletalMesh DefaultSkeletalMesh has no skeleton. This needs to fixed before an animation can be set
[2017.05.10-01.50.39:351][650]LogAnimation:Warning: SkeletalMesh DefaultSkeletalMesh has no skeleton. This needs to fixed before an animation can be set
[2017.05.10-01.50.39:372][651]LogAnimation:Warning: SkeletalMesh DefaultSkeletalMesh has no skeleton. This needs to fixed before an animation can be set
[2017.05.10-01.50.39:395][652]LogAnimation:Warning: SkeletalMesh DefaultSkeletalMesh has no skeleton. This needs to fixed before an animation can be set
[2017.05.10-01.50.39:421][653]LogAnimation:Warning: SkeletalMesh DefaultSkeletalMesh has no skeleton. This needs to fixed before an animation can be set
[2017.05.10-01.50.39:448][654]LogAnimation:Warning: SkeletalMesh DefaultSkeletalMesh has no skeleton. This needs to fixed before an animation can be set
[2017.05.10-01.50.39:471][655]LogAnimation:Warning: SkeletalMesh DefaultSkeletalMesh has no skeleton. This needs to fixed before an animation can be set
[2017.05.10-01.50.39:496][656]LogAnimation:Warning: SkeletalMesh DefaultSkeletalMesh has no skeleton. This needs to fixed before an animation can be set
[2017.05.10-01.50.39:527][657]LogAnimation:Warning: SkeletalMesh DefaultSkeletalMesh has no skeleton. This needs to fixed before an animation can be set
[2017.05.10-01.50.39:549][658]LogAnimation:Warning: SkeletalMesh DefaultSkeletalMesh has no skeleton. This needs to fixed before an animation can be set
[2017.05.10-01.50.39:574][659]LogAnimation:Warning: SkeletalMesh DefaultSkeletalMesh has no skeleton. This needs to fixed before an animation can be set
[2017.05.10-01.50.39:597][660]LogAnimation:Warning: SkeletalMesh DefaultSkeletalMesh has no skeleton. This needs to fixed before an animation can be set
[2017.05.10-01.50.39:674][663]LogAnimation:Warning: SkeletalMesh DefaultSkeletalMesh has no skeleton. This needs to fixed before an animation can be set
[2017.05.10-01.50.39:722][665]LogAnimation:Warning: SkeletalMesh DefaultSkeletalMesh has no skeleton. This needs to fixed before an animation can be set
[2017.05.10-01.50.39:769][667]LogAnimation:Warning: SkeletalMesh DefaultSkeletalMesh has no skeleton. This needs to fixed before an animation can be set
[2017.05.10-01.50.39:813][669]LogAnimation:Warning: SkeletalMesh DefaultSkeletalMesh has no skeleton. This needs to fixed before an animation can be set
[2017.05.10-01.50.39:860][671]LogAnimation:Warning: SkeletalMesh DefaultSkeletalMesh has no skeleton. This needs to fixed before an animation can be set
[2017.05.10-01.50.39:907][673]LogAnimation:Warning: SkeletalMesh DefaultSkeletalMesh has no skeleton. This needs to fixed before an animation can be set
[2017.05.10-01.50.39:962][675]LogAnimation:Warning: SkeletalMesh DefaultSkeletalMesh has no skeleton. This needs to fixed before an animation can be set
[2017.05.10-01.50.40:018][677]LogAnimation:Warning: SkeletalMesh DefaultSkeletalMesh has no skeleton. This needs to fixed before an animation can be set
[2017.05.10-01.50.40:106][679]LogAnimation:Warning: SkeletalMesh DefaultSkeletalMesh has no skeleton. This needs to fixed before an animation can be set
[2017.05.10-01.50.40:165][681]LogAnimation:Warning: SkeletalMesh DefaultSkeletalMesh has no skeleton. This needs to fixed before an animation can be set
[2017.05.10-01.50.40:219][683]LogAnimation:Warning: SkeletalMesh DefaultSkeletalMesh has no skeleton. This needs to fixed before an animation can be set
[2017.05.10-01.50.40:279][685]LogAnimation:Warning: SkeletalMesh DefaultSkeletalMesh has no skeleton. This needs to fixed before an animation can be set
[2017.05.10-01.50.40:337][687]LogAnimation:Warning: SkeletalMesh DefaultSkeletalMesh has no skeleton. This needs to fixed before an animation can be set
[2017.05.10-01.50.40:398][689]LogAnimation:Warning: SkeletalMesh DefaultSkeletalMesh has no skeleton. This needs to fixed before an animation can be set
[2017.05.10-01.50.40:455][691]LogAnimation:Warning: SkeletalMesh DefaultSkeletalMesh has no skeleton. This needs to fixed before an animation can be set
[2017.05.10-01.50.40:539][693]LogAnimation:Warning: SkeletalMesh DefaultSkeletalMesh has no skeleton. This needs to fixed before an animation can be set
[2017.05.10-01.50.40:584][695]LogAnimation:Warning: SkeletalMesh DefaultSkeletalMesh has no skeleton. This needs to fixed before an animation can be set
[2017.05.10-01.50.40:636][697]LogAnimation:Warning: SkeletalMesh DefaultSkeletalMesh has no skeleton. This needs to fixed before an animation can be set
[2017.05.10-01.50.40:695][699]LogAnimation:Warning: SkeletalMesh DefaultSkeletalMesh has no skeleton. This needs to fixed before an animation can be set
[2017.05.10-01.50.40:761][701]LogAnimation:Warning: SkeletalMesh DefaultSkeletalMesh has no skeleton. This needs to fixed before an animation can be set
[2017.05.10-01.50.40:833][703]LogAnimation:Warning: SkeletalMesh DefaultSkeletalMesh has no skeleton. This needs to fixed before an animation can be set
[2017.05.10-01.50.40:888][705]LogAnimation:Warning: SkeletalMesh DefaultSkeletalMesh has no skeleton. This needs to fixed before an animation can be set
[2017.05.10-01.50.40:957][707]LogAnimation:Warning: SkeletalMesh DefaultSkeletalMesh has no skeleton. This needs to fixed before an animation can be set
[2017.05.10-01.50.41:005][709]LogAnimation:Warning: SkeletalMesh DefaultSkeletalMesh has no skeleton. This needs to fixed before an animation can be set
[2017.05.10-01.50.41:066][711]LogAnimation:Warning: SkeletalMesh DefaultSkeletalMesh has no skeleton. This needs to fixed before an animation can be set
[2017.05.10-01.50.41:124][713]LogAnimation:Warning: SkeletalMesh DefaultSkeletalMesh has no skeleton. This needs to fixed before an animation can be set
[2017.05.10-01.50.41:180][715]LogAnimation:Warning: SkeletalMesh DefaultSkeletalMesh has no skeleton. This needs to fixed before an animation can be set
[2017.05.10-01.50.41:240][717]LogAnimation:Warning: SkeletalMesh DefaultSkeletalMesh has no skeleton. This needs to fixed before an animation can be set
[2017.05.10-01.50.55:356][303]LogAnimationCompression: Building Anim DDC data for AnimSequence /Game/AnimStarterPack/Walk_Rt_Rifle_Ironsights.Walk_Rt_Rifle_Ironsights
[2017.05.10-01.51.30:213][681]Cmd: QUIT_EDITOR
[2017.05.10-01.51.30:643][681]LogWindowsTextInputMethodSystem:Display: IME system now deactivated.
[2017.05.10-01.51.30:699][681]LogExit: Preparing to exit.
[2017.05.10-01.51.31:771][681]LogExit: Editor shut down
[2017.05.10-01.51.31:772][681]LogExit: Transaction tracking system shut down
[2017.05.10-01.51.31:910][681]LogObj: Freed 0b from 0 cluster array pools.
[2017.05.10-01.51.31:911][681]LogExit: Object subsystem successfully closed.
[2017.05.10-01.51.31:931][681]LogD3D11RHI: Shutdown
[2017.05.10-01.51.31:932][681]LogD3D11RHI: CleanupD3DDevice
[2017.05.10-01.51.32:391][681]LogD3D11RHI: ~FD3D11DynamicRHI
[2017.05.10-01.51.32:409][681]LogModuleManager: Shutting down and abandoning module SkeletonEditor (504)
[2017.05.10-01.51.32:409][681]LogModuleManager: Shutting down and abandoning module AnimationEditor (502)
[2017.05.10-01.51.32:409][681]LogModuleManager: Shutting down and abandoning module MovieSceneCapture (500)
[2017.05.10-01.51.32:409][681]LogModuleManager: Shutting down and abandoning module HierarchicalLODOutliner (498)
[2017.05.10-01.51.32:409][681]LogModuleManager: Shutting down and abandoning module CrashTracker (496)
[2017.05.10-01.51.32:409][681]LogModuleManager: Shutting down and abandoning module SceneOutliner (494)
[2017.05.10-01.51.32:409][681]LogModuleManager: Shutting down and abandoning module AddContentDialog (492)
[2017.05.10-01.51.32:410][681]LogDirectoryWatcher: A directory notification for 'D:/Epic Games/UE_4.15/FeaturePacks/' was aborted.
[2017.05.10-01.51.32:412][681]LogModuleManager: Shutting down and abandoning module WidgetCarousel (491)
[2017.05.10-01.51.32:412][681]LogModuleManager: Shutting down and abandoning module EditorWidgets (488)
[2017.05.10-01.51.32:412][681]LogModuleManager: Shutting down and abandoning module CollectionManager (486)
[2017.05.10-01.51.32:412][681]LogDirectoryWatcher: A directory notification for 'C:/Users/lenovo/Documents/UnrealPro/Shooter/Content/Collections/' was aborted.
[2017.05.10-01.51.32:412][681]LogDirectoryWatcher: A directory notification for 'C:/Users/lenovo/Documents/UnrealPro/Shooter/Content/Developers/1/Collections/' was aborted.
[2017.05.10-01.51.32:412][681]LogDirectoryWatcher: A directory notification for 'C:/Users/lenovo/Documents/UnrealPro/Shooter/Saved/Collections/' was aborted.
[2017.05.10-01.51.32:412][681]LogModuleManager: Shutting down and abandoning module StatsViewer (484)
[2017.05.10-01.51.32:412][681]LogModuleManager: Shutting down and abandoning module FoliageEdit (482)
[2017.05.10-01.51.32:412][681]LogModuleManager: Shutting down and abandoning module LandscapeEditor (480)
[2017.05.10-01.51.32:413][681]LogModuleManager: Shutting down and abandoning module SceneDepthPickerMode (478)
[2017.05.10-01.51.32:413][681]LogModuleManager: Shutting down and abandoning module ActorPickerMode (476)
[2017.05.10-01.51.32:413][681]LogModuleManager: Shutting down and abandoning module GeometryMode (474)
[2017.05.10-01.51.32:413][681]LogModuleManager: Shutting down and abandoning module TextureAlignMode (472)
[2017.05.10-01.51.32:413][681]LogModuleManager: Shutting down and abandoning module BspMode (470)
[2017.05.10-01.51.32:413][681]LogModuleManager: Shutting down and abandoning module HardwareSurvey (468)
[2017.05.10-01.51.32:413][681]LogModuleManager: Shutting down and abandoning module SequenceRecorderSections (466)
[2017.05.10-01.51.32:413][681]LogModuleManager: Shutting down and abandoning module AutomationWorker (464)
[2017.05.10-01.51.32:413][681]LogModuleManager: Shutting down and abandoning module MatineeToLevelSequence (462)
[2017.05.10-01.51.32:413][681]LogModuleManager: Shutting down and abandoning module LevelSequenceEditor (460)
[2017.05.10-01.51.32:413][681]LogModuleManager: Shutting down and abandoning module PlacementMode (459)
[2017.05.10-01.51.32:413][681]LogModuleManager: Shutting down and abandoning module WmfMediaFactory (456)
[2017.05.10-01.51.32:413][681]LogModuleManager: Shutting down and abandoning module WmfMediaEditor (454)
[2017.05.10-01.51.32:413][681]LogModuleManager: Shutting down and abandoning module MfMediaFactory (452)
[2017.05.10-01.51.32:413][681]LogModuleManager: Shutting down and abandoning module MfMediaEditor (450)
[2017.05.10-01.51.32:413][681]LogModuleManager: Shutting down and abandoning module AvfMediaFactory (448)
[2017.05.10-01.51.32:413][681]LogModuleManager: Shutting down and abandoning module AvfMediaEditor (446)
[2017.05.10-01.51.32:413][681]LogModuleManager: Shutting down and abandoning module AndroidMediaFactory (444)
[2017.05.10-01.51.32:413][681]LogModuleManager: Shutting down and abandoning module Media (443)
[2017.05.10-01.51.32:413][681]LogModuleManager: Shutting down and abandoning module AndroidMediaEditor (440)
[2017.05.10-01.51.32:413][681]LogModuleManager: Shutting down and abandoning module CharacterAI (438)
[2017.05.10-01.51.32:413][681]LogModuleManager: Shutting down and abandoning module AudioCapture (436)
[2017.05.10-01.51.32:413][681]LogModuleManager: Shutting down and abandoning module SequenceRecorder (435)
[2017.05.10-01.51.32:413][681]LogModuleManager: Shutting down and abandoning module SmartSnapping (432)
[2017.05.10-01.51.32:413][681]LogModuleManager: Shutting down and abandoning module SessionServices (430)
[2017.05.10-01.51.32:413][681]LogModuleManager: Shutting down and abandoning module ViewportSnapping (428)
[2017.05.10-01.51.32:413][681]LogModuleManager: Shutting down and abandoning module ViewportInteraction (426)
[2017.05.10-01.51.32:413][681]LogModuleManager: Shutting down and abandoning module LogVisualizer (424)
[2017.05.10-01.51.32:413][681]LogModuleManager: Shutting down and abandoning module IntroTutorials (422)
[2017.05.10-01.51.32:413][681]LogModuleManager: Shutting down and abandoning module GameProjectGeneration (421)
[2017.05.10-01.51.32:414][681]LogModuleManager: Shutting down and abandoning module EditorLiveStreaming (418)
[2017.05.10-01.51.32:414][681]LogModuleManager: Shutting down and abandoning module IOSPlatformEditor (416)
[2017.05.10-01.51.32:414][681]LogModuleManager: Shutting down and abandoning module HTML5PlatformEditor (414)
[2017.05.10-01.51.32:414][681]LogModuleManager: Shutting down and abandoning module AndroidPlatformEditor (412)
[2017.05.10-01.51.32:414][681]LogModuleManager: Shutting down and abandoning module AndroidDeviceDetection (411)
[2017.05.10-01.51.33:166][681]LogModuleManager: Shutting down and abandoning module IOSRuntimeSettings (408)
[2017.05.10-01.51.33:166][681]LogModuleManager: Shutting down and abandoning module AndroidRuntimeSettings (406)
[2017.05.10-01.51.33:166][681]LogModuleManager: Shutting down and abandoning module InputBindingEditor (404)
[2017.05.10-01.51.33:166][681]LogModuleManager: Shutting down and abandoning module NiagaraEditor (402)
[2017.05.10-01.51.33:166][681]LogModuleManager: Shutting down and abandoning module MergeActors (400)
[2017.05.10-01.51.33:166][681]LogModuleManager: Shutting down and abandoning module SizeMap (398)
[2017.05.10-01.51.33:166][681]LogModuleManager: Shutting down and abandoning module TreeMap (396)
[2017.05.10-01.51.33:166][681]LogModuleManager: Shutting down and abandoning module ReferenceViewer (394)
[2017.05.10-01.51.33:166][681]LogModuleManager: Shutting down and abandoning module LocalizationDashboard (392)
[2017.05.10-01.51.33:167][681]LogModuleManager: Shutting down and abandoning module LocalizationService (391)
[2017.05.10-01.51.33:167][681]LogModuleManager: Shutting down and abandoning module HardwareTargeting (388)
[2017.05.10-01.51.33:167][681]LogModuleManager: Shutting down and abandoning module DeviceProfileEditor (386)
[2017.05.10-01.51.33:167][681]LogModuleManager: Shutting down and abandoning module UndoHistory (384)
[2017.05.10-01.51.33:167][681]LogModuleManager: Shutting down and abandoning module UserFeedback (382)
[2017.05.10-01.51.33:167][681]LogModuleManager: Shutting down and abandoning module XmlParser (380)
[2017.05.10-01.51.33:167][681]LogModuleManager: Shutting down and abandoning module Blutility (378)
[2017.05.10-01.51.33:167][681]LogModuleManager: Shutting down and abandoning module ProjectSettingsViewer (376)
[2017.05.10-01.51.33:167][681]LogModuleManager: Shutting down and abandoning module ProjectTargetPlatformEditor (375)
[2017.05.10-01.51.33:167][681]LogModuleManager: Shutting down and abandoning module EditorSettingsViewer (372)
[2017.05.10-01.51.33:167][681]LogModuleManager: Shutting down and abandoning module SettingsEditor (370)
[2017.05.10-01.51.33:168][681]LogModuleManager: Shutting down and abandoning module ProjectLauncher (368)
[2017.05.10-01.51.33:168][681]LogModuleManager: Shutting down and abandoning module SessionFrontend (366)
[2017.05.10-01.51.33:168][681]LogModuleManager: Shutting down and abandoning module ProfilerClient (364)
[2017.05.10-01.51.33:168][681]LogModuleManager: Shutting down and abandoning module DeviceManager (362)
[2017.05.10-01.51.33:168][681]LogModuleManager: Shutting down and abandoning module TargetDeviceServices (361)
[2017.05.10-01.51.33:222][681]LogModuleManager: Shutting down and abandoning module AutomationController (358)
[2017.05.10-01.51.33:222][681]LogModuleManager: Shutting down and abandoning module AutomationWindow (356)
[2017.05.10-01.51.33:222][681]LogModuleManager: Shutting down and abandoning module Layers (354)
[2017.05.10-01.51.33:222][681]LogModuleManager: Shutting down and abandoning module ComponentVisualizers (352)
[2017.05.10-01.51.33:222][681]LogModuleManager: Shutting down and abandoning module DetailCustomizations (350)
[2017.05.10-01.51.33:222][681]LogModuleManager: Shutting down and abandoning module PackagesDialog (348)
[2017.05.10-01.51.33:223][681]LogModuleManager: Shutting down and abandoning module Persona (346)
[2017.05.10-01.51.33:223][681]LogModuleManager: Shutting down and abandoning module AnimGraph (345)
[2017.05.10-01.51.33:223][681]LogModuleManager: Shutting down and abandoning module Kismet (342)
[2017.05.10-01.51.33:225][681]LogModuleManager: Shutting down and abandoning module GraphEditor (340)
[2017.05.10-01.51.33:226][681]LogModuleManager: Shutting down and abandoning module ClassViewer (338)
[2017.05.10-01.51.33:229][681]LogModuleManager: Shutting down and abandoning module Toolbox (336)
[2017.05.10-01.51.33:229][681]LogModuleManager: Shutting down and abandoning module ModuleUI (334)
[2017.05.10-01.51.33:229][681]LogModuleManager: Shutting down and abandoning module MovieSceneTools (332)
[2017.05.10-01.51.33:230][681]LogModuleManager: Shutting down and abandoning module OutputLog (330)
[2017.05.10-01.51.33:230][681]LogModuleManager: Shutting down and abandoning module GammaUI (328)
[2017.05.10-01.51.33:230][681]LogModuleManager: Shutting down and abandoning module Documentation (326)
[2017.05.10-01.51.33:230][681]LogModuleManager: Shutting down and abandoning module Niagara (324)
[2017.05.10-01.51.33:230][681]LogModuleManager: Shutting down and abandoning module StreamingPauseRendering (322)
[2017.05.10-01.51.33:230][681]LogModuleManager: Shutting down and abandoning module AnalyticsET (320)
[2017.05.10-01.51.33:230][681]LogModuleManager: Shutting down and abandoning module PortalServices (318)
[2017.05.10-01.51.33:230][681]LogModuleManager: Shutting down and abandoning module PortalRpc (316)
[2017.05.10-01.51.33:230][681]LogModuleManager: Shutting down and abandoning module MessagingRpc (314)
[2017.05.10-01.51.33:230][681]LogModuleManager: Shutting down and abandoning module AIModule (312)
[2017.05.10-01.51.33:230][681]LogModuleManager: Shutting down and abandoning module GameplayDebugger (311)
[2017.05.10-01.51.33:230][681]LogModuleManager: Shutting down and abandoning module AITestSuite (309)
[2017.05.10-01.51.33:230][681]LogModuleManager: Shutting down and abandoning module ProfilerService (306)
[2017.05.10-01.51.33:333][681]LogModuleManager: Shutting down and abandoning module TaskGraph (304)
[2017.05.10-01.51.33:333][681]LogModuleManager: Shutting down and abandoning module SteamVRController (302)
[2017.05.10-01.51.33:333][681]LogModuleManager: Shutting down and abandoning module SteamVR (300)
[2017.05.10-01.51.33:333][681]LogModuleManager: Shutting down and abandoning module ProceduralMeshComponentEditor (298)
[2017.05.10-01.51.33:333][681]LogModuleManager: Shutting down and abandoning module ProceduralMeshComponent (296)
[2017.05.10-01.51.33:333][681]LogModuleManager: Shutting down and abandoning module OculusLibrary (294)
[2017.05.10-01.51.33:333][681]LogModuleManager: Shutting down and abandoning module OculusInput (292)
[2017.05.10-01.51.33:333][681]LogModuleManager: Shutting down and abandoning module MobilePatchingUtils (290)
[2017.05.10-01.51.33:333][681]LogModuleManager: Shutting down and abandoning module CustomMeshComponent (288)
[2017.05.10-01.51.33:333][681]LogModuleManager: Shutting down and abandoning module CableComponent (286)
[2017.05.10-01.51.33:333][681]LogModuleManager: Shutting down and abandoning module ArchVisCharacter (284)
[2017.05.10-01.51.33:333][681]LogModuleManager: Shutting down and abandoning module MediaPlayerEditor (280)
[2017.05.10-01.51.33:333][681]LogModuleManager: Shutting down and abandoning module HTML5Networking (278)
[2017.05.10-01.51.33:333][681]LogModuleManager: Shutting down and abandoning module AlembicImporter (276)
[2017.05.10-01.51.33:333][681]LogModuleManager: Shutting down and abandoning module AlembicLibrary (275)
[2017.05.10-01.51.33:333][681]LogModuleManager: Shutting down and abandoning module GeometryCache (274)
[2017.05.10-01.51.33:333][681]LogModuleManager: Shutting down and abandoning module GeometryCacheEd (273)
[2017.05.10-01.51.33:334][681]LogModuleManager: Shutting down and abandoning module SuperSearchEditor (268)
[2017.05.10-01.51.33:334][681]LogModuleManager: Shutting down and abandoning module SuperSearch (267)
[2017.05.10-01.51.33:334][681]LogModuleManager: Shutting down and abandoning module SpeedTreeImporter (264)
[2017.05.10-01.51.33:334][681]LogModuleManager: Shutting down and abandoning module PluginBrowser (262)
[2017.05.10-01.51.33:334][681]LogModuleManager: Shutting down and abandoning module MobileLauncherProfileWizard (260)
[2017.05.10-01.51.33:334][681]LogModuleManager: Shutting down and abandoning module EpicSurvey (258)
[2017.05.10-01.51.33:334][681]LogModuleManager: Shutting down and abandoning module VisualStudioSourceCodeAccess (256)
[2017.05.10-01.51.33:334][681]LogModuleManager: Shutting down and abandoning module DesktopPlatform (255)
[2017.05.10-01.51.33:334][681]LogModuleManager: Shutting down and abandoning module UObjectPlugin (252)
[2017.05.10-01.51.33:334][681]LogModuleManager: Shutting down and abandoning module SubversionSourceControl (250)
[2017.05.10-01.51.33:334][681]LogModuleManager: Shutting down and abandoning module PerforceSourceControl (248)
[2017.05.10-01.51.33:334][681]LogModuleManager: Shutting down and abandoning module GitSourceControl (246)
[2017.05.10-01.51.33:334][681]LogModuleManager: Shutting down and abandoning module SourceControl (245)
[2017.05.10-01.51.33:334][681]LogModuleManager: Shutting down and abandoning module LightPropagationVolumeEditor (242)
[2017.05.10-01.51.33:334][681]LogModuleManager: Shutting down and abandoning module PaperTiledImporter (240)
[2017.05.10-01.51.33:334][681]LogModuleManager: Shutting down and abandoning module PaperSpriteSheetImporter (238)
[2017.05.10-01.51.33:334][681]LogModuleManager: Shutting down and abandoning module Paper2DEditor (236)
[2017.05.10-01.51.33:334][681]LogModuleManager: Shutting down and abandoning module MeshPaint (235)
[2017.05.10-01.51.33:334][681]LogModuleManager: Shutting down and abandoning module LevelEditor (233)
[2017.05.10-01.51.33:337][681]LogModuleManager: Shutting down and abandoning module PixelInspectorModule (232)
[2017.05.10-01.51.33:337][681]LogModuleManager: Shutting down and abandoning module MainFrame (230)
[2017.05.10-01.51.33:337][681]LogModuleManager: Shutting down and abandoning module HotReload (229)
[2017.05.10-01.51.33:338][681]LogModuleManager: Shutting down and abandoning module ContentBrowser (225)
[2017.05.10-01.51.33:341][681]LogModuleManager: Shutting down and abandoning module PhysXVehiclesEditor (222)
[2017.05.10-01.51.33:341][681]LogModuleManager: Shutting down and abandoning module PhysXVehicles (220)
[2017.05.10-01.51.33:341][681]LogModuleManager: Shutting down and abandoning module LocationServicesBPLibrary (218)
[2017.05.10-01.51.33:341][681]LogModuleManager: Shutting down and abandoning module UdpMessaging (216)
[2017.05.10-01.51.33:442][681]LogModuleManager: Shutting down and abandoning module TcpMessaging (214)
[2017.05.10-01.51.33:542][681]LogModuleManager: Shutting down and abandoning module GameplayTagsEditor (212)
[2017.05.10-01.51.33:542][681]LogModuleManager: Shutting down and abandoning module FacialAnimationEditor (210)
[2017.05.10-01.51.33:542][681]LogModuleManager: Shutting down and abandoning module FacialAnimation (208)
[2017.05.10-01.51.33:542][681]LogModuleManager: Shutting down and abandoning module LightPropagationVolumeRuntime (206)
[2017.05.10-01.51.33:542][681]LogModuleManager: Shutting down and abandoning module Paper2D (204)
[2017.05.10-01.51.33:542][681]LogModuleManager: Shutting down and abandoning module WindowsMoviePlayer (202)
[2017.05.10-01.51.33:542][681]LogModuleManager: Shutting down and abandoning module WmfMedia (200)
[2017.05.10-01.51.33:543][681]LogModuleManager: Shutting down and abandoning module MfMedia (198)
[2017.05.10-01.51.33:543][681]LogModuleManager: Shutting down and abandoning module MediaAssets (196)
[2017.05.10-01.51.33:543][681]LogModuleManager: Shutting down and abandoning module GameLiveStreaming (194)
[2017.05.10-01.51.33:543][681]LogModuleManager: Shutting down and abandoning module VREditor (192)
[2017.05.10-01.51.33:543][681]LogModuleManager: Shutting down and abandoning module GameplayTasksEditor (190)
[2017.05.10-01.51.33:543][681]LogModuleManager: Shutting down and abandoning module BehaviorTreeEditor (188)
[2017.05.10-01.51.33:543][681]LogModuleManager: Shutting down and abandoning module FunctionalTesting (186)
[2017.05.10-01.51.33:543][681]LogModuleManager: Shutting down and abandoning module CollisionAnalyzer (184)
[2017.05.10-01.51.33:543][681]LogModuleManager: Shutting down and abandoning module UMG (182)
[2017.05.10-01.51.33:544][681]LogModuleManager: Shutting down and abandoning module UMGEditor (181)
[2017.05.10-01.51.33:544][681]LogModuleManager: Shutting down and abandoning module Sequencer (180)
[2017.05.10-01.51.33:544][681]LogModuleManager: Shutting down and abandoning module AssetTools (178)
[2017.05.10-01.51.33:544][681]LogModuleManager: Shutting down and abandoning module MessageLog (177)
[2017.05.10-01.51.33:544][681]LogModuleManager: Shutting down and abandoning module WorkspaceMenuStructure (176)
[2017.05.10-01.51.33:544][681]LogModuleManager: Shutting down and abandoning module SlateReflector (170)
[2017.05.10-01.51.33:544][681]LogModuleManager: Shutting down and abandoning module Slate (168)
[2017.05.10-01.51.33:544][681]LogModuleManager: Shutting down and abandoning module EditorStyle (166)
[2017.05.10-01.51.33:551][681]LogModuleManager: Shutting down and abandoning module SourceCodeAccess (164)
[2017.05.10-01.51.33:551][681]LogModuleManager: Shutting down and abandoning module HeadMountedDisplay (162)
[2017.05.10-01.51.33:551][681]LogModuleManager: Shutting down and abandoning module XAudio2 (160)
[2017.05.10-01.51.33:551][681]LogModuleManager: Shutting down and abandoning module Networking (158)
[2017.05.10-01.51.33:551][681]LogModuleManager: Shutting down and abandoning module Core (154)
[2017.05.10-01.51.33:551][681]LogModuleManager: Shutting down and abandoning module AssetRegistry (152)
[2017.05.10-01.51.33:742][681]LogDirectoryWatcher: A directory notification for '../../../Engine/Content/' was aborted.
[2017.05.10-01.51.33:742][681]LogDirectoryWatcher: A directory notification for 'C:/Users/lenovo/Documents/UnrealPro/Shooter/Content/' was aborted.
[2017.05.10-01.51.33:742][681]LogDirectoryWatcher: A directory notification for '../../../Engine/Plugins/2D/Paper2D/Content/' was aborted.
[2017.05.10-01.51.33:743][681]LogModuleManager: Shutting down and abandoning module DirectoryWatcher (151)
[2017.05.10-01.51.33:744][681]LogModuleManager: Shutting down and abandoning module KismetCompiler (148)
[2017.05.10-01.51.33:744][681]LogModuleManager: Shutting down and abandoning module PhysXFormats (146)
[2017.05.10-01.51.33:744][681]LogModuleManager: Shutting down and abandoning module MeshUtilities (144)
[2017.05.10-01.51.33:744][681]LogModuleManager: Shutting down and abandoning module SimplygonSwarm (143)
[2017.05.10-01.51.33:744][681]LogModuleManager: Shutting down and abandoning module SimplygonMeshReduction (141)
[2017.05.10-01.51.33:744][681]LogModuleManager: Shutting down and abandoning module QuadricMeshReduction (139)
[2017.05.10-01.51.33:744][681]LogModuleManager: Shutting down and abandoning module PropertyEditor (137)
[2017.05.10-01.51.33:744][681]LogModuleManager: Shutting down and abandoning module DerivedDataCache (134)
[2017.05.10-01.51.33:767][681]LogDerivedDataCache: Shutdown
[2017.05.10-01.51.33:767][681]LogModuleManager: Shutting down and abandoning module TargetPlatform (132)
[2017.05.10-01.51.33:767][681]LogModuleManager: Shutting down and abandoning module VulkanShaderFormat (131)
[2017.05.10-01.51.33:767][681]LogModuleManager: Shutting down and abandoning module ShaderFormatOpenGL (129)
[2017.05.10-01.51.33:767][681]LogModuleManager: Shutting down and abandoning module ShaderFormatD3D (127)
[2017.05.10-01.51.33:767][681]LogModuleManager: Shutting down and abandoning module MetalShaderFormat (125)
[2017.05.10-01.51.33:767][681]LogModuleManager: Shutting down and abandoning module TextureFormatUncompressed (123)
[2017.05.10-01.51.33:767][681]LogModuleManager: Shutting down and abandoning module TextureFormatPVR (121)
[2017.05.10-01.51.33:767][681]LogModuleManager: Shutting down and abandoning module TextureFormatDXT (119)
[2017.05.10-01.51.33:767][681]LogModuleManager: Shutting down and abandoning module TextureFormatIntelISPCTexComp (117)
[2017.05.10-01.51.33:767][681]LogModuleManager: Shutting down and abandoning module TextureFormatASTC (115)
[2017.05.10-01.51.33:767][681]LogModuleManager: Shutting down and abandoning module ImageWrapper (114)
[2017.05.10-01.51.33:767][681]LogModuleManager: Shutting down and abandoning module TextureFormatAndroid (111)
[2017.05.10-01.51.33:767][681]LogModuleManager: Shutting down and abandoning module AudioFormatOpus (109)
[2017.05.10-01.51.33:767][681]LogModuleManager: Shutting down and abandoning module AudioFormatOgg (107)
[2017.05.10-01.51.33:767][681]LogModuleManager: Shutting down and abandoning module AudioFormatADPCM (105)
[2017.05.10-01.51.33:767][681]LogModuleManager: Shutting down and abandoning module LinuxTargetPlatform (103)
[2017.05.10-01.51.33:767][681]LogModuleManager: Shutting down and abandoning module LinuxServerTargetPlatform (101)
[2017.05.10-01.51.33:767][681]LogModuleManager: Shutting down and abandoning module LinuxNoEditorTargetPlatform (99)
[2017.05.10-01.51.33:767][681]LogModuleManager: Shutting down and abandoning module LinuxClientTargetPlatform (97)
[2017.05.10-01.51.33:767][681]LogModuleManager: Shutting down and abandoning module TVOSTargetPlatform (95)
[2017.05.10-01.51.33:767][681]LogModuleManager: Shutting down and abandoning module Messaging (93)
[2017.05.10-01.51.33:767][681]LogModuleManager: Shutting down and abandoning module IOSTargetPlatform (91)
[2017.05.10-01.51.33:768][681]LogModuleManager: Shutting down and abandoning module HTML5TargetPlatform (89)
[2017.05.10-01.51.33:768][681]LogModuleManager: Shutting down and abandoning module Android_PVRTCTargetPlatform (87)
[2017.05.10-01.51.33:768][681]LogModuleManager: Shutting down and abandoning module Android_MultiTargetPlatform (85)
[2017.05.10-01.51.33:768][681]LogModuleManager: Shutting down and abandoning module Android_ETC2TargetPlatform (83)
[2017.05.10-01.51.33:768][681]LogModuleManager: Shutting down and abandoning module Android_ETC1TargetPlatform (81)
[2017.05.10-01.51.33:768][681]LogModuleManager: Shutting down and abandoning module Android_DXTTargetPlatform (79)
[2017.05.10-01.51.33:768][681]LogModuleManager: Shutting down and abandoning module Android_ATCTargetPlatform (77)
[2017.05.10-01.51.33:768][681]LogModuleManager: Shutting down and abandoning module Android_ASTCTargetPlatform (75)
[2017.05.10-01.51.33:768][681]LogModuleManager: Shutting down and abandoning module AndroidTargetPlatform (73)
[2017.05.10-01.51.33:768][681]LogModuleManager: Shutting down and abandoning module WindowsTargetPlatform (71)
[2017.05.10-01.51.33:768][681]LogModuleManager: Shutting down and abandoning module WindowsServerTargetPlatform (69)
[2017.05.10-01.51.33:768][681]LogModuleManager: Shutting down and abandoning module WindowsNoEditorTargetPlatform (67)
[2017.05.10-01.51.33:768][681]LogModuleManager: Shutting down and abandoning module WindowsClientTargetPlatform (65)
[2017.05.10-01.51.33:768][681]LogModuleManager: Shutting down and abandoning module MacTargetPlatform (63)
[2017.05.10-01.51.33:768][681]LogModuleManager: Shutting down and abandoning module MacServerTargetPlatform (61)
[2017.05.10-01.51.33:768][681]LogModuleManager: Shutting down and abandoning module MacNoEditorTargetPlatform (59)
[2017.05.10-01.51.33:768][681]LogModuleManager: Shutting down and abandoning module MacClientTargetPlatform (57)
[2017.05.10-01.51.33:768][681]LogModuleManager: Shutting down and abandoning module AllDesktopTargetPlatform (55)
[2017.05.10-01.51.33:768][681]LogModuleManager: Shutting down and abandoning module InputCore (52)
[2017.05.10-01.51.33:768][681]LogModuleManager: Shutting down and abandoning module Settings (50)
[2017.05.10-01.51.33:768][681]LogModuleManager: Shutting down and abandoning module OculusRift (48)
[2017.05.10-01.51.33:768][681]LogModuleManager: Shutting down and abandoning module GearVR (46)
[2017.05.10-01.51.33:768][681]LogModuleManager: Shutting down and abandoning module ExampleDeviceProfileSelector (44)
[2017.05.10-01.51.33:768][681]LogModuleManager: Shutting down and abandoning module OnlineBlueprintSupport (42)
[2017.05.10-01.51.33:768][681]LogModuleManager: Shutting down and abandoning module OnlineSubsystem (38)
[2017.05.10-01.51.33:768][681]LogOnline:Display: Unloading online subsystem: NULL
[2017.05.10-01.51.33:768][681]LogModuleManager: Shutting down and abandoning module XMPP (37)
[2017.05.10-01.51.33:768][681]LogModuleManager: Shutting down and abandoning module HTTP (35)
[2017.05.10-01.51.33:768][681]LogHttp:Display: Http module shutting down, but needs to wait on 1 outstanding Http requests:
[2017.05.10-01.51.33:768][681]LogHttp:Display: 	verb=[POST] url=[https://datarouter.ol.epicgames.com/datarouter/api/v1/public/data?SessionID=%7B62806170-46D4-2A11-C4EC-F7B9E20D14CB%7D&AppID=UEEditor.Rocket.Release&AppVersion=4.15.2-3416026%2B%2B%2BUE4%2BRelease-4.15&UserID=fc0ab5e14c29e395dee894bb26e0e4c8%7Ccbf7e4b3a2fa4a3483ff9ae11ae13430%7C0a898179-1db4-4ad6-89ab-2983492e6393&AppEnvironment=datacollector-binary&UploadType=eteventstream] status=Processing
[2017.05.10-01.51.33:768][681]LogHttp:Warning: 0000021DD6619300: request failed, libcurl error: 6 (Couldn't resolve host name)
[2017.05.10-01.51.33:768][681]LogHttp:Warning: 0000021DD6619300: libcurl info message cache 0 (Could not resolve host: datarouter.ol.epicgames.com)
[2017.05.10-01.51.33:768][681]LogHttp:Warning: 0000021DD6619300: libcurl info message cache 1 (Closing connection 5)
[2017.05.10-01.51.33:773][681]LogModuleManager: Shutting down and abandoning module SSL (34)
[2017.05.10-01.51.33:775][681]LogModuleManager: Shutting down and abandoning module AudioEditor (30)
[2017.05.10-01.51.33:775][681]LogModuleManager: Shutting down and abandoning module TextureCompressor (28)
[2017.05.10-01.51.33:775][681]LogModuleManager: Shutting down and abandoning module ShaderCore (26)
[2017.05.10-01.51.33:775][681]LogModuleManager: Shutting down and abandoning module Landscape (24)
[2017.05.10-01.51.33:776][681]LogModuleManager: Shutting down and abandoning module SlateRHIRenderer (22)
[2017.05.10-01.51.33:778][681]LogModuleManager: Shutting down and abandoning module OpenGLDrv (20)
[2017.05.10-01.51.33:778][681]LogModuleManager: Shutting down and abandoning module D3D11RHI (18)
[2017.05.10-01.51.33:778][681]LogModuleManager: Shutting down and abandoning module AnimGraphRuntime (16)
[2017.05.10-01.51.33:778][681]LogModuleManager: Shutting down and abandoning module Renderer (14)
[2017.05.10-01.51.33:778][681]LogModuleManager: Shutting down and abandoning module Engine (12)
[2017.05.10-01.51.33:778][681]LogModuleManager: Shutting down and abandoning module CoreUObject (10)
[2017.05.10-01.51.33:778][681]LogModuleManager: Shutting down and abandoning module NetworkFile (8)
[2017.05.10-01.51.33:778][681]LogModuleManager: Shutting down and abandoning module StreamingFile (6)
[2017.05.10-01.51.33:778][681]LogModuleManager: Shutting down and abandoning module SandboxFile (4)
[2017.05.10-01.51.33:779][681]LogModuleManager: Shutting down and abandoning module PakFile (2)
[2017.05.10-01.51.33:782][681]LogExit: Exiting.
[2017.05.10-01.51.33:785][681]Log file closed, 05/09/17 21:51:33
