Log file open, 05/04/17 22:42:32
LogInit:Display: Running engine for game: Shooter
LogPlatformFile: Not using cached read wrapper
LogInit:Display: RandInit(497388770) SRandInit(497388770).
LogTaskGraph: Started task graph with 5 named threads and 8 total threads with 1 sets of task threads.
LogStats: Stats thread started at 0.128567
LogInit: Using libcurl 7.47.1
LogInit:  - built for x86_64-pc-win32
LogInit:  - supports SSL with OpenSSL/1.0.2g
LogInit:  - supports HTTP deflate (compression) using libz 1.2.8
LogInit:  - other features:
LogInit:      CURL_VERSION_SSL
LogInit:      CURL_VERSION_LIBZ
LogInit:      CURL_VERSION_IPV6
LogInit:      CURL_VERSION_ASYNCHDNS
LogInit:      CURL_VERSION_LARGEFILE
LogInit:      CURL_VERSION_IDN
LogInit:  CurlRequestOptions (configurable via config and command line):
LogInit:  - bVerifyPeer = false  - Libcurl will NOT verify peer certificate
LogInit:  - bUseHttpProxy = false  - Libcurl will NOT use HTTP proxy
LogInit:  - bDontReuseConnections = false  - Libcurl will reuse connections
LogInit:  - CertBundlePath = nullptr  - Libcurl will use whatever was configured at build time.
LogInit: Build: ++UE4+Release-4.15-CL-3416026
LogInit: Engine Version: 4.15.2-3416026+++UE4+Release-4.15
LogInit: Compatible Engine Version: 4.15.0-3299760+++UE4+Release-4.15
LogInit: Net CL: 3299760
LogDevObjectVersion: Number of dev versions registered: 14
LogDevObjectVersion:   Dev-Blueprints (B0D832E4-1F89-4F0D-ACCF-7EB736FD4AA2): 8
LogDevObjectVersion:   Dev-Build (E1C64328-A22C-4D53-A36C-8E866417BD8C): 0
LogDevObjectVersion:   Dev-Core (375EC13C-06E4-48FB-B500-84F0262A717E): 2
LogDevObjectVersion:   Dev-Editor (E4B068ED-F494-42E9-A231-DA0B2E46BB41): 14
LogDevObjectVersion:   Dev-Framework (CFFC743F-43B0-4480-9391-14DF171D2073): 22
LogDevObjectVersion:   Dev-Mobile (B02B49B5-BB20-44E9-A304-32B752E40360): 0
LogDevObjectVersion:   Dev-Networking (A4E4105C-59A1-49B5-A7C5-40C4547EDFEE): 0
LogDevObjectVersion:   Dev-Online (39C831C9-5AE6-47DC-9A44-9C173E1C8E7C): 0
LogDevObjectVersion:   Dev-Physics (78F01B33-EBEA-4F98-B9B4-84EACCB95AA2): 0
LogDevObjectVersion:   Dev-Platform (6631380F-2D4D-43E0-8009-CF276956A95A): 0
LogDevObjectVersion:   Dev-Rendering (12F88B9F-8875-4AFC-A67C-D90C383ABD29): 12
LogDevObjectVersion:   Dev-Sequencer (7B5AE74C-D270-4C10-A958-57980B212A5A): 3
LogDevObjectVersion:   Dev-VR (D7296918-1DD6-4BDD-9DE2-64A83CC13884): 0
LogDevObjectVersion:   Dev-LoadTimes (C2A15278-BFE7-4AFE-6C17-90FF531DF755): 1
LogInit: Compiled (64-bit): May  1 2017 13:11:28
LogInit: Compiled with Visual C++: 19.00.23026.00
LogInit: Build Configuration: Development
LogInit: Branch Name: ++UE4+Release-4.15
LogInit: Command line: -EpicPortal 
LogInit: Base directory: D:/Epic Games/UE_4.15/Engine/Binaries/Win64/
LogInit: Installed Engine Build: 1
LogInit: Presizing for max 8388607 objects, including 0 objects not considered by GC, pre-allocating 0 bytes for permanent pool.
LogInit: Object subsystem initialized
[2017.05.05-02.42.34:496][  0]LogInit: Selected Device Profile: [Windows]
[2017.05.05-02.42.34:496][  0]LogInit: Applying CVar settings loaded from the selected device profile: [Windows]
[2017.05.05-02.42.34:523][  0]LogInit: Computer: DESKTOP-44SKKF1
[2017.05.05-02.42.34:523][  0]LogInit: User: 1
[2017.05.05-02.42.34:523][  0]LogInit: CPU Page size=65536, Cores=4
[2017.05.05-02.42.34:523][  0]LogInit: High frequency timer resolution =1.754518 MHz
[2017.05.05-02.42.34:524][  0]LogMemory: Memory total: Physical=7.3GB (8GB approx)
[2017.05.05-02.42.34:524][  0]LogMemory: Platform Memory Stats for Windows
[2017.05.05-02.42.34:524][  0]LogMemory: Process Physical Memory: 263.45 MB used, 263.45 MB peak
[2017.05.05-02.42.34:524][  0]LogMemory: Process Virtual Memory: 262.59 MB used, 262.59 MB peak
[2017.05.05-02.42.34:524][  0]LogMemory: Physical Memory: 2754.95 MB used,  4730.39 MB free, 7485.34 MB total
[2017.05.05-02.42.34:524][  0]LogMemory: Virtual Memory: 643.93 MB used,  4730.39 MB free, 134217728.00 MB total
[2017.05.05-02.42.34:688][  0]LogInit: Overriding culture en with editor configuration.
[2017.05.05-02.42.36:003][  0]LogD3D11RHI: D3D11 adapters:
[2017.05.05-02.42.36:042][  0]LogD3D11RHI:    0. 'AMD Radeon R6 Graphics' (Feature Level 11_0)
[2017.05.05-02.42.36:042][  0]LogD3D11RHI:       487/0/3742 MB DedicatedVideo/DedicatedSystem/SharedSystem, Outputs:1, VendorId:0x1002
[2017.05.05-02.42.36:048][  0]LogD3D11RHI:    1. 'Microsoft Basic Render Driver' (Feature Level 11_0)
[2017.05.05-02.42.36:048][  0]LogD3D11RHI:       0/0/3742 MB DedicatedVideo/DedicatedSystem/SharedSystem, Outputs:0, VendorId:0x1414
[2017.05.05-02.42.36:048][  0]LogD3D11RHI: Chosen D3D11 Adapter: 0
[2017.05.05-02.42.36:061][  0]LogD3D11RHI: Creating new Direct3DDevice
[2017.05.05-02.42.36:062][  0]LogD3D11RHI:     GPU DeviceId: 0x9874 (for the marketing name, search the web for "GPU Device Id")
[2017.05.05-02.42.36:062][  0]LogWindows: EnumDisplayDevices:
[2017.05.05-02.42.36:062][  0]LogWindows:    0. 'AMD Radeon R6 Graphics' (P:1 D:1)
[2017.05.05-02.42.36:063][  0]LogWindows:    1. 'AMD Radeon R6 Graphics' (P:0 D:0)
[2017.05.05-02.42.36:064][  0]LogWindows:    2. 'AMD Radeon R6 Graphics' (P:0 D:0)
[2017.05.05-02.42.36:065][  0]LogWindows: DebugString: FoundDriverCount:3 
[2017.05.05-02.42.36:065][  0]LogD3D11RHI:     Adapter Name: AMD Radeon R6 Graphics
[2017.05.05-02.42.36:065][  0]LogD3D11RHI:   Driver Version: Crimson 16.6 (internal:21.19.137.514, unified:21.19.137.514)
[2017.05.05-02.42.36:065][  0]LogD3D11RHI:      Driver Date: 11-21-2016
[2017.05.05-02.42.36:065][  0]LogRHI: Texture pool is 340 MB (70% of 487 MB)
[2017.05.05-02.42.36:432][  0]LogD3D11RHI: Async texture creation enabled
[2017.05.05-02.42.36:458][  0]LogD3D11RHI: GPU Timing Frequency: 100.000000 (Debug: 2 1)
[2017.05.05-02.42.36:461][  0]LogShaderCompilers: Guid format shader working directory is -2 characters bigger than the processId version (C:/Users/lenovo/Documents/Unreal Projects/Shooter/Intermediate/Shaders/WorkingDirectory/8260/).
[2017.05.05-02.42.36:461][  0]LogShaderCompilers: Cleaned the shader compiler working directory 'C:/Users/lenovo/AppData/Local/Temp/UnrealShaderWorkingDir/9E253DB14805586213E2B4AAEB91C4D1/'.
[2017.05.05-02.42.36:461][  0]LogShaderCompilers:Display: Using Local Shader Compiler.
[2017.05.05-02.42.39:217][  0]LogTemp:Display: Loaded TP AllDesktopTargetPlatform
[2017.05.05-02.42.39:332][  0]LogTemp:Display: Loaded TP MacClientTargetPlatform
[2017.05.05-02.42.39:443][  0]LogTemp:Display: Loaded TP MacNoEditorTargetPlatform
[2017.05.05-02.42.39:548][  0]LogTemp:Display: Loaded TP MacServerTargetPlatform
[2017.05.05-02.42.39:662][  0]LogTemp:Display: Loaded TP MacTargetPlatform
[2017.05.05-02.42.39:770][  0]LogTemp:Display: Loaded TP WindowsClientTargetPlatform
[2017.05.05-02.42.39:880][  0]LogTemp:Display: Loaded TP WindowsNoEditorTargetPlatform
[2017.05.05-02.42.39:993][  0]LogTemp:Display: Loaded TP WindowsServerTargetPlatform
[2017.05.05-02.42.40:086][  0]LogTemp:Display: Loaded TP WindowsTargetPlatform
[2017.05.05-02.42.40:201][  0]LogTemp:Display: Loaded TP AndroidTargetPlatform
[2017.05.05-02.42.40:311][  0]LogTemp:Display: Loaded TP Android_ASTCTargetPlatform
[2017.05.05-02.42.40:445][  0]LogTemp:Display: Loaded TP Android_ATCTargetPlatform
[2017.05.05-02.42.40:558][  0]LogTemp:Display: Loaded TP Android_DXTTargetPlatform
[2017.05.05-02.42.40:670][  0]LogTemp:Display: Loaded TP Android_ETC1TargetPlatform
[2017.05.05-02.42.40:780][  0]LogTemp:Display: Loaded TP Android_ETC2TargetPlatform
[2017.05.05-02.42.40:994][  0]LogTemp:Display: Loaded TP Android_MultiTargetPlatform
[2017.05.05-02.42.40:994][  0]LogTemp:Display: Loaded TP Android_PVRTCTargetPlatform
[2017.05.05-02.42.41:069][  0]LogTemp:Display: Loaded TP HTML5TargetPlatform
[2017.05.05-02.42.41:244][  0]LogTemp:Display: Loaded TP IOSTargetPlatform
[2017.05.05-02.42.41:319][  0]LogTemp:Display: Loaded TP TVOSTargetPlatform
[2017.05.05-02.42.41:428][  0]LogTemp:Display: Loaded TP LinuxClientTargetPlatform
[2017.05.05-02.42.41:523][  0]LogTemp:Display: Loaded TP LinuxNoEditorTargetPlatform
[2017.05.05-02.42.41:629][  0]LogTemp:Display: Loaded TP LinuxServerTargetPlatform
[2017.05.05-02.42.41:733][  0]LogTemp:Display: Loaded TP LinuxTargetPlatform
[2017.05.05-02.42.41:733][  0]LogTargetPlatformManager:Display: Building Assets For Windows
[2017.05.05-02.42.42:677][  0]LogDerivedDataCache:Display: Max Cache Size: 512 MB
[2017.05.05-02.42.42:810][  0]LogDerivedDataCache: Loaded boot cache 0.13s 52MB C:/Users/lenovo/AppData/Local/UnrealEngine/4.15/DerivedDataCache/Boot.ddc.
[2017.05.05-02.42.42:811][  0]LogDerivedDataCache:Display: Loaded Boot cache: C:/Users/lenovo/AppData/Local/UnrealEngine/4.15/DerivedDataCache/Boot.ddc
[2017.05.05-02.42.42:811][  0]LogDerivedDataCache: FDerivedDataBackendGraph:  Pak pak cache file C:/Users/lenovo/Documents/Unreal Projects/Shooter/DerivedDataCache/DDC.ddp not found, will not use a pak cache.
[2017.05.05-02.42.42:811][  0]LogDerivedDataCache: Unable to find inner node Pak for hierarchical cache Hierarchy.
[2017.05.05-02.42.42:811][  0]LogDerivedDataCache: FDerivedDataBackendGraph:  CompressedPak pak cache file C:/Users/lenovo/Documents/Unreal Projects/Shooter/DerivedDataCache/Compressed.ddp not found, will not use a pak cache.
[2017.05.05-02.42.42:811][  0]LogDerivedDataCache: Unable to find inner node CompressedPak for hierarchical cache Hierarchy.
[2017.05.05-02.42.42:841][  0]LogDerivedDataCache:Display: Pak cache opened for reading ../../../Engine/DerivedDataCache/Compressed.ddp.
[2017.05.05-02.42.42:856][  0]LogDerivedDataCache: Using Local data cache path C:/Users/lenovo/AppData/Local/UnrealEngine/Common/DerivedDataCache: Writable
[2017.05.05-02.42.42:875][  0]LogSlate: Using Freetype 2.6.0
[2017.05.05-02.42.42:875][  0]LogSlate: SlateFontCache - WITH_FREETYPE: 1, WITH_HARFBUZZ: 1
[2017.05.05-02.42.42:875][  0]LogSlate: SlateFontCache - WITH_FREETYPE: 1, WITH_HARFBUZZ: 1
[2017.05.05-02.42.43:526][  0]LogInit: Selected Device Profile: [Windows]
[2017.05.05-02.42.43:534][  0]LogContentStreaming: Texture pool size is 0.00 MB
[2017.05.05-02.42.43:955][  0]LogMeshUtilities: Using QuadricMeshReduction for automatic static mesh reduction
[2017.05.05-02.42.44:044][  0]LogSimplygon: Simplygon DLL not present - disabling.
[2017.05.05-02.42.44:136][  0]LogMeshUtilities: Using SimplygonSwarm for distributed automatic mesh merging
[2017.05.05-02.42.44:136][  0]LogMeshUtilities: No automatic skeletal mesh reduction module available
[2017.05.05-02.42.44:136][  0]LogMeshUtilities: No automatic mesh merging module available
[2017.05.05-02.42.45:368][  0]LogNetVersion: GetLocalNetworkVersion: CL: 3299760, ProjectName: shooter, ProjectVersion: , EngineNetworkVersion: 2, GameNetworkVersion: 0, NetworkChecksum: 1589670086
[2017.05.05-02.42.45:442][  0]LogAssetRegistry: FAssetRegistry took 0.0234 seconds to start up
[2017.05.05-02.42.45:543][  0]LogPackageLocalizationCache: Processed 3 localized package path(s) for 1 prioritized culture(s) in 0.047930 seconds
[2017.05.05-02.42.45:556][  0]LogUObjectArray: 32493 objects as part of root set at end of initial load.
[2017.05.05-02.42.45:556][  0]LogUObjectAllocator: 7077032 out of 0 bytes used by permanent object pool.
[2017.05.05-02.42.45:556][  0]LogUObjectArray: CloseDisregardForGC: 0/0 objects in disregard for GC pool
[2017.05.05-02.42.45:723][  0]LogInit: WinSock: version 1.1 (2.2), MaxSocks=32767, MaxUdp=65467
[2017.05.05-02.42.49:082][  0]LogTcpMessaging: Initializing TcpMessaging bridge
[2017.05.05-02.42.49:158][  0]LogUdpMessaging: Initializing bridge on interface 0.0.0.0:0 to multicast group 230.0.0.1:6666.
[2017.05.05-02.42.50:095][  0]LogMaterial: Uniform references updated for custom material expression Custom.
[2017.05.05-02.42.50:915][  0]SourceControl: Info Source control is disabled
[2017.05.05-02.42.50:919][  0]SourceControl: Info Source control is disabled
[2017.05.05-02.42.51:041][  0]SourceControl: Info Source control is disabled
[2017.05.05-02.42.51:142][  0]SourceControl: Info Source control is disabled
[2017.05.05-02.42.53:810][  0]LogEngine: Initializing Engine...
[2017.05.05-02.42.53:812][  0]LogHMD: Failed to initialize OpenVR with code 110
[2017.05.05-02.42.54:059][  0]LogStats: UGameplayTagsManager::ConstructGameplayTagTree: Construct from data asset -  0.000 s
[2017.05.05-02.42.54:059][  0]LogStats: UGameplayTagsManager::ConstructGameplayTagTree: GameplayTagTreeChangedEvent.Broadcast -  0.000 s
[2017.05.05-02.42.54:297][  0]LogAIModule: Creating AISystem for world Untitled
[2017.05.05-02.42.54:319][  0]LogInit: XAudio2 using '扬声器 (Conexant SmartAudio HD)' : 2 channels at 48 kHz using 32 bits per sample (channel mask 0x3)
[2017.05.05-02.42.54:396][  0]LogInit: FAudioDevice initialized.
[2017.05.05-02.42.54:478][  0]LogDerivedDataCache: Saved boot cache 0.08s 50MB C:/Users/lenovo/AppData/Local/UnrealEngine/4.15/DerivedDataCache/Boot.ddc.
[2017.05.05-02.42.54:516][  0]LogInit: Texture streaming: Enabled
[2017.05.05-02.42.54:725][  0]LogEngineSessionManager: EngineSessionManager initialized
[2017.05.05-02.42.54:926][  0]LogInit: Transaction tracking system initialized
[2017.05.05-02.42.55:732][  0]BlueprintLog: New page: Editor Load
[2017.05.05-02.42.57:782][  0]LocalizationService: Info Localization service is disabled
[2017.05.05-02.42.59:775][  0]LogConsoleResponse:Display: 
[2017.05.05-02.43.00:121][  0]LogCook:Display: Max memory allowance for cook 16384mb min free memory 0mb
[2017.05.05-02.43.00:121][  0]LogCook:Display: Mobile HDR setting 1
[2017.05.05-02.43.00:189][  0]LogFileCache: Scanning file cache for directory 'C:/Users/lenovo/Documents/Unreal Projects/Shooter/Content/' took 0.03s
[2017.05.05-02.43.02:642][  0]SourceControl: Info Source control is disabled
[2017.05.05-02.43.02:848][  0]LogSlate: Took 0.000392 seconds to synchronously load lazily loaded font '../../../Engine/Content/Slate/Fonts/Roboto-Regular.ttf' (155K)
[2017.05.05-02.43.07:291][  0]LogWindowsTextInputMethodSystem:Display: IME system now activated using TSF (搜狗拼音输入法).
[2017.05.05-02.43.07:429][  0]LogWindowsTextInputMethodSystem:Display: IME system now activated using TSF (搜狗拼音输入法).
[2017.05.05-02.43.09:021][  0]LogWindowsTextInputMethodSystem:Display: IME system now activated using TSF (搜狗拼音输入法).
[2017.05.05-02.43.09:143][  0]LogWindowsTextInputMethodSystem:Display: IME system now activated using TSF (搜狗拼音输入法).
[2017.05.05-02.43.09:146][  0]Cmd: MAP LOAD FILE="C:/Users/lenovo/Documents/Unreal Projects/Shooter/Content/ThirdPersonBP/Maps/ThirdPersonExampleMap.umap" TEMPLATE=0 SHOWPROGRESS=1 FEATURELEVEL=3
[2017.05.05-02.43.09:148][  0]LightingResults: New page: Lighting Build
[2017.05.05-02.43.09:262][  0]MapCheck: New page: Map Check
[2017.05.05-02.43.09:262][  0]LightingResults: New page: Lighting Build
[2017.05.05-02.43.11:328][  0]LogAIModule: Creating AISystem for world ThirdPersonExampleMap
[2017.05.05-02.43.11:448][  0]LogEditorServer: Finished looking for orphan Actors (0.000 secs)
[2017.05.05-02.43.11:450][  0]Cmd: MAP CHECKDEP NOCLEARLOG
[2017.05.05-02.43.11:562][  0]MapCheck: Info Map check complete: 0 Error(s), 0 Warning(s), took 111.397ms to complete.
[2017.05.05-02.43.11:562][  0]LogFileHelpers: Loading map 'ThirdPersonExampleMap' took 2.415
[2017.05.05-02.43.11:946][  0]LogStats:Warning: MetaData mismatch. Did you assign a stat to two groups? New //STATGROUP_Threads//SplashScreenThread///Thread_121c_0///####STATCAT_Advanced#### old //STATGROUP_Threads//SplashScreenThread///Thread_2a00_0///####STATCAT_Advanced####
[2017.05.05-02.43.11:946][  0]LogCollectionManager: Loaded 0 collections in 0.004164 seconds
[2017.05.05-02.43.12:146][  0]LogFileCache: Scanning file cache for directory 'C:/Users/lenovo/Documents/Unreal Projects/Shooter/Saved/Collections/' took 0.01s
[2017.05.05-02.43.12:146][  0]LogFileCache: Scanning file cache for directory 'C:/Users/lenovo/Documents/Unreal Projects/Shooter/Content/Developers/1/Collections/' took 0.01s
[2017.05.05-02.43.12:146][  0]LogFileCache: Scanning file cache for directory 'C:/Users/lenovo/Documents/Unreal Projects/Shooter/Content/Collections/' took 0.01s
[2017.05.05-02.43.12:146][  0]LogCollectionManager: Rebuilt the GUID cache for 0 collections in 0.000004 seconds
[2017.05.05-02.43.12:174][  0]LogContentBrowser: Native class hierarchy populated in 0.0245 seconds. Added 2245 classes and 453 folders.
[2017.05.05-02.43.12:338][  0]LogContentBrowser: Native class hierarchy updated for 'WidgetCarousel' in 0.0012 seconds. Added 0 classes and 0 folders.
[2017.05.05-02.43.13:110][  0]LogContentBrowser: Native class hierarchy updated for 'AddContentDialog' in 0.0013 seconds. Added 0 classes and 0 folders.
[2017.05.05-02.43.13:219][  0]LogContentBrowser: Native class hierarchy updated for 'SceneOutliner' in 0.0014 seconds. Added 1 classes and 2 folders.
[2017.05.05-02.43.13:395][  0]LogCrashTracker: Crashtracker disabled due to settings.
[2017.05.05-02.43.13:414][  0]LogUObjectGlobals:Warning: Failed to find object 'Class None.'
[2017.05.05-02.43.13:557][  0]LogContentBrowser: Native class hierarchy updated for 'HierarchicalLODOutliner' in 0.0015 seconds. Added 1 classes and 2 folders.
[2017.05.05-02.43.13:557][  0]LogLoad: (Engine Initialization) Total time: 43.30 seconds
[2017.05.05-02.43.13:558][  0]LogLoad: (Engine Initialization) Total Blueprint compile time: 0.41 seconds
[2017.05.05-02.43.13:558][  0]LogExternalProfiler: Found external profiler: VSPerf
[2017.05.05-02.43.13:558][  0]LogExternalProfiler: Using external profiler: VSPerf
[2017.05.05-02.43.13:901][  0]LogOcInput: OculusInput pre-init called
[2017.05.05-02.43.13:934][  0]LogContentStreaming: Texture pool size now 400 MB
[2017.05.05-02.43.13:938][  0]LogSlate: Took 0.000626 seconds to synchronously load lazily loaded font '../../../Engine/Content/Slate/Fonts/Roboto-Bold.ttf' (160K)
[2017.05.05-02.43.13:964][  0]LogSlate: Took 0.011632 seconds to synchronously load lazily loaded font '../../../Engine/Content/Editor/Slate/Fonts/FontAwesome.ttf' (139K)
[2017.05.05-02.43.14:300][  0]LogSlate: Took 0.009696 seconds to synchronously load lazily loaded font '../../../Engine/Content/Slate/Fonts/Roboto-Light.ttf' (159K)
[2017.05.05-02.43.14:414][  0]LogRenderer: Reallocating scene render targets to support 928x436 NumSamples 1 (Frame:2).
[2017.05.05-02.43.14:989][  2]LogSlate: Took 0.000537 seconds to synchronously load lazily loaded font '../../../Engine/Content/Slate/Fonts/Roboto-Light.ttf' (159K)
[2017.05.05-02.43.15:310][  3]LogAssetRegistry: Asset discovery search completed in 29.8906 seconds
[2017.05.05-02.43.15:310][  3]LogCollectionManager: Rebuilt the object cache for 0 collections in 0.000022 seconds (found 0 objects)
[2017.05.05-02.43.15:310][  3]LogCollectionManager: Fixed up redirectors for 0 collections in 0.000050 seconds (updated 0 objects)
[2017.05.05-02.43.17:808][ 79]LogTemp: Repeting last play command: Selected Viewport
[2017.05.05-02.43.17:849][ 79]LogBlueprintUserMessages: Early PlayInEditor Detection: Level '/Game/ThirdPersonBP/Maps/ThirdPersonExampleMap.ThirdPersonExampleMap:PersistentLevel' has LevelScriptBlueprint '/Game/ThirdPersonBP/Maps/ThirdPersonExampleMap.ThirdPersonExampleMap:PersistentLevel.ThirdPersonExampleMap' with GeneratedClass '/Game/ThirdPersonBP/Maps/ThirdPersonExampleMap.ThirdPersonExampleMap_C' with ClassGeneratedBy '/Game/ThirdPersonBP/Maps/ThirdPersonExampleMap.ThirdPersonExampleMap:PersistentLevel.ThirdPersonExampleMap'
[2017.05.05-02.43.17:849][ 79]LogPlayLevel: PlayLevel: No blueprints needed recompiling
[2017.05.05-02.43.17:851][ 79]PIE: New page: PIE session: ThirdPersonExampleMap (May 4, 2017, 6:43:17 PM)
[2017.05.05-02.43.17:852][ 79]LogPlayLevel: Creating play world package: /Game/ThirdPersonBP/Maps/UEDPIE_0_ThirdPersonExampleMap
[2017.05.05-02.43.17:934][ 79]LogPlayLevel: PIE: StaticDuplicateObject took: (0.082520s)
[2017.05.05-02.43.17:937][ 79]LogAIModule: Creating AISystem for world ThirdPersonExampleMap
[2017.05.05-02.43.17:938][ 79]LogPlayLevel: PIE: World Init took: (0.003105s)
[2017.05.05-02.43.17:938][ 79]LogPlayLevel: PIE: Created PIE world by copying editor world from /Game/ThirdPersonBP/Maps/ThirdPersonExampleMap.ThirdPersonExampleMap to /Game/ThirdPersonBP/Maps/UEDPIE_0_ThirdPersonExampleMap.ThirdPersonExampleMap (0.086924s)
[2017.05.05-02.43.17:988][ 79]LogInit: XAudio2 using '扬声器 (Conexant SmartAudio HD)' : 2 channels at 48 kHz using 32 bits per sample (channel mask 0x3)
[2017.05.05-02.43.18:007][ 79]LogInit: FAudioDevice initialized.
[2017.05.05-02.43.18:116][ 79]LogLoad: Game class is 'ThirdPersonGameMode_C'
[2017.05.05-02.43.18:127][ 79]LogWorld: Bringing World /Game/ThirdPersonBP/Maps/UEDPIE_0_ThirdPersonExampleMap.ThirdPersonExampleMap up for play (max tick rate 60) at 2017.05.04-22.43.18
[2017.05.05-02.43.18:130][ 79]LogWorld: Bringing up level for play took: 0.007306
[2017.05.05-02.43.18:240][ 79]LogContentBrowser: Native class hierarchy updated for 'MovieSceneCapture' in 0.0017 seconds. Added 11 classes and 0 folders.
[2017.05.05-02.43.18:242][ 79]PIE: Info Play in editor start time for /Game/ThirdPersonBP/Maps/UEDPIE_0_ThirdPersonExampleMap 1.391
[2017.05.05-02.43.18:243][ 79]LogBlueprintUserMessages: Late PlayInEditor Detection: Level '/Game/ThirdPersonBP/Maps/ThirdPersonExampleMap.ThirdPersonExampleMap:PersistentLevel' has LevelScriptBlueprint '/Game/ThirdPersonBP/Maps/ThirdPersonExampleMap.ThirdPersonExampleMap:PersistentLevel.ThirdPersonExampleMap' with GeneratedClass '/Game/ThirdPersonBP/Maps/ThirdPersonExampleMap.ThirdPersonExampleMap_C' with ClassGeneratedBy '/Game/ThirdPersonBP/Maps/ThirdPersonExampleMap.ThirdPersonExampleMap:PersistentLevel.ThirdPersonExampleMap'
[2017.05.05-02.43.19:695][158]PIE:Warning: Warning ThrowBomb_C_0.Ball MaterialSphere has to have 'Simulate Physics' enabled if you'd like to AddImpulseAtLocation. 
[2017.05.05-02.43.21:273][250]PIE:Warning: Warning ThrowBomb_C_1.Ball MaterialSphere has to have 'Simulate Physics' enabled if you'd like to AddImpulseAtLocation. 
[2017.05.05-02.43.21:440][260]PIE:Warning: Warning ThrowBomb_C_2.Ball MaterialSphere has to have 'Simulate Physics' enabled if you'd like to AddImpulseAtLocation. 
[2017.05.05-02.43.21:625][271]PIE:Warning: Warning ThrowBomb_C_3.Ball MaterialSphere has to have 'Simulate Physics' enabled if you'd like to AddImpulseAtLocation. 
[2017.05.05-02.43.21:777][280]PIE:Warning: Warning ThrowBomb_C_4.Ball MaterialSphere has to have 'Simulate Physics' enabled if you'd like to AddImpulseAtLocation. 
[2017.05.05-02.43.23:063][354]PIE:Warning: Warning ThrowBomb_C_5.Ball MaterialSphere has to have 'Simulate Physics' enabled if you'd like to AddImpulseAtLocation. 
[2017.05.05-02.43.23:216][363]PIE:Warning: Warning ThrowBomb_C_6.Ball MaterialSphere has to have 'Simulate Physics' enabled if you'd like to AddImpulseAtLocation. 
[2017.05.05-02.43.23:400][374]PIE:Warning: Warning ThrowBomb_C_7.Ball MaterialSphere has to have 'Simulate Physics' enabled if you'd like to AddImpulseAtLocation. 
[2017.05.05-02.43.23:578][384]PIE:Warning: Warning ThrowBomb_C_8.Ball MaterialSphere has to have 'Simulate Physics' enabled if you'd like to AddImpulseAtLocation. 
[2017.05.05-02.43.23:756][393]PIE:Warning: Warning ThrowBomb_C_9.Ball MaterialSphere has to have 'Simulate Physics' enabled if you'd like to AddImpulseAtLocation. 
[2017.05.05-02.43.23:937][403]PIE:Warning: Warning ThrowBomb_C_10.Ball MaterialSphere has to have 'Simulate Physics' enabled if you'd like to AddImpulseAtLocation. 
[2017.05.05-02.43.24:106][413]PIE:Warning: Warning ThrowBomb_C_11.Ball MaterialSphere has to have 'Simulate Physics' enabled if you'd like to AddImpulseAtLocation. 
[2017.05.05-02.43.24:272][423]PIE:Warning: Warning ThrowBomb_C_12.Ball MaterialSphere has to have 'Simulate Physics' enabled if you'd like to AddImpulseAtLocation. 
[2017.05.05-02.43.24:473][435]PIE:Warning: Warning ThrowBomb_C_13.Ball MaterialSphere has to have 'Simulate Physics' enabled if you'd like to AddImpulseAtLocation. 
[2017.05.05-02.43.24:639][445]PIE:Warning: Warning ThrowBomb_C_14.Ball MaterialSphere has to have 'Simulate Physics' enabled if you'd like to AddImpulseAtLocation. 
[2017.05.05-02.43.24:822][456]PIE:Warning: Warning ThrowBomb_C_15.Ball MaterialSphere has to have 'Simulate Physics' enabled if you'd like to AddImpulseAtLocation. 
[2017.05.05-02.43.24:973][465]PIE:Warning: Warning ThrowBomb_C_16.Ball MaterialSphere has to have 'Simulate Physics' enabled if you'd like to AddImpulseAtLocation. 
[2017.05.05-02.43.25:991][525]PIE:Warning: Warning ThrowBomb_C_17.Ball MaterialSphere has to have 'Simulate Physics' enabled if you'd like to AddImpulseAtLocation. 
[2017.05.05-02.43.26:207][538]PIE:Warning: Warning ThrowBomb_C_18.Ball MaterialSphere has to have 'Simulate Physics' enabled if you'd like to AddImpulseAtLocation. 
[2017.05.05-02.43.26:373][548]PIE:Warning: Warning ThrowBomb_C_19.Ball MaterialSphere has to have 'Simulate Physics' enabled if you'd like to AddImpulseAtLocation. 
[2017.05.05-02.43.26:539][558]PIE:Warning: Warning ThrowBomb_C_20.Ball MaterialSphere has to have 'Simulate Physics' enabled if you'd like to AddImpulseAtLocation. 
[2017.05.05-02.43.26:706][568]PIE:Warning: Warning ThrowBomb_C_21.Ball MaterialSphere has to have 'Simulate Physics' enabled if you'd like to AddImpulseAtLocation. 
[2017.05.05-02.43.26:856][577]PIE:Warning: Warning ThrowBomb_C_22.Ball MaterialSphere has to have 'Simulate Physics' enabled if you'd like to AddImpulseAtLocation. 
[2017.05.05-02.43.36:795][171]LogBlueprintUserMessages: Early EndPlayMap Detection: Level '/Game/ThirdPersonBP/Maps/ThirdPersonExampleMap.ThirdPersonExampleMap:PersistentLevel' has LevelScriptBlueprint '/Game/ThirdPersonBP/Maps/ThirdPersonExampleMap.ThirdPersonExampleMap:PersistentLevel.ThirdPersonExampleMap' with GeneratedClass '/Game/ThirdPersonBP/Maps/ThirdPersonExampleMap.ThirdPersonExampleMap_C' with ClassGeneratedBy '/Game/ThirdPersonBP/Maps/ThirdPersonExampleMap.ThirdPersonExampleMap:PersistentLevel.ThirdPersonExampleMap'
[2017.05.05-02.43.36:867][171]LogBlueprintUserMessages: Late EndPlayMap Detection: Level '/Game/ThirdPersonBP/Maps/ThirdPersonExampleMap.ThirdPersonExampleMap:PersistentLevel' has LevelScriptBlueprint '/Game/ThirdPersonBP/Maps/ThirdPersonExampleMap.ThirdPersonExampleMap:PersistentLevel.ThirdPersonExampleMap' with GeneratedClass '/Game/ThirdPersonBP/Maps/ThirdPersonExampleMap.ThirdPersonExampleMap_C' with ClassGeneratedBy '/Game/ThirdPersonBP/Maps/ThirdPersonExampleMap.ThirdPersonExampleMap:PersistentLevel.ThirdPersonExampleMap'
[2017.05.05-02.43.55:792][152]LogEditorViewport: Clicking on Actor (context menu): StaticMeshActor (Wall10)
[2017.05.05-02.48.36:438][503]LogSlate: Took 0.007967 seconds to synchronously load lazily loaded font '../../../Engine/Content/Slate/Fonts/Roboto-Light.ttf' (159K)
[2017.05.05-02.53.32:725][715]LogFileHelpers: Editor autosave (incl. sublevels) for '/Game/ThirdPersonBP/Maps/ThirdPersonExampleMap' took 0.026
[2017.05.05-02.53.32:737][715]OBJ SavePackage: Generating thumbnails for [0] asset(s) in package [/Game/Props/NewBlueprint] ([1] browsable assets)...
[2017.05.05-02.53.32:737][715]OBJ SavePackage: Finished generating thumbnails for package [/Game/Props/NewBlueprint]
[2017.05.05-02.53.32:737][715]Cmd: OBJ SAVEPACKAGE PACKAGE="/Game/Props/NewBlueprint" FILE="C:/Users/lenovo/Documents/Unreal Projects/Shooter/Saved/Autosaves/Game/Props/NewBlueprint_Auto1.uasset" SILENT=false AUTOSAVING=true
[2017.05.05-02.53.32:771][715]LogSavePackage: Save=29.24ms
[2017.05.05-02.53.32:772][715]LogSavePackage: Moving 'C:/Users/lenovo/Documents/Unreal Projects/Shooter/Saved/NewBlueprint_Auto1D6E5157D4BFBD9D0243854BB85058E42.tmp' to 'C:/Users/lenovo/Documents/Unreal Projects/Shooter/Saved/Autosaves/Game/Props/NewBlueprint_Auto1.uasset'
[2017.05.05-02.53.32:776][715]LogSavePackage:Display: Finished SavePackage C:/Users/lenovo/Documents/Unreal Projects/Shooter/Saved/Autosaves/Game/Props/NewBlueprint_Auto1.uasset
[2017.05.05-02.53.32:777][715]LogFileHelpers: Auto-saving content packages took 0.050
[2017.05.05-03.35.37:618][293]Cmd: QUIT_EDITOR
[2017.05.05-03.35.37:973][293]LogWindowsTextInputMethodSystem:Display: IME system now activated using TSF (搜狗拼音输入法).
[2017.05.05-03.35.38:015][293]LogExit: Preparing to exit.
[2017.05.05-03.35.39:158][293]LogExit: Editor shut down
[2017.05.05-03.35.39:158][293]LogExit: Transaction tracking system shut down
[2017.05.05-03.35.39:264][293]LogObj: Freed 0b from 0 cluster array pools.
[2017.05.05-03.35.39:264][293]LogExit: Object subsystem successfully closed.
[2017.05.05-03.35.39:289][293]LogD3D11RHI: Shutdown
[2017.05.05-03.35.39:289][293]LogD3D11RHI: CleanupD3DDevice
[2017.05.05-03.35.39:618][293]LogD3D11RHI: ~FD3D11DynamicRHI
[2017.05.05-03.35.39:644][293]LogModuleManager: Shutting down and abandoning module MovieSceneCapture (500)
[2017.05.05-03.35.39:644][293]LogModuleManager: Shutting down and abandoning module HierarchicalLODOutliner (498)
[2017.05.05-03.35.39:644][293]LogModuleManager: Shutting down and abandoning module CrashTracker (496)
[2017.05.05-03.35.39:644][293]LogModuleManager: Shutting down and abandoning module SceneOutliner (494)
[2017.05.05-03.35.39:644][293]LogModuleManager: Shutting down and abandoning module AddContentDialog (492)
[2017.05.05-03.35.39:645][293]LogDirectoryWatcher: A directory notification for 'D:/Epic Games/UE_4.15/FeaturePacks/' was aborted.
[2017.05.05-03.35.39:649][293]LogModuleManager: Shutting down and abandoning module WidgetCarousel (491)
[2017.05.05-03.35.39:649][293]LogModuleManager: Shutting down and abandoning module EditorWidgets (488)
[2017.05.05-03.35.39:649][293]LogModuleManager: Shutting down and abandoning module CollectionManager (486)
[2017.05.05-03.35.39:649][293]LogDirectoryWatcher: A directory notification for 'C:/Users/lenovo/Documents/Unreal Projects/Shooter/Content/Collections/' was aborted.
[2017.05.05-03.35.39:649][293]LogDirectoryWatcher: A directory notification for 'C:/Users/lenovo/Documents/Unreal Projects/Shooter/Content/Developers/1/Collections/' was aborted.
[2017.05.05-03.35.39:649][293]LogDirectoryWatcher: A directory notification for 'C:/Users/lenovo/Documents/Unreal Projects/Shooter/Saved/Collections/' was aborted.
[2017.05.05-03.35.39:649][293]LogModuleManager: Shutting down and abandoning module StatsViewer (484)
[2017.05.05-03.35.39:649][293]LogModuleManager: Shutting down and abandoning module FoliageEdit (482)
[2017.05.05-03.35.39:649][293]LogModuleManager: Shutting down and abandoning module LandscapeEditor (480)
[2017.05.05-03.35.39:649][293]LogModuleManager: Shutting down and abandoning module SceneDepthPickerMode (478)
[2017.05.05-03.35.39:649][293]LogModuleManager: Shutting down and abandoning module ActorPickerMode (476)
[2017.05.05-03.35.39:649][293]LogModuleManager: Shutting down and abandoning module GeometryMode (474)
[2017.05.05-03.35.39:649][293]LogModuleManager: Shutting down and abandoning module TextureAlignMode (472)
[2017.05.05-03.35.39:649][293]LogModuleManager: Shutting down and abandoning module BspMode (470)
[2017.05.05-03.35.39:650][293]LogModuleManager: Shutting down and abandoning module HardwareSurvey (468)
[2017.05.05-03.35.39:650][293]LogModuleManager: Shutting down and abandoning module SequenceRecorderSections (466)
[2017.05.05-03.35.39:650][293]LogModuleManager: Shutting down and abandoning module AutomationWorker (464)
[2017.05.05-03.35.39:650][293]LogModuleManager: Shutting down and abandoning module MatineeToLevelSequence (462)
[2017.05.05-03.35.39:650][293]LogModuleManager: Shutting down and abandoning module LevelSequenceEditor (460)
[2017.05.05-03.35.39:650][293]LogModuleManager: Shutting down and abandoning module PlacementMode (459)
[2017.05.05-03.35.39:650][293]LogModuleManager: Shutting down and abandoning module WmfMediaFactory (456)
[2017.05.05-03.35.39:650][293]LogModuleManager: Shutting down and abandoning module WmfMediaEditor (454)
[2017.05.05-03.35.39:650][293]LogModuleManager: Shutting down and abandoning module MfMediaFactory (452)
[2017.05.05-03.35.39:650][293]LogModuleManager: Shutting down and abandoning module MfMediaEditor (450)
[2017.05.05-03.35.39:650][293]LogModuleManager: Shutting down and abandoning module AvfMediaFactory (448)
[2017.05.05-03.35.39:650][293]LogModuleManager: Shutting down and abandoning module AvfMediaEditor (446)
[2017.05.05-03.35.39:650][293]LogModuleManager: Shutting down and abandoning module AndroidMediaFactory (444)
[2017.05.05-03.35.39:650][293]LogModuleManager: Shutting down and abandoning module Media (443)
[2017.05.05-03.35.39:650][293]LogModuleManager: Shutting down and abandoning module AndroidMediaEditor (440)
[2017.05.05-03.35.39:650][293]LogModuleManager: Shutting down and abandoning module CharacterAI (438)
[2017.05.05-03.35.39:650][293]LogModuleManager: Shutting down and abandoning module AudioCapture (436)
[2017.05.05-03.35.39:650][293]LogModuleManager: Shutting down and abandoning module SequenceRecorder (435)
[2017.05.05-03.35.39:650][293]LogModuleManager: Shutting down and abandoning module SmartSnapping (432)
[2017.05.05-03.35.39:650][293]LogModuleManager: Shutting down and abandoning module SessionServices (430)
[2017.05.05-03.35.39:650][293]LogModuleManager: Shutting down and abandoning module ViewportSnapping (428)
[2017.05.05-03.35.39:650][293]LogModuleManager: Shutting down and abandoning module ViewportInteraction (426)
[2017.05.05-03.35.39:650][293]LogModuleManager: Shutting down and abandoning module LogVisualizer (424)
[2017.05.05-03.35.39:650][293]LogModuleManager: Shutting down and abandoning module IntroTutorials (422)
[2017.05.05-03.35.39:651][293]LogModuleManager: Shutting down and abandoning module GameProjectGeneration (421)
[2017.05.05-03.35.39:651][293]LogModuleManager: Shutting down and abandoning module EditorLiveStreaming (418)
[2017.05.05-03.35.39:651][293]LogModuleManager: Shutting down and abandoning module IOSPlatformEditor (416)
[2017.05.05-03.35.39:651][293]LogModuleManager: Shutting down and abandoning module HTML5PlatformEditor (414)
[2017.05.05-03.35.39:651][293]LogModuleManager: Shutting down and abandoning module AndroidPlatformEditor (412)
[2017.05.05-03.35.39:651][293]LogModuleManager: Shutting down and abandoning module AndroidDeviceDetection (411)
[2017.05.05-03.35.39:900][293]LogModuleManager: Shutting down and abandoning module IOSRuntimeSettings (408)
[2017.05.05-03.35.39:900][293]LogModuleManager: Shutting down and abandoning module AndroidRuntimeSettings (406)
[2017.05.05-03.35.39:900][293]LogModuleManager: Shutting down and abandoning module InputBindingEditor (404)
[2017.05.05-03.35.39:900][293]LogModuleManager: Shutting down and abandoning module NiagaraEditor (402)
[2017.05.05-03.35.39:900][293]LogModuleManager: Shutting down and abandoning module MergeActors (400)
[2017.05.05-03.35.39:900][293]LogModuleManager: Shutting down and abandoning module SizeMap (398)
[2017.05.05-03.35.39:900][293]LogModuleManager: Shutting down and abandoning module TreeMap (396)
[2017.05.05-03.35.39:900][293]LogModuleManager: Shutting down and abandoning module ReferenceViewer (394)
[2017.05.05-03.35.39:900][293]LogModuleManager: Shutting down and abandoning module LocalizationDashboard (392)
[2017.05.05-03.35.39:900][293]LogModuleManager: Shutting down and abandoning module LocalizationService (391)
[2017.05.05-03.35.39:900][293]LogModuleManager: Shutting down and abandoning module HardwareTargeting (388)
[2017.05.05-03.35.39:900][293]LogModuleManager: Shutting down and abandoning module DeviceProfileEditor (386)
[2017.05.05-03.35.39:900][293]LogModuleManager: Shutting down and abandoning module UndoHistory (384)
[2017.05.05-03.35.39:900][293]LogModuleManager: Shutting down and abandoning module UserFeedback (382)
[2017.05.05-03.35.39:900][293]LogModuleManager: Shutting down and abandoning module XmlParser (380)
[2017.05.05-03.35.39:900][293]LogModuleManager: Shutting down and abandoning module Blutility (378)
[2017.05.05-03.35.39:900][293]LogModuleManager: Shutting down and abandoning module ProjectSettingsViewer (376)
[2017.05.05-03.35.39:900][293]LogModuleManager: Shutting down and abandoning module ProjectTargetPlatformEditor (375)
[2017.05.05-03.35.39:901][293]LogModuleManager: Shutting down and abandoning module EditorSettingsViewer (372)
[2017.05.05-03.35.39:901][293]LogModuleManager: Shutting down and abandoning module SettingsEditor (370)
[2017.05.05-03.35.39:901][293]LogModuleManager: Shutting down and abandoning module ProjectLauncher (368)
[2017.05.05-03.35.39:901][293]LogModuleManager: Shutting down and abandoning module SessionFrontend (366)
[2017.05.05-03.35.39:901][293]LogModuleManager: Shutting down and abandoning module ProfilerClient (364)
[2017.05.05-03.35.39:901][293]LogModuleManager: Shutting down and abandoning module DeviceManager (362)
[2017.05.05-03.35.39:901][293]LogModuleManager: Shutting down and abandoning module TargetDeviceServices (361)
[2017.05.05-03.35.39:955][293]LogModuleManager: Shutting down and abandoning module AutomationController (358)
[2017.05.05-03.35.39:955][293]LogModuleManager: Shutting down and abandoning module AutomationWindow (356)
[2017.05.05-03.35.39:955][293]LogModuleManager: Shutting down and abandoning module Layers (354)
[2017.05.05-03.35.39:955][293]LogModuleManager: Shutting down and abandoning module ComponentVisualizers (352)
[2017.05.05-03.35.39:955][293]LogModuleManager: Shutting down and abandoning module DetailCustomizations (350)
[2017.05.05-03.35.39:955][293]LogModuleManager: Shutting down and abandoning module PackagesDialog (348)
[2017.05.05-03.35.39:956][293]LogModuleManager: Shutting down and abandoning module Persona (346)
[2017.05.05-03.35.39:956][293]LogModuleManager: Shutting down and abandoning module AnimGraph (345)
[2017.05.05-03.35.39:956][293]LogModuleManager: Shutting down and abandoning module Kismet (342)
[2017.05.05-03.35.39:957][293]LogModuleManager: Shutting down and abandoning module GraphEditor (340)
[2017.05.05-03.35.39:958][293]LogModuleManager: Shutting down and abandoning module ClassViewer (338)
[2017.05.05-03.35.39:960][293]LogModuleManager: Shutting down and abandoning module Toolbox (336)
[2017.05.05-03.35.39:960][293]LogModuleManager: Shutting down and abandoning module ModuleUI (334)
[2017.05.05-03.35.39:960][293]LogModuleManager: Shutting down and abandoning module MovieSceneTools (332)
[2017.05.05-03.35.39:960][293]LogModuleManager: Shutting down and abandoning module OutputLog (330)
[2017.05.05-03.35.39:960][293]LogModuleManager: Shutting down and abandoning module GammaUI (328)
[2017.05.05-03.35.39:960][293]LogModuleManager: Shutting down and abandoning module Documentation (326)
[2017.05.05-03.35.39:960][293]LogModuleManager: Shutting down and abandoning module Niagara (324)
[2017.05.05-03.35.39:960][293]LogModuleManager: Shutting down and abandoning module StreamingPauseRendering (322)
[2017.05.05-03.35.39:960][293]LogModuleManager: Shutting down and abandoning module AnalyticsET (320)
[2017.05.05-03.35.39:960][293]LogModuleManager: Shutting down and abandoning module PortalServices (318)
[2017.05.05-03.35.39:960][293]LogModuleManager: Shutting down and abandoning module PortalRpc (316)
[2017.05.05-03.35.39:960][293]LogModuleManager: Shutting down and abandoning module MessagingRpc (314)
[2017.05.05-03.35.39:960][293]LogModuleManager: Shutting down and abandoning module AIModule (312)
[2017.05.05-03.35.39:960][293]LogModuleManager: Shutting down and abandoning module GameplayDebugger (311)
[2017.05.05-03.35.39:960][293]LogModuleManager: Shutting down and abandoning module AITestSuite (309)
[2017.05.05-03.35.39:960][293]LogModuleManager: Shutting down and abandoning module ProfilerService (306)
[2017.05.05-03.35.40:109][293]LogModuleManager: Shutting down and abandoning module TaskGraph (304)
[2017.05.05-03.35.40:109][293]LogModuleManager: Shutting down and abandoning module SteamVRController (302)
[2017.05.05-03.35.40:109][293]LogModuleManager: Shutting down and abandoning module SteamVR (300)
[2017.05.05-03.35.40:109][293]LogModuleManager: Shutting down and abandoning module ProceduralMeshComponentEditor (298)
[2017.05.05-03.35.40:109][293]LogModuleManager: Shutting down and abandoning module ProceduralMeshComponent (296)
[2017.05.05-03.35.40:109][293]LogModuleManager: Shutting down and abandoning module OculusLibrary (294)
[2017.05.05-03.35.40:109][293]LogModuleManager: Shutting down and abandoning module OculusInput (292)
[2017.05.05-03.35.40:109][293]LogModuleManager: Shutting down and abandoning module MobilePatchingUtils (290)
[2017.05.05-03.35.40:109][293]LogModuleManager: Shutting down and abandoning module CustomMeshComponent (288)
[2017.05.05-03.35.40:109][293]LogModuleManager: Shutting down and abandoning module CableComponent (286)
[2017.05.05-03.35.40:109][293]LogModuleManager: Shutting down and abandoning module ArchVisCharacter (284)
[2017.05.05-03.35.40:109][293]LogModuleManager: Shutting down and abandoning module MediaPlayerEditor (280)
[2017.05.05-03.35.40:109][293]LogModuleManager: Shutting down and abandoning module HTML5Networking (278)
[2017.05.05-03.35.40:109][293]LogModuleManager: Shutting down and abandoning module AlembicImporter (276)
[2017.05.05-03.35.40:109][293]LogModuleManager: Shutting down and abandoning module AlembicLibrary (275)
[2017.05.05-03.35.40:109][293]LogModuleManager: Shutting down and abandoning module GeometryCache (274)
[2017.05.05-03.35.40:109][293]LogModuleManager: Shutting down and abandoning module GeometryCacheEd (273)
[2017.05.05-03.35.40:109][293]LogModuleManager: Shutting down and abandoning module SuperSearchEditor (268)
[2017.05.05-03.35.40:109][293]LogModuleManager: Shutting down and abandoning module SuperSearch (267)
[2017.05.05-03.35.40:109][293]LogModuleManager: Shutting down and abandoning module SpeedTreeImporter (264)
[2017.05.05-03.35.40:109][293]LogModuleManager: Shutting down and abandoning module PluginBrowser (262)
[2017.05.05-03.35.40:109][293]LogModuleManager: Shutting down and abandoning module MobileLauncherProfileWizard (260)
[2017.05.05-03.35.40:109][293]LogModuleManager: Shutting down and abandoning module EpicSurvey (258)
[2017.05.05-03.35.40:109][293]LogModuleManager: Shutting down and abandoning module VisualStudioSourceCodeAccess (256)
[2017.05.05-03.35.40:109][293]LogModuleManager: Shutting down and abandoning module DesktopPlatform (255)
[2017.05.05-03.35.40:109][293]LogModuleManager: Shutting down and abandoning module UObjectPlugin (252)
[2017.05.05-03.35.40:109][293]LogModuleManager: Shutting down and abandoning module SubversionSourceControl (250)
[2017.05.05-03.35.40:109][293]LogModuleManager: Shutting down and abandoning module PerforceSourceControl (248)
[2017.05.05-03.35.40:109][293]LogModuleManager: Shutting down and abandoning module GitSourceControl (246)
[2017.05.05-03.35.40:109][293]LogModuleManager: Shutting down and abandoning module SourceControl (245)
[2017.05.05-03.35.40:109][293]LogModuleManager: Shutting down and abandoning module LightPropagationVolumeEditor (242)
[2017.05.05-03.35.40:109][293]LogModuleManager: Shutting down and abandoning module PaperTiledImporter (240)
[2017.05.05-03.35.40:109][293]LogModuleManager: Shutting down and abandoning module PaperSpriteSheetImporter (238)
[2017.05.05-03.35.40:109][293]LogModuleManager: Shutting down and abandoning module Paper2DEditor (236)
[2017.05.05-03.35.40:109][293]LogModuleManager: Shutting down and abandoning module MeshPaint (235)
[2017.05.05-03.35.40:109][293]LogModuleManager: Shutting down and abandoning module LevelEditor (233)
[2017.05.05-03.35.40:111][293]LogModuleManager: Shutting down and abandoning module PixelInspectorModule (232)
[2017.05.05-03.35.40:111][293]LogModuleManager: Shutting down and abandoning module MainFrame (230)
[2017.05.05-03.35.40:111][293]LogModuleManager: Shutting down and abandoning module HotReload (229)
[2017.05.05-03.35.40:112][293]LogModuleManager: Shutting down and abandoning module ContentBrowser (225)
[2017.05.05-03.35.40:114][293]LogModuleManager: Shutting down and abandoning module PhysXVehiclesEditor (222)
[2017.05.05-03.35.40:114][293]LogModuleManager: Shutting down and abandoning module PhysXVehicles (220)
[2017.05.05-03.35.40:114][293]LogModuleManager: Shutting down and abandoning module LocationServicesBPLibrary (218)
[2017.05.05-03.35.40:114][293]LogModuleManager: Shutting down and abandoning module UdpMessaging (216)
[2017.05.05-03.35.40:214][293]LogModuleManager: Shutting down and abandoning module TcpMessaging (214)
[2017.05.05-03.35.40:315][293]LogModuleManager: Shutting down and abandoning module GameplayTagsEditor (212)
[2017.05.05-03.35.40:315][293]LogModuleManager: Shutting down and abandoning module FacialAnimationEditor (210)
[2017.05.05-03.35.40:315][293]LogModuleManager: Shutting down and abandoning module FacialAnimation (208)
[2017.05.05-03.35.40:315][293]LogModuleManager: Shutting down and abandoning module LightPropagationVolumeRuntime (206)
[2017.05.05-03.35.40:315][293]LogModuleManager: Shutting down and abandoning module Paper2D (204)
[2017.05.05-03.35.40:315][293]LogModuleManager: Shutting down and abandoning module WindowsMoviePlayer (202)
[2017.05.05-03.35.40:315][293]LogModuleManager: Shutting down and abandoning module WmfMedia (200)
[2017.05.05-03.35.40:316][293]LogModuleManager: Shutting down and abandoning module MfMedia (198)
[2017.05.05-03.35.40:316][293]LogModuleManager: Shutting down and abandoning module MediaAssets (196)
[2017.05.05-03.35.40:316][293]LogModuleManager: Shutting down and abandoning module GameLiveStreaming (194)
[2017.05.05-03.35.40:316][293]LogModuleManager: Shutting down and abandoning module VREditor (192)
[2017.05.05-03.35.40:316][293]LogModuleManager: Shutting down and abandoning module GameplayTasksEditor (190)
[2017.05.05-03.35.40:316][293]LogModuleManager: Shutting down and abandoning module BehaviorTreeEditor (188)
[2017.05.05-03.35.40:316][293]LogModuleManager: Shutting down and abandoning module FunctionalTesting (186)
[2017.05.05-03.35.40:316][293]LogModuleManager: Shutting down and abandoning module CollisionAnalyzer (184)
[2017.05.05-03.35.40:316][293]LogModuleManager: Shutting down and abandoning module UMG (182)
[2017.05.05-03.35.40:316][293]LogModuleManager: Shutting down and abandoning module UMGEditor (181)
[2017.05.05-03.35.40:316][293]LogModuleManager: Shutting down and abandoning module Sequencer (180)
[2017.05.05-03.35.40:316][293]LogModuleManager: Shutting down and abandoning module AssetTools (178)
[2017.05.05-03.35.40:316][293]LogModuleManager: Shutting down and abandoning module MessageLog (177)
[2017.05.05-03.35.40:316][293]LogModuleManager: Shutting down and abandoning module WorkspaceMenuStructure (176)
[2017.05.05-03.35.40:316][293]LogModuleManager: Shutting down and abandoning module SlateReflector (170)
[2017.05.05-03.35.40:316][293]LogModuleManager: Shutting down and abandoning module Slate (168)
[2017.05.05-03.35.40:316][293]LogModuleManager: Shutting down and abandoning module EditorStyle (166)
[2017.05.05-03.35.40:320][293]LogModuleManager: Shutting down and abandoning module SourceCodeAccess (164)
[2017.05.05-03.35.40:320][293]LogModuleManager: Shutting down and abandoning module HeadMountedDisplay (162)
[2017.05.05-03.35.40:320][293]LogModuleManager: Shutting down and abandoning module XAudio2 (160)
[2017.05.05-03.35.40:320][293]LogModuleManager: Shutting down and abandoning module Networking (158)
[2017.05.05-03.35.40:320][293]LogModuleManager: Shutting down and abandoning module Core (154)
[2017.05.05-03.35.40:321][293]LogModuleManager: Shutting down and abandoning module AssetRegistry (152)
[2017.05.05-03.35.40:521][293]LogDirectoryWatcher: A directory notification for '../../../Engine/Content/' was aborted.
[2017.05.05-03.35.40:521][293]LogDirectoryWatcher: A directory notification for 'C:/Users/lenovo/Documents/Unreal Projects/Shooter/Content/' was aborted.
[2017.05.05-03.35.40:521][293]LogDirectoryWatcher: A directory notification for '../../../Engine/Plugins/2D/Paper2D/Content/' was aborted.
[2017.05.05-03.35.40:521][293]LogModuleManager: Shutting down and abandoning module DirectoryWatcher (151)
[2017.05.05-03.35.40:523][293]LogModuleManager: Shutting down and abandoning module KismetCompiler (148)
[2017.05.05-03.35.40:523][293]LogModuleManager: Shutting down and abandoning module PhysXFormats (146)
[2017.05.05-03.35.40:523][293]LogModuleManager: Shutting down and abandoning module MeshUtilities (144)
[2017.05.05-03.35.40:523][293]LogModuleManager: Shutting down and abandoning module SimplygonSwarm (143)
[2017.05.05-03.35.40:523][293]LogModuleManager: Shutting down and abandoning module SimplygonMeshReduction (141)
[2017.05.05-03.35.40:523][293]LogModuleManager: Shutting down and abandoning module QuadricMeshReduction (139)
[2017.05.05-03.35.40:523][293]LogModuleManager: Shutting down and abandoning module PropertyEditor (137)
[2017.05.05-03.35.40:523][293]LogModuleManager: Shutting down and abandoning module DerivedDataCache (134)
[2017.05.05-03.35.40:573][293]LogDerivedDataCache: Shutdown
[2017.05.05-03.35.40:573][293]LogModuleManager: Shutting down and abandoning module TargetPlatform (132)
[2017.05.05-03.35.40:573][293]LogModuleManager: Shutting down and abandoning module VulkanShaderFormat (131)
[2017.05.05-03.35.40:573][293]LogModuleManager: Shutting down and abandoning module ShaderFormatOpenGL (129)
[2017.05.05-03.35.40:573][293]LogModuleManager: Shutting down and abandoning module ShaderFormatD3D (127)
[2017.05.05-03.35.40:573][293]LogModuleManager: Shutting down and abandoning module MetalShaderFormat (125)
[2017.05.05-03.35.40:573][293]LogModuleManager: Shutting down and abandoning module TextureFormatUncompressed (123)
[2017.05.05-03.35.40:573][293]LogModuleManager: Shutting down and abandoning module TextureFormatPVR (121)
[2017.05.05-03.35.40:573][293]LogModuleManager: Shutting down and abandoning module TextureFormatDXT (119)
[2017.05.05-03.35.40:573][293]LogModuleManager: Shutting down and abandoning module TextureFormatIntelISPCTexComp (117)
[2017.05.05-03.35.40:573][293]LogModuleManager: Shutting down and abandoning module TextureFormatASTC (115)
[2017.05.05-03.35.40:573][293]LogModuleManager: Shutting down and abandoning module ImageWrapper (114)
[2017.05.05-03.35.40:573][293]LogModuleManager: Shutting down and abandoning module TextureFormatAndroid (111)
[2017.05.05-03.35.40:573][293]LogModuleManager: Shutting down and abandoning module AudioFormatOpus (109)
[2017.05.05-03.35.40:573][293]LogModuleManager: Shutting down and abandoning module AudioFormatOgg (107)
[2017.05.05-03.35.40:573][293]LogModuleManager: Shutting down and abandoning module AudioFormatADPCM (105)
[2017.05.05-03.35.40:573][293]LogModuleManager: Shutting down and abandoning module LinuxTargetPlatform (103)
[2017.05.05-03.35.40:573][293]LogModuleManager: Shutting down and abandoning module LinuxServerTargetPlatform (101)
[2017.05.05-03.35.40:573][293]LogModuleManager: Shutting down and abandoning module LinuxNoEditorTargetPlatform (99)
[2017.05.05-03.35.40:573][293]LogModuleManager: Shutting down and abandoning module LinuxClientTargetPlatform (97)
[2017.05.05-03.35.40:573][293]LogModuleManager: Shutting down and abandoning module TVOSTargetPlatform (95)
[2017.05.05-03.35.40:573][293]LogModuleManager: Shutting down and abandoning module Messaging (93)
[2017.05.05-03.35.40:573][293]LogModuleManager: Shutting down and abandoning module IOSTargetPlatform (91)
[2017.05.05-03.35.40:573][293]LogModuleManager: Shutting down and abandoning module HTML5TargetPlatform (89)
[2017.05.05-03.35.40:573][293]LogModuleManager: Shutting down and abandoning module Android_PVRTCTargetPlatform (87)
[2017.05.05-03.35.40:573][293]LogModuleManager: Shutting down and abandoning module Android_MultiTargetPlatform (85)
[2017.05.05-03.35.40:573][293]LogModuleManager: Shutting down and abandoning module Android_ETC2TargetPlatform (83)
[2017.05.05-03.35.40:574][293]LogModuleManager: Shutting down and abandoning module Android_ETC1TargetPlatform (81)
[2017.05.05-03.35.40:574][293]LogModuleManager: Shutting down and abandoning module Android_DXTTargetPlatform (79)
[2017.05.05-03.35.40:574][293]LogModuleManager: Shutting down and abandoning module Android_ATCTargetPlatform (77)
[2017.05.05-03.35.40:574][293]LogModuleManager: Shutting down and abandoning module Android_ASTCTargetPlatform (75)
[2017.05.05-03.35.40:574][293]LogModuleManager: Shutting down and abandoning module AndroidTargetPlatform (73)
[2017.05.05-03.35.40:574][293]LogModuleManager: Shutting down and abandoning module WindowsTargetPlatform (71)
[2017.05.05-03.35.40:574][293]LogModuleManager: Shutting down and abandoning module WindowsServerTargetPlatform (69)
[2017.05.05-03.35.40:574][293]LogModuleManager: Shutting down and abandoning module WindowsNoEditorTargetPlatform (67)
[2017.05.05-03.35.40:574][293]LogModuleManager: Shutting down and abandoning module WindowsClientTargetPlatform (65)
[2017.05.05-03.35.40:574][293]LogModuleManager: Shutting down and abandoning module MacTargetPlatform (63)
[2017.05.05-03.35.40:574][293]LogModuleManager: Shutting down and abandoning module MacServerTargetPlatform (61)
[2017.05.05-03.35.40:574][293]LogModuleManager: Shutting down and abandoning module MacNoEditorTargetPlatform (59)
[2017.05.05-03.35.40:574][293]LogModuleManager: Shutting down and abandoning module MacClientTargetPlatform (57)
[2017.05.05-03.35.40:574][293]LogModuleManager: Shutting down and abandoning module AllDesktopTargetPlatform (55)
[2017.05.05-03.35.40:574][293]LogModuleManager: Shutting down and abandoning module InputCore (52)
[2017.05.05-03.35.40:574][293]LogModuleManager: Shutting down and abandoning module Settings (50)
[2017.05.05-03.35.40:574][293]LogModuleManager: Shutting down and abandoning module OculusRift (48)
[2017.05.05-03.35.40:574][293]LogModuleManager: Shutting down and abandoning module GearVR (46)
[2017.05.05-03.35.40:574][293]LogModuleManager: Shutting down and abandoning module ExampleDeviceProfileSelector (44)
[2017.05.05-03.35.40:574][293]LogModuleManager: Shutting down and abandoning module OnlineBlueprintSupport (42)
[2017.05.05-03.35.40:574][293]LogModuleManager: Shutting down and abandoning module OnlineSubsystem (38)
[2017.05.05-03.35.40:574][293]LogOnline:Display: Unloading online subsystem: NULL
[2017.05.05-03.35.40:574][293]LogModuleManager: Shutting down and abandoning module XMPP (37)
[2017.05.05-03.35.40:574][293]LogModuleManager: Shutting down and abandoning module HTTP (35)
[2017.05.05-03.35.40:574][293]LogHttp:Display: Http module shutting down, but needs to wait on 1 outstanding Http requests:
[2017.05.05-03.35.40:574][293]LogHttp:Display: 	verb=[POST] url=[https://datarouter.ol.epicgames.com/datarouter/api/v1/public/data?SessionID=%7B41C25D37-4225-8D83-316E-6BB420AC157A%7D&AppID=UEEditor.Rocket.Release&AppVersion=4.15.2-3416026%2B%2B%2BUE4%2BRelease-4.15&UserID=fc0ab5e14c29e395dee894bb26e0e4c8%7Ccbf7e4b3a2fa4a3483ff9ae11ae13430%7C0a898179-1db4-4ad6-89ab-2983492e6393&AppEnvironment=datacollector-binary&UploadType=eteventstream] status=Processing
[2017.05.05-03.35.40:578][293]LogModuleManager: Shutting down and abandoning module SSL (34)
[2017.05.05-03.35.40:579][293]LogModuleManager: Shutting down and abandoning module AudioEditor (30)
[2017.05.05-03.35.40:579][293]LogModuleManager: Shutting down and abandoning module TextureCompressor (28)
[2017.05.05-03.35.40:580][293]LogModuleManager: Shutting down and abandoning module ShaderCore (26)
[2017.05.05-03.35.40:580][293]LogModuleManager: Shutting down and abandoning module Landscape (24)
[2017.05.05-03.35.40:580][293]LogModuleManager: Shutting down and abandoning module SlateRHIRenderer (22)
[2017.05.05-03.35.40:583][293]LogModuleManager: Shutting down and abandoning module OpenGLDrv (20)
[2017.05.05-03.35.40:583][293]LogModuleManager: Shutting down and abandoning module D3D11RHI (18)
[2017.05.05-03.35.40:583][293]LogModuleManager: Shutting down and abandoning module AnimGraphRuntime (16)
[2017.05.05-03.35.40:583][293]LogModuleManager: Shutting down and abandoning module Renderer (14)
[2017.05.05-03.35.40:583][293]LogModuleManager: Shutting down and abandoning module Engine (12)
[2017.05.05-03.35.40:583][293]LogModuleManager: Shutting down and abandoning module CoreUObject (10)
[2017.05.05-03.35.40:583][293]LogModuleManager: Shutting down and abandoning module NetworkFile (8)
[2017.05.05-03.35.40:583][293]LogModuleManager: Shutting down and abandoning module StreamingFile (6)
[2017.05.05-03.35.40:583][293]LogModuleManager: Shutting down and abandoning module SandboxFile (4)
[2017.05.05-03.35.40:583][293]LogModuleManager: Shutting down and abandoning module PakFile (2)
[2017.05.05-03.35.40:587][293]LogExit: Exiting.
[2017.05.05-03.35.40:615][293]Log file closed, 05/04/17 23:35:40
