Log file open, 05/14/17 12:36:05
LogInit:Display: Running engine for game: Shooter
LogPlatformFile: Not using cached read wrapper
LogInit:Display: RandInit(217633601) SRandInit(217633602).
LogTaskGraph: Started task graph with 5 named threads and 8 total threads with 1 sets of task threads.
LogStats: Stats thread started at 0.407452
LogInit: Using libcurl 7.47.1
LogInit:  - built for x86_64-pc-win32
LogInit:  - supports SSL with OpenSSL/1.0.2g
LogInit:  - supports HTTP deflate (compression) using libz 1.2.8
LogInit:  - other features:
LogInit:      CURL_VERSION_SSL
LogInit:      CURL_VERSION_LIBZ
LogInit:      CURL_VERSION_IPV6
LogInit:      CURL_VERSION_ASYNCHDNS
LogInit:      CURL_VERSION_LARGEFILE
LogInit:      CURL_VERSION_IDN
LogInit:  CurlRequestOptions (configurable via config and command line):
LogInit:  - bVerifyPeer = false  - Libcurl will NOT verify peer certificate
LogInit:  - bUseHttpProxy = false  - Libcurl will NOT use HTTP proxy
LogInit:  - bDontReuseConnections = false  - Libcurl will reuse connections
LogInit:  - CertBundlePath = nullptr  - Libcurl will use whatever was configured at build time.
LogInit: Build: ++UE4+Release-4.15-CL-3416026
LogInit: Engine Version: 4.15.2-3416026+++UE4+Release-4.15
LogInit: Compatible Engine Version: 4.15.0-3299760+++UE4+Release-4.15
LogInit: Net CL: 3299760
LogDevObjectVersion: Number of dev versions registered: 14
LogDevObjectVersion:   Dev-Blueprints (B0D832E4-1F89-4F0D-ACCF-7EB736FD4AA2): 8
LogDevObjectVersion:   Dev-Build (E1C64328-A22C-4D53-A36C-8E866417BD8C): 0
LogDevObjectVersion:   Dev-Core (375EC13C-06E4-48FB-B500-84F0262A717E): 2
LogDevObjectVersion:   Dev-Editor (E4B068ED-F494-42E9-A231-DA0B2E46BB41): 14
LogDevObjectVersion:   Dev-Framework (CFFC743F-43B0-4480-9391-14DF171D2073): 22
LogDevObjectVersion:   Dev-Mobile (B02B49B5-BB20-44E9-A304-32B752E40360): 0
LogDevObjectVersion:   Dev-Networking (A4E4105C-59A1-49B5-A7C5-40C4547EDFEE): 0
LogDevObjectVersion:   Dev-Online (39C831C9-5AE6-47DC-9A44-9C173E1C8E7C): 0
LogDevObjectVersion:   Dev-Physics (78F01B33-EBEA-4F98-B9B4-84EACCB95AA2): 0
LogDevObjectVersion:   Dev-Platform (6631380F-2D4D-43E0-8009-CF276956A95A): 0
LogDevObjectVersion:   Dev-Rendering (12F88B9F-8875-4AFC-A67C-D90C383ABD29): 12
LogDevObjectVersion:   Dev-Sequencer (7B5AE74C-D270-4C10-A958-57980B212A5A): 3
LogDevObjectVersion:   Dev-VR (D7296918-1DD6-4BDD-9DE2-64A83CC13884): 0
LogDevObjectVersion:   Dev-LoadTimes (C2A15278-BFE7-4AFE-6C17-90FF531DF755): 1
LogInit: Compiled (64-bit): May  1 2017 13:11:28
LogInit: Compiled with Visual C++: 19.00.23026.00
LogInit: Build Configuration: Development
LogInit: Branch Name: ++UE4+Release-4.15
LogInit: Command line:  /Temp/Autosaves/Game/ThirdPersonBP/Maps/UEDPCThirdPersonExampleMap -game -PIEVIACONSOLE -ResX=1280 -ResY=720  -Multiprocess -messaging -SessionName="Play in Standalone Game" -windowed 
LogInit: Base directory: D:/Epic Games/UE_4.15/Engine/Binaries/Win64/
LogInit: Installed Engine Build: 1
LogInit: Presizing for max 8388607 objects, including 0 objects not considered by GC, pre-allocating 0 bytes for permanent pool.
LogInit: Object subsystem initialized
[2017.05.14-04.36.07:916][  0]LogInit: Selected Device Profile: [Windows]
[2017.05.14-04.36.07:916][  0]LogInit: Applying CVar settings loaded from the selected device profile: [Windows]
[2017.05.14-04.36.07:931][  0]LogInit: Computer: DESKTOP-44SKKF1
[2017.05.14-04.36.07:931][  0]LogInit: User: 1
[2017.05.14-04.36.07:931][  0]LogInit: CPU Page size=65536, Cores=4
[2017.05.14-04.36.07:931][  0]LogInit: High frequency timer resolution =1.754522 MHz
[2017.05.14-04.36.07:931][  0]LogMemory: Memory total: Physical=7.3GB (8GB approx)
[2017.05.14-04.36.07:931][  0]LogMemory: Platform Memory Stats for Windows
[2017.05.14-04.36.07:931][  0]LogMemory: Process Physical Memory: 263.67 MB used, 263.67 MB peak
[2017.05.14-04.36.07:931][  0]LogMemory: Process Virtual Memory: 262.55 MB used, 262.55 MB peak
[2017.05.14-04.36.07:931][  0]LogMemory: Physical Memory: 6254.98 MB used,  1230.36 MB free, 7485.34 MB total
[2017.05.14-04.36.07:931][  0]LogMemory: Virtual Memory: 643.94 MB used,  1230.36 MB free, 134217728.00 MB total
[2017.05.14-04.36.09:568][  0]LogTextLocalizationManager:Warning: Loaded localization resources contain conflicting entries for (Namespace:UObjectToolTips, Key:AnimNode_AssetPlayerBase:InternalTimeAccumulator):
Localization Resource: (D:/Epic Games/UE_4.15/Engine/Content/Localization/EditorTutorials/zh-CN/EditorTutorials.locres) Source String Hash: (502993589) Localized String: (用于引用此节点中的资源的累积时间)
Localization Resource: (D:/Epic Games/UE_4.15/Engine/Content/Localization/Engine/zh-CN/Engine.locres) Source String Hash: (502993589) Localized String: (引用该节点中资源所用的累计时间)
[2017.05.14-04.36.09:569][  0]LogTextLocalizationManager:Warning: Loaded localization resources contain conflicting entries for (Namespace:UObjectToolTips, Key:AnimNode_AssetPlayerBase:bIgnoreForRelevancyTest):
Localization Resource: (D:/Epic Games/UE_4.15/Engine/Content/Localization/EditorTutorials/zh-CN/EditorTutorials.locres) Source String Hash: (319969718) Localized String: (若为真，在状态中寻找最高权重动画的“相关动画”节点将忽视 此节点)
Localization Resource: (D:/Epic Games/UE_4.15/Engine/Content/Localization/Engine/zh-CN/Engine.locres) Source String Hash: (319969718) Localized String: (如果为真，那么将会忽略查找最高权重动画的"相关动画"节点。
这个节点)
[2017.05.14-04.36.09:569][  0]LogTextLocalizationManager:Warning: Loaded localization resources contain conflicting entries for (Namespace:UObjectToolTips, Key:AnimNode_AssetPlayerBase:BlendWeight):
Localization Resource: (D:/Epic Games/UE_4.15/Engine/Content/Localization/EditorTutorials/zh-CN/EditorTutorials.locres) Source String Hash: (-1232800293) Localized String: (此节点最后交会的混合权重)
Localization Resource: (D:/Epic Games/UE_4.15/Engine/Content/Localization/Engine/zh-CN/Engine.locres) Source String Hash: (-1232800293) Localized String: (该节点上一次遇到的混合权重)
[2017.05.14-04.36.10:125][  0]LogD3D11RHI: D3D11 adapters:
[2017.05.14-04.36.10:259][  0]LogD3D11RHI:    0. 'AMD Radeon R6 Graphics' (Feature Level 11_0)
[2017.05.14-04.36.10:259][  0]LogD3D11RHI:       487/0/3742 MB DedicatedVideo/DedicatedSystem/SharedSystem, Outputs:1, VendorId:0x1002
[2017.05.14-04.36.10:266][  0]LogD3D11RHI:    1. 'Microsoft Basic Render Driver' (Feature Level 11_0)
[2017.05.14-04.36.10:266][  0]LogD3D11RHI:       0/0/3742 MB DedicatedVideo/DedicatedSystem/SharedSystem, Outputs:0, VendorId:0x1414
[2017.05.14-04.36.10:266][  0]LogD3D11RHI: Chosen D3D11 Adapter: 0
[2017.05.14-04.36.10:436][  0]LogD3D11RHI: Creating new Direct3DDevice
[2017.05.14-04.36.10:436][  0]LogD3D11RHI:     GPU DeviceId: 0x9874 (for the marketing name, search the web for "GPU Device Id")
[2017.05.14-04.36.10:436][  0]LogWindows: EnumDisplayDevices:
[2017.05.14-04.36.10:437][  0]LogWindows:    0. 'AMD Radeon R6 Graphics' (P:1 D:1)
[2017.05.14-04.36.10:442][  0]LogWindows:    1. 'AMD Radeon R6 Graphics' (P:0 D:0)
[2017.05.14-04.36.10:445][  0]LogWindows:    2. 'AMD Radeon R6 Graphics' (P:0 D:0)
[2017.05.14-04.36.10:449][  0]LogWindows: DebugString: FoundDriverCount:3 
[2017.05.14-04.36.10:449][  0]LogD3D11RHI:     Adapter Name: AMD Radeon R6 Graphics
[2017.05.14-04.36.10:449][  0]LogD3D11RHI:   Driver Version: Crimson 16.6 (internal:21.19.137.514, unified:21.19.137.514)
[2017.05.14-04.36.10:449][  0]LogD3D11RHI:      Driver Date: 11-21-2016
[2017.05.14-04.36.10:449][  0]LogRHI: Texture pool is 340 MB (70% of 487 MB)
[2017.05.14-04.36.10:881][  0]LogD3D11RHI: Async texture creation enabled
[2017.05.14-04.36.10:909][  0]LogD3D11RHI: GPU Timing Frequency: 100.000000 (Debug: 2 1)
[2017.05.14-04.36.10:913][  0]LogShaderCompilers: Guid format shader working directory is 2 characters bigger than the processId version (C:/Users/lenovo/Documents/UnrealPro/Shooter/Intermediate/Shaders/WorkingDirectory/602392/).
[2017.05.14-04.36.10:914][  0]LogShaderCompilers: Cleaned the shader compiler working directory 'C:/Users/lenovo/AppData/Local/Temp/UnrealShaderWorkingDir/63814539467880DADA64D5AB4AB869D7/'.
[2017.05.14-04.36.10:914][  0]LogShaderCompilers:Display: Using Local Shader Compiler.
[2017.05.14-04.36.18:932][  0]LogTemp:Display: Loaded TP WindowsClientTargetPlatform
[2017.05.14-04.36.19:207][  0]LogTemp:Display: Loaded TP WindowsNoEditorTargetPlatform
[2017.05.14-04.36.19:510][  0]LogTemp:Display: Loaded TP WindowsServerTargetPlatform
[2017.05.14-04.36.19:725][  0]LogTemp:Display: Loaded TP WindowsTargetPlatform
[2017.05.14-04.36.19:725][  0]LogTargetPlatformManager:Display: Building Assets For Windows
[2017.05.14-04.36.22:100][  0]LogDerivedDataCache:Display: Max Cache Size: 512 MB
[2017.05.14-04.36.22:416][  0]LogDerivedDataCache: Loaded boot cache 0.32s 50MB C:/Users/lenovo/AppData/Local/UnrealEngine/4.15/DerivedDataCache/Boot.ddc.
[2017.05.14-04.36.22:416][  0]LogDerivedDataCache:Display: Loaded Boot cache: C:/Users/lenovo/AppData/Local/UnrealEngine/4.15/DerivedDataCache/Boot.ddc
[2017.05.14-04.36.22:416][  0]LogDerivedDataCache: FDerivedDataBackendGraph:  Pak pak cache file C:/Users/lenovo/Documents/UnrealPro/Shooter/DerivedDataCache/DDC.ddp not found, will not use a pak cache.
[2017.05.14-04.36.22:416][  0]LogDerivedDataCache: Unable to find inner node Pak for hierarchical cache Hierarchy.
[2017.05.14-04.36.22:416][  0]LogDerivedDataCache: FDerivedDataBackendGraph:  CompressedPak pak cache file C:/Users/lenovo/Documents/UnrealPro/Shooter/DerivedDataCache/Compressed.ddp not found, will not use a pak cache.
[2017.05.14-04.36.22:416][  0]LogDerivedDataCache: Unable to find inner node CompressedPak for hierarchical cache Hierarchy.
[2017.05.14-04.36.22:489][  0]LogDerivedDataCache:Display: Pak cache opened for reading ../../../Engine/DerivedDataCache/Compressed.ddp.
[2017.05.14-04.36.22:512][  0]LogDerivedDataCache: Using Local data cache path C:/Users/lenovo/AppData/Local/UnrealEngine/Common/DerivedDataCache: Writable
[2017.05.14-04.36.22:568][  0]LogSlate: Using Freetype 2.6.0
[2017.05.14-04.36.22:571][  0]LogSlate: SlateFontCache - WITH_FREETYPE: 1, WITH_HARFBUZZ: 1
[2017.05.14-04.36.22:571][  0]LogSlate: SlateFontCache - WITH_FREETYPE: 1, WITH_HARFBUZZ: 1
[2017.05.14-04.36.24:300][  0]LogAssetRegistry: FAssetRegistry took 0.0004 seconds to start up
[2017.05.14-04.36.24:356][  0]LogPackageLocalizationCache: Processed 3 localized package path(s) for 4 prioritized culture(s) in 0.055161 seconds
[2017.05.14-04.36.24:466][  0]LogInit: Selected Device Profile: [Windows]
[2017.05.14-04.36.24:494][  0]LogContentStreaming: Texture pool size is 1000.00 MB
[2017.05.14-04.36.26:116][  0]LogMeshUtilities: Using QuadricMeshReduction for automatic static mesh reduction
[2017.05.14-04.36.26:400][  0]LogSimplygon: Simplygon DLL not present - disabling.
[2017.05.14-04.36.26:663][  0]LogMeshUtilities: Using SimplygonSwarm for distributed automatic mesh merging
[2017.05.14-04.36.26:663][  0]LogMeshUtilities: No automatic skeletal mesh reduction module available
[2017.05.14-04.36.26:663][  0]LogMeshUtilities: No automatic mesh merging module available
[2017.05.14-04.36.29:889][  0]LogNetVersion: GetLocalNetworkVersion: CL: 3299760, ProjectName: shooter, ProjectVersion: , EngineNetworkVersion: 2, GameNetworkVersion: 0, NetworkChecksum: 1589670086
[2017.05.14-04.36.30:303][  0]LogInit: WinSock: version 1.1 (2.2), MaxSocks=32767, MaxUdp=65467
[2017.05.14-04.36.36:545][  0]LogMoviePlayer: Initializing movie player
[2017.05.14-04.36.38:881][  0]LogTcpMessaging: Initializing TcpMessaging bridge
[2017.05.14-04.36.39:054][  0]LogUdpMessaging: Initializing bridge on interface 0.0.0.0:0 to multicast group 230.0.0.1:6666.
