Log file open, 05/09/17 22:15:09
LogInit:Display: Running engine for game: Shooter
LogPlatformFile: Not using cached read wrapper
LogInit:Display: RandInit(-968234254) SRandInit(-968234254).
LogTaskGraph: Started task graph with 5 named threads and 8 total threads with 1 sets of task threads.
LogStats: Stats thread started at 0.136641
LogInit: Using libcurl 7.47.1
LogInit:  - built for x86_64-pc-win32
LogInit:  - supports SSL with OpenSSL/1.0.2g
LogInit:  - supports HTTP deflate (compression) using libz 1.2.8
LogInit:  - other features:
LogInit:      CURL_VERSION_SSL
LogInit:      CURL_VERSION_LIBZ
LogInit:      CURL_VERSION_IPV6
LogInit:      CURL_VERSION_ASYNCHDNS
LogInit:      CURL_VERSION_LARGEFILE
LogInit:      CURL_VERSION_IDN
LogInit:  CurlRequestOptions (configurable via config and command line):
LogInit:  - bVerifyPeer = false  - Libcurl will NOT verify peer certificate
LogInit:  - bUseHttpProxy = false  - Libcurl will NOT use HTTP proxy
LogInit:  - bDontReuseConnections = false  - Libcurl will reuse connections
LogInit:  - CertBundlePath = nullptr  - Libcurl will use whatever was configured at build time.
LogInit: Build: ++UE4+Release-4.15-CL-3416026
LogInit: Engine Version: 4.15.2-3416026+++UE4+Release-4.15
LogInit: Compatible Engine Version: 4.15.0-3299760+++UE4+Release-4.15
LogInit: Net CL: 3299760
LogDevObjectVersion: Number of dev versions registered: 14
LogDevObjectVersion:   Dev-Blueprints (B0D832E4-1F89-4F0D-ACCF-7EB736FD4AA2): 8
LogDevObjectVersion:   Dev-Build (E1C64328-A22C-4D53-A36C-8E866417BD8C): 0
LogDevObjectVersion:   Dev-Core (375EC13C-06E4-48FB-B500-84F0262A717E): 2
LogDevObjectVersion:   Dev-Editor (E4B068ED-F494-42E9-A231-DA0B2E46BB41): 14
LogDevObjectVersion:   Dev-Framework (CFFC743F-43B0-4480-9391-14DF171D2073): 22
LogDevObjectVersion:   Dev-Mobile (B02B49B5-BB20-44E9-A304-32B752E40360): 0
LogDevObjectVersion:   Dev-Networking (A4E4105C-59A1-49B5-A7C5-40C4547EDFEE): 0
LogDevObjectVersion:   Dev-Online (39C831C9-5AE6-47DC-9A44-9C173E1C8E7C): 0
LogDevObjectVersion:   Dev-Physics (78F01B33-EBEA-4F98-B9B4-84EACCB95AA2): 0
LogDevObjectVersion:   Dev-Platform (6631380F-2D4D-43E0-8009-CF276956A95A): 0
LogDevObjectVersion:   Dev-Rendering (12F88B9F-8875-4AFC-A67C-D90C383ABD29): 12
LogDevObjectVersion:   Dev-Sequencer (7B5AE74C-D270-4C10-A958-57980B212A5A): 3
LogDevObjectVersion:   Dev-VR (D7296918-1DD6-4BDD-9DE2-64A83CC13884): 0
LogDevObjectVersion:   Dev-LoadTimes (C2A15278-BFE7-4AFE-6C17-90FF531DF755): 1
LogInit: Compiled (64-bit): May  1 2017 13:11:28
LogInit: Compiled with Visual C++: 19.00.23026.00
LogInit: Build Configuration: Development
LogInit: Branch Name: ++UE4+Release-4.15
LogInit: Command line:  
LogInit: Base directory: D:/Epic Games/UE_4.15/Engine/Binaries/Win64/
LogInit: Installed Engine Build: 1
LogInit: Presizing for max 8388607 objects, including 0 objects not considered by GC, pre-allocating 0 bytes for permanent pool.
LogInit: Object subsystem initialized
[2017.05.10-02.15.11:672][  0]LogInit: Selected Device Profile: [Windows]
[2017.05.10-02.15.11:672][  0]LogInit: Applying CVar settings loaded from the selected device profile: [Windows]
[2017.05.10-02.15.11:701][  0]LogInit: Computer: DESKTOP-44SKKF1
[2017.05.10-02.15.11:701][  0]LogInit: User: 1
[2017.05.10-02.15.11:701][  0]LogInit: CPU Page size=65536, Cores=4
[2017.05.10-02.15.11:701][  0]LogInit: High frequency timer resolution =1.754519 MHz
[2017.05.10-02.15.11:702][  0]LogMemory: Memory total: Physical=7.3GB (8GB approx)
[2017.05.10-02.15.11:702][  0]LogMemory: Platform Memory Stats for Windows
[2017.05.10-02.15.11:702][  0]LogMemory: Process Physical Memory: 262.86 MB used, 262.86 MB peak
[2017.05.10-02.15.11:702][  0]LogMemory: Process Virtual Memory: 262.59 MB used, 262.59 MB peak
[2017.05.10-02.15.11:702][  0]LogMemory: Physical Memory: 2674.75 MB used,  4810.58 MB free, 7485.34 MB total
[2017.05.10-02.15.11:702][  0]LogMemory: Virtual Memory: 643.93 MB used,  4810.58 MB free, 134217728.00 MB total
[2017.05.10-02.15.11:861][  0]LogInit: Overriding culture en with editor configuration.
[2017.05.10-02.15.13:179][  0]LogD3D11RHI: D3D11 adapters:
[2017.05.10-02.15.13:221][  0]LogD3D11RHI:    0. 'AMD Radeon R6 Graphics' (Feature Level 11_0)
[2017.05.10-02.15.13:221][  0]LogD3D11RHI:       487/0/3742 MB DedicatedVideo/DedicatedSystem/SharedSystem, Outputs:1, VendorId:0x1002
[2017.05.10-02.15.13:224][  0]LogD3D11RHI:    1. 'Microsoft Basic Render Driver' (Feature Level 11_0)
[2017.05.10-02.15.13:224][  0]LogD3D11RHI:       0/0/3742 MB DedicatedVideo/DedicatedSystem/SharedSystem, Outputs:0, VendorId:0x1414
[2017.05.10-02.15.13:224][  0]LogD3D11RHI: Chosen D3D11 Adapter: 0
[2017.05.10-02.15.13:243][  0]LogD3D11RHI: Creating new Direct3DDevice
[2017.05.10-02.15.13:244][  0]LogD3D11RHI:     GPU DeviceId: 0x9874 (for the marketing name, search the web for "GPU Device Id")
[2017.05.10-02.15.13:244][  0]LogWindows: EnumDisplayDevices:
[2017.05.10-02.15.13:244][  0]LogWindows:    0. 'AMD Radeon R6 Graphics' (P:1 D:1)
[2017.05.10-02.15.13:245][  0]LogWindows:    1. 'AMD Radeon R6 Graphics' (P:0 D:0)
[2017.05.10-02.15.13:246][  0]LogWindows:    2. 'AMD Radeon R6 Graphics' (P:0 D:0)
[2017.05.10-02.15.13:247][  0]LogWindows: DebugString: FoundDriverCount:3 
[2017.05.10-02.15.13:247][  0]LogD3D11RHI:     Adapter Name: AMD Radeon R6 Graphics
[2017.05.10-02.15.13:247][  0]LogD3D11RHI:   Driver Version: Crimson 16.6 (internal:21.19.137.514, unified:21.19.137.514)
[2017.05.10-02.15.13:247][  0]LogD3D11RHI:      Driver Date: 11-21-2016
[2017.05.10-02.15.13:247][  0]LogRHI: Texture pool is 340 MB (70% of 487 MB)
[2017.05.10-02.15.13:354][  0]LogD3D11RHI: Async texture creation enabled
[2017.05.10-02.15.13:379][  0]LogD3D11RHI: GPU Timing Frequency: 100.000000 (Debug: 2 1)
[2017.05.10-02.15.13:383][  0]LogShaderCompilers: Guid format shader working directory is 3 characters bigger than the processId version (C:/Users/lenovo/Documents/UnrealPro/Shooter/Intermediate/Shaders/WorkingDirectory/68344/).
[2017.05.10-02.15.13:383][  0]LogShaderCompilers: Cleaned the shader compiler working directory 'C:/Users/lenovo/AppData/Local/Temp/UnrealShaderWorkingDir/551D4C8244E4578D123117903BEDFA95/'.
[2017.05.10-02.15.13:383][  0]LogShaderCompilers:Display: Using Local Shader Compiler.
[2017.05.10-02.15.16:374][  0]LogTemp:Display: Loaded TP AllDesktopTargetPlatform
[2017.05.10-02.15.16:503][  0]LogTemp:Display: Loaded TP MacClientTargetPlatform
[2017.05.10-02.15.16:629][  0]LogTemp:Display: Loaded TP MacNoEditorTargetPlatform
[2017.05.10-02.15.16:760][  0]LogTemp:Display: Loaded TP MacServerTargetPlatform
[2017.05.10-02.15.16:882][  0]LogTemp:Display: Loaded TP MacTargetPlatform
[2017.05.10-02.15.17:030][  0]LogTemp:Display: Loaded TP WindowsClientTargetPlatform
[2017.05.10-02.15.17:149][  0]LogTemp:Display: Loaded TP WindowsNoEditorTargetPlatform
[2017.05.10-02.15.17:268][  0]LogTemp:Display: Loaded TP WindowsServerTargetPlatform
[2017.05.10-02.15.17:361][  0]LogTemp:Display: Loaded TP WindowsTargetPlatform
[2017.05.10-02.15.17:486][  0]LogTemp:Display: Loaded TP AndroidTargetPlatform
[2017.05.10-02.15.17:609][  0]LogTemp:Display: Loaded TP Android_ASTCTargetPlatform
[2017.05.10-02.15.17:727][  0]LogTemp:Display: Loaded TP Android_ATCTargetPlatform
[2017.05.10-02.15.17:859][  0]LogTemp:Display: Loaded TP Android_DXTTargetPlatform
[2017.05.10-02.15.18:004][  0]LogTemp:Display: Loaded TP Android_ETC1TargetPlatform
[2017.05.10-02.15.18:139][  0]LogTemp:Display: Loaded TP Android_ETC2TargetPlatform
[2017.05.10-02.15.18:404][  0]LogTemp:Display: Loaded TP Android_MultiTargetPlatform
[2017.05.10-02.15.18:404][  0]LogTemp:Display: Loaded TP Android_PVRTCTargetPlatform
[2017.05.10-02.15.18:520][  0]LogTemp:Display: Loaded TP HTML5TargetPlatform
[2017.05.10-02.15.18:713][  0]LogTemp:Display: Loaded TP IOSTargetPlatform
[2017.05.10-02.15.18:816][  0]LogTemp:Display: Loaded TP TVOSTargetPlatform
[2017.05.10-02.15.18:941][  0]LogTemp:Display: Loaded TP LinuxClientTargetPlatform
[2017.05.10-02.15.19:055][  0]LogTemp:Display: Loaded TP LinuxNoEditorTargetPlatform
[2017.05.10-02.15.19:172][  0]LogTemp:Display: Loaded TP LinuxServerTargetPlatform
[2017.05.10-02.15.19:290][  0]LogTemp:Display: Loaded TP LinuxTargetPlatform
[2017.05.10-02.15.19:290][  0]LogTargetPlatformManager:Display: Building Assets For Windows
[2017.05.10-02.15.20:281][  0]LogDerivedDataCache:Display: Max Cache Size: 512 MB
[2017.05.10-02.15.20:440][  0]LogDerivedDataCache: Loaded boot cache 0.16s 50MB C:/Users/lenovo/AppData/Local/UnrealEngine/4.15/DerivedDataCache/Boot.ddc.
[2017.05.10-02.15.20:440][  0]LogDerivedDataCache:Display: Loaded Boot cache: C:/Users/lenovo/AppData/Local/UnrealEngine/4.15/DerivedDataCache/Boot.ddc
[2017.05.10-02.15.20:441][  0]LogDerivedDataCache: FDerivedDataBackendGraph:  Pak pak cache file C:/Users/lenovo/Documents/UnrealPro/Shooter/DerivedDataCache/DDC.ddp not found, will not use a pak cache.
[2017.05.10-02.15.20:441][  0]LogDerivedDataCache: Unable to find inner node Pak for hierarchical cache Hierarchy.
[2017.05.10-02.15.20:441][  0]LogDerivedDataCache: FDerivedDataBackendGraph:  CompressedPak pak cache file C:/Users/lenovo/Documents/UnrealPro/Shooter/DerivedDataCache/Compressed.ddp not found, will not use a pak cache.
[2017.05.10-02.15.20:441][  0]LogDerivedDataCache: Unable to find inner node CompressedPak for hierarchical cache Hierarchy.
[2017.05.10-02.15.20:482][  0]LogDerivedDataCache:Display: Pak cache opened for reading ../../../Engine/DerivedDataCache/Compressed.ddp.
[2017.05.10-02.15.20:497][  0]LogDerivedDataCache: Using Local data cache path C:/Users/lenovo/AppData/Local/UnrealEngine/Common/DerivedDataCache: Writable
[2017.05.10-02.15.20:520][  0]LogSlate: Using Freetype 2.6.0
[2017.05.10-02.15.20:521][  0]LogSlate: SlateFontCache - WITH_FREETYPE: 1, WITH_HARFBUZZ: 1
[2017.05.10-02.15.20:521][  0]LogSlate: SlateFontCache - WITH_FREETYPE: 1, WITH_HARFBUZZ: 1
[2017.05.10-02.15.21:333][  0]LogInit: Selected Device Profile: [Windows]
[2017.05.10-02.15.21:343][  0]LogContentStreaming: Texture pool size is 0.00 MB
[2017.05.10-02.15.21:937][  0]LogMeshUtilities: Using QuadricMeshReduction for automatic static mesh reduction
[2017.05.10-02.15.22:031][  0]LogSimplygon: Simplygon DLL not present - disabling.
[2017.05.10-02.15.22:132][  0]LogMeshUtilities: Using SimplygonSwarm for distributed automatic mesh merging
[2017.05.10-02.15.22:132][  0]LogMeshUtilities: No automatic skeletal mesh reduction module available
[2017.05.10-02.15.22:132][  0]LogMeshUtilities: No automatic mesh merging module available
[2017.05.10-02.15.23:438][  0]LogNetVersion: GetLocalNetworkVersion: CL: 3299760, ProjectName: shooter, ProjectVersion: , EngineNetworkVersion: 2, GameNetworkVersion: 0, NetworkChecksum: 1589670086
[2017.05.10-02.15.23:513][  0]LogAssetRegistry: FAssetRegistry took 0.0231 seconds to start up
[2017.05.10-02.15.23:624][  0]LogPackageLocalizationCache: Processed 3 localized package path(s) for 1 prioritized culture(s) in 0.053314 seconds
[2017.05.10-02.15.23:639][  0]LogUObjectArray: 32493 objects as part of root set at end of initial load.
[2017.05.10-02.15.23:639][  0]LogUObjectAllocator: 7077032 out of 0 bytes used by permanent object pool.
[2017.05.10-02.15.23:639][  0]LogUObjectArray: CloseDisregardForGC: 0/0 objects in disregard for GC pool
[2017.05.10-02.15.23:796][  0]LogInit: WinSock: version 1.1 (2.2), MaxSocks=32767, MaxUdp=65467
[2017.05.10-02.15.27:732][  0]LogTcpMessaging: Initializing TcpMessaging bridge
[2017.05.10-02.15.27:803][  0]LogUdpMessaging: Initializing bridge on interface 0.0.0.0:0 to multicast group 230.0.0.1:6666.
[2017.05.10-02.15.28:749][  0]LogMaterial: Uniform references updated for custom material expression Custom.
[2017.05.10-02.15.29:608][  0]SourceControl: Info Source control is disabled
[2017.05.10-02.15.29:611][  0]SourceControl: Info Source control is disabled
[2017.05.10-02.15.29:714][  0]SourceControl: Info Source control is disabled
[2017.05.10-02.15.29:812][  0]SourceControl: Info Source control is disabled
[2017.05.10-02.15.32:614][  0]LogEngine: Initializing Engine...
[2017.05.10-02.15.32:617][  0]LogHMD: Failed to initialize OpenVR with code 110
[2017.05.10-02.15.32:857][  0]LogStats: UGameplayTagsManager::ConstructGameplayTagTree: Construct from data asset -  0.000 s
[2017.05.10-02.15.32:857][  0]LogStats: UGameplayTagsManager::ConstructGameplayTagTree: GameplayTagTreeChangedEvent.Broadcast -  0.000 s
[2017.05.10-02.15.33:131][  0]LogAIModule: Creating AISystem for world Untitled
[2017.05.10-02.15.33:162][  0]LogInit: XAudio2 using '扬声器 (Conexant SmartAudio HD)' : 2 channels at 48 kHz using 32 bits per sample (channel mask 0x3)
[2017.05.10-02.15.33:267][  0]LogInit: FAudioDevice initialized.
[2017.05.10-02.15.33:342][  0]LogDerivedDataCache: Saved boot cache 0.07s 50MB C:/Users/lenovo/AppData/Local/UnrealEngine/4.15/DerivedDataCache/Boot.ddc.
[2017.05.10-02.15.33:368][  0]LogInit: Texture streaming: Enabled
[2017.05.10-02.15.33:604][  0]LogEngineSessionManager: EngineSessionManager initialized
[2017.05.10-02.15.33:815][  0]LogInit: Transaction tracking system initialized
[2017.05.10-02.15.34:604][  0]BlueprintLog: New page: Editor Load
[2017.05.10-02.15.36:653][  0]LocalizationService: Info Localization service is disabled
[2017.05.10-02.15.38:563][  0]LogConsoleResponse:Display: 
[2017.05.10-02.15.38:862][  0]LogCook:Display: Max memory allowance for cook 16384mb min free memory 0mb
[2017.05.10-02.15.38:862][  0]LogCook:Display: Mobile HDR setting 1
[2017.05.10-02.15.39:004][  0]LogFileCache: Scanning file cache for directory 'C:/Users/lenovo/Documents/UnrealPro/Shooter/Content/' took 0.02s
[2017.05.10-02.15.41:234][  0]SourceControl: Info Source control is disabled
[2017.05.10-02.15.41:234][  0]Cmd: MAP LOAD FILE="C:/Users/lenovo/Documents/UnrealPro/Shooter/Content/ThirdPersonBP/Maps/ThirdPersonExampleMap.umap" TEMPLATE=0 SHOWPROGRESS=1 FEATURELEVEL=3
[2017.05.10-02.15.41:236][  0]LightingResults: New page: Lighting Build
[2017.05.10-02.15.41:327][  0]MapCheck: New page: Map Check
[2017.05.10-02.15.41:327][  0]LightingResults: New page: Lighting Build
[2017.05.10-02.15.42:597][  0]LogAIModule: Creating AISystem for world ThirdPersonExampleMap
[2017.05.10-02.15.42:679][  0]LogEditorServer: Finished looking for orphan Actors (0.000 secs)
[2017.05.10-02.15.42:680][  0]Cmd: MAP CHECKDEP NOCLEARLOG
[2017.05.10-02.15.42:796][  0]MapCheck: Info Map check complete: 0 Error(s), 0 Warning(s), took 115.844ms to complete.
[2017.05.10-02.15.42:796][  0]LogFileHelpers: Loading map 'ThirdPersonExampleMap' took 1.562
[2017.05.10-02.15.42:876][  0]LogWindowsTextInputMethodSystem:Display: IME system now deactivated.
[2017.05.10-02.15.43:137][  0]LogCollectionManager: Loaded 0 collections in 0.003578 seconds
[2017.05.10-02.15.43:279][  0]LogFileCache: Scanning file cache for directory 'C:/Users/lenovo/Documents/UnrealPro/Shooter/Saved/Collections/' took 0.01s
[2017.05.10-02.15.43:279][  0]LogFileCache: Scanning file cache for directory 'C:/Users/lenovo/Documents/UnrealPro/Shooter/Content/Developers/1/Collections/' took 0.01s
[2017.05.10-02.15.43:279][  0]LogFileCache: Scanning file cache for directory 'C:/Users/lenovo/Documents/UnrealPro/Shooter/Content/Collections/' took 0.01s
[2017.05.10-02.15.43:279][  0]LogCollectionManager: Rebuilt the GUID cache for 0 collections in 0.000005 seconds
[2017.05.10-02.15.43:302][  0]LogContentBrowser: Native class hierarchy populated in 0.0223 seconds. Added 2245 classes and 453 folders.
[2017.05.10-02.15.43:454][  0]LogContentBrowser: Native class hierarchy updated for 'WidgetCarousel' in 0.0013 seconds. Added 0 classes and 0 folders.
[2017.05.10-02.15.43:548][  0]LogContentBrowser: Native class hierarchy updated for 'AddContentDialog' in 0.0011 seconds. Added 0 classes and 0 folders.
[2017.05.10-02.15.43:642][  0]LogContentBrowser: Native class hierarchy updated for 'SceneOutliner' in 0.0012 seconds. Added 1 classes and 2 folders.
[2017.05.10-02.15.43:742][  0]LogCrashTracker: Crashtracker disabled due to settings.
[2017.05.10-02.15.43:754][  0]LogUObjectGlobals:Warning: Failed to find object 'Class None.'
[2017.05.10-02.15.43:880][  0]LogContentBrowser: Native class hierarchy updated for 'HierarchicalLODOutliner' in 0.0012 seconds. Added 1 classes and 2 folders.
[2017.05.10-02.15.43:880][  0]LogLoad: (Engine Initialization) Total time: 36.40 seconds
[2017.05.10-02.15.43:880][  0]LogLoad: (Engine Initialization) Total Blueprint compile time: 0.41 seconds
[2017.05.10-02.15.43:880][  0]LogExternalProfiler: Found external profiler: VSPerf
[2017.05.10-02.15.43:880][  0]LogExternalProfiler: Using external profiler: VSPerf
[2017.05.10-02.15.43:890][  0]LogOcInput: OculusInput pre-init called
[2017.05.10-02.15.43:918][  0]LogContentStreaming: Texture pool size now 400 MB
[2017.05.10-02.15.43:920][  0]LogSlate: Took 0.000538 seconds to synchronously load lazily loaded font '../../../Engine/Content/Slate/Fonts/Roboto-Regular.ttf' (155K)
[2017.05.10-02.15.43:930][  0]LogSlate: Took 0.000465 seconds to synchronously load lazily loaded font '../../../Engine/Content/Slate/Fonts/Roboto-Bold.ttf' (160K)
[2017.05.10-02.15.43:942][  0]LogSlate: Took 0.000739 seconds to synchronously load lazily loaded font '../../../Engine/Content/Editor/Slate/Fonts/FontAwesome.ttf' (139K)
[2017.05.10-02.15.44:286][  0]LogRenderer: Reallocating scene render targets to support 884x408 NumSamples 1 (Frame:2).
[2017.05.10-02.15.44:492][  1]LogHttp:Warning: 000001FEFB971D80: request failed, libcurl error: 6 (Couldn't resolve host name)
[2017.05.10-02.15.44:492][  1]LogHttp:Warning: 000001FEFB971D80: libcurl info message cache 0 (Could not resolve host: cdn.unrealengine.com)
[2017.05.10-02.15.44:492][  1]LogHttp:Warning: 000001FEFB971D80: libcurl info message cache 1 (Closing connection 0)
[2017.05.10-02.15.44:585][  2]LogHttp:Warning: 000001FEFBDDBE80: request failed, libcurl error: 6 (Couldn't resolve host name)
[2017.05.10-02.15.44:585][  2]LogHttp:Warning: 000001FEFBDDBE80: libcurl info message cache 0 (Could not resolve host: cdn.unrealengine.com)
[2017.05.10-02.15.44:585][  2]LogHttp:Warning: 000001FEFBDDBE80: libcurl info message cache 1 (Closing connection 1)
[2017.05.10-02.15.44:627][  3]LogHttp:Warning: 000001FEFBD44580: request failed, libcurl error: 6 (Couldn't resolve host name)
[2017.05.10-02.15.44:627][  3]LogHttp:Warning: 000001FEFBD44580: libcurl info message cache 0 (Could not resolve host: cdn.unrealengine.com)
[2017.05.10-02.15.44:627][  3]LogHttp:Warning: 000001FEFBD44580: libcurl info message cache 1 (Closing connection 2)
[2017.05.10-02.15.44:703][  4]LogAssetRegistry: Asset discovery search completed in 21.2120 seconds
[2017.05.10-02.15.44:703][  4]LogCollectionManager: Rebuilt the object cache for 0 collections in 0.000041 seconds (found 0 objects)
[2017.05.10-02.15.44:703][  4]LogCollectionManager: Fixed up redirectors for 0 collections in 0.000113 seconds (updated 0 objects)
[2017.05.10-02.15.53:640][261]LogSlate: Took 0.000464 seconds to synchronously load lazily loaded font '../../../Engine/Content/Slate/Fonts/Roboto-Light.ttf' (159K)
[2017.05.10-02.15.53:694][261]LogFactory: FactoryCreateFile: StaticMesh with FbxFactory (0 0 C:\Users\lenovo\Documents\Unreal Projects\ProjectAITournament\Shiny-invention\Shooter\Content\Mannequin\Animations\ThirdPerson_Jump.FBX)
[2017.05.10-02.15.53:725][261]LogFbx: ItemName: GlobalSettings, ItemCount : 1
[2017.05.10-02.15.53:725][261]LogFbx: ItemName: AnimationStack, ItemCount : 1
[2017.05.10-02.15.53:725][261]LogFbx: ItemName: AnimationLayer, ItemCount : 1
[2017.05.10-02.15.53:725][261]LogFbx: ItemName: NodeAttribute, ItemCount : 68
[2017.05.10-02.15.53:725][261]LogFbx: ItemName: Model, ItemCount : 68
[2017.05.10-02.15.53:725][261]LogFbx: ItemName: AnimationCurveNode, ItemCount : 204
[2017.05.10-02.15.53:725][261]LogFbx: ItemName: AnimationCurve, ItemCount : 612
[2017.05.10-02.15.53:737][261]LogFbx: Loading FBX Scene from C:\Users\lenovo\Documents\Unreal Projects\ProjectAITournament\Shiny-invention\Shooter\Content\Mannequin\Animations\ThirdPerson_Jump.FBX
[2017.05.10-02.15.53:820][261]LogFbx: FBX Scene Loaded Succesfully
[2017.05.10-02.15.57:273][261]LogSlate: Took 0.000423 seconds to synchronously load lazily loaded font '../../../Engine/Content/Slate/Fonts/Roboto-Light.ttf' (159K)
[2017.05.10-02.16.24:468][261]LogFbx: Loading FBX Scene from C:\Users\lenovo\Documents\Unreal Projects\ProjectAITournament\Shiny-invention\Shooter\Content\Mannequin\Animations\ThirdPerson_Jump.FBX
[2017.05.10-02.16.24:563][261]LogFbx: FBX Scene Loaded Succesfully
[2017.05.10-02.16.24:574][261]LogFbx: SortedLinks :(0) root
[2017.05.10-02.16.24:574][261]LogFbx: SortedLinks :(1) pelvis
[2017.05.10-02.16.24:574][261]LogFbx: SortedLinks :(2) spine_01
[2017.05.10-02.16.24:574][261]LogFbx: SortedLinks :(3) spine_02
[2017.05.10-02.16.24:574][261]LogFbx: SortedLinks :(4) spine_03
[2017.05.10-02.16.24:574][261]LogFbx: SortedLinks :(5) clavicle_l
[2017.05.10-02.16.24:574][261]LogFbx: SortedLinks :(6) upperarm_l
[2017.05.10-02.16.24:574][261]LogFbx: SortedLinks :(7) lowerarm_l
[2017.05.10-02.16.24:574][261]LogFbx: SortedLinks :(8) hand_l
[2017.05.10-02.16.24:574][261]LogFbx: SortedLinks :(9) index_01_l
[2017.05.10-02.16.24:574][261]LogFbx: SortedLinks :(10) index_02_l
[2017.05.10-02.16.24:574][261]LogFbx: SortedLinks :(11) index_03_l
[2017.05.10-02.16.24:574][261]LogFbx: SortedLinks :(12) middle_01_l
[2017.05.10-02.16.24:574][261]LogFbx: SortedLinks :(13) middle_02_l
[2017.05.10-02.16.24:574][261]LogFbx: SortedLinks :(14) middle_03_l
[2017.05.10-02.16.24:574][261]LogFbx: SortedLinks :(15) pinky_01_l
[2017.05.10-02.16.24:574][261]LogFbx: SortedLinks :(16) pinky_02_l
[2017.05.10-02.16.24:574][261]LogFbx: SortedLinks :(17) pinky_03_l
[2017.05.10-02.16.24:574][261]LogFbx: SortedLinks :(18) ring_01_l
[2017.05.10-02.16.24:575][261]LogFbx: SortedLinks :(19) ring_02_l
[2017.05.10-02.16.24:575][261]LogFbx: SortedLinks :(20) ring_03_l
[2017.05.10-02.16.24:575][261]LogFbx: SortedLinks :(21) thumb_01_l
[2017.05.10-02.16.24:575][261]LogFbx: SortedLinks :(22) thumb_02_l
[2017.05.10-02.16.24:575][261]LogFbx: SortedLinks :(23) thumb_03_l
[2017.05.10-02.16.24:575][261]LogFbx: SortedLinks :(24) lowerarm_twist_01_l
[2017.05.10-02.16.24:575][261]LogFbx: SortedLinks :(25) upperarm_twist_01_l
[2017.05.10-02.16.24:575][261]LogFbx: SortedLinks :(26) clavicle_r
[2017.05.10-02.16.24:575][261]LogFbx: SortedLinks :(27) upperarm_r
[2017.05.10-02.16.24:575][261]LogFbx: SortedLinks :(28) lowerarm_r
[2017.05.10-02.16.24:575][261]LogFbx: SortedLinks :(29) hand_r
[2017.05.10-02.16.24:575][261]LogFbx: SortedLinks :(30) index_01_r
[2017.05.10-02.16.24:575][261]LogFbx: SortedLinks :(31) index_02_r
[2017.05.10-02.16.24:575][261]LogFbx: SortedLinks :(32) index_03_r
[2017.05.10-02.16.24:575][261]LogFbx: SortedLinks :(33) middle_01_r
[2017.05.10-02.16.24:575][261]LogFbx: SortedLinks :(34) middle_02_r
[2017.05.10-02.16.24:575][261]LogFbx: SortedLinks :(35) middle_03_r
[2017.05.10-02.16.24:575][261]LogFbx: SortedLinks :(36) pinky_01_r
[2017.05.10-02.16.24:575][261]LogFbx: SortedLinks :(37) pinky_02_r
[2017.05.10-02.16.24:575][261]LogFbx: SortedLinks :(38) pinky_03_r
[2017.05.10-02.16.24:575][261]LogFbx: SortedLinks :(39) ring_01_r
[2017.05.10-02.16.24:575][261]LogFbx: SortedLinks :(40) ring_02_r
[2017.05.10-02.16.24:575][261]LogFbx: SortedLinks :(41) ring_03_r
[2017.05.10-02.16.24:575][261]LogFbx: SortedLinks :(42) thumb_01_r
[2017.05.10-02.16.24:575][261]LogFbx: SortedLinks :(43) thumb_02_r
[2017.05.10-02.16.24:575][261]LogFbx: SortedLinks :(44) thumb_03_r
[2017.05.10-02.16.24:575][261]LogFbx: SortedLinks :(45) lowerarm_twist_01_r
[2017.05.10-02.16.24:575][261]LogFbx: SortedLinks :(46) upperarm_twist_01_r
[2017.05.10-02.16.24:575][261]LogFbx: SortedLinks :(47) neck_01
[2017.05.10-02.16.24:575][261]LogFbx: SortedLinks :(48) head
[2017.05.10-02.16.24:575][261]LogFbx: SortedLinks :(49) thigh_l
[2017.05.10-02.16.24:575][261]LogFbx: SortedLinks :(50) calf_l
[2017.05.10-02.16.24:575][261]LogFbx: SortedLinks :(51) calf_twist_01_l
[2017.05.10-02.16.24:575][261]LogFbx: SortedLinks :(52) foot_l
[2017.05.10-02.16.24:575][261]LogFbx: SortedLinks :(53) ball_l
[2017.05.10-02.16.24:575][261]LogFbx: SortedLinks :(54) thigh_twist_01_l
[2017.05.10-02.16.24:575][261]LogFbx: SortedLinks :(55) thigh_r
[2017.05.10-02.16.24:575][261]LogFbx: SortedLinks :(56) calf_r
[2017.05.10-02.16.24:575][261]LogFbx: SortedLinks :(57) calf_twist_01_r
[2017.05.10-02.16.24:575][261]LogFbx: SortedLinks :(58) foot_r
[2017.05.10-02.16.24:575][261]LogFbx: SortedLinks :(59) ball_r
[2017.05.10-02.16.24:575][261]LogFbx: SortedLinks :(60) thigh_twist_01_r
[2017.05.10-02.16.24:575][261]LogFbx: SortedLinks :(61) ik_foot_root
[2017.05.10-02.16.24:575][261]LogFbx: SortedLinks :(62) ik_foot_l
[2017.05.10-02.16.24:575][261]LogFbx: SortedLinks :(63) ik_foot_r
[2017.05.10-02.16.24:575][261]LogFbx: SortedLinks :(64) ik_hand_root
[2017.05.10-02.16.24:575][261]LogFbx: SortedLinks :(65) ik_hand_gun
[2017.05.10-02.16.24:575][261]LogFbx: SortedLinks :(66) ik_hand_l
[2017.05.10-02.16.24:575][261]LogFbx: SortedLinks :(67) ik_hand_r
[2017.05.10-02.16.24:578][261]LogFbx: Parsing AnimStack Unreal Take
[2017.05.10-02.16.24:586][261]LogLinker: Can't find file '/Game/Mannequin/Animations/ThirdPerson_Jump'
[2017.05.10-02.16.24:586][261]LogLinker: Can't find file '/Game/Mannequin/Animations/ThirdPerson_Jump'
[2017.05.10-02.16.24:757][261]LogAnimationCompression: Building Anim DDC data for AnimSequence /Game/Mannequin/Animations/ThirdPerson_Jump.ThirdPerson_Jump
[2017.05.10-02.16.24:802][261]LogFactory: FactoryCreateFile: AnimSequence with FbxFactory (0 0 C:\Users\lenovo\Documents\Unreal Projects\ProjectAITournament\Shiny-invention\Shooter\Content\Mannequin\Animations\ThirdPersonIdle.FBX)
[2017.05.10-02.16.24:831][261]LogFbx: Loading FBX Scene from C:\Users\lenovo\Documents\Unreal Projects\ProjectAITournament\Shiny-invention\Shooter\Content\Mannequin\Animations\ThirdPersonIdle.FBX
[2017.05.10-02.16.24:922][261]LogFbx: FBX Scene Loaded Succesfully
[2017.05.10-02.16.24:931][261]LogFbx: SortedLinks :(0) root
[2017.05.10-02.16.24:931][261]LogFbx: SortedLinks :(1) pelvis
[2017.05.10-02.16.24:931][261]LogFbx: SortedLinks :(2) spine_01
[2017.05.10-02.16.24:931][261]LogFbx: SortedLinks :(3) spine_02
[2017.05.10-02.16.24:931][261]LogFbx: SortedLinks :(4) spine_03
[2017.05.10-02.16.24:931][261]LogFbx: SortedLinks :(5) clavicle_l
[2017.05.10-02.16.24:931][261]LogFbx: SortedLinks :(6) upperarm_l
[2017.05.10-02.16.24:931][261]LogFbx: SortedLinks :(7) lowerarm_l
[2017.05.10-02.16.24:931][261]LogFbx: SortedLinks :(8) hand_l
[2017.05.10-02.16.24:931][261]LogFbx: SortedLinks :(9) index_01_l
[2017.05.10-02.16.24:931][261]LogFbx: SortedLinks :(10) index_02_l
[2017.05.10-02.16.24:931][261]LogFbx: SortedLinks :(11) index_03_l
[2017.05.10-02.16.24:931][261]LogFbx: SortedLinks :(12) middle_01_l
[2017.05.10-02.16.24:931][261]LogFbx: SortedLinks :(13) middle_02_l
[2017.05.10-02.16.24:931][261]LogFbx: SortedLinks :(14) middle_03_l
[2017.05.10-02.16.24:931][261]LogFbx: SortedLinks :(15) pinky_01_l
[2017.05.10-02.16.24:931][261]LogFbx: SortedLinks :(16) pinky_02_l
[2017.05.10-02.16.24:931][261]LogFbx: SortedLinks :(17) pinky_03_l
[2017.05.10-02.16.24:931][261]LogFbx: SortedLinks :(18) ring_01_l
[2017.05.10-02.16.24:931][261]LogFbx: SortedLinks :(19) ring_02_l
[2017.05.10-02.16.24:931][261]LogFbx: SortedLinks :(20) ring_03_l
[2017.05.10-02.16.24:931][261]LogFbx: SortedLinks :(21) thumb_01_l
[2017.05.10-02.16.24:931][261]LogFbx: SortedLinks :(22) thumb_02_l
[2017.05.10-02.16.24:931][261]LogFbx: SortedLinks :(23) thumb_03_l
[2017.05.10-02.16.24:931][261]LogFbx: SortedLinks :(24) lowerarm_twist_01_l
[2017.05.10-02.16.24:931][261]LogFbx: SortedLinks :(25) upperarm_twist_01_l
[2017.05.10-02.16.24:931][261]LogFbx: SortedLinks :(26) clavicle_r
[2017.05.10-02.16.24:931][261]LogFbx: SortedLinks :(27) upperarm_r
[2017.05.10-02.16.24:931][261]LogFbx: SortedLinks :(28) lowerarm_r
[2017.05.10-02.16.24:931][261]LogFbx: SortedLinks :(29) hand_r
[2017.05.10-02.16.24:931][261]LogFbx: SortedLinks :(30) index_01_r
[2017.05.10-02.16.24:931][261]LogFbx: SortedLinks :(31) index_02_r
[2017.05.10-02.16.24:931][261]LogFbx: SortedLinks :(32) index_03_r
[2017.05.10-02.16.24:931][261]LogFbx: SortedLinks :(33) middle_01_r
[2017.05.10-02.16.24:932][261]LogFbx: SortedLinks :(34) middle_02_r
[2017.05.10-02.16.24:932][261]LogFbx: SortedLinks :(35) middle_03_r
[2017.05.10-02.16.24:932][261]LogFbx: SortedLinks :(36) pinky_01_r
[2017.05.10-02.16.24:932][261]LogFbx: SortedLinks :(37) pinky_02_r
[2017.05.10-02.16.24:932][261]LogFbx: SortedLinks :(38) pinky_03_r
[2017.05.10-02.16.24:932][261]LogFbx: SortedLinks :(39) ring_01_r
[2017.05.10-02.16.24:932][261]LogFbx: SortedLinks :(40) ring_02_r
[2017.05.10-02.16.24:932][261]LogFbx: SortedLinks :(41) ring_03_r
[2017.05.10-02.16.24:932][261]LogFbx: SortedLinks :(42) thumb_01_r
[2017.05.10-02.16.24:932][261]LogFbx: SortedLinks :(43) thumb_02_r
[2017.05.10-02.16.24:932][261]LogFbx: SortedLinks :(44) thumb_03_r
[2017.05.10-02.16.24:932][261]LogFbx: SortedLinks :(45) lowerarm_twist_01_r
[2017.05.10-02.16.24:932][261]LogFbx: SortedLinks :(46) upperarm_twist_01_r
[2017.05.10-02.16.24:932][261]LogFbx: SortedLinks :(47) neck_01
[2017.05.10-02.16.24:932][261]LogFbx: SortedLinks :(48) head
[2017.05.10-02.16.24:932][261]LogFbx: SortedLinks :(49) thigh_l
[2017.05.10-02.16.24:932][261]LogFbx: SortedLinks :(50) calf_l
[2017.05.10-02.16.24:932][261]LogFbx: SortedLinks :(51) calf_twist_01_l
[2017.05.10-02.16.24:932][261]LogFbx: SortedLinks :(52) foot_l
[2017.05.10-02.16.24:932][261]LogFbx: SortedLinks :(53) ball_l
[2017.05.10-02.16.24:932][261]LogFbx: SortedLinks :(54) thigh_twist_01_l
[2017.05.10-02.16.24:932][261]LogFbx: SortedLinks :(55) thigh_r
[2017.05.10-02.16.24:932][261]LogFbx: SortedLinks :(56) calf_r
[2017.05.10-02.16.24:932][261]LogFbx: SortedLinks :(57) calf_twist_01_r
[2017.05.10-02.16.24:932][261]LogFbx: SortedLinks :(58) foot_r
[2017.05.10-02.16.24:932][261]LogFbx: SortedLinks :(59) ball_r
[2017.05.10-02.16.24:932][261]LogFbx: SortedLinks :(60) thigh_twist_01_r
[2017.05.10-02.16.24:932][261]LogFbx: SortedLinks :(61) ik_foot_root
[2017.05.10-02.16.24:932][261]LogFbx: SortedLinks :(62) ik_foot_l
[2017.05.10-02.16.24:932][261]LogFbx: SortedLinks :(63) ik_foot_r
[2017.05.10-02.16.24:932][261]LogFbx: SortedLinks :(64) ik_hand_root
[2017.05.10-02.16.24:932][261]LogFbx: SortedLinks :(65) ik_hand_gun
[2017.05.10-02.16.24:932][261]LogFbx: SortedLinks :(66) ik_hand_l
[2017.05.10-02.16.24:932][261]LogFbx: SortedLinks :(67) ik_hand_r
[2017.05.10-02.16.24:936][261]LogFbx: Parsing AnimStack Unreal Take
[2017.05.10-02.16.24:948][261]LogLinker: Can't find file '/Game/Mannequin/Animations/ThirdPersonIdle'
[2017.05.10-02.16.24:948][261]LogLinker: Can't find file '/Game/Mannequin/Animations/ThirdPersonIdle'
[2017.05.10-02.16.25:321][261]LogSlate: Took 0.000384 seconds to synchronously load lazily loaded font '../../../Engine/Content/Slate/Fonts/Roboto-Regular.ttf' (155K)
[2017.05.10-02.16.25:898][261]LogAnimationCompression: Building Anim DDC data for AnimSequence /Game/Mannequin/Animations/ThirdPersonIdle.ThirdPersonIdle
[2017.05.10-02.16.25:941][261]LogFactory: FactoryCreateFile: AnimSequence with FbxFactory (0 0 C:\Users\lenovo\Documents\Unreal Projects\ProjectAITournament\Shiny-invention\Shooter\Content\Mannequin\Animations\ThirdPersonJump_End.FBX)
[2017.05.10-02.16.25:967][261]LogFbx: Loading FBX Scene from C:\Users\lenovo\Documents\Unreal Projects\ProjectAITournament\Shiny-invention\Shooter\Content\Mannequin\Animations\ThirdPersonJump_End.FBX
[2017.05.10-02.16.26:044][261]LogFbx: FBX Scene Loaded Succesfully
[2017.05.10-02.16.26:052][261]LogFbx: SortedLinks :(0) root
[2017.05.10-02.16.26:052][261]LogFbx: SortedLinks :(1) pelvis
[2017.05.10-02.16.26:052][261]LogFbx: SortedLinks :(2) spine_01
[2017.05.10-02.16.26:052][261]LogFbx: SortedLinks :(3) spine_02
[2017.05.10-02.16.26:052][261]LogFbx: SortedLinks :(4) spine_03
[2017.05.10-02.16.26:052][261]LogFbx: SortedLinks :(5) clavicle_l
[2017.05.10-02.16.26:052][261]LogFbx: SortedLinks :(6) upperarm_l
[2017.05.10-02.16.26:052][261]LogFbx: SortedLinks :(7) lowerarm_l
[2017.05.10-02.16.26:052][261]LogFbx: SortedLinks :(8) hand_l
[2017.05.10-02.16.26:052][261]LogFbx: SortedLinks :(9) index_01_l
[2017.05.10-02.16.26:052][261]LogFbx: SortedLinks :(10) index_02_l
[2017.05.10-02.16.26:052][261]LogFbx: SortedLinks :(11) index_03_l
[2017.05.10-02.16.26:052][261]LogFbx: SortedLinks :(12) middle_01_l
[2017.05.10-02.16.26:052][261]LogFbx: SortedLinks :(13) middle_02_l
[2017.05.10-02.16.26:052][261]LogFbx: SortedLinks :(14) middle_03_l
[2017.05.10-02.16.26:053][261]LogFbx: SortedLinks :(15) pinky_01_l
[2017.05.10-02.16.26:053][261]LogFbx: SortedLinks :(16) pinky_02_l
[2017.05.10-02.16.26:053][261]LogFbx: SortedLinks :(17) pinky_03_l
[2017.05.10-02.16.26:053][261]LogFbx: SortedLinks :(18) ring_01_l
[2017.05.10-02.16.26:053][261]LogFbx: SortedLinks :(19) ring_02_l
[2017.05.10-02.16.26:053][261]LogFbx: SortedLinks :(20) ring_03_l
[2017.05.10-02.16.26:053][261]LogFbx: SortedLinks :(21) thumb_01_l
[2017.05.10-02.16.26:053][261]LogFbx: SortedLinks :(22) thumb_02_l
[2017.05.10-02.16.26:053][261]LogFbx: SortedLinks :(23) thumb_03_l
[2017.05.10-02.16.26:053][261]LogFbx: SortedLinks :(24) lowerarm_twist_01_l
[2017.05.10-02.16.26:053][261]LogFbx: SortedLinks :(25) upperarm_twist_01_l
[2017.05.10-02.16.26:053][261]LogFbx: SortedLinks :(26) clavicle_r
[2017.05.10-02.16.26:053][261]LogFbx: SortedLinks :(27) upperarm_r
[2017.05.10-02.16.26:053][261]LogFbx: SortedLinks :(28) lowerarm_r
[2017.05.10-02.16.26:053][261]LogFbx: SortedLinks :(29) hand_r
[2017.05.10-02.16.26:053][261]LogFbx: SortedLinks :(30) index_01_r
[2017.05.10-02.16.26:053][261]LogFbx: SortedLinks :(31) index_02_r
[2017.05.10-02.16.26:053][261]LogFbx: SortedLinks :(32) index_03_r
[2017.05.10-02.16.26:053][261]LogFbx: SortedLinks :(33) middle_01_r
[2017.05.10-02.16.26:053][261]LogFbx: SortedLinks :(34) middle_02_r
[2017.05.10-02.16.26:053][261]LogFbx: SortedLinks :(35) middle_03_r
[2017.05.10-02.16.26:053][261]LogFbx: SortedLinks :(36) pinky_01_r
[2017.05.10-02.16.26:053][261]LogFbx: SortedLinks :(37) pinky_02_r
[2017.05.10-02.16.26:053][261]LogFbx: SortedLinks :(38) pinky_03_r
[2017.05.10-02.16.26:053][261]LogFbx: SortedLinks :(39) ring_01_r
[2017.05.10-02.16.26:053][261]LogFbx: SortedLinks :(40) ring_02_r
[2017.05.10-02.16.26:053][261]LogFbx: SortedLinks :(41) ring_03_r
[2017.05.10-02.16.26:053][261]LogFbx: SortedLinks :(42) thumb_01_r
[2017.05.10-02.16.26:053][261]LogFbx: SortedLinks :(43) thumb_02_r
[2017.05.10-02.16.26:053][261]LogFbx: SortedLinks :(44) thumb_03_r
[2017.05.10-02.16.26:053][261]LogFbx: SortedLinks :(45) lowerarm_twist_01_r
[2017.05.10-02.16.26:053][261]LogFbx: SortedLinks :(46) upperarm_twist_01_r
[2017.05.10-02.16.26:053][261]LogFbx: SortedLinks :(47) neck_01
[2017.05.10-02.16.26:053][261]LogFbx: SortedLinks :(48) head
[2017.05.10-02.16.26:053][261]LogFbx: SortedLinks :(49) thigh_l
[2017.05.10-02.16.26:053][261]LogFbx: SortedLinks :(50) calf_l
[2017.05.10-02.16.26:053][261]LogFbx: SortedLinks :(51) calf_twist_01_l
[2017.05.10-02.16.26:053][261]LogFbx: SortedLinks :(52) foot_l
[2017.05.10-02.16.26:053][261]LogFbx: SortedLinks :(53) ball_l
[2017.05.10-02.16.26:053][261]LogFbx: SortedLinks :(54) thigh_twist_01_l
[2017.05.10-02.16.26:053][261]LogFbx: SortedLinks :(55) thigh_r
[2017.05.10-02.16.26:053][261]LogFbx: SortedLinks :(56) calf_r
[2017.05.10-02.16.26:053][261]LogFbx: SortedLinks :(57) calf_twist_01_r
[2017.05.10-02.16.26:053][261]LogFbx: SortedLinks :(58) foot_r
[2017.05.10-02.16.26:053][261]LogFbx: SortedLinks :(59) ball_r
[2017.05.10-02.16.26:053][261]LogFbx: SortedLinks :(60) thigh_twist_01_r
[2017.05.10-02.16.26:053][261]LogFbx: SortedLinks :(61) ik_foot_root
[2017.05.10-02.16.26:053][261]LogFbx: SortedLinks :(62) ik_foot_l
[2017.05.10-02.16.26:053][261]LogFbx: SortedLinks :(63) ik_foot_r
[2017.05.10-02.16.26:053][261]LogFbx: SortedLinks :(64) ik_hand_root
[2017.05.10-02.16.26:053][261]LogFbx: SortedLinks :(65) ik_hand_gun
[2017.05.10-02.16.26:053][261]LogFbx: SortedLinks :(66) ik_hand_l
[2017.05.10-02.16.26:053][261]LogFbx: SortedLinks :(67) ik_hand_r
[2017.05.10-02.16.26:056][261]LogFbx: Parsing AnimStack Unreal Take
[2017.05.10-02.16.26:062][261]LogLinker: Can't find file '/Game/Mannequin/Animations/ThirdPersonJump_End'
[2017.05.10-02.16.26:062][261]LogLinker: Can't find file '/Game/Mannequin/Animations/ThirdPersonJump_End'
[2017.05.10-02.16.26:243][261]LogAnimationCompression: Building Anim DDC data for AnimSequence /Game/Mannequin/Animations/ThirdPersonJump_End.ThirdPersonJump_End
[2017.05.10-02.16.26:275][261]LogFactory: FactoryCreateFile: AnimSequence with FbxFactory (0 0 C:\Users\lenovo\Documents\Unreal Projects\ProjectAITournament\Shiny-invention\Shooter\Content\Mannequin\Animations\ThirdPersonJump_Loop.FBX)
[2017.05.10-02.16.26:305][261]LogFbx: Loading FBX Scene from C:\Users\lenovo\Documents\Unreal Projects\ProjectAITournament\Shiny-invention\Shooter\Content\Mannequin\Animations\ThirdPersonJump_Loop.FBX
[2017.05.10-02.16.26:392][261]LogFbx: FBX Scene Loaded Succesfully
[2017.05.10-02.16.26:403][261]LogFbx: SortedLinks :(0) root
[2017.05.10-02.16.26:403][261]LogFbx: SortedLinks :(1) pelvis
[2017.05.10-02.16.26:403][261]LogFbx: SortedLinks :(2) spine_01
[2017.05.10-02.16.26:403][261]LogFbx: SortedLinks :(3) spine_02
[2017.05.10-02.16.26:403][261]LogFbx: SortedLinks :(4) spine_03
[2017.05.10-02.16.26:403][261]LogFbx: SortedLinks :(5) clavicle_l
[2017.05.10-02.16.26:403][261]LogFbx: SortedLinks :(6) upperarm_l
[2017.05.10-02.16.26:403][261]LogFbx: SortedLinks :(7) lowerarm_l
[2017.05.10-02.16.26:403][261]LogFbx: SortedLinks :(8) hand_l
[2017.05.10-02.16.26:403][261]LogFbx: SortedLinks :(9) index_01_l
[2017.05.10-02.16.26:403][261]LogFbx: SortedLinks :(10) index_02_l
[2017.05.10-02.16.26:403][261]LogFbx: SortedLinks :(11) index_03_l
[2017.05.10-02.16.26:403][261]LogFbx: SortedLinks :(12) middle_01_l
[2017.05.10-02.16.26:403][261]LogFbx: SortedLinks :(13) middle_02_l
[2017.05.10-02.16.26:403][261]LogFbx: SortedLinks :(14) middle_03_l
[2017.05.10-02.16.26:403][261]LogFbx: SortedLinks :(15) pinky_01_l
[2017.05.10-02.16.26:403][261]LogFbx: SortedLinks :(16) pinky_02_l
[2017.05.10-02.16.26:403][261]LogFbx: SortedLinks :(17) pinky_03_l
[2017.05.10-02.16.26:403][261]LogFbx: SortedLinks :(18) ring_01_l
[2017.05.10-02.16.26:403][261]LogFbx: SortedLinks :(19) ring_02_l
[2017.05.10-02.16.26:403][261]LogFbx: SortedLinks :(20) ring_03_l
[2017.05.10-02.16.26:403][261]LogFbx: SortedLinks :(21) thumb_01_l
[2017.05.10-02.16.26:403][261]LogFbx: SortedLinks :(22) thumb_02_l
[2017.05.10-02.16.26:403][261]LogFbx: SortedLinks :(23) thumb_03_l
[2017.05.10-02.16.26:403][261]LogFbx: SortedLinks :(24) lowerarm_twist_01_l
[2017.05.10-02.16.26:403][261]LogFbx: SortedLinks :(25) upperarm_twist_01_l
[2017.05.10-02.16.26:403][261]LogFbx: SortedLinks :(26) clavicle_r
[2017.05.10-02.16.26:403][261]LogFbx: SortedLinks :(27) upperarm_r
[2017.05.10-02.16.26:403][261]LogFbx: SortedLinks :(28) lowerarm_r
[2017.05.10-02.16.26:403][261]LogFbx: SortedLinks :(29) hand_r
[2017.05.10-02.16.26:403][261]LogFbx: SortedLinks :(30) index_01_r
[2017.05.10-02.16.26:403][261]LogFbx: SortedLinks :(31) index_02_r
[2017.05.10-02.16.26:403][261]LogFbx: SortedLinks :(32) index_03_r
[2017.05.10-02.16.26:403][261]LogFbx: SortedLinks :(33) middle_01_r
[2017.05.10-02.16.26:403][261]LogFbx: SortedLinks :(34) middle_02_r
[2017.05.10-02.16.26:403][261]LogFbx: SortedLinks :(35) middle_03_r
[2017.05.10-02.16.26:403][261]LogFbx: SortedLinks :(36) pinky_01_r
[2017.05.10-02.16.26:403][261]LogFbx: SortedLinks :(37) pinky_02_r
[2017.05.10-02.16.26:403][261]LogFbx: SortedLinks :(38) pinky_03_r
[2017.05.10-02.16.26:403][261]LogFbx: SortedLinks :(39) ring_01_r
[2017.05.10-02.16.26:403][261]LogFbx: SortedLinks :(40) ring_02_r
[2017.05.10-02.16.26:403][261]LogFbx: SortedLinks :(41) ring_03_r
[2017.05.10-02.16.26:403][261]LogFbx: SortedLinks :(42) thumb_01_r
[2017.05.10-02.16.26:403][261]LogFbx: SortedLinks :(43) thumb_02_r
[2017.05.10-02.16.26:403][261]LogFbx: SortedLinks :(44) thumb_03_r
[2017.05.10-02.16.26:403][261]LogFbx: SortedLinks :(45) lowerarm_twist_01_r
[2017.05.10-02.16.26:403][261]LogFbx: SortedLinks :(46) upperarm_twist_01_r
[2017.05.10-02.16.26:403][261]LogFbx: SortedLinks :(47) neck_01
[2017.05.10-02.16.26:403][261]LogFbx: SortedLinks :(48) head
[2017.05.10-02.16.26:404][261]LogFbx: SortedLinks :(49) thigh_l
[2017.05.10-02.16.26:404][261]LogFbx: SortedLinks :(50) calf_l
[2017.05.10-02.16.26:404][261]LogFbx: SortedLinks :(51) calf_twist_01_l
[2017.05.10-02.16.26:404][261]LogFbx: SortedLinks :(52) foot_l
[2017.05.10-02.16.26:404][261]LogFbx: SortedLinks :(53) ball_l
[2017.05.10-02.16.26:404][261]LogFbx: SortedLinks :(54) thigh_twist_01_l
[2017.05.10-02.16.26:404][261]LogFbx: SortedLinks :(55) thigh_r
[2017.05.10-02.16.26:404][261]LogFbx: SortedLinks :(56) calf_r
[2017.05.10-02.16.26:404][261]LogFbx: SortedLinks :(57) calf_twist_01_r
[2017.05.10-02.16.26:404][261]LogFbx: SortedLinks :(58) foot_r
[2017.05.10-02.16.26:404][261]LogFbx: SortedLinks :(59) ball_r
[2017.05.10-02.16.26:404][261]LogFbx: SortedLinks :(60) thigh_twist_01_r
[2017.05.10-02.16.26:404][261]LogFbx: SortedLinks :(61) ik_foot_root
[2017.05.10-02.16.26:404][261]LogFbx: SortedLinks :(62) ik_foot_l
[2017.05.10-02.16.26:404][261]LogFbx: SortedLinks :(63) ik_foot_r
[2017.05.10-02.16.26:404][261]LogFbx: SortedLinks :(64) ik_hand_root
[2017.05.10-02.16.26:404][261]LogFbx: SortedLinks :(65) ik_hand_gun
[2017.05.10-02.16.26:404][261]LogFbx: SortedLinks :(66) ik_hand_l
[2017.05.10-02.16.26:404][261]LogFbx: SortedLinks :(67) ik_hand_r
[2017.05.10-02.16.26:408][261]LogFbx: Parsing AnimStack Unreal Take
[2017.05.10-02.16.26:416][261]LogLinker: Can't find file '/Game/Mannequin/Animations/ThirdPersonJump_Loop'
[2017.05.10-02.16.26:416][261]LogLinker: Can't find file '/Game/Mannequin/Animations/ThirdPersonJump_Loop'
[2017.05.10-02.16.26:756][261]LogAnimationCompression: Building Anim DDC data for AnimSequence /Game/Mannequin/Animations/ThirdPersonJump_Loop.ThirdPersonJump_Loop
[2017.05.10-02.16.26:790][261]LogFactory: FactoryCreateFile: AnimSequence with FbxFactory (0 0 C:\Users\lenovo\Documents\Unreal Projects\ProjectAITournament\Shiny-invention\Shooter\Content\Mannequin\Animations\ThirdPersonJump_Start.FBX)
[2017.05.10-02.16.26:818][261]LogFbx: Loading FBX Scene from C:\Users\lenovo\Documents\Unreal Projects\ProjectAITournament\Shiny-invention\Shooter\Content\Mannequin\Animations\ThirdPersonJump_Start.FBX
[2017.05.10-02.16.26:914][261]LogFbx: FBX Scene Loaded Succesfully
[2017.05.10-02.16.26:923][261]LogFbx: SortedLinks :(0) root
[2017.05.10-02.16.26:923][261]LogFbx: SortedLinks :(1) pelvis
[2017.05.10-02.16.26:923][261]LogFbx: SortedLinks :(2) spine_01
[2017.05.10-02.16.26:923][261]LogFbx: SortedLinks :(3) spine_02
[2017.05.10-02.16.26:923][261]LogFbx: SortedLinks :(4) spine_03
[2017.05.10-02.16.26:923][261]LogFbx: SortedLinks :(5) clavicle_l
[2017.05.10-02.16.26:923][261]LogFbx: SortedLinks :(6) upperarm_l
[2017.05.10-02.16.26:923][261]LogFbx: SortedLinks :(7) lowerarm_l
[2017.05.10-02.16.26:923][261]LogFbx: SortedLinks :(8) hand_l
[2017.05.10-02.16.26:923][261]LogFbx: SortedLinks :(9) index_01_l
[2017.05.10-02.16.26:923][261]LogFbx: SortedLinks :(10) index_02_l
[2017.05.10-02.16.26:923][261]LogFbx: SortedLinks :(11) index_03_l
[2017.05.10-02.16.26:923][261]LogFbx: SortedLinks :(12) middle_01_l
[2017.05.10-02.16.26:923][261]LogFbx: SortedLinks :(13) middle_02_l
[2017.05.10-02.16.26:923][261]LogFbx: SortedLinks :(14) middle_03_l
[2017.05.10-02.16.26:923][261]LogFbx: SortedLinks :(15) pinky_01_l
[2017.05.10-02.16.26:923][261]LogFbx: SortedLinks :(16) pinky_02_l
[2017.05.10-02.16.26:923][261]LogFbx: SortedLinks :(17) pinky_03_l
[2017.05.10-02.16.26:923][261]LogFbx: SortedLinks :(18) ring_01_l
[2017.05.10-02.16.26:923][261]LogFbx: SortedLinks :(19) ring_02_l
[2017.05.10-02.16.26:923][261]LogFbx: SortedLinks :(20) ring_03_l
[2017.05.10-02.16.26:923][261]LogFbx: SortedLinks :(21) thumb_01_l
[2017.05.10-02.16.26:923][261]LogFbx: SortedLinks :(22) thumb_02_l
[2017.05.10-02.16.26:923][261]LogFbx: SortedLinks :(23) thumb_03_l
[2017.05.10-02.16.26:923][261]LogFbx: SortedLinks :(24) lowerarm_twist_01_l
[2017.05.10-02.16.26:923][261]LogFbx: SortedLinks :(25) upperarm_twist_01_l
[2017.05.10-02.16.26:923][261]LogFbx: SortedLinks :(26) clavicle_r
[2017.05.10-02.16.26:923][261]LogFbx: SortedLinks :(27) upperarm_r
[2017.05.10-02.16.26:923][261]LogFbx: SortedLinks :(28) lowerarm_r
[2017.05.10-02.16.26:923][261]LogFbx: SortedLinks :(29) hand_r
[2017.05.10-02.16.26:923][261]LogFbx: SortedLinks :(30) index_01_r
[2017.05.10-02.16.26:923][261]LogFbx: SortedLinks :(31) index_02_r
[2017.05.10-02.16.26:923][261]LogFbx: SortedLinks :(32) index_03_r
[2017.05.10-02.16.26:923][261]LogFbx: SortedLinks :(33) middle_01_r
[2017.05.10-02.16.26:923][261]LogFbx: SortedLinks :(34) middle_02_r
[2017.05.10-02.16.26:923][261]LogFbx: SortedLinks :(35) middle_03_r
[2017.05.10-02.16.26:923][261]LogFbx: SortedLinks :(36) pinky_01_r
[2017.05.10-02.16.26:923][261]LogFbx: SortedLinks :(37) pinky_02_r
[2017.05.10-02.16.26:923][261]LogFbx: SortedLinks :(38) pinky_03_r
[2017.05.10-02.16.26:923][261]LogFbx: SortedLinks :(39) ring_01_r
[2017.05.10-02.16.26:923][261]LogFbx: SortedLinks :(40) ring_02_r
[2017.05.10-02.16.26:923][261]LogFbx: SortedLinks :(41) ring_03_r
[2017.05.10-02.16.26:923][261]LogFbx: SortedLinks :(42) thumb_01_r
[2017.05.10-02.16.26:924][261]LogFbx: SortedLinks :(43) thumb_02_r
[2017.05.10-02.16.26:924][261]LogFbx: SortedLinks :(44) thumb_03_r
[2017.05.10-02.16.26:924][261]LogFbx: SortedLinks :(45) lowerarm_twist_01_r
[2017.05.10-02.16.26:924][261]LogFbx: SortedLinks :(46) upperarm_twist_01_r
[2017.05.10-02.16.26:924][261]LogFbx: SortedLinks :(47) neck_01
[2017.05.10-02.16.26:924][261]LogFbx: SortedLinks :(48) head
[2017.05.10-02.16.26:924][261]LogFbx: SortedLinks :(49) thigh_l
[2017.05.10-02.16.26:924][261]LogFbx: SortedLinks :(50) calf_l
[2017.05.10-02.16.26:924][261]LogFbx: SortedLinks :(51) calf_twist_01_l
[2017.05.10-02.16.26:924][261]LogFbx: SortedLinks :(52) foot_l
[2017.05.10-02.16.26:924][261]LogFbx: SortedLinks :(53) ball_l
[2017.05.10-02.16.26:924][261]LogFbx: SortedLinks :(54) thigh_twist_01_l
[2017.05.10-02.16.26:924][261]LogFbx: SortedLinks :(55) thigh_r
[2017.05.10-02.16.26:924][261]LogFbx: SortedLinks :(56) calf_r
[2017.05.10-02.16.26:924][261]LogFbx: SortedLinks :(57) calf_twist_01_r
[2017.05.10-02.16.26:924][261]LogFbx: SortedLinks :(58) foot_r
[2017.05.10-02.16.26:924][261]LogFbx: SortedLinks :(59) ball_r
[2017.05.10-02.16.26:924][261]LogFbx: SortedLinks :(60) thigh_twist_01_r
[2017.05.10-02.16.26:924][261]LogFbx: SortedLinks :(61) ik_foot_root
[2017.05.10-02.16.26:924][261]LogFbx: SortedLinks :(62) ik_foot_l
[2017.05.10-02.16.26:924][261]LogFbx: SortedLinks :(63) ik_foot_r
[2017.05.10-02.16.26:924][261]LogFbx: SortedLinks :(64) ik_hand_root
[2017.05.10-02.16.26:924][261]LogFbx: SortedLinks :(65) ik_hand_gun
[2017.05.10-02.16.26:924][261]LogFbx: SortedLinks :(66) ik_hand_l
[2017.05.10-02.16.26:924][261]LogFbx: SortedLinks :(67) ik_hand_r
[2017.05.10-02.16.26:927][261]LogFbx: Parsing AnimStack Unreal Take
[2017.05.10-02.16.26:934][261]LogLinker: Can't find file '/Game/Mannequin/Animations/ThirdPersonJump_Start'
[2017.05.10-02.16.26:935][261]LogLinker: Can't find file '/Game/Mannequin/Animations/ThirdPersonJump_Start'
[2017.05.10-02.16.27:207][261]LogAnimationCompression: Building Anim DDC data for AnimSequence /Game/Mannequin/Animations/ThirdPersonJump_Start.ThirdPersonJump_Start
[2017.05.10-02.16.27:242][261]LogFactory: FactoryCreateFile: AnimSequence with FbxFactory (0 0 C:\Users\lenovo\Documents\Unreal Projects\ProjectAITournament\Shiny-invention\Shooter\Content\Mannequin\Animations\ThirdPersonRun.FBX)
[2017.05.10-02.16.27:268][261]LogFbx: Loading FBX Scene from C:\Users\lenovo\Documents\Unreal Projects\ProjectAITournament\Shiny-invention\Shooter\Content\Mannequin\Animations\ThirdPersonRun.FBX
[2017.05.10-02.16.27:358][261]LogFbx: FBX Scene Loaded Succesfully
[2017.05.10-02.16.27:367][261]LogFbx: SortedLinks :(0) root
[2017.05.10-02.16.27:367][261]LogFbx: SortedLinks :(1) pelvis
[2017.05.10-02.16.27:367][261]LogFbx: SortedLinks :(2) spine_01
[2017.05.10-02.16.27:367][261]LogFbx: SortedLinks :(3) spine_02
[2017.05.10-02.16.27:367][261]LogFbx: SortedLinks :(4) spine_03
[2017.05.10-02.16.27:367][261]LogFbx: SortedLinks :(5) clavicle_l
[2017.05.10-02.16.27:367][261]LogFbx: SortedLinks :(6) upperarm_l
[2017.05.10-02.16.27:367][261]LogFbx: SortedLinks :(7) lowerarm_l
[2017.05.10-02.16.27:367][261]LogFbx: SortedLinks :(8) hand_l
[2017.05.10-02.16.27:367][261]LogFbx: SortedLinks :(9) index_01_l
[2017.05.10-02.16.27:367][261]LogFbx: SortedLinks :(10) index_02_l
[2017.05.10-02.16.27:367][261]LogFbx: SortedLinks :(11) index_03_l
[2017.05.10-02.16.27:367][261]LogFbx: SortedLinks :(12) middle_01_l
[2017.05.10-02.16.27:367][261]LogFbx: SortedLinks :(13) middle_02_l
[2017.05.10-02.16.27:367][261]LogFbx: SortedLinks :(14) middle_03_l
[2017.05.10-02.16.27:367][261]LogFbx: SortedLinks :(15) pinky_01_l
[2017.05.10-02.16.27:367][261]LogFbx: SortedLinks :(16) pinky_02_l
[2017.05.10-02.16.27:367][261]LogFbx: SortedLinks :(17) pinky_03_l
[2017.05.10-02.16.27:367][261]LogFbx: SortedLinks :(18) ring_01_l
[2017.05.10-02.16.27:367][261]LogFbx: SortedLinks :(19) ring_02_l
[2017.05.10-02.16.27:367][261]LogFbx: SortedLinks :(20) ring_03_l
[2017.05.10-02.16.27:367][261]LogFbx: SortedLinks :(21) thumb_01_l
[2017.05.10-02.16.27:367][261]LogFbx: SortedLinks :(22) thumb_02_l
[2017.05.10-02.16.27:367][261]LogFbx: SortedLinks :(23) thumb_03_l
[2017.05.10-02.16.27:367][261]LogFbx: SortedLinks :(24) lowerarm_twist_01_l
[2017.05.10-02.16.27:367][261]LogFbx: SortedLinks :(25) upperarm_twist_01_l
[2017.05.10-02.16.27:367][261]LogFbx: SortedLinks :(26) clavicle_r
[2017.05.10-02.16.27:367][261]LogFbx: SortedLinks :(27) upperarm_r
[2017.05.10-02.16.27:367][261]LogFbx: SortedLinks :(28) lowerarm_r
[2017.05.10-02.16.27:367][261]LogFbx: SortedLinks :(29) hand_r
[2017.05.10-02.16.27:367][261]LogFbx: SortedLinks :(30) index_01_r
[2017.05.10-02.16.27:367][261]LogFbx: SortedLinks :(31) index_02_r
[2017.05.10-02.16.27:367][261]LogFbx: SortedLinks :(32) index_03_r
[2017.05.10-02.16.27:367][261]LogFbx: SortedLinks :(33) middle_01_r
[2017.05.10-02.16.27:367][261]LogFbx: SortedLinks :(34) middle_02_r
[2017.05.10-02.16.27:367][261]LogFbx: SortedLinks :(35) middle_03_r
[2017.05.10-02.16.27:367][261]LogFbx: SortedLinks :(36) pinky_01_r
[2017.05.10-02.16.27:367][261]LogFbx: SortedLinks :(37) pinky_02_r
[2017.05.10-02.16.27:367][261]LogFbx: SortedLinks :(38) pinky_03_r
[2017.05.10-02.16.27:367][261]LogFbx: SortedLinks :(39) ring_01_r
[2017.05.10-02.16.27:367][261]LogFbx: SortedLinks :(40) ring_02_r
[2017.05.10-02.16.27:367][261]LogFbx: SortedLinks :(41) ring_03_r
[2017.05.10-02.16.27:367][261]LogFbx: SortedLinks :(42) thumb_01_r
[2017.05.10-02.16.27:367][261]LogFbx: SortedLinks :(43) thumb_02_r
[2017.05.10-02.16.27:367][261]LogFbx: SortedLinks :(44) thumb_03_r
[2017.05.10-02.16.27:367][261]LogFbx: SortedLinks :(45) lowerarm_twist_01_r
[2017.05.10-02.16.27:367][261]LogFbx: SortedLinks :(46) upperarm_twist_01_r
[2017.05.10-02.16.27:367][261]LogFbx: SortedLinks :(47) neck_01
[2017.05.10-02.16.27:367][261]LogFbx: SortedLinks :(48) head
[2017.05.10-02.16.27:367][261]LogFbx: SortedLinks :(49) thigh_l
[2017.05.10-02.16.27:367][261]LogFbx: SortedLinks :(50) calf_l
[2017.05.10-02.16.27:367][261]LogFbx: SortedLinks :(51) calf_twist_01_l
[2017.05.10-02.16.27:367][261]LogFbx: SortedLinks :(52) foot_l
[2017.05.10-02.16.27:367][261]LogFbx: SortedLinks :(53) ball_l
[2017.05.10-02.16.27:367][261]LogFbx: SortedLinks :(54) thigh_twist_01_l
[2017.05.10-02.16.27:367][261]LogFbx: SortedLinks :(55) thigh_r
[2017.05.10-02.16.27:367][261]LogFbx: SortedLinks :(56) calf_r
[2017.05.10-02.16.27:367][261]LogFbx: SortedLinks :(57) calf_twist_01_r
[2017.05.10-02.16.27:367][261]LogFbx: SortedLinks :(58) foot_r
[2017.05.10-02.16.27:367][261]LogFbx: SortedLinks :(59) ball_r
[2017.05.10-02.16.27:368][261]LogFbx: SortedLinks :(60) thigh_twist_01_r
[2017.05.10-02.16.27:368][261]LogFbx: SortedLinks :(61) ik_foot_root
[2017.05.10-02.16.27:368][261]LogFbx: SortedLinks :(62) ik_foot_l
[2017.05.10-02.16.27:368][261]LogFbx: SortedLinks :(63) ik_foot_r
[2017.05.10-02.16.27:368][261]LogFbx: SortedLinks :(64) ik_hand_root
[2017.05.10-02.16.27:368][261]LogFbx: SortedLinks :(65) ik_hand_gun
[2017.05.10-02.16.27:368][261]LogFbx: SortedLinks :(66) ik_hand_l
[2017.05.10-02.16.27:368][261]LogFbx: SortedLinks :(67) ik_hand_r
[2017.05.10-02.16.27:370][261]LogFbx: Parsing AnimStack Unreal Take
[2017.05.10-02.16.27:376][261]LogLinker: Can't find file '/Game/Mannequin/Animations/ThirdPersonRun'
[2017.05.10-02.16.27:377][261]LogLinker: Can't find file '/Game/Mannequin/Animations/ThirdPersonRun'
[2017.05.10-02.16.27:673][261]LogAnimationCompression: Building Anim DDC data for AnimSequence /Game/Mannequin/Animations/ThirdPersonRun.ThirdPersonRun
[2017.05.10-02.16.27:705][261]LogFactory: FactoryCreateFile: AnimSequence with FbxFactory (0 0 C:\Users\lenovo\Documents\Unreal Projects\ProjectAITournament\Shiny-invention\Shooter\Content\Mannequin\Animations\ThirdPersonWalk.FBX)
[2017.05.10-02.16.27:733][261]LogFbx: Loading FBX Scene from C:\Users\lenovo\Documents\Unreal Projects\ProjectAITournament\Shiny-invention\Shooter\Content\Mannequin\Animations\ThirdPersonWalk.FBX
[2017.05.10-02.16.27:817][261]LogFbx: FBX Scene Loaded Succesfully
[2017.05.10-02.16.27:825][261]LogFbx: SortedLinks :(0) root
[2017.05.10-02.16.27:826][261]LogFbx: SortedLinks :(1) pelvis
[2017.05.10-02.16.27:826][261]LogFbx: SortedLinks :(2) spine_01
[2017.05.10-02.16.27:826][261]LogFbx: SortedLinks :(3) spine_02
[2017.05.10-02.16.27:826][261]LogFbx: SortedLinks :(4) spine_03
[2017.05.10-02.16.27:826][261]LogFbx: SortedLinks :(5) clavicle_l
[2017.05.10-02.16.27:826][261]LogFbx: SortedLinks :(6) upperarm_l
[2017.05.10-02.16.27:826][261]LogFbx: SortedLinks :(7) lowerarm_l
[2017.05.10-02.16.27:826][261]LogFbx: SortedLinks :(8) hand_l
[2017.05.10-02.16.27:826][261]LogFbx: SortedLinks :(9) index_01_l
[2017.05.10-02.16.27:826][261]LogFbx: SortedLinks :(10) index_02_l
[2017.05.10-02.16.27:826][261]LogFbx: SortedLinks :(11) index_03_l
[2017.05.10-02.16.27:826][261]LogFbx: SortedLinks :(12) middle_01_l
[2017.05.10-02.16.27:826][261]LogFbx: SortedLinks :(13) middle_02_l
[2017.05.10-02.16.27:826][261]LogFbx: SortedLinks :(14) middle_03_l
[2017.05.10-02.16.27:826][261]LogFbx: SortedLinks :(15) pinky_01_l
[2017.05.10-02.16.27:826][261]LogFbx: SortedLinks :(16) pinky_02_l
[2017.05.10-02.16.27:826][261]LogFbx: SortedLinks :(17) pinky_03_l
[2017.05.10-02.16.27:826][261]LogFbx: SortedLinks :(18) ring_01_l
[2017.05.10-02.16.27:826][261]LogFbx: SortedLinks :(19) ring_02_l
[2017.05.10-02.16.27:826][261]LogFbx: SortedLinks :(20) ring_03_l
[2017.05.10-02.16.27:826][261]LogFbx: SortedLinks :(21) thumb_01_l
[2017.05.10-02.16.27:826][261]LogFbx: SortedLinks :(22) thumb_02_l
[2017.05.10-02.16.27:826][261]LogFbx: SortedLinks :(23) thumb_03_l
[2017.05.10-02.16.27:826][261]LogFbx: SortedLinks :(24) lowerarm_twist_01_l
[2017.05.10-02.16.27:826][261]LogFbx: SortedLinks :(25) upperarm_twist_01_l
[2017.05.10-02.16.27:826][261]LogFbx: SortedLinks :(26) clavicle_r
[2017.05.10-02.16.27:826][261]LogFbx: SortedLinks :(27) upperarm_r
[2017.05.10-02.16.27:826][261]LogFbx: SortedLinks :(28) lowerarm_r
[2017.05.10-02.16.27:826][261]LogFbx: SortedLinks :(29) hand_r
[2017.05.10-02.16.27:826][261]LogFbx: SortedLinks :(30) index_01_r
[2017.05.10-02.16.27:826][261]LogFbx: SortedLinks :(31) index_02_r
[2017.05.10-02.16.27:826][261]LogFbx: SortedLinks :(32) index_03_r
[2017.05.10-02.16.27:826][261]LogFbx: SortedLinks :(33) middle_01_r
[2017.05.10-02.16.27:826][261]LogFbx: SortedLinks :(34) middle_02_r
[2017.05.10-02.16.27:826][261]LogFbx: SortedLinks :(35) middle_03_r
[2017.05.10-02.16.27:826][261]LogFbx: SortedLinks :(36) pinky_01_r
[2017.05.10-02.16.27:826][261]LogFbx: SortedLinks :(37) pinky_02_r
[2017.05.10-02.16.27:826][261]LogFbx: SortedLinks :(38) pinky_03_r
[2017.05.10-02.16.27:826][261]LogFbx: SortedLinks :(39) ring_01_r
[2017.05.10-02.16.27:826][261]LogFbx: SortedLinks :(40) ring_02_r
[2017.05.10-02.16.27:826][261]LogFbx: SortedLinks :(41) ring_03_r
[2017.05.10-02.16.27:826][261]LogFbx: SortedLinks :(42) thumb_01_r
[2017.05.10-02.16.27:826][261]LogFbx: SortedLinks :(43) thumb_02_r
[2017.05.10-02.16.27:826][261]LogFbx: SortedLinks :(44) thumb_03_r
[2017.05.10-02.16.27:826][261]LogFbx: SortedLinks :(45) lowerarm_twist_01_r
[2017.05.10-02.16.27:826][261]LogFbx: SortedLinks :(46) upperarm_twist_01_r
[2017.05.10-02.16.27:826][261]LogFbx: SortedLinks :(47) neck_01
[2017.05.10-02.16.27:826][261]LogFbx: SortedLinks :(48) head
[2017.05.10-02.16.27:826][261]LogFbx: SortedLinks :(49) thigh_l
[2017.05.10-02.16.27:826][261]LogFbx: SortedLinks :(50) calf_l
[2017.05.10-02.16.27:826][261]LogFbx: SortedLinks :(51) calf_twist_01_l
[2017.05.10-02.16.27:826][261]LogFbx: SortedLinks :(52) foot_l
[2017.05.10-02.16.27:826][261]LogFbx: SortedLinks :(53) ball_l
[2017.05.10-02.16.27:826][261]LogFbx: SortedLinks :(54) thigh_twist_01_l
[2017.05.10-02.16.27:826][261]LogFbx: SortedLinks :(55) thigh_r
[2017.05.10-02.16.27:826][261]LogFbx: SortedLinks :(56) calf_r
[2017.05.10-02.16.27:826][261]LogFbx: SortedLinks :(57) calf_twist_01_r
[2017.05.10-02.16.27:826][261]LogFbx: SortedLinks :(58) foot_r
[2017.05.10-02.16.27:826][261]LogFbx: SortedLinks :(59) ball_r
[2017.05.10-02.16.27:826][261]LogFbx: SortedLinks :(60) thigh_twist_01_r
[2017.05.10-02.16.27:826][261]LogFbx: SortedLinks :(61) ik_foot_root
[2017.05.10-02.16.27:826][261]LogFbx: SortedLinks :(62) ik_foot_l
[2017.05.10-02.16.27:826][261]LogFbx: SortedLinks :(63) ik_foot_r
[2017.05.10-02.16.27:826][261]LogFbx: SortedLinks :(64) ik_hand_root
[2017.05.10-02.16.27:826][261]LogFbx: SortedLinks :(65) ik_hand_gun
[2017.05.10-02.16.27:826][261]LogFbx: SortedLinks :(66) ik_hand_l
[2017.05.10-02.16.27:826][261]LogFbx: SortedLinks :(67) ik_hand_r
[2017.05.10-02.16.27:829][261]LogFbx: Parsing AnimStack Unreal Take
[2017.05.10-02.16.27:837][261]LogLinker: Can't find file '/Game/Mannequin/Animations/ThirdPersonWalk'
[2017.05.10-02.16.27:837][261]LogLinker: Can't find file '/Game/Mannequin/Animations/ThirdPersonWalk'
[2017.05.10-02.16.28:269][261]LogAnimationCompression: Building Anim DDC data for AnimSequence /Game/Mannequin/Animations/ThirdPersonWalk.ThirdPersonWalk
[2017.05.10-02.16.28:345][261]LogSlate: Took 0.000408 seconds to synchronously load lazily loaded font '../../../Engine/Content/Slate/Fonts/Roboto-Light.ttf' (159K)
[2017.05.10-02.16.28:413][263]LogHttp:Warning: 000001FE89383580: request failed, libcurl error: 6 (Couldn't resolve host name)
[2017.05.10-02.16.28:413][263]LogHttp:Warning: 000001FE89383580: libcurl info message cache 0 (Could not resolve host: datarouter.ol.epicgames.com)
[2017.05.10-02.16.28:413][263]LogHttp:Warning: 000001FE89383580: libcurl info message cache 1 (Closing connection 3)
[2017.05.10-02.16.38:779][573]LogAssetTools:Warning: Failed to import 'C:\Users\lenovo\Documents\Unreal Projects\ProjectAITournament\Shiny-invention\Shooter\Content\Mannequin\Animations\ThirdPerson_IdleRun_2D.COPY'. Unknown extension 'COPY'.
[2017.05.10-02.16.38:797][573]LogAssetTools:Warning: Failed to import 'C:\Users\lenovo\Documents\Unreal Projects\ProjectAITournament\Shiny-invention\Shooter\Content\Mannequin\Animations\ThirdPerson_AnimBP.COPY'. Unknown extension 'COPY'.
[2017.05.10-02.16.49:637][972]LogSavePackage: Save=370.24ms
[2017.05.10-02.16.49:637][972]LogSavePackage: Moving 'C:/Users/lenovo/Documents/UnrealPro/Shooter/Saved/ThirdPersonExampleMap5B8CF9494695BA4487FEDCA4A07C4F7A.tmp' to 'C:/Users/lenovo/Documents/UnrealPro/Shooter/Content/ThirdPersonBP/Maps/ThirdPersonExampleMap.umap'
[2017.05.10-02.16.49:644][972]LogSavePackage:Display: Finished SavePackage C:/Users/lenovo/Documents/UnrealPro/Shooter/Content/ThirdPersonBP/Maps/ThirdPersonExampleMap.umap
[2017.05.10-02.16.50:563][972]LogSavePackage: Save=754.31ms
[2017.05.10-02.16.50:563][972]LogSavePackage: Moving 'C:/Users/lenovo/Documents/UnrealPro/Shooter/Saved/ThirdPersonExampleMap_BuiltDataE0352D0B4A517CE135100B87D2442B4D.tmp' to 'C:/Users/lenovo/Documents/UnrealPro/Shooter/Content/ThirdPersonBP/Maps/ThirdPersonExampleMap_BuiltData.uasset'
[2017.05.10-02.16.50:571][972]LogSavePackage:Display: Finished SavePackage C:/Users/lenovo/Documents/UnrealPro/Shooter/Content/ThirdPersonBP/Maps/ThirdPersonExampleMap_BuiltData.uasset
[2017.05.10-02.16.54:027][ 36]Cmd: OBJ SAVEPACKAGE PACKAGE="/Game/Mannequin/Animations/ThirdPerson_Jump" FILE="C:/Users/lenovo/Documents/UnrealPro/Shooter/Content/Mannequin/Animations/ThirdPerson_Jump.uasset" SILENT=true
[2017.05.10-02.16.54:065][ 36]LogSavePackage: Save=31.81ms
[2017.05.10-02.16.54:065][ 36]LogSavePackage: Moving 'C:/Users/lenovo/Documents/UnrealPro/Shooter/Saved/ThirdPerson_JumpB610C54843F90D125912F698A9726C75.tmp' to 'C:/Users/lenovo/Documents/UnrealPro/Shooter/Content/Mannequin/Animations/ThirdPerson_Jump.uasset'
[2017.05.10-02.16.54:076][ 36]LogSavePackage:Display: Finished SavePackage C:/Users/lenovo/Documents/UnrealPro/Shooter/Content/Mannequin/Animations/ThirdPerson_Jump.uasset
[2017.05.10-02.16.54:110][ 36]Cmd: OBJ SAVEPACKAGE PACKAGE="/Game/Mannequin/Animations/ThirdPersonIdle" FILE="C:/Users/lenovo/Documents/UnrealPro/Shooter/Content/Mannequin/Animations/ThirdPersonIdle.uasset" SILENT=true
[2017.05.10-02.16.54:147][ 36]LogSavePackage: Save=30.27ms
[2017.05.10-02.16.54:147][ 36]LogSavePackage: Moving 'C:/Users/lenovo/Documents/UnrealPro/Shooter/Saved/ThirdPersonIdleB71CB5E645EBE3058956E4AF088400CE.tmp' to 'C:/Users/lenovo/Documents/UnrealPro/Shooter/Content/Mannequin/Animations/ThirdPersonIdle.uasset'
[2017.05.10-02.16.54:160][ 36]LogSavePackage:Display: Finished SavePackage C:/Users/lenovo/Documents/UnrealPro/Shooter/Content/Mannequin/Animations/ThirdPersonIdle.uasset
[2017.05.10-02.16.54:200][ 36]Cmd: OBJ SAVEPACKAGE PACKAGE="/Game/Mannequin/Animations/ThirdPersonJump_End" FILE="C:/Users/lenovo/Documents/UnrealPro/Shooter/Content/Mannequin/Animations/ThirdPersonJump_End.uasset" SILENT=true
[2017.05.10-02.16.54:237][ 36]LogSavePackage: Save=30.64ms
[2017.05.10-02.16.54:237][ 36]LogSavePackage: Moving 'C:/Users/lenovo/Documents/UnrealPro/Shooter/Saved/ThirdPersonJump_EndFF044C1A4729B200D39F26985F7FEA0E.tmp' to 'C:/Users/lenovo/Documents/UnrealPro/Shooter/Content/Mannequin/Animations/ThirdPersonJump_End.uasset'
[2017.05.10-02.16.54:250][ 36]LogSavePackage:Display: Finished SavePackage C:/Users/lenovo/Documents/UnrealPro/Shooter/Content/Mannequin/Animations/ThirdPersonJump_End.uasset
[2017.05.10-02.16.54:290][ 36]Cmd: OBJ SAVEPACKAGE PACKAGE="/Game/Mannequin/Animations/ThirdPersonJump_Loop" FILE="C:/Users/lenovo/Documents/UnrealPro/Shooter/Content/Mannequin/Animations/ThirdPersonJump_Loop.uasset" SILENT=true
[2017.05.10-02.16.54:326][ 36]LogSavePackage: Save=30.11ms
[2017.05.10-02.16.54:326][ 36]LogSavePackage: Moving 'C:/Users/lenovo/Documents/UnrealPro/Shooter/Saved/ThirdPersonJump_LoopFA6FBBCE47BBD80406300F801E472BAF.tmp' to 'C:/Users/lenovo/Documents/UnrealPro/Shooter/Content/Mannequin/Animations/ThirdPersonJump_Loop.uasset'
[2017.05.10-02.16.54:339][ 36]LogSavePackage:Display: Finished SavePackage C:/Users/lenovo/Documents/UnrealPro/Shooter/Content/Mannequin/Animations/ThirdPersonJump_Loop.uasset
[2017.05.10-02.16.54:371][ 36]Cmd: OBJ SAVEPACKAGE PACKAGE="/Game/Mannequin/Animations/ThirdPersonJump_Start" FILE="C:/Users/lenovo/Documents/UnrealPro/Shooter/Content/Mannequin/Animations/ThirdPersonJump_Start.uasset" SILENT=true
[2017.05.10-02.16.54:407][ 36]LogSavePackage: Save=29.78ms
[2017.05.10-02.16.54:407][ 36]LogSavePackage: Moving 'C:/Users/lenovo/Documents/UnrealPro/Shooter/Saved/ThirdPersonJump_Start43B289D54B71B30A37CDA184A150056F.tmp' to 'C:/Users/lenovo/Documents/UnrealPro/Shooter/Content/Mannequin/Animations/ThirdPersonJump_Start.uasset'
[2017.05.10-02.16.54:417][ 36]LogSavePackage:Display: Finished SavePackage C:/Users/lenovo/Documents/UnrealPro/Shooter/Content/Mannequin/Animations/ThirdPersonJump_Start.uasset
[2017.05.10-02.16.54:451][ 36]Cmd: OBJ SAVEPACKAGE PACKAGE="/Game/Mannequin/Animations/ThirdPersonRun" FILE="C:/Users/lenovo/Documents/UnrealPro/Shooter/Content/Mannequin/Animations/ThirdPersonRun.uasset" SILENT=true
[2017.05.10-02.16.54:487][ 36]LogSavePackage: Save=30.34ms
[2017.05.10-02.16.54:487][ 36]LogSavePackage: Moving 'C:/Users/lenovo/Documents/UnrealPro/Shooter/Saved/ThirdPersonRun93739B6E4589F6EB7847578A02AADD01.tmp' to 'C:/Users/lenovo/Documents/UnrealPro/Shooter/Content/Mannequin/Animations/ThirdPersonRun.uasset'
[2017.05.10-02.16.54:498][ 36]LogSavePackage:Display: Finished SavePackage C:/Users/lenovo/Documents/UnrealPro/Shooter/Content/Mannequin/Animations/ThirdPersonRun.uasset
[2017.05.10-02.16.54:530][ 36]Cmd: OBJ SAVEPACKAGE PACKAGE="/Game/Mannequin/Animations/ThirdPersonWalk" FILE="C:/Users/lenovo/Documents/UnrealPro/Shooter/Content/Mannequin/Animations/ThirdPersonWalk.uasset" SILENT=true
[2017.05.10-02.16.54:574][ 36]LogSavePackage: Save=31.89ms
[2017.05.10-02.16.54:574][ 36]LogSavePackage: Moving 'C:/Users/lenovo/Documents/UnrealPro/Shooter/Saved/ThirdPersonWalkF28F74554D6821BA89B7B5A0EB646A13.tmp' to 'C:/Users/lenovo/Documents/UnrealPro/Shooter/Content/Mannequin/Animations/ThirdPersonWalk.uasset'
[2017.05.10-02.16.54:585][ 36]LogSavePackage:Display: Finished SavePackage C:/Users/lenovo/Documents/UnrealPro/Shooter/Content/Mannequin/Animations/ThirdPersonWalk.uasset
[2017.05.10-02.17.30:984][918]LogHttp:Warning: 000001FEE0895A80: request failed, libcurl error: 6 (Couldn't resolve host name)
[2017.05.10-02.17.30:984][918]LogHttp:Warning: 000001FEE0895A80: libcurl info message cache 0 (Could not resolve host: datarouter.ol.epicgames.com)
[2017.05.10-02.17.30:984][918]LogHttp:Warning: 000001FEE0895A80: libcurl info message cache 1 (Closing connection 4)
[2017.05.10-02.17.49:516][290]LogUProjectInfo: Found projects:
[2017.05.10-02.17.51:736][380]Cmd: CLOSE_SLATE_MAINFRAME
[2017.05.10-02.17.51:989][380]LogWindowsTextInputMethodSystem:Display: IME system now deactivated.
[2017.05.10-02.17.52:304][381]Cmd: QUIT_EDITOR
[2017.05.10-02.17.52:487][381]LogExit: Preparing to exit.
[2017.05.10-02.17.53:060][381]LogExit: Editor shut down
[2017.05.10-02.17.53:060][381]LogExit: Transaction tracking system shut down
[2017.05.10-02.17.53:198][381]LogObj: Freed 0b from 0 cluster array pools.
[2017.05.10-02.17.53:199][381]LogExit: Object subsystem successfully closed.
[2017.05.10-02.17.53:220][381]LogD3D11RHI: Shutdown
[2017.05.10-02.17.53:220][381]LogD3D11RHI: CleanupD3DDevice
[2017.05.10-02.17.53:600][381]LogD3D11RHI: ~FD3D11DynamicRHI
[2017.05.10-02.17.53:618][381]LogModuleManager: Shutting down and abandoning module HierarchicalLODOutliner (498)
[2017.05.10-02.17.53:618][381]LogModuleManager: Shutting down and abandoning module CrashTracker (496)
[2017.05.10-02.17.53:618][381]LogModuleManager: Shutting down and abandoning module SceneOutliner (494)
[2017.05.10-02.17.53:618][381]LogModuleManager: Shutting down and abandoning module AddContentDialog (492)
[2017.05.10-02.17.53:618][381]LogDirectoryWatcher: A directory notification for 'D:/Epic Games/UE_4.15/FeaturePacks/' was aborted.
[2017.05.10-02.17.53:621][381]LogModuleManager: Shutting down and abandoning module WidgetCarousel (491)
[2017.05.10-02.17.53:621][381]LogModuleManager: Shutting down and abandoning module EditorWidgets (488)
[2017.05.10-02.17.53:621][381]LogModuleManager: Shutting down and abandoning module CollectionManager (486)
[2017.05.10-02.17.53:621][381]LogDirectoryWatcher: A directory notification for 'C:/Users/lenovo/Documents/UnrealPro/Shooter/Content/Collections/' was aborted.
[2017.05.10-02.17.53:621][381]LogDirectoryWatcher: A directory notification for 'C:/Users/lenovo/Documents/UnrealPro/Shooter/Content/Developers/1/Collections/' was aborted.
[2017.05.10-02.17.53:621][381]LogDirectoryWatcher: A directory notification for 'C:/Users/lenovo/Documents/UnrealPro/Shooter/Saved/Collections/' was aborted.
[2017.05.10-02.17.53:621][381]LogModuleManager: Shutting down and abandoning module StatsViewer (484)
[2017.05.10-02.17.53:621][381]LogModuleManager: Shutting down and abandoning module FoliageEdit (482)
[2017.05.10-02.17.53:621][381]LogModuleManager: Shutting down and abandoning module LandscapeEditor (480)
[2017.05.10-02.17.53:621][381]LogModuleManager: Shutting down and abandoning module SceneDepthPickerMode (478)
[2017.05.10-02.17.53:621][381]LogModuleManager: Shutting down and abandoning module ActorPickerMode (476)
[2017.05.10-02.17.53:622][381]LogModuleManager: Shutting down and abandoning module GeometryMode (474)
[2017.05.10-02.17.53:622][381]LogModuleManager: Shutting down and abandoning module TextureAlignMode (472)
[2017.05.10-02.17.53:622][381]LogModuleManager: Shutting down and abandoning module BspMode (470)
[2017.05.10-02.17.53:622][381]LogModuleManager: Shutting down and abandoning module HardwareSurvey (468)
[2017.05.10-02.17.53:622][381]LogModuleManager: Shutting down and abandoning module SequenceRecorderSections (466)
[2017.05.10-02.17.53:622][381]LogModuleManager: Shutting down and abandoning module AutomationWorker (464)
[2017.05.10-02.17.53:622][381]LogModuleManager: Shutting down and abandoning module MatineeToLevelSequence (462)
[2017.05.10-02.17.53:622][381]LogModuleManager: Shutting down and abandoning module LevelSequenceEditor (460)
[2017.05.10-02.17.53:622][381]LogModuleManager: Shutting down and abandoning module PlacementMode (459)
[2017.05.10-02.17.53:622][381]LogModuleManager: Shutting down and abandoning module WmfMediaFactory (456)
[2017.05.10-02.17.53:622][381]LogModuleManager: Shutting down and abandoning module WmfMediaEditor (454)
[2017.05.10-02.17.53:622][381]LogModuleManager: Shutting down and abandoning module MfMediaFactory (452)
[2017.05.10-02.17.53:622][381]LogModuleManager: Shutting down and abandoning module MfMediaEditor (450)
[2017.05.10-02.17.53:622][381]LogModuleManager: Shutting down and abandoning module AvfMediaFactory (448)
[2017.05.10-02.17.53:622][381]LogModuleManager: Shutting down and abandoning module AvfMediaEditor (446)
[2017.05.10-02.17.53:622][381]LogModuleManager: Shutting down and abandoning module AndroidMediaFactory (444)
[2017.05.10-02.17.53:622][381]LogModuleManager: Shutting down and abandoning module Media (443)
[2017.05.10-02.17.53:622][381]LogModuleManager: Shutting down and abandoning module AndroidMediaEditor (440)
[2017.05.10-02.17.53:622][381]LogModuleManager: Shutting down and abandoning module CharacterAI (438)
[2017.05.10-02.17.53:622][381]LogModuleManager: Shutting down and abandoning module AudioCapture (436)
[2017.05.10-02.17.53:622][381]LogModuleManager: Shutting down and abandoning module SequenceRecorder (435)
[2017.05.10-02.17.53:622][381]LogModuleManager: Shutting down and abandoning module SmartSnapping (432)
[2017.05.10-02.17.53:622][381]LogModuleManager: Shutting down and abandoning module SessionServices (430)
[2017.05.10-02.17.53:622][381]LogModuleManager: Shutting down and abandoning module ViewportSnapping (428)
[2017.05.10-02.17.53:622][381]LogModuleManager: Shutting down and abandoning module ViewportInteraction (426)
[2017.05.10-02.17.53:622][381]LogModuleManager: Shutting down and abandoning module LogVisualizer (424)
[2017.05.10-02.17.53:623][381]LogModuleManager: Shutting down and abandoning module IntroTutorials (422)
[2017.05.10-02.17.53:623][381]LogModuleManager: Shutting down and abandoning module GameProjectGeneration (421)
[2017.05.10-02.17.53:623][381]LogModuleManager: Shutting down and abandoning module EditorLiveStreaming (418)
[2017.05.10-02.17.53:623][381]LogModuleManager: Shutting down and abandoning module IOSPlatformEditor (416)
[2017.05.10-02.17.53:623][381]LogModuleManager: Shutting down and abandoning module HTML5PlatformEditor (414)
[2017.05.10-02.17.53:623][381]LogModuleManager: Shutting down and abandoning module AndroidPlatformEditor (412)
[2017.05.10-02.17.53:623][381]LogModuleManager: Shutting down and abandoning module AndroidDeviceDetection (411)
[2017.05.10-02.17.54:557][381]LogModuleManager: Shutting down and abandoning module IOSRuntimeSettings (408)
[2017.05.10-02.17.54:557][381]LogModuleManager: Shutting down and abandoning module AndroidRuntimeSettings (406)
[2017.05.10-02.17.54:557][381]LogModuleManager: Shutting down and abandoning module InputBindingEditor (404)
[2017.05.10-02.17.54:557][381]LogModuleManager: Shutting down and abandoning module NiagaraEditor (402)
[2017.05.10-02.17.54:557][381]LogModuleManager: Shutting down and abandoning module MergeActors (400)
[2017.05.10-02.17.54:557][381]LogModuleManager: Shutting down and abandoning module SizeMap (398)
[2017.05.10-02.17.54:557][381]LogModuleManager: Shutting down and abandoning module TreeMap (396)
[2017.05.10-02.17.54:557][381]LogModuleManager: Shutting down and abandoning module ReferenceViewer (394)
[2017.05.10-02.17.54:557][381]LogModuleManager: Shutting down and abandoning module LocalizationDashboard (392)
[2017.05.10-02.17.54:557][381]LogModuleManager: Shutting down and abandoning module LocalizationService (391)
[2017.05.10-02.17.54:557][381]LogModuleManager: Shutting down and abandoning module HardwareTargeting (388)
[2017.05.10-02.17.54:557][381]LogModuleManager: Shutting down and abandoning module DeviceProfileEditor (386)
[2017.05.10-02.17.54:557][381]LogModuleManager: Shutting down and abandoning module UndoHistory (384)
[2017.05.10-02.17.54:557][381]LogModuleManager: Shutting down and abandoning module UserFeedback (382)
[2017.05.10-02.17.54:557][381]LogModuleManager: Shutting down and abandoning module XmlParser (380)
[2017.05.10-02.17.54:557][381]LogModuleManager: Shutting down and abandoning module Blutility (378)
[2017.05.10-02.17.54:557][381]LogModuleManager: Shutting down and abandoning module ProjectSettingsViewer (376)
[2017.05.10-02.17.54:557][381]LogModuleManager: Shutting down and abandoning module ProjectTargetPlatformEditor (375)
[2017.05.10-02.17.54:557][381]LogModuleManager: Shutting down and abandoning module EditorSettingsViewer (372)
[2017.05.10-02.17.54:557][381]LogModuleManager: Shutting down and abandoning module SettingsEditor (370)
[2017.05.10-02.17.54:558][381]LogModuleManager: Shutting down and abandoning module ProjectLauncher (368)
[2017.05.10-02.17.54:558][381]LogModuleManager: Shutting down and abandoning module SessionFrontend (366)
[2017.05.10-02.17.54:558][381]LogModuleManager: Shutting down and abandoning module ProfilerClient (364)
[2017.05.10-02.17.54:558][381]LogModuleManager: Shutting down and abandoning module DeviceManager (362)
[2017.05.10-02.17.54:558][381]LogModuleManager: Shutting down and abandoning module TargetDeviceServices (361)
[2017.05.10-02.17.54:612][381]LogModuleManager: Shutting down and abandoning module AutomationController (358)
[2017.05.10-02.17.54:612][381]LogModuleManager: Shutting down and abandoning module AutomationWindow (356)
[2017.05.10-02.17.54:612][381]LogModuleManager: Shutting down and abandoning module Layers (354)
[2017.05.10-02.17.54:612][381]LogModuleManager: Shutting down and abandoning module ComponentVisualizers (352)
[2017.05.10-02.17.54:612][381]LogModuleManager: Shutting down and abandoning module DetailCustomizations (350)
[2017.05.10-02.17.54:612][381]LogModuleManager: Shutting down and abandoning module PackagesDialog (348)
[2017.05.10-02.17.54:612][381]LogModuleManager: Shutting down and abandoning module Persona (346)
[2017.05.10-02.17.54:612][381]LogModuleManager: Shutting down and abandoning module AnimGraph (345)
[2017.05.10-02.17.54:612][381]LogModuleManager: Shutting down and abandoning module Kismet (342)
[2017.05.10-02.17.54:613][381]LogModuleManager: Shutting down and abandoning module GraphEditor (340)
[2017.05.10-02.17.54:613][381]LogModuleManager: Shutting down and abandoning module ClassViewer (338)
[2017.05.10-02.17.54:614][381]LogModuleManager: Shutting down and abandoning module Toolbox (336)
[2017.05.10-02.17.54:614][381]LogModuleManager: Shutting down and abandoning module ModuleUI (334)
[2017.05.10-02.17.54:614][381]LogModuleManager: Shutting down and abandoning module MovieSceneTools (332)
[2017.05.10-02.17.54:614][381]LogModuleManager: Shutting down and abandoning module OutputLog (330)
[2017.05.10-02.17.54:614][381]LogModuleManager: Shutting down and abandoning module GammaUI (328)
[2017.05.10-02.17.54:614][381]LogModuleManager: Shutting down and abandoning module Documentation (326)
[2017.05.10-02.17.54:614][381]LogModuleManager: Shutting down and abandoning module Niagara (324)
[2017.05.10-02.17.54:614][381]LogModuleManager: Shutting down and abandoning module StreamingPauseRendering (322)
[2017.05.10-02.17.54:614][381]LogModuleManager: Shutting down and abandoning module AnalyticsET (320)
[2017.05.10-02.17.54:614][381]LogModuleManager: Shutting down and abandoning module PortalServices (318)
[2017.05.10-02.17.54:614][381]LogModuleManager: Shutting down and abandoning module PortalRpc (316)
[2017.05.10-02.17.54:614][381]LogModuleManager: Shutting down and abandoning module MessagingRpc (314)
[2017.05.10-02.17.54:614][381]LogModuleManager: Shutting down and abandoning module AIModule (312)
[2017.05.10-02.17.54:614][381]LogModuleManager: Shutting down and abandoning module GameplayDebugger (311)
[2017.05.10-02.17.54:614][381]LogModuleManager: Shutting down and abandoning module AITestSuite (309)
[2017.05.10-02.17.54:614][381]LogModuleManager: Shutting down and abandoning module ProfilerService (306)
[2017.05.10-02.17.54:749][381]LogModuleManager: Shutting down and abandoning module TaskGraph (304)
[2017.05.10-02.17.54:749][381]LogModuleManager: Shutting down and abandoning module SteamVRController (302)
[2017.05.10-02.17.54:749][381]LogModuleManager: Shutting down and abandoning module SteamVR (300)
[2017.05.10-02.17.54:749][381]LogModuleManager: Shutting down and abandoning module ProceduralMeshComponentEditor (298)
[2017.05.10-02.17.54:749][381]LogModuleManager: Shutting down and abandoning module ProceduralMeshComponent (296)
[2017.05.10-02.17.54:749][381]LogModuleManager: Shutting down and abandoning module OculusLibrary (294)
[2017.05.10-02.17.54:749][381]LogModuleManager: Shutting down and abandoning module OculusInput (292)
[2017.05.10-02.17.54:749][381]LogModuleManager: Shutting down and abandoning module MobilePatchingUtils (290)
[2017.05.10-02.17.54:749][381]LogModuleManager: Shutting down and abandoning module CustomMeshComponent (288)
[2017.05.10-02.17.54:749][381]LogModuleManager: Shutting down and abandoning module CableComponent (286)
[2017.05.10-02.17.54:749][381]LogModuleManager: Shutting down and abandoning module ArchVisCharacter (284)
[2017.05.10-02.17.54:749][381]LogModuleManager: Shutting down and abandoning module MediaPlayerEditor (280)
[2017.05.10-02.17.54:749][381]LogModuleManager: Shutting down and abandoning module HTML5Networking (278)
[2017.05.10-02.17.54:749][381]LogModuleManager: Shutting down and abandoning module AlembicImporter (276)
[2017.05.10-02.17.54:749][381]LogModuleManager: Shutting down and abandoning module AlembicLibrary (275)
[2017.05.10-02.17.54:749][381]LogModuleManager: Shutting down and abandoning module GeometryCache (274)
[2017.05.10-02.17.54:749][381]LogModuleManager: Shutting down and abandoning module GeometryCacheEd (273)
[2017.05.10-02.17.54:749][381]LogModuleManager: Shutting down and abandoning module SuperSearchEditor (268)
[2017.05.10-02.17.54:749][381]LogModuleManager: Shutting down and abandoning module SuperSearch (267)
[2017.05.10-02.17.54:749][381]LogModuleManager: Shutting down and abandoning module SpeedTreeImporter (264)
[2017.05.10-02.17.54:749][381]LogModuleManager: Shutting down and abandoning module PluginBrowser (262)
[2017.05.10-02.17.54:749][381]LogModuleManager: Shutting down and abandoning module MobileLauncherProfileWizard (260)
[2017.05.10-02.17.54:749][381]LogModuleManager: Shutting down and abandoning module EpicSurvey (258)
[2017.05.10-02.17.54:750][381]LogModuleManager: Shutting down and abandoning module VisualStudioSourceCodeAccess (256)
[2017.05.10-02.17.54:750][381]LogModuleManager: Shutting down and abandoning module DesktopPlatform (255)
[2017.05.10-02.17.54:750][381]LogModuleManager: Shutting down and abandoning module UObjectPlugin (252)
[2017.05.10-02.17.54:750][381]LogModuleManager: Shutting down and abandoning module SubversionSourceControl (250)
[2017.05.10-02.17.54:750][381]LogModuleManager: Shutting down and abandoning module PerforceSourceControl (248)
[2017.05.10-02.17.54:750][381]LogModuleManager: Shutting down and abandoning module GitSourceControl (246)
[2017.05.10-02.17.54:750][381]LogModuleManager: Shutting down and abandoning module SourceControl (245)
[2017.05.10-02.17.54:750][381]LogModuleManager: Shutting down and abandoning module LightPropagationVolumeEditor (242)
[2017.05.10-02.17.54:750][381]LogModuleManager: Shutting down and abandoning module PaperTiledImporter (240)
[2017.05.10-02.17.54:750][381]LogModuleManager: Shutting down and abandoning module PaperSpriteSheetImporter (238)
[2017.05.10-02.17.54:750][381]LogModuleManager: Shutting down and abandoning module Paper2DEditor (236)
[2017.05.10-02.17.54:750][381]LogModuleManager: Shutting down and abandoning module MeshPaint (235)
[2017.05.10-02.17.54:750][381]LogModuleManager: Shutting down and abandoning module LevelEditor (233)
[2017.05.10-02.17.54:752][381]LogModuleManager: Shutting down and abandoning module PixelInspectorModule (232)
[2017.05.10-02.17.54:752][381]LogModuleManager: Shutting down and abandoning module MainFrame (230)
[2017.05.10-02.17.54:752][381]LogModuleManager: Shutting down and abandoning module HotReload (229)
[2017.05.10-02.17.54:753][381]LogModuleManager: Shutting down and abandoning module ContentBrowser (225)
[2017.05.10-02.17.54:755][381]LogModuleManager: Shutting down and abandoning module PhysXVehiclesEditor (222)
[2017.05.10-02.17.54:755][381]LogModuleManager: Shutting down and abandoning module PhysXVehicles (220)
[2017.05.10-02.17.54:755][381]LogModuleManager: Shutting down and abandoning module LocationServicesBPLibrary (218)
[2017.05.10-02.17.54:755][381]LogModuleManager: Shutting down and abandoning module UdpMessaging (216)
[2017.05.10-02.17.54:856][381]LogModuleManager: Shutting down and abandoning module TcpMessaging (214)
[2017.05.10-02.17.54:956][381]LogModuleManager: Shutting down and abandoning module GameplayTagsEditor (212)
[2017.05.10-02.17.54:956][381]LogModuleManager: Shutting down and abandoning module FacialAnimationEditor (210)
[2017.05.10-02.17.54:956][381]LogModuleManager: Shutting down and abandoning module FacialAnimation (208)
[2017.05.10-02.17.54:956][381]LogModuleManager: Shutting down and abandoning module LightPropagationVolumeRuntime (206)
[2017.05.10-02.17.54:956][381]LogModuleManager: Shutting down and abandoning module Paper2D (204)
[2017.05.10-02.17.54:956][381]LogModuleManager: Shutting down and abandoning module WindowsMoviePlayer (202)
[2017.05.10-02.17.54:956][381]LogModuleManager: Shutting down and abandoning module WmfMedia (200)
[2017.05.10-02.17.54:956][381]LogModuleManager: Shutting down and abandoning module MfMedia (198)
[2017.05.10-02.17.54:956][381]LogModuleManager: Shutting down and abandoning module MediaAssets (196)
[2017.05.10-02.17.54:956][381]LogModuleManager: Shutting down and abandoning module GameLiveStreaming (194)
[2017.05.10-02.17.54:956][381]LogModuleManager: Shutting down and abandoning module VREditor (192)
[2017.05.10-02.17.54:956][381]LogModuleManager: Shutting down and abandoning module GameplayTasksEditor (190)
[2017.05.10-02.17.54:956][381]LogModuleManager: Shutting down and abandoning module BehaviorTreeEditor (188)
[2017.05.10-02.17.54:956][381]LogModuleManager: Shutting down and abandoning module FunctionalTesting (186)
[2017.05.10-02.17.54:956][381]LogModuleManager: Shutting down and abandoning module CollisionAnalyzer (184)
[2017.05.10-02.17.54:956][381]LogModuleManager: Shutting down and abandoning module UMG (182)
[2017.05.10-02.17.54:957][381]LogModuleManager: Shutting down and abandoning module UMGEditor (181)
[2017.05.10-02.17.54:957][381]LogModuleManager: Shutting down and abandoning module Sequencer (180)
[2017.05.10-02.17.54:957][381]LogModuleManager: Shutting down and abandoning module AssetTools (178)
[2017.05.10-02.17.54:957][381]LogModuleManager: Shutting down and abandoning module MessageLog (177)
[2017.05.10-02.17.54:957][381]LogModuleManager: Shutting down and abandoning module WorkspaceMenuStructure (176)
[2017.05.10-02.17.54:957][381]LogModuleManager: Shutting down and abandoning module SlateReflector (170)
[2017.05.10-02.17.54:957][381]LogModuleManager: Shutting down and abandoning module Slate (168)
[2017.05.10-02.17.54:957][381]LogModuleManager: Shutting down and abandoning module EditorStyle (166)
[2017.05.10-02.17.54:962][381]LogModuleManager: Shutting down and abandoning module SourceCodeAccess (164)
[2017.05.10-02.17.54:962][381]LogModuleManager: Shutting down and abandoning module HeadMountedDisplay (162)
[2017.05.10-02.17.54:962][381]LogModuleManager: Shutting down and abandoning module XAudio2 (160)
[2017.05.10-02.17.54:962][381]LogModuleManager: Shutting down and abandoning module Networking (158)
[2017.05.10-02.17.54:962][381]LogModuleManager: Shutting down and abandoning module Core (154)
[2017.05.10-02.17.54:962][381]LogModuleManager: Shutting down and abandoning module AssetRegistry (152)
[2017.05.10-02.17.55:217][381]LogDirectoryWatcher: A directory notification for '../../../Engine/Content/' was aborted.
[2017.05.10-02.17.55:217][381]LogDirectoryWatcher: A directory notification for 'C:/Users/lenovo/Documents/UnrealPro/Shooter/Content/' was aborted.
[2017.05.10-02.17.55:217][381]LogDirectoryWatcher: A directory notification for '../../../Engine/Plugins/2D/Paper2D/Content/' was aborted.
[2017.05.10-02.17.55:217][381]LogModuleManager: Shutting down and abandoning module DirectoryWatcher (151)
[2017.05.10-02.17.55:219][381]LogModuleManager: Shutting down and abandoning module KismetCompiler (148)
[2017.05.10-02.17.55:219][381]LogModuleManager: Shutting down and abandoning module PhysXFormats (146)
[2017.05.10-02.17.55:219][381]LogModuleManager: Shutting down and abandoning module MeshUtilities (144)
[2017.05.10-02.17.55:219][381]LogModuleManager: Shutting down and abandoning module SimplygonSwarm (143)
[2017.05.10-02.17.55:219][381]LogModuleManager: Shutting down and abandoning module SimplygonMeshReduction (141)
[2017.05.10-02.17.55:219][381]LogModuleManager: Shutting down and abandoning module QuadricMeshReduction (139)
[2017.05.10-02.17.55:219][381]LogModuleManager: Shutting down and abandoning module PropertyEditor (137)
[2017.05.10-02.17.55:219][381]LogModuleManager: Shutting down and abandoning module DerivedDataCache (134)
[2017.05.10-02.17.55:233][381]LogDerivedDataCache: Shutdown
[2017.05.10-02.17.55:234][381]LogModuleManager: Shutting down and abandoning module TargetPlatform (132)
[2017.05.10-02.17.55:234][381]LogModuleManager: Shutting down and abandoning module VulkanShaderFormat (131)
[2017.05.10-02.17.55:234][381]LogModuleManager: Shutting down and abandoning module ShaderFormatOpenGL (129)
[2017.05.10-02.17.55:234][381]LogModuleManager: Shutting down and abandoning module ShaderFormatD3D (127)
[2017.05.10-02.17.55:234][381]LogModuleManager: Shutting down and abandoning module MetalShaderFormat (125)
[2017.05.10-02.17.55:234][381]LogModuleManager: Shutting down and abandoning module TextureFormatUncompressed (123)
[2017.05.10-02.17.55:234][381]LogModuleManager: Shutting down and abandoning module TextureFormatPVR (121)
[2017.05.10-02.17.55:234][381]LogModuleManager: Shutting down and abandoning module TextureFormatDXT (119)
[2017.05.10-02.17.55:234][381]LogModuleManager: Shutting down and abandoning module TextureFormatIntelISPCTexComp (117)
[2017.05.10-02.17.55:234][381]LogModuleManager: Shutting down and abandoning module TextureFormatASTC (115)
[2017.05.10-02.17.55:234][381]LogModuleManager: Shutting down and abandoning module ImageWrapper (114)
[2017.05.10-02.17.55:234][381]LogModuleManager: Shutting down and abandoning module TextureFormatAndroid (111)
[2017.05.10-02.17.55:234][381]LogModuleManager: Shutting down and abandoning module AudioFormatOpus (109)
[2017.05.10-02.17.55:234][381]LogModuleManager: Shutting down and abandoning module AudioFormatOgg (107)
[2017.05.10-02.17.55:234][381]LogModuleManager: Shutting down and abandoning module AudioFormatADPCM (105)
[2017.05.10-02.17.55:234][381]LogModuleManager: Shutting down and abandoning module LinuxTargetPlatform (103)
[2017.05.10-02.17.55:234][381]LogModuleManager: Shutting down and abandoning module LinuxServerTargetPlatform (101)
[2017.05.10-02.17.55:234][381]LogModuleManager: Shutting down and abandoning module LinuxNoEditorTargetPlatform (99)
[2017.05.10-02.17.55:234][381]LogModuleManager: Shutting down and abandoning module LinuxClientTargetPlatform (97)
[2017.05.10-02.17.55:234][381]LogModuleManager: Shutting down and abandoning module TVOSTargetPlatform (95)
[2017.05.10-02.17.55:234][381]LogModuleManager: Shutting down and abandoning module Messaging (93)
[2017.05.10-02.17.55:234][381]LogModuleManager: Shutting down and abandoning module IOSTargetPlatform (91)
[2017.05.10-02.17.55:234][381]LogModuleManager: Shutting down and abandoning module HTML5TargetPlatform (89)
[2017.05.10-02.17.55:234][381]LogModuleManager: Shutting down and abandoning module Android_PVRTCTargetPlatform (87)
[2017.05.10-02.17.55:235][381]LogModuleManager: Shutting down and abandoning module Android_MultiTargetPlatform (85)
[2017.05.10-02.17.55:235][381]LogModuleManager: Shutting down and abandoning module Android_ETC2TargetPlatform (83)
[2017.05.10-02.17.55:235][381]LogModuleManager: Shutting down and abandoning module Android_ETC1TargetPlatform (81)
[2017.05.10-02.17.55:235][381]LogModuleManager: Shutting down and abandoning module Android_DXTTargetPlatform (79)
[2017.05.10-02.17.55:235][381]LogModuleManager: Shutting down and abandoning module Android_ATCTargetPlatform (77)
[2017.05.10-02.17.55:235][381]LogModuleManager: Shutting down and abandoning module Android_ASTCTargetPlatform (75)
[2017.05.10-02.17.55:235][381]LogModuleManager: Shutting down and abandoning module AndroidTargetPlatform (73)
[2017.05.10-02.17.55:235][381]LogModuleManager: Shutting down and abandoning module WindowsTargetPlatform (71)
[2017.05.10-02.17.55:235][381]LogModuleManager: Shutting down and abandoning module WindowsServerTargetPlatform (69)
[2017.05.10-02.17.55:235][381]LogModuleManager: Shutting down and abandoning module WindowsNoEditorTargetPlatform (67)
[2017.05.10-02.17.55:235][381]LogModuleManager: Shutting down and abandoning module WindowsClientTargetPlatform (65)
[2017.05.10-02.17.55:235][381]LogModuleManager: Shutting down and abandoning module MacTargetPlatform (63)
[2017.05.10-02.17.55:235][381]LogModuleManager: Shutting down and abandoning module MacServerTargetPlatform (61)
[2017.05.10-02.17.55:235][381]LogModuleManager: Shutting down and abandoning module MacNoEditorTargetPlatform (59)
[2017.05.10-02.17.55:235][381]LogModuleManager: Shutting down and abandoning module MacClientTargetPlatform (57)
[2017.05.10-02.17.55:235][381]LogModuleManager: Shutting down and abandoning module AllDesktopTargetPlatform (55)
[2017.05.10-02.17.55:235][381]LogModuleManager: Shutting down and abandoning module InputCore (52)
[2017.05.10-02.17.55:235][381]LogModuleManager: Shutting down and abandoning module Settings (50)
[2017.05.10-02.17.55:235][381]LogModuleManager: Shutting down and abandoning module OculusRift (48)
[2017.05.10-02.17.55:235][381]LogModuleManager: Shutting down and abandoning module GearVR (46)
[2017.05.10-02.17.55:235][381]LogModuleManager: Shutting down and abandoning module ExampleDeviceProfileSelector (44)
[2017.05.10-02.17.55:235][381]LogModuleManager: Shutting down and abandoning module OnlineBlueprintSupport (42)
[2017.05.10-02.17.55:235][381]LogModuleManager: Shutting down and abandoning module OnlineSubsystem (38)
[2017.05.10-02.17.55:235][381]LogOnline:Display: Unloading online subsystem: NULL
[2017.05.10-02.17.55:235][381]LogModuleManager: Shutting down and abandoning module XMPP (37)
[2017.05.10-02.17.55:235][381]LogModuleManager: Shutting down and abandoning module HTTP (35)
[2017.05.10-02.17.55:235][381]LogHttp:Display: Http module shutting down, but needs to wait on 1 outstanding Http requests:
[2017.05.10-02.17.55:235][381]LogHttp:Display: 	verb=[POST] url=[https://datarouter.ol.epicgames.com/datarouter/api/v1/public/data?SessionID=%7BB8ED668C-4CC7-FED9-D09C-0B8C44DDF6D8%7D&AppID=UEEditor.Rocket.Release&AppVersion=4.15.2-3416026%2B%2B%2BUE4%2BRelease-4.15&UserID=fc0ab5e14c29e395dee894bb26e0e4c8%7Ccbf7e4b3a2fa4a3483ff9ae11ae13430%7C0a898179-1db4-4ad6-89ab-2983492e6393&AppEnvironment=datacollector-binary&UploadType=eteventstream] status=Processing
[2017.05.10-02.17.55:235][381]LogHttp:Warning: 000001FEDE73AF80: request failed, libcurl error: 6 (Couldn't resolve host name)
[2017.05.10-02.17.55:235][381]LogHttp:Warning: 000001FEDE73AF80: libcurl info message cache 0 (Could not resolve host: datarouter.ol.epicgames.com)
[2017.05.10-02.17.55:236][381]LogHttp:Warning: 000001FEDE73AF80: libcurl info message cache 1 (Closing connection 5)
[2017.05.10-02.17.55:268][381]LogModuleManager: Shutting down and abandoning module SSL (34)
[2017.05.10-02.17.55:271][381]LogModuleManager: Shutting down and abandoning module AudioEditor (30)
[2017.05.10-02.17.55:271][381]LogModuleManager: Shutting down and abandoning module TextureCompressor (28)
[2017.05.10-02.17.55:271][381]LogModuleManager: Shutting down and abandoning module ShaderCore (26)
[2017.05.10-02.17.55:271][381]LogModuleManager: Shutting down and abandoning module Landscape (24)
[2017.05.10-02.17.55:271][381]LogModuleManager: Shutting down and abandoning module SlateRHIRenderer (22)
[2017.05.10-02.17.55:274][381]LogModuleManager: Shutting down and abandoning module OpenGLDrv (20)
[2017.05.10-02.17.55:274][381]LogModuleManager: Shutting down and abandoning module D3D11RHI (18)
[2017.05.10-02.17.55:274][381]LogModuleManager: Shutting down and abandoning module AnimGraphRuntime (16)
[2017.05.10-02.17.55:274][381]LogModuleManager: Shutting down and abandoning module Renderer (14)
[2017.05.10-02.17.55:274][381]LogModuleManager: Shutting down and abandoning module Engine (12)
[2017.05.10-02.17.55:274][381]LogModuleManager: Shutting down and abandoning module CoreUObject (10)
[2017.05.10-02.17.55:274][381]LogModuleManager: Shutting down and abandoning module NetworkFile (8)
[2017.05.10-02.17.55:274][381]LogModuleManager: Shutting down and abandoning module StreamingFile (6)
[2017.05.10-02.17.55:274][381]LogModuleManager: Shutting down and abandoning module SandboxFile (4)
[2017.05.10-02.17.55:274][381]LogModuleManager: Shutting down and abandoning module PakFile (2)
[2017.05.10-02.17.55:279][381]LogExit: Exiting.
[2017.05.10-02.17.55:282][381]Log file closed, 05/09/17 22:17:55
