Log file open, 05/04/17 00:00:03
LogInit:Display: Running engine for game: Shooter
LogPlatformFile: Not using cached read wrapper
LogInit:Display: RandInit(-1877407160) SRandInit(-1877407159).
LogTaskGraph: Started task graph with 5 named threads and 8 total threads with 1 sets of task threads.
LogStats: Stats thread started at 1.043545
LogInit: Using libcurl 7.47.1
LogInit:  - built for x86_64-pc-win32
LogInit:  - supports SSL with OpenSSL/1.0.2g
LogInit:  - supports HTTP deflate (compression) using libz 1.2.8
LogInit:  - other features:
LogInit:      CURL_VERSION_SSL
LogInit:      CURL_VERSION_LIBZ
LogInit:      CURL_VERSION_IPV6
LogInit:      CURL_VERSION_ASYNCHDNS
LogInit:      CURL_VERSION_LARGEFILE
LogInit:      CURL_VERSION_IDN
LogInit:  CurlRequestOptions (configurable via config and command line):
LogInit:  - bVerifyPeer = false  - Libcurl will NOT verify peer certificate
LogInit:  - bUseHttpProxy = false  - Libcurl will NOT use HTTP proxy
LogInit:  - bDontReuseConnections = false  - Libcurl will reuse connections
LogInit:  - CertBundlePath = nullptr  - Libcurl will use whatever was configured at build time.
LogInit: Build: ++UE4+Release-4.15-CL-3348071
LogInit: Engine Version: 4.15.1-3348071+++UE4+Release-4.15
LogInit: Compatible Engine Version: 4.15.0-3299760+++UE4+Release-4.15
LogInit: Net CL: 3299760
LogDevObjectVersion: Number of dev versions registered: 14
LogDevObjectVersion:   Dev-Blueprints (B0D832E4-1F89-4F0D-ACCF-7EB736FD4AA2): 8
LogDevObjectVersion:   Dev-Build (E1C64328-A22C-4D53-A36C-8E866417BD8C): 0
LogDevObjectVersion:   Dev-Core (375EC13C-06E4-48FB-B500-84F0262A717E): 2
LogDevObjectVersion:   Dev-Editor (E4B068ED-F494-42E9-A231-DA0B2E46BB41): 14
LogDevObjectVersion:   Dev-Framework (CFFC743F-43B0-4480-9391-14DF171D2073): 22
LogDevObjectVersion:   Dev-Mobile (B02B49B5-BB20-44E9-A304-32B752E40360): 0
LogDevObjectVersion:   Dev-Networking (A4E4105C-59A1-49B5-A7C5-40C4547EDFEE): 0
LogDevObjectVersion:   Dev-Online (39C831C9-5AE6-47DC-9A44-9C173E1C8E7C): 0
LogDevObjectVersion:   Dev-Physics (78F01B33-EBEA-4F98-B9B4-84EACCB95AA2): 0
LogDevObjectVersion:   Dev-Platform (6631380F-2D4D-43E0-8009-CF276956A95A): 0
LogDevObjectVersion:   Dev-Rendering (12F88B9F-8875-4AFC-A67C-D90C383ABD29): 12
LogDevObjectVersion:   Dev-Sequencer (7B5AE74C-D270-4C10-A958-57980B212A5A): 3
LogDevObjectVersion:   Dev-VR (D7296918-1DD6-4BDD-9DE2-64A83CC13884): 0
LogDevObjectVersion:   Dev-LoadTimes (C2A15278-BFE7-4AFE-6C17-90FF531DF755): 1
LogInit: Compiled (64-bit): Mar 15 2017 16:52:47
LogInit: Compiled with Visual C++: 19.00.23026.00
LogInit: Build Configuration: Development
LogInit: Branch Name: ++UE4+Release-4.15
LogInit: Command line:  
LogInit: Base directory: D:/Epic Games/UE_4.15/Engine/Binaries/Win64/
LogInit: Installed Engine Build: 1
LogInit: Presizing for max 8388607 objects, including 0 objects not considered by GC, pre-allocating 0 bytes for permanent pool.
LogInit: Object subsystem initialized
[2017.05.04-04.00.05:740][  0]LogInit: Selected Device Profile: [Windows]
[2017.05.04-04.00.05:740][  0]LogInit: Applying CVar settings loaded from the selected device profile: [Windows]
[2017.05.04-04.00.05:830][  0]LogInit: Computer: DESKTOP-44SKKF1
[2017.05.04-04.00.05:830][  0]LogInit: User: 1
[2017.05.04-04.00.05:830][  0]LogInit: CPU Page size=65536, Cores=4
[2017.05.04-04.00.05:830][  0]LogInit: High frequency timer resolution =1.754518 MHz
[2017.05.04-04.00.05:831][  0]LogMemory: Memory total: Physical=7.3GB (8GB approx)
[2017.05.04-04.00.05:831][  0]LogMemory: Platform Memory Stats for Windows
[2017.05.04-04.00.05:831][  0]LogMemory: Process Physical Memory: 264.12 MB used, 264.12 MB peak
[2017.05.04-04.00.05:831][  0]LogMemory: Process Virtual Memory: 262.47 MB used, 262.47 MB peak
[2017.05.04-04.00.05:831][  0]LogMemory: Physical Memory: 2436.07 MB used,  5049.26 MB free, 7485.34 MB total
[2017.05.04-04.00.05:831][  0]LogMemory: Virtual Memory: 644.29 MB used,  5049.26 MB free, 134217728.00 MB total
[2017.05.04-04.00.06:634][  0]LogInit: Overriding culture en with editor configuration.
[2017.05.04-04.00.12:806][  0]LogD3D11RHI: D3D11 adapters:
[2017.05.04-04.00.12:865][  0]LogD3D11RHI:    0. 'AMD Radeon R6 Graphics' (Feature Level 11_0)
[2017.05.04-04.00.12:865][  0]LogD3D11RHI:       487/0/3742 MB DedicatedVideo/DedicatedSystem/SharedSystem, Outputs:1, VendorId:0x1002
[2017.05.04-04.00.12:869][  0]LogD3D11RHI:    1. 'Microsoft Basic Render Driver' (Feature Level 11_0)
[2017.05.04-04.00.12:869][  0]LogD3D11RHI:       0/0/3742 MB DedicatedVideo/DedicatedSystem/SharedSystem, Outputs:0, VendorId:0x1414
[2017.05.04-04.00.12:869][  0]LogD3D11RHI: Chosen D3D11 Adapter: 0
[2017.05.04-04.00.12:888][  0]LogD3D11RHI: Creating new Direct3DDevice
[2017.05.04-04.00.12:888][  0]LogD3D11RHI:     GPU DeviceId: 0x9874 (for the marketing name, search the web for "GPU Device Id")
[2017.05.04-04.00.12:888][  0]LogWindows: EnumDisplayDevices:
[2017.05.04-04.00.12:888][  0]LogWindows:    0. 'AMD Radeon R6 Graphics' (P:1 D:1)
[2017.05.04-04.00.12:889][  0]LogWindows:    1. 'AMD Radeon R6 Graphics' (P:0 D:0)
[2017.05.04-04.00.12:890][  0]LogWindows:    2. 'AMD Radeon R6 Graphics' (P:0 D:0)
[2017.05.04-04.00.12:890][  0]LogWindows: DebugString: FoundDriverCount:3 
[2017.05.04-04.00.12:890][  0]LogD3D11RHI:     Adapter Name: AMD Radeon R6 Graphics
[2017.05.04-04.00.12:890][  0]LogD3D11RHI:   Driver Version: Crimson 16.6 (internal:21.19.137.514, unified:21.19.137.514)
[2017.05.04-04.00.12:890][  0]LogD3D11RHI:      Driver Date: 11-21-2016
[2017.05.04-04.00.12:890][  0]LogRHI: Texture pool is 340 MB (70% of 487 MB)
[2017.05.04-04.00.12:986][  0]LogD3D11RHI: Async texture creation enabled
[2017.05.04-04.00.13:048][  0]LogD3D11RHI: GPU Timing Frequency: 100.000000 (Debug: 2 1)
[2017.05.04-04.00.13:061][  0]LogShaderCompilers: Guid format shader working directory is -3 characters bigger than the processId version (C:/Users/lenovo/Documents/Unreal Projects/Shooter/Intermediate/Shaders/WorkingDirectory/26364/).
[2017.05.04-04.00.13:061][  0]LogShaderCompilers: Cleaned the shader compiler working directory 'C:/Users/lenovo/AppData/Local/Temp/UnrealShaderWorkingDir/A8EC3B7441A2A754CA16CC88C4582880/'.
[2017.05.04-04.00.13:062][  0]LogShaderCompilers:Display: Using Local Shader Compiler.
[2017.05.04-04.00.18:945][  0]LogTemp:Display: Loaded TP AllDesktopTargetPlatform
[2017.05.04-04.00.19:054][  0]LogTemp:Display: Loaded TP MacClientTargetPlatform
[2017.05.04-04.00.19:165][  0]LogTemp:Display: Loaded TP MacNoEditorTargetPlatform
[2017.05.04-04.00.19:276][  0]LogTemp:Display: Loaded TP MacServerTargetPlatform
[2017.05.04-04.00.19:394][  0]LogTemp:Display: Loaded TP MacTargetPlatform
[2017.05.04-04.00.19:496][  0]LogTemp:Display: Loaded TP WindowsClientTargetPlatform
[2017.05.04-04.00.19:628][  0]LogTemp:Display: Loaded TP WindowsNoEditorTargetPlatform
[2017.05.04-04.00.19:741][  0]LogTemp:Display: Loaded TP WindowsServerTargetPlatform
[2017.05.04-04.00.19:837][  0]LogTemp:Display: Loaded TP WindowsTargetPlatform
[2017.05.04-04.00.19:953][  0]LogTemp:Display: Loaded TP AndroidTargetPlatform
[2017.05.04-04.00.20:067][  0]LogTemp:Display: Loaded TP Android_ASTCTargetPlatform
[2017.05.04-04.00.20:178][  0]LogTemp:Display: Loaded TP Android_ATCTargetPlatform
[2017.05.04-04.00.20:295][  0]LogTemp:Display: Loaded TP Android_DXTTargetPlatform
[2017.05.04-04.00.20:395][  0]LogTemp:Display: Loaded TP Android_ETC1TargetPlatform
[2017.05.04-04.00.20:506][  0]LogTemp:Display: Loaded TP Android_ETC2TargetPlatform
[2017.05.04-04.00.20:724][  0]LogTemp:Display: Loaded TP Android_MultiTargetPlatform
[2017.05.04-04.00.20:724][  0]LogTemp:Display: Loaded TP Android_PVRTCTargetPlatform
[2017.05.04-04.00.20:797][  0]LogTemp:Display: Loaded TP HTML5TargetPlatform
[2017.05.04-04.00.21:039][  0]LogTemp:Display: Loaded TP IOSTargetPlatform
[2017.05.04-04.00.21:146][  0]LogTemp:Display: Loaded TP TVOSTargetPlatform
[2017.05.04-04.00.21:256][  0]LogTemp:Display: Loaded TP LinuxClientTargetPlatform
[2017.05.04-04.00.21:364][  0]LogTemp:Display: Loaded TP LinuxNoEditorTargetPlatform
[2017.05.04-04.00.21:465][  0]LogTemp:Display: Loaded TP LinuxServerTargetPlatform
[2017.05.04-04.00.21:584][  0]LogTemp:Display: Loaded TP LinuxTargetPlatform
[2017.05.04-04.00.21:584][  0]LogTargetPlatformManager:Display: Building Assets For Windows
[2017.05.04-04.00.23:097][  0]LogDerivedDataCache:Display: Max Cache Size: 512 MB
[2017.05.04-04.00.23:520][  0]LogDerivedDataCache: Loaded boot cache 0.42s 50MB C:/Users/lenovo/AppData/Local/UnrealEngine/4.15/DerivedDataCache/Boot.ddc.
[2017.05.04-04.00.23:520][  0]LogDerivedDataCache:Display: Loaded Boot cache: C:/Users/lenovo/AppData/Local/UnrealEngine/4.15/DerivedDataCache/Boot.ddc
[2017.05.04-04.00.23:520][  0]LogDerivedDataCache: FDerivedDataBackendGraph:  Pak pak cache file C:/Users/lenovo/Documents/Unreal Projects/Shooter/DerivedDataCache/DDC.ddp not found, will not use a pak cache.
[2017.05.04-04.00.23:520][  0]LogDerivedDataCache: Unable to find inner node Pak for hierarchical cache Hierarchy.
[2017.05.04-04.00.23:521][  0]LogDerivedDataCache: FDerivedDataBackendGraph:  CompressedPak pak cache file C:/Users/lenovo/Documents/Unreal Projects/Shooter/DerivedDataCache/Compressed.ddp not found, will not use a pak cache.
[2017.05.04-04.00.23:521][  0]LogDerivedDataCache: Unable to find inner node CompressedPak for hierarchical cache Hierarchy.
[2017.05.04-04.00.23:577][  0]LogDerivedDataCache:Display: Pak cache opened for reading ../../../Engine/DerivedDataCache/Compressed.ddp.
[2017.05.04-04.00.23:595][  0]LogDerivedDataCache: Using Local data cache path C:/Users/lenovo/AppData/Local/UnrealEngine/Common/DerivedDataCache: Writable
[2017.05.04-04.00.23:634][  0]LogSlate: Using Freetype 2.6.0
[2017.05.04-04.00.23:666][  0]LogSlate: SlateFontCache - WITH_FREETYPE: 1, WITH_HARFBUZZ: 1
[2017.05.04-04.00.23:666][  0]LogSlate: SlateFontCache - WITH_FREETYPE: 1, WITH_HARFBUZZ: 1
[2017.05.04-04.00.30:591][  0]LogInit: Selected Device Profile: [Windows]
[2017.05.04-04.00.30:610][  0]LogContentStreaming: Texture pool size is 0.00 MB
[2017.05.04-04.00.31:130][  0]LogMeshUtilities: Using QuadricMeshReduction for automatic static mesh reduction
[2017.05.04-04.00.31:216][  0]LogSimplygon: Simplygon DLL not present - disabling.
[2017.05.04-04.00.31:314][  0]LogMeshUtilities: Using SimplygonSwarm for distributed automatic mesh merging
[2017.05.04-04.00.31:314][  0]LogMeshUtilities: No automatic skeletal mesh reduction module available
[2017.05.04-04.00.31:314][  0]LogMeshUtilities: No automatic mesh merging module available
[2017.05.04-04.00.34:619][  0]LogNetVersion: GetLocalNetworkVersion: CL: 3299760, ProjectName: shooter, ProjectVersion: , EngineNetworkVersion: 2, GameNetworkVersion: 0, NetworkChecksum: 1589670086
[2017.05.04-04.00.34:708][  0]LogAssetRegistry: FAssetRegistry took 0.0265 seconds to start up
[2017.05.04-04.00.34:847][  0]LogPackageLocalizationCache: Processed 3 localized package path(s) for 1 prioritized culture(s) in 0.056915 seconds
[2017.05.04-04.00.34:864][  0]LogUObjectArray: 32493 objects as part of root set at end of initial load.
[2017.05.04-04.00.34:864][  0]LogUObjectAllocator: 7077024 out of 0 bytes used by permanent object pool.
[2017.05.04-04.00.34:864][  0]LogUObjectArray: CloseDisregardForGC: 0/0 objects in disregard for GC pool
[2017.05.04-04.00.35:017][  0]LogInit: WinSock: version 1.1 (2.2), MaxSocks=32767, MaxUdp=65467
[2017.05.04-04.00.45:138][  0]LogTcpMessaging: Initializing TcpMessaging bridge
[2017.05.04-04.00.45:225][  0]LogUdpMessaging: Initializing bridge on interface 0.0.0.0:0 to multicast group 230.0.0.1:6666.
[2017.05.04-04.00.46:730][  0]LogMaterial: Uniform references updated for custom material expression Custom.
[2017.05.04-04.00.47:992][  0]SourceControl: Info Source control is disabled
[2017.05.04-04.00.48:001][  0]SourceControl: Info Source control is disabled
[2017.05.04-04.00.48:138][  0]SourceControl: Info Source control is disabled
[2017.05.04-04.00.48:268][  0]SourceControl: Info Source control is disabled
[2017.05.04-04.00.51:627][  0]LogEngine: Initializing Engine...
[2017.05.04-04.00.51:631][  0]LogHMD: Failed to initialize OpenVR with code 110
[2017.05.04-04.00.52:564][  0]LogAIModule: Creating AISystem for world Untitled
[2017.05.04-04.00.52:605][  0]LogInit: XAudio2 using '扬声器 (Conexant SmartAudio HD)' : 2 channels at 48 kHz using 32 bits per sample (channel mask 0x3)
[2017.05.04-04.00.53:893][  0]LogInit: FAudioDevice initialized.
[2017.05.04-04.00.53:990][  0]LogDerivedDataCache: Saved boot cache 0.10s 50MB C:/Users/lenovo/AppData/Local/UnrealEngine/4.15/DerivedDataCache/Boot.ddc.
[2017.05.04-04.00.54:035][  0]LogInit: Texture streaming: Enabled
[2017.05.04-04.00.54:376][  0]LogEngineSessionManager: EngineSessionManager initialized
[2017.05.04-04.00.54:376][  0]LogEngineSessionManager: EngineSessionManager sent abnormal shutdown report. Type=AbnormalShutdown, SessionId={76B75035-4F49-FCEF-00A6-D4A8172DEFF8}
[2017.05.04-04.00.54:621][  0]LogInit: Transaction tracking system initialized
[2017.05.04-04.00.55:514][  0]BlueprintLog: New page: Editor Load
[2017.05.04-04.00.57:917][  0]LocalizationService: Info Localization service is disabled
[2017.05.04-04.00.59:624][  0]LogConsoleResponse:Display: 
[2017.05.04-04.01.00:448][  0]LogCook:Display: Max memory allowance for cook 16384mb min free memory 0mb
[2017.05.04-04.01.00:448][  0]LogCook:Display: Mobile HDR setting 1
[2017.05.04-04.01.01:500][  0]LogFileCache: Scanning file cache for directory 'C:/Users/lenovo/Documents/Unreal Projects/Shooter/Content/' took 0.03s
[2017.05.04-04.01.03:231][  0]SourceControl: Info Source control is disabled
[2017.05.04-04.01.03:329][  0]LogWindowsTextInputMethodSystem:Display: IME system now deactivated.
[2017.05.04-04.01.03:398][  0]LogSlate: Took 0.013135 seconds to synchronously load lazily loaded font '../../../Engine/Content/Slate/Fonts/Roboto-Regular.ttf' (155K)
[2017.05.04-04.01.57:256][  0]LogWindowsTextInputMethodSystem:Display: IME system now deactivated.
[2017.05.04-04.01.57:258][  0]LogWindowsTextInputMethodSystem:Display: IME system now deactivated.
[2017.05.04-04.06.22:583][  0]LogWindowsTextInputMethodSystem:Display: IME system now deactivated.
[2017.05.04-04.06.22:587][  0]LogWindowsTextInputMethodSystem:Display: IME system now deactivated.
[2017.05.04-04.06.22:739][  0]Cmd: MAP LOAD FILE="C:/Users/lenovo/Documents/Unreal Projects/Shooter/Content/ThirdPersonBP/Maps/ThirdPersonExampleMap.umap" TEMPLATE=0 SHOWPROGRESS=1 FEATURELEVEL=3
[2017.05.04-04.06.22:742][  0]LightingResults: New page: Lighting Build
[2017.05.04-04.06.22:902][  0]MapCheck: New page: Map Check
[2017.05.04-04.06.22:902][  0]LightingResults: New page: Lighting Build
[2017.05.04-04.06.25:467][  0]LogAIModule: Creating AISystem for world ThirdPersonExampleMap
[2017.05.04-04.06.25:628][  0]LogEditorServer: Finished looking for orphan Actors (0.000 secs)
[2017.05.04-04.06.25:631][  0]Cmd: MAP CHECKDEP NOCLEARLOG
[2017.05.04-04.06.25:743][  0]MapCheck: Info Map check complete: 0 Error(s), 0 Warning(s), took 112.248ms to complete.
[2017.05.04-04.06.25:744][  0]LogFileHelpers: Loading map 'ThirdPersonExampleMap' took 3.006
[2017.05.04-04.06.26:152][  0]LogStats:Warning: MetaData mismatch. Did you assign a stat to two groups? New //STATGROUP_Threads//SplashScreenThread///Thread_7168_0///####STATCAT_Advanced#### old //STATGROUP_Threads//SplashScreenThread///Thread_67f8_0///####STATCAT_Advanced####
[2017.05.04-04.06.26:152][  0]LogCollectionManager: Loaded 0 collections in 0.004181 seconds
[2017.05.04-04.06.26:331][  0]LogFileCache: Scanning file cache for directory 'C:/Users/lenovo/Documents/Unreal Projects/Shooter/Saved/Collections/' took 0.01s
[2017.05.04-04.06.26:331][  0]LogFileCache: Scanning file cache for directory 'C:/Users/lenovo/Documents/Unreal Projects/Shooter/Content/Developers/1/Collections/' took 0.01s
[2017.05.04-04.06.26:331][  0]LogFileCache: Scanning file cache for directory 'C:/Users/lenovo/Documents/Unreal Projects/Shooter/Content/Collections/' took 0.01s
[2017.05.04-04.06.26:331][  0]LogCollectionManager: Rebuilt the GUID cache for 0 collections in 0.000026 seconds
[2017.05.04-04.06.26:363][  0]LogContentBrowser: Native class hierarchy populated in 0.0281 seconds. Added 2245 classes and 453 folders.
[2017.05.04-04.06.26:377][  0]LogStats: UGameplayTagsManager::ConstructGameplayTagTree: Construct from data asset -  0.000 s
[2017.05.04-04.06.26:378][  0]LogStats: UGameplayTagsManager::ConstructGameplayTagTree: GameplayTagTreeChangedEvent.Broadcast -  0.000 s
[2017.05.04-04.06.26:526][  0]LogContentBrowser: Native class hierarchy updated for 'WidgetCarousel' in 0.0012 seconds. Added 0 classes and 0 folders.
[2017.05.04-04.06.27:372][  0]LogContentBrowser: Native class hierarchy updated for 'AddContentDialog' in 0.0015 seconds. Added 0 classes and 0 folders.
[2017.05.04-04.06.27:482][  0]LogContentBrowser: Native class hierarchy updated for 'SceneOutliner' in 0.0013 seconds. Added 1 classes and 2 folders.
[2017.05.04-04.06.27:662][  0]LogCrashTracker: Crashtracker disabled due to settings.
[2017.05.04-04.06.27:685][  0]LogUObjectGlobals:Warning: Failed to find object 'Class None.'
[2017.05.04-04.06.27:834][  0]LogContentBrowser: Native class hierarchy updated for 'HierarchicalLODOutliner' in 0.0013 seconds. Added 1 classes and 2 folders.
[2017.05.04-04.06.27:834][  0]LogLoad: (Engine Initialization) Total time: 393.12 seconds
[2017.05.04-04.06.27:835][  0]LogLoad: (Engine Initialization) Total Blueprint compile time: 0.53 seconds
[2017.05.04-04.06.27:835][  0]LogExternalProfiler: Found external profiler: VSPerf
[2017.05.04-04.06.27:835][  0]LogExternalProfiler: Using external profiler: VSPerf
[2017.05.04-04.06.27:845][  0]LogOcInput: OculusInput pre-init called
[2017.05.04-04.06.27:881][  0]LogContentStreaming: Texture pool size now 1000 MB
[2017.05.04-04.06.27:899][  0]LogSlate: Took 0.013639 seconds to synchronously load lazily loaded font '../../../Engine/Content/Slate/Fonts/Roboto-Bold.ttf' (160K)
[2017.05.04-04.06.27:925][  0]LogSlate: Took 0.012969 seconds to synchronously load lazily loaded font '../../../Engine/Content/Editor/Slate/Fonts/FontAwesome.ttf' (139K)
[2017.05.04-04.06.28:273][  0]LogSlate: Took 0.017418 seconds to synchronously load lazily loaded font '../../../Engine/Content/Slate/Fonts/Roboto-Light.ttf' (159K)
[2017.05.04-04.06.28:375][  0]LogRenderer: Reallocating scene render targets to support 928x436 NumSamples 1 (Frame:2).
[2017.05.04-04.06.29:118][  4]LogAssetRegistry: Asset discovery search completed in 354.4340 seconds
[2017.05.04-04.06.29:119][  4]LogCollectionManager: Rebuilt the object cache for 0 collections in 0.000017 seconds (found 0 objects)
[2017.05.04-04.06.29:119][  4]LogCollectionManager: Fixed up redirectors for 0 collections in 0.000772 seconds (updated 0 objects)
[2017.05.04-04.06.29:152][  4]LogSlate: Took 0.000788 seconds to synchronously load lazily loaded font '../../../Engine/Content/Slate/Fonts/Roboto-Light.ttf' (159K)
[2017.05.04-04.12.07:271][718]LogTemp: Repeting last play command: Selected Viewport
[2017.05.04-04.12.07:312][718]LogBlueprintUserMessages: Early PlayInEditor Detection: Level '/Game/ThirdPersonBP/Maps/ThirdPersonExampleMap.ThirdPersonExampleMap:PersistentLevel' has LevelScriptBlueprint '/Game/ThirdPersonBP/Maps/ThirdPersonExampleMap.ThirdPersonExampleMap:PersistentLevel.ThirdPersonExampleMap' with GeneratedClass '/Game/ThirdPersonBP/Maps/ThirdPersonExampleMap.ThirdPersonExampleMap_C' with ClassGeneratedBy '/Game/ThirdPersonBP/Maps/ThirdPersonExampleMap.ThirdPersonExampleMap:PersistentLevel.ThirdPersonExampleMap'
[2017.05.04-04.12.07:312][718]LogPlayLevel: PlayLevel: No blueprints needed recompiling
[2017.05.04-04.12.07:321][718]PIE: New page: PIE session: ThirdPersonExampleMap (May 3, 2017, 8:12:07 PM)
[2017.05.04-04.12.07:322][718]LogPlayLevel: Creating play world package: /Game/ThirdPersonBP/Maps/UEDPIE_0_ThirdPersonExampleMap
[2017.05.04-04.12.07:415][718]LogPlayLevel: PIE: StaticDuplicateObject took: (0.093826s)
[2017.05.04-04.12.07:419][718]LogAIModule: Creating AISystem for world ThirdPersonExampleMap
[2017.05.04-04.12.07:421][718]LogPlayLevel: PIE: World Init took: (0.005160s)
[2017.05.04-04.12.07:421][718]LogPlayLevel: PIE: Created PIE world by copying editor world from /Game/ThirdPersonBP/Maps/ThirdPersonExampleMap.ThirdPersonExampleMap to /Game/ThirdPersonBP/Maps/UEDPIE_0_ThirdPersonExampleMap.ThirdPersonExampleMap (0.100601s)
[2017.05.04-04.12.07:473][718]LogInit: XAudio2 using '扬声器 (Conexant SmartAudio HD)' : 2 channels at 48 kHz using 32 bits per sample (channel mask 0x3)
[2017.05.04-04.12.07:494][718]LogInit: FAudioDevice initialized.
[2017.05.04-04.12.07:626][718]LogLoad: Game class is 'ThirdPersonGameMode_C'
[2017.05.04-04.12.07:641][718]LogWorld: Bringing World /Game/ThirdPersonBP/Maps/UEDPIE_0_ThirdPersonExampleMap.ThirdPersonExampleMap up for play (max tick rate 0) at 2017.05.04-00.12.07
[2017.05.04-04.12.07:644][718]LogWorld: Bringing up level for play took: 0.008313
[2017.05.04-04.12.07:809][718]LogContentBrowser: Native class hierarchy updated for 'MovieSceneCapture' in 0.0021 seconds. Added 11 classes and 0 folders.
[2017.05.04-04.12.07:813][718]PIE: Info Play in editor start time for /Game/ThirdPersonBP/Maps/UEDPIE_0_ThirdPersonExampleMap -0.036
[2017.05.04-04.12.07:815][718]LogBlueprintUserMessages: Late PlayInEditor Detection: Level '/Game/ThirdPersonBP/Maps/ThirdPersonExampleMap.ThirdPersonExampleMap:PersistentLevel' has LevelScriptBlueprint '/Game/ThirdPersonBP/Maps/ThirdPersonExampleMap.ThirdPersonExampleMap:PersistentLevel.ThirdPersonExampleMap' with GeneratedClass '/Game/ThirdPersonBP/Maps/ThirdPersonExampleMap.ThirdPersonExampleMap_C' with ClassGeneratedBy '/Game/ThirdPersonBP/Maps/ThirdPersonExampleMap.ThirdPersonExampleMap:PersistentLevel.ThirdPersonExampleMap'
[2017.05.04-04.12.45:815][902]LogBlueprintUserMessages: Early EndPlayMap Detection: Level '/Game/ThirdPersonBP/Maps/ThirdPersonExampleMap.ThirdPersonExampleMap:PersistentLevel' has LevelScriptBlueprint '/Game/ThirdPersonBP/Maps/ThirdPersonExampleMap.ThirdPersonExampleMap:PersistentLevel.ThirdPersonExampleMap' with GeneratedClass '/Game/ThirdPersonBP/Maps/ThirdPersonExampleMap.ThirdPersonExampleMap_C' with ClassGeneratedBy '/Game/ThirdPersonBP/Maps/ThirdPersonExampleMap.ThirdPersonExampleMap:PersistentLevel.ThirdPersonExampleMap'
[2017.05.04-04.12.45:904][902]LogBlueprintUserMessages: Late EndPlayMap Detection: Level '/Game/ThirdPersonBP/Maps/ThirdPersonExampleMap.ThirdPersonExampleMap:PersistentLevel' has LevelScriptBlueprint '/Game/ThirdPersonBP/Maps/ThirdPersonExampleMap.ThirdPersonExampleMap:PersistentLevel.ThirdPersonExampleMap' with GeneratedClass '/Game/ThirdPersonBP/Maps/ThirdPersonExampleMap.ThirdPersonExampleMap_C' with ClassGeneratedBy '/Game/ThirdPersonBP/Maps/ThirdPersonExampleMap.ThirdPersonExampleMap:PersistentLevel.ThirdPersonExampleMap'
[2017.05.04-04.12.47:851][940]Cmd: QUIT_EDITOR
[2017.05.04-04.12.48:795][940]LogExit: Preparing to exit.
[2017.05.04-04.12.49:894][940]LogExit: Editor shut down
[2017.05.04-04.12.49:895][940]LogExit: Transaction tracking system shut down
[2017.05.04-04.12.50:053][940]LogObj: Freed 0b from 0 cluster array pools.
[2017.05.04-04.12.50:053][940]LogExit: Object subsystem successfully closed.
[2017.05.04-04.12.50:079][940]LogD3D11RHI: Shutdown
[2017.05.04-04.12.50:079][940]LogD3D11RHI: CleanupD3DDevice
[2017.05.04-04.12.50:623][940]LogD3D11RHI: ~FD3D11DynamicRHI
[2017.05.04-04.12.50:661][940]LogModuleManager: Shutting down and abandoning module MovieSceneCapture (500)
[2017.05.04-04.12.50:661][940]LogModuleManager: Shutting down and abandoning module HierarchicalLODOutliner (498)
[2017.05.04-04.12.50:661][940]LogModuleManager: Shutting down and abandoning module CrashTracker (496)
[2017.05.04-04.12.50:661][940]LogModuleManager: Shutting down and abandoning module SceneOutliner (494)
[2017.05.04-04.12.50:661][940]LogModuleManager: Shutting down and abandoning module AddContentDialog (492)
[2017.05.04-04.12.50:661][940]LogDirectoryWatcher: A directory notification for 'D:/Epic Games/UE_4.15/FeaturePacks/' was aborted.
[2017.05.04-04.12.50:664][940]LogModuleManager: Shutting down and abandoning module WidgetCarousel (491)
[2017.05.04-04.12.50:664][940]LogModuleManager: Shutting down and abandoning module EditorWidgets (488)
[2017.05.04-04.12.50:664][940]LogModuleManager: Shutting down and abandoning module CollectionManager (486)
[2017.05.04-04.12.50:664][940]LogDirectoryWatcher: A directory notification for 'C:/Users/lenovo/Documents/Unreal Projects/Shooter/Content/Collections/' was aborted.
[2017.05.04-04.12.50:664][940]LogDirectoryWatcher: A directory notification for 'C:/Users/lenovo/Documents/Unreal Projects/Shooter/Content/Developers/1/Collections/' was aborted.
[2017.05.04-04.12.50:664][940]LogDirectoryWatcher: A directory notification for 'C:/Users/lenovo/Documents/Unreal Projects/Shooter/Saved/Collections/' was aborted.
[2017.05.04-04.12.50:665][940]LogModuleManager: Shutting down and abandoning module StatsViewer (484)
[2017.05.04-04.12.50:665][940]LogModuleManager: Shutting down and abandoning module FoliageEdit (482)
[2017.05.04-04.12.50:665][940]LogModuleManager: Shutting down and abandoning module LandscapeEditor (480)
[2017.05.04-04.12.50:665][940]LogModuleManager: Shutting down and abandoning module SceneDepthPickerMode (478)
[2017.05.04-04.12.50:665][940]LogModuleManager: Shutting down and abandoning module ActorPickerMode (476)
[2017.05.04-04.12.50:665][940]LogModuleManager: Shutting down and abandoning module GeometryMode (474)
[2017.05.04-04.12.50:665][940]LogModuleManager: Shutting down and abandoning module TextureAlignMode (472)
[2017.05.04-04.12.50:665][940]LogModuleManager: Shutting down and abandoning module BspMode (470)
[2017.05.04-04.12.50:665][940]LogModuleManager: Shutting down and abandoning module HardwareSurvey (468)
[2017.05.04-04.12.50:665][940]LogModuleManager: Shutting down and abandoning module SequenceRecorderSections (466)
[2017.05.04-04.12.50:665][940]LogModuleManager: Shutting down and abandoning module AutomationWorker (464)
[2017.05.04-04.12.50:665][940]LogModuleManager: Shutting down and abandoning module MatineeToLevelSequence (462)
[2017.05.04-04.12.50:665][940]LogModuleManager: Shutting down and abandoning module LevelSequenceEditor (460)
[2017.05.04-04.12.50:666][940]LogModuleManager: Shutting down and abandoning module PlacementMode (459)
[2017.05.04-04.12.50:666][940]LogModuleManager: Shutting down and abandoning module WmfMediaFactory (456)
[2017.05.04-04.12.50:666][940]LogModuleManager: Shutting down and abandoning module WmfMediaEditor (454)
[2017.05.04-04.12.50:666][940]LogModuleManager: Shutting down and abandoning module MfMediaFactory (452)
[2017.05.04-04.12.50:666][940]LogModuleManager: Shutting down and abandoning module MfMediaEditor (450)
[2017.05.04-04.12.50:666][940]LogModuleManager: Shutting down and abandoning module AvfMediaFactory (448)
[2017.05.04-04.12.50:666][940]LogModuleManager: Shutting down and abandoning module AvfMediaEditor (446)
[2017.05.04-04.12.50:666][940]LogModuleManager: Shutting down and abandoning module AndroidMediaFactory (444)
[2017.05.04-04.12.50:666][940]LogModuleManager: Shutting down and abandoning module Media (443)
[2017.05.04-04.12.50:666][940]LogModuleManager: Shutting down and abandoning module AndroidMediaEditor (440)
[2017.05.04-04.12.50:666][940]LogModuleManager: Shutting down and abandoning module CharacterAI (438)
[2017.05.04-04.12.50:666][940]LogModuleManager: Shutting down and abandoning module AudioCapture (436)
[2017.05.04-04.12.50:666][940]LogModuleManager: Shutting down and abandoning module SequenceRecorder (435)
[2017.05.04-04.12.50:666][940]LogModuleManager: Shutting down and abandoning module SmartSnapping (432)
[2017.05.04-04.12.50:666][940]LogModuleManager: Shutting down and abandoning module SessionServices (430)
[2017.05.04-04.12.50:666][940]LogModuleManager: Shutting down and abandoning module ViewportSnapping (428)
[2017.05.04-04.12.50:666][940]LogModuleManager: Shutting down and abandoning module ViewportInteraction (426)
[2017.05.04-04.12.50:666][940]LogModuleManager: Shutting down and abandoning module LogVisualizer (424)
[2017.05.04-04.12.50:668][940]LogModuleManager: Shutting down and abandoning module IntroTutorials (422)
[2017.05.04-04.12.50:669][940]LogModuleManager: Shutting down and abandoning module GameProjectGeneration (421)
[2017.05.04-04.12.50:670][940]LogModuleManager: Shutting down and abandoning module EditorLiveStreaming (418)
[2017.05.04-04.12.50:670][940]LogModuleManager: Shutting down and abandoning module IOSPlatformEditor (416)
[2017.05.04-04.12.50:670][940]LogModuleManager: Shutting down and abandoning module HTML5PlatformEditor (414)
[2017.05.04-04.12.50:670][940]LogModuleManager: Shutting down and abandoning module AndroidPlatformEditor (412)
[2017.05.04-04.12.50:670][940]LogModuleManager: Shutting down and abandoning module AndroidDeviceDetection (411)
[2017.05.04-04.12.51:100][940]LogModuleManager: Shutting down and abandoning module IOSRuntimeSettings (408)
[2017.05.04-04.12.51:100][940]LogModuleManager: Shutting down and abandoning module AndroidRuntimeSettings (406)
[2017.05.04-04.12.51:100][940]LogModuleManager: Shutting down and abandoning module InputBindingEditor (404)
[2017.05.04-04.12.51:100][940]LogModuleManager: Shutting down and abandoning module NiagaraEditor (402)
[2017.05.04-04.12.51:103][940]LogModuleManager: Shutting down and abandoning module MergeActors (400)
[2017.05.04-04.12.51:103][940]LogModuleManager: Shutting down and abandoning module SizeMap (398)
[2017.05.04-04.12.51:104][940]LogModuleManager: Shutting down and abandoning module TreeMap (396)
[2017.05.04-04.12.51:104][940]LogModuleManager: Shutting down and abandoning module ReferenceViewer (394)
[2017.05.04-04.12.51:104][940]LogModuleManager: Shutting down and abandoning module LocalizationDashboard (392)
[2017.05.04-04.12.51:104][940]LogModuleManager: Shutting down and abandoning module LocalizationService (391)
[2017.05.04-04.12.51:105][940]LogModuleManager: Shutting down and abandoning module HardwareTargeting (388)
[2017.05.04-04.12.51:105][940]LogModuleManager: Shutting down and abandoning module DeviceProfileEditor (386)
[2017.05.04-04.12.51:106][940]LogModuleManager: Shutting down and abandoning module UndoHistory (384)
[2017.05.04-04.12.51:106][940]LogModuleManager: Shutting down and abandoning module UserFeedback (382)
[2017.05.04-04.12.51:106][940]LogModuleManager: Shutting down and abandoning module XmlParser (380)
[2017.05.04-04.12.51:106][940]LogModuleManager: Shutting down and abandoning module Blutility (378)
[2017.05.04-04.12.51:106][940]LogModuleManager: Shutting down and abandoning module ProjectSettingsViewer (376)
[2017.05.04-04.12.51:106][940]LogModuleManager: Shutting down and abandoning module ProjectTargetPlatformEditor (375)
[2017.05.04-04.12.51:106][940]LogModuleManager: Shutting down and abandoning module EditorSettingsViewer (372)
[2017.05.04-04.12.51:107][940]LogModuleManager: Shutting down and abandoning module SettingsEditor (370)
[2017.05.04-04.12.51:107][940]LogModuleManager: Shutting down and abandoning module ProjectLauncher (368)
[2017.05.04-04.12.51:108][940]LogModuleManager: Shutting down and abandoning module SessionFrontend (366)
[2017.05.04-04.12.51:109][940]LogModuleManager: Shutting down and abandoning module ProfilerClient (364)
[2017.05.04-04.12.51:110][940]LogModuleManager: Shutting down and abandoning module DeviceManager (362)
[2017.05.04-04.12.51:111][940]LogModuleManager: Shutting down and abandoning module TargetDeviceServices (361)
[2017.05.04-04.12.51:163][940]LogModuleManager: Shutting down and abandoning module AutomationController (358)
[2017.05.04-04.12.51:163][940]LogModuleManager: Shutting down and abandoning module AutomationWindow (356)
[2017.05.04-04.12.51:165][940]LogModuleManager: Shutting down and abandoning module Layers (354)
[2017.05.04-04.12.51:167][940]LogModuleManager: Shutting down and abandoning module ComponentVisualizers (352)
[2017.05.04-04.12.51:167][940]LogModuleManager: Shutting down and abandoning module DetailCustomizations (350)
[2017.05.04-04.12.51:169][940]LogModuleManager: Shutting down and abandoning module PackagesDialog (348)
[2017.05.04-04.12.51:169][940]LogModuleManager: Shutting down and abandoning module Persona (346)
[2017.05.04-04.12.51:171][940]LogModuleManager: Shutting down and abandoning module AnimGraph (345)
[2017.05.04-04.12.51:171][940]LogModuleManager: Shutting down and abandoning module Kismet (342)
[2017.05.04-04.12.51:172][940]LogModuleManager: Shutting down and abandoning module GraphEditor (340)
[2017.05.04-04.12.51:175][940]LogModuleManager: Shutting down and abandoning module ClassViewer (338)
[2017.05.04-04.12.51:175][940]LogModuleManager: Shutting down and abandoning module Toolbox (336)
[2017.05.04-04.12.51:175][940]LogModuleManager: Shutting down and abandoning module ModuleUI (334)
[2017.05.04-04.12.51:177][940]LogModuleManager: Shutting down and abandoning module MovieSceneTools (332)
[2017.05.04-04.12.51:178][940]LogModuleManager: Shutting down and abandoning module OutputLog (330)
[2017.05.04-04.12.51:178][940]LogModuleManager: Shutting down and abandoning module GammaUI (328)
[2017.05.04-04.12.51:179][940]LogModuleManager: Shutting down and abandoning module Documentation (326)
[2017.05.04-04.12.51:179][940]LogModuleManager: Shutting down and abandoning module Niagara (324)
[2017.05.04-04.12.51:179][940]LogModuleManager: Shutting down and abandoning module StreamingPauseRendering (322)
[2017.05.04-04.12.51:179][940]LogModuleManager: Shutting down and abandoning module AnalyticsET (320)
[2017.05.04-04.12.51:179][940]LogModuleManager: Shutting down and abandoning module PortalServices (318)
[2017.05.04-04.12.51:179][940]LogModuleManager: Shutting down and abandoning module PortalRpc (316)
[2017.05.04-04.12.51:179][940]LogModuleManager: Shutting down and abandoning module MessagingRpc (314)
[2017.05.04-04.12.51:179][940]LogModuleManager: Shutting down and abandoning module AIModule (312)
[2017.05.04-04.12.51:179][940]LogModuleManager: Shutting down and abandoning module GameplayDebugger (311)
[2017.05.04-04.12.51:179][940]LogModuleManager: Shutting down and abandoning module AITestSuite (309)
[2017.05.04-04.12.51:179][940]LogModuleManager: Shutting down and abandoning module ProfilerService (306)
[2017.05.04-04.12.51:264][940]LogModuleManager: Shutting down and abandoning module TaskGraph (304)
[2017.05.04-04.12.51:265][940]LogModuleManager: Shutting down and abandoning module SteamVRController (302)
[2017.05.04-04.12.51:265][940]LogModuleManager: Shutting down and abandoning module SteamVR (300)
[2017.05.04-04.12.51:265][940]LogModuleManager: Shutting down and abandoning module ProceduralMeshComponentEditor (298)
[2017.05.04-04.12.51:265][940]LogModuleManager: Shutting down and abandoning module ProceduralMeshComponent (296)
[2017.05.04-04.12.51:265][940]LogModuleManager: Shutting down and abandoning module OculusLibrary (294)
[2017.05.04-04.12.51:265][940]LogModuleManager: Shutting down and abandoning module OculusInput (292)
[2017.05.04-04.12.51:265][940]LogModuleManager: Shutting down and abandoning module MobilePatchingUtils (290)
[2017.05.04-04.12.51:265][940]LogModuleManager: Shutting down and abandoning module CustomMeshComponent (288)
[2017.05.04-04.12.51:265][940]LogModuleManager: Shutting down and abandoning module CableComponent (286)
[2017.05.04-04.12.51:265][940]LogModuleManager: Shutting down and abandoning module ArchVisCharacter (284)
[2017.05.04-04.12.51:266][940]LogModuleManager: Shutting down and abandoning module MediaPlayerEditor (280)
[2017.05.04-04.12.51:267][940]LogModuleManager: Shutting down and abandoning module HTML5Networking (278)
[2017.05.04-04.12.51:267][940]LogModuleManager: Shutting down and abandoning module AlembicImporter (276)
[2017.05.04-04.12.51:267][940]LogModuleManager: Shutting down and abandoning module AlembicLibrary (275)
[2017.05.04-04.12.51:268][940]LogModuleManager: Shutting down and abandoning module GeometryCache (274)
[2017.05.04-04.12.51:268][940]LogModuleManager: Shutting down and abandoning module GeometryCacheEd (273)
[2017.05.04-04.12.51:268][940]LogModuleManager: Shutting down and abandoning module SuperSearchEditor (268)
[2017.05.04-04.12.51:268][940]LogModuleManager: Shutting down and abandoning module SuperSearch (267)
[2017.05.04-04.12.51:268][940]LogModuleManager: Shutting down and abandoning module SpeedTreeImporter (264)
[2017.05.04-04.12.51:268][940]LogModuleManager: Shutting down and abandoning module PluginBrowser (262)
[2017.05.04-04.12.51:269][940]LogModuleManager: Shutting down and abandoning module MobileLauncherProfileWizard (260)
[2017.05.04-04.12.51:270][940]LogModuleManager: Shutting down and abandoning module EpicSurvey (258)
[2017.05.04-04.12.51:270][940]LogModuleManager: Shutting down and abandoning module VisualStudioSourceCodeAccess (256)
[2017.05.04-04.12.51:270][940]LogModuleManager: Shutting down and abandoning module DesktopPlatform (255)
[2017.05.04-04.12.51:270][940]LogModuleManager: Shutting down and abandoning module UObjectPlugin (252)
[2017.05.04-04.12.51:270][940]LogModuleManager: Shutting down and abandoning module SubversionSourceControl (250)
[2017.05.04-04.12.51:270][940]LogModuleManager: Shutting down and abandoning module PerforceSourceControl (248)
[2017.05.04-04.12.51:271][940]LogModuleManager: Shutting down and abandoning module GitSourceControl (246)
[2017.05.04-04.12.51:271][940]LogModuleManager: Shutting down and abandoning module SourceControl (245)
[2017.05.04-04.12.51:271][940]LogModuleManager: Shutting down and abandoning module LightPropagationVolumeEditor (242)
[2017.05.04-04.12.51:271][940]LogModuleManager: Shutting down and abandoning module PaperTiledImporter (240)
[2017.05.04-04.12.51:271][940]LogModuleManager: Shutting down and abandoning module PaperSpriteSheetImporter (238)
[2017.05.04-04.12.51:271][940]LogModuleManager: Shutting down and abandoning module Paper2DEditor (236)
[2017.05.04-04.12.51:272][940]LogModuleManager: Shutting down and abandoning module MeshPaint (235)
[2017.05.04-04.12.51:272][940]LogModuleManager: Shutting down and abandoning module LevelEditor (233)
[2017.05.04-04.12.51:274][940]LogModuleManager: Shutting down and abandoning module PixelInspectorModule (232)
[2017.05.04-04.12.51:274][940]LogModuleManager: Shutting down and abandoning module MainFrame (230)
[2017.05.04-04.12.51:274][940]LogModuleManager: Shutting down and abandoning module HotReload (229)
[2017.05.04-04.12.51:275][940]LogModuleManager: Shutting down and abandoning module ContentBrowser (225)
[2017.05.04-04.12.51:278][940]LogModuleManager: Shutting down and abandoning module PhysXVehiclesEditor (222)
[2017.05.04-04.12.51:278][940]LogModuleManager: Shutting down and abandoning module PhysXVehicles (220)
[2017.05.04-04.12.51:278][940]LogModuleManager: Shutting down and abandoning module LocationServicesBPLibrary (218)
[2017.05.04-04.12.51:278][940]LogModuleManager: Shutting down and abandoning module UdpMessaging (216)
[2017.05.04-04.12.51:379][940]LogModuleManager: Shutting down and abandoning module TcpMessaging (214)
[2017.05.04-04.12.51:480][940]LogModuleManager: Shutting down and abandoning module GameplayTagsEditor (212)
[2017.05.04-04.12.51:487][940]LogModuleManager: Shutting down and abandoning module FacialAnimationEditor (210)
[2017.05.04-04.12.51:488][940]LogModuleManager: Shutting down and abandoning module FacialAnimation (208)
[2017.05.04-04.12.51:488][940]LogModuleManager: Shutting down and abandoning module LightPropagationVolumeRuntime (206)
[2017.05.04-04.12.51:488][940]LogModuleManager: Shutting down and abandoning module Paper2D (204)
[2017.05.04-04.12.51:488][940]LogModuleManager: Shutting down and abandoning module WindowsMoviePlayer (202)
[2017.05.04-04.12.51:488][940]LogModuleManager: Shutting down and abandoning module WmfMedia (200)
[2017.05.04-04.12.51:489][940]LogModuleManager: Shutting down and abandoning module MfMedia (198)
[2017.05.04-04.12.51:489][940]LogModuleManager: Shutting down and abandoning module MediaAssets (196)
[2017.05.04-04.12.51:489][940]LogModuleManager: Shutting down and abandoning module GameLiveStreaming (194)
[2017.05.04-04.12.51:489][940]LogModuleManager: Shutting down and abandoning module VREditor (192)
[2017.05.04-04.12.51:489][940]LogModuleManager: Shutting down and abandoning module GameplayTasksEditor (190)
[2017.05.04-04.12.51:489][940]LogModuleManager: Shutting down and abandoning module BehaviorTreeEditor (188)
[2017.05.04-04.12.51:491][940]LogModuleManager: Shutting down and abandoning module FunctionalTesting (186)
[2017.05.04-04.12.51:491][940]LogModuleManager: Shutting down and abandoning module CollisionAnalyzer (184)
[2017.05.04-04.12.51:492][940]LogModuleManager: Shutting down and abandoning module UMG (182)
[2017.05.04-04.12.51:493][940]LogModuleManager: Shutting down and abandoning module UMGEditor (181)
[2017.05.04-04.12.51:495][940]LogModuleManager: Shutting down and abandoning module Sequencer (180)
[2017.05.04-04.12.51:496][940]LogModuleManager: Shutting down and abandoning module AssetTools (178)
[2017.05.04-04.12.51:497][940]LogModuleManager: Shutting down and abandoning module MessageLog (177)
[2017.05.04-04.12.51:498][940]LogModuleManager: Shutting down and abandoning module WorkspaceMenuStructure (176)
[2017.05.04-04.12.51:498][940]LogModuleManager: Shutting down and abandoning module SlateReflector (170)
[2017.05.04-04.12.51:500][940]LogModuleManager: Shutting down and abandoning module Slate (168)
[2017.05.04-04.12.51:500][940]LogModuleManager: Shutting down and abandoning module EditorStyle (166)
[2017.05.04-04.12.51:506][940]LogModuleManager: Shutting down and abandoning module SourceCodeAccess (164)
[2017.05.04-04.12.51:506][940]LogModuleManager: Shutting down and abandoning module HeadMountedDisplay (162)
[2017.05.04-04.12.51:506][940]LogModuleManager: Shutting down and abandoning module XAudio2 (160)
[2017.05.04-04.12.51:506][940]LogModuleManager: Shutting down and abandoning module Networking (158)
[2017.05.04-04.12.51:506][940]LogModuleManager: Shutting down and abandoning module Core (154)
[2017.05.04-04.12.51:506][940]LogModuleManager: Shutting down and abandoning module AssetRegistry (152)
[2017.05.04-04.12.51:703][940]LogDirectoryWatcher: A directory notification for '../../../Engine/Content/' was aborted.
[2017.05.04-04.12.51:703][940]LogDirectoryWatcher: A directory notification for 'C:/Users/lenovo/Documents/Unreal Projects/Shooter/Content/' was aborted.
[2017.05.04-04.12.51:703][940]LogDirectoryWatcher: A directory notification for '../../../Engine/Plugins/2D/Paper2D/Content/' was aborted.
[2017.05.04-04.12.51:703][940]LogModuleManager: Shutting down and abandoning module DirectoryWatcher (151)
[2017.05.04-04.12.51:706][940]LogModuleManager: Shutting down and abandoning module KismetCompiler (148)
[2017.05.04-04.12.51:706][940]LogModuleManager: Shutting down and abandoning module PhysXFormats (146)
[2017.05.04-04.12.51:706][940]LogModuleManager: Shutting down and abandoning module MeshUtilities (144)
[2017.05.04-04.12.51:706][940]LogModuleManager: Shutting down and abandoning module SimplygonSwarm (143)
[2017.05.04-04.12.51:706][940]LogModuleManager: Shutting down and abandoning module SimplygonMeshReduction (141)
[2017.05.04-04.12.51:706][940]LogModuleManager: Shutting down and abandoning module QuadricMeshReduction (139)
[2017.05.04-04.12.51:706][940]LogModuleManager: Shutting down and abandoning module PropertyEditor (137)
[2017.05.04-04.12.51:713][940]LogModuleManager: Shutting down and abandoning module DerivedDataCache (134)
[2017.05.04-04.12.51:725][940]LogDerivedDataCache: Shutdown
[2017.05.04-04.12.51:725][940]LogModuleManager: Shutting down and abandoning module TargetPlatform (132)
[2017.05.04-04.12.51:725][940]LogModuleManager: Shutting down and abandoning module VulkanShaderFormat (131)
[2017.05.04-04.12.51:725][940]LogModuleManager: Shutting down and abandoning module ShaderFormatOpenGL (129)
[2017.05.04-04.12.51:726][940]LogModuleManager: Shutting down and abandoning module ShaderFormatD3D (127)
[2017.05.04-04.12.51:726][940]LogModuleManager: Shutting down and abandoning module MetalShaderFormat (125)
[2017.05.04-04.12.51:727][940]LogModuleManager: Shutting down and abandoning module TextureFormatUncompressed (123)
[2017.05.04-04.12.51:727][940]LogModuleManager: Shutting down and abandoning module TextureFormatPVR (121)
[2017.05.04-04.12.51:727][940]LogModuleManager: Shutting down and abandoning module TextureFormatDXT (119)
[2017.05.04-04.12.51:727][940]LogModuleManager: Shutting down and abandoning module TextureFormatIntelISPCTexComp (117)
[2017.05.04-04.12.51:728][940]LogModuleManager: Shutting down and abandoning module TextureFormatASTC (115)
[2017.05.04-04.12.51:728][940]LogModuleManager: Shutting down and abandoning module ImageWrapper (114)
[2017.05.04-04.12.51:728][940]LogModuleManager: Shutting down and abandoning module TextureFormatAndroid (111)
[2017.05.04-04.12.51:728][940]LogModuleManager: Shutting down and abandoning module AudioFormatOpus (109)
[2017.05.04-04.12.51:728][940]LogModuleManager: Shutting down and abandoning module AudioFormatOgg (107)
[2017.05.04-04.12.51:728][940]LogModuleManager: Shutting down and abandoning module AudioFormatADPCM (105)
[2017.05.04-04.12.51:728][940]LogModuleManager: Shutting down and abandoning module LinuxTargetPlatform (103)
[2017.05.04-04.12.51:728][940]LogModuleManager: Shutting down and abandoning module LinuxServerTargetPlatform (101)
[2017.05.04-04.12.51:728][940]LogModuleManager: Shutting down and abandoning module LinuxNoEditorTargetPlatform (99)
[2017.05.04-04.12.51:728][940]LogModuleManager: Shutting down and abandoning module LinuxClientTargetPlatform (97)
[2017.05.04-04.12.51:728][940]LogModuleManager: Shutting down and abandoning module TVOSTargetPlatform (95)
[2017.05.04-04.12.51:728][940]LogModuleManager: Shutting down and abandoning module Messaging (93)
[2017.05.04-04.12.51:728][940]LogModuleManager: Shutting down and abandoning module IOSTargetPlatform (91)
[2017.05.04-04.12.51:728][940]LogModuleManager: Shutting down and abandoning module HTML5TargetPlatform (89)
[2017.05.04-04.12.51:728][940]LogModuleManager: Shutting down and abandoning module Android_PVRTCTargetPlatform (87)
[2017.05.04-04.12.51:728][940]LogModuleManager: Shutting down and abandoning module Android_MultiTargetPlatform (85)
[2017.05.04-04.12.51:728][940]LogModuleManager: Shutting down and abandoning module Android_ETC2TargetPlatform (83)
[2017.05.04-04.12.51:728][940]LogModuleManager: Shutting down and abandoning module Android_ETC1TargetPlatform (81)
[2017.05.04-04.12.51:728][940]LogModuleManager: Shutting down and abandoning module Android_DXTTargetPlatform (79)
[2017.05.04-04.12.51:728][940]LogModuleManager: Shutting down and abandoning module Android_ATCTargetPlatform (77)
[2017.05.04-04.12.51:728][940]LogModuleManager: Shutting down and abandoning module Android_ASTCTargetPlatform (75)
[2017.05.04-04.12.51:728][940]LogModuleManager: Shutting down and abandoning module AndroidTargetPlatform (73)
[2017.05.04-04.12.51:728][940]LogModuleManager: Shutting down and abandoning module WindowsTargetPlatform (71)
[2017.05.04-04.12.51:728][940]LogModuleManager: Shutting down and abandoning module WindowsServerTargetPlatform (69)
[2017.05.04-04.12.51:728][940]LogModuleManager: Shutting down and abandoning module WindowsNoEditorTargetPlatform (67)
[2017.05.04-04.12.51:728][940]LogModuleManager: Shutting down and abandoning module WindowsClientTargetPlatform (65)
[2017.05.04-04.12.51:728][940]LogModuleManager: Shutting down and abandoning module MacTargetPlatform (63)
[2017.05.04-04.12.51:728][940]LogModuleManager: Shutting down and abandoning module MacServerTargetPlatform (61)
[2017.05.04-04.12.51:728][940]LogModuleManager: Shutting down and abandoning module MacNoEditorTargetPlatform (59)
[2017.05.04-04.12.51:728][940]LogModuleManager: Shutting down and abandoning module MacClientTargetPlatform (57)
[2017.05.04-04.12.51:728][940]LogModuleManager: Shutting down and abandoning module AllDesktopTargetPlatform (55)
[2017.05.04-04.12.51:728][940]LogModuleManager: Shutting down and abandoning module InputCore (52)
[2017.05.04-04.12.51:728][940]LogModuleManager: Shutting down and abandoning module Settings (50)
[2017.05.04-04.12.51:728][940]LogModuleManager: Shutting down and abandoning module OculusRift (48)
[2017.05.04-04.12.51:728][940]LogModuleManager: Shutting down and abandoning module GearVR (46)
[2017.05.04-04.12.51:729][940]LogModuleManager: Shutting down and abandoning module ExampleDeviceProfileSelector (44)
[2017.05.04-04.12.51:729][940]LogModuleManager: Shutting down and abandoning module OnlineBlueprintSupport (42)
[2017.05.04-04.12.51:729][940]LogModuleManager: Shutting down and abandoning module OnlineSubsystem (38)
[2017.05.04-04.12.51:729][940]LogOnline:Display: Unloading online subsystem: NULL
[2017.05.04-04.12.51:730][940]LogModuleManager: Shutting down and abandoning module XMPP (37)
[2017.05.04-04.12.51:731][940]LogModuleManager: Shutting down and abandoning module HTTP (35)
[2017.05.04-04.12.51:731][940]LogHttp:Display: Http module shutting down, but needs to wait on 1 outstanding Http requests:
[2017.05.04-04.12.51:731][940]LogHttp:Display: 	verb=[POST] url=[https://datarouter.ol.epicgames.com/datarouter/api/v1/public/data?SessionID=%7B27671746-4EA9-C581-73F5-66B366EB5619%7D&AppID=UEEditor.Rocket.Release&AppVersion=4.15.1-3348071%2B%2B%2BUE4%2BRelease-4.15&UserID=fc0ab5e14c29e395dee894bb26e0e4c8%7Ccbf7e4b3a2fa4a3483ff9ae11ae13430%7C0a898179-1db4-4ad6-89ab-2983492e6393&AppEnvironment=datacollector-binary&UploadType=eteventstream] status=Processing
[2017.05.04-04.12.51:761][940]LogModuleManager: Shutting down and abandoning module SSL (34)
[2017.05.04-04.12.51:764][940]LogModuleManager: Shutting down and abandoning module AudioEditor (30)
[2017.05.04-04.12.51:764][940]LogModuleManager: Shutting down and abandoning module TextureCompressor (28)
[2017.05.04-04.12.51:766][940]LogModuleManager: Shutting down and abandoning module ShaderCore (26)
[2017.05.04-04.12.51:766][940]LogModuleManager: Shutting down and abandoning module Landscape (24)
[2017.05.04-04.12.51:766][940]LogModuleManager: Shutting down and abandoning module SlateRHIRenderer (22)
[2017.05.04-04.12.51:769][940]LogModuleManager: Shutting down and abandoning module OpenGLDrv (20)
[2017.05.04-04.12.51:770][940]LogModuleManager: Shutting down and abandoning module D3D11RHI (18)
[2017.05.04-04.12.51:770][940]LogModuleManager: Shutting down and abandoning module AnimGraphRuntime (16)
[2017.05.04-04.12.51:771][940]LogModuleManager: Shutting down and abandoning module Renderer (14)
[2017.05.04-04.12.51:771][940]LogModuleManager: Shutting down and abandoning module Engine (12)
[2017.05.04-04.12.51:771][940]LogModuleManager: Shutting down and abandoning module CoreUObject (10)
[2017.05.04-04.12.51:771][940]LogModuleManager: Shutting down and abandoning module NetworkFile (8)
[2017.05.04-04.12.51:771][940]LogModuleManager: Shutting down and abandoning module StreamingFile (6)
[2017.05.04-04.12.51:771][940]LogModuleManager: Shutting down and abandoning module SandboxFile (4)
[2017.05.04-04.12.51:771][940]LogModuleManager: Shutting down and abandoning module PakFile (2)
[2017.05.04-04.12.51:776][940]LogExit: Exiting.
[2017.05.04-04.12.51:781][940]Log file closed, 05/04/17 00:12:51
