Log file open, 05/14/17 09:36:37
LogInit:Display: Running engine for game: Shooter
LogPlatformFile: Not using cached read wrapper
LogInit:Display: RandInit(-1497321910) SRandInit(-1497321910).
LogTaskGraph: Started task graph with 5 named threads and 8 total threads with 1 sets of task threads.
LogStats: Stats thread started at 0.319402
LogInit: Using libcurl 7.47.1
LogInit:  - built for x86_64-pc-win32
LogInit:  - supports SSL with OpenSSL/1.0.2g
LogInit:  - supports HTTP deflate (compression) using libz 1.2.8
LogInit:  - other features:
LogInit:      CURL_VERSION_SSL
LogInit:      CURL_VERSION_LIBZ
LogInit:      CURL_VERSION_IPV6
LogInit:      CURL_VERSION_ASYNCHDNS
LogInit:      CURL_VERSION_LARGEFILE
LogInit:      CURL_VERSION_IDN
LogInit:  CurlRequestOptions (configurable via config and command line):
LogInit:  - bVerifyPeer = false  - Libcurl will NOT verify peer certificate
LogInit:  - bUseHttpProxy = false  - Libcurl will NOT use HTTP proxy
LogInit:  - bDontReuseConnections = false  - Libcurl will reuse connections
LogInit:  - CertBundlePath = nullptr  - Libcurl will use whatever was configured at build time.
LogInit: Build: ++UE4+Release-4.15-CL-3416026
LogInit: Engine Version: 4.15.2-3416026+++UE4+Release-4.15
LogInit: Compatible Engine Version: 4.15.0-3299760+++UE4+Release-4.15
LogInit: Net CL: 3299760
LogDevObjectVersion: Number of dev versions registered: 14
LogDevObjectVersion:   Dev-Blueprints (B0D832E4-1F89-4F0D-ACCF-7EB736FD4AA2): 8
LogDevObjectVersion:   Dev-Build (E1C64328-A22C-4D53-A36C-8E866417BD8C): 0
LogDevObjectVersion:   Dev-Core (375EC13C-06E4-48FB-B500-84F0262A717E): 2
LogDevObjectVersion:   Dev-Editor (E4B068ED-F494-42E9-A231-DA0B2E46BB41): 14
LogDevObjectVersion:   Dev-Framework (CFFC743F-43B0-4480-9391-14DF171D2073): 22
LogDevObjectVersion:   Dev-Mobile (B02B49B5-BB20-44E9-A304-32B752E40360): 0
LogDevObjectVersion:   Dev-Networking (A4E4105C-59A1-49B5-A7C5-40C4547EDFEE): 0
LogDevObjectVersion:   Dev-Online (39C831C9-5AE6-47DC-9A44-9C173E1C8E7C): 0
LogDevObjectVersion:   Dev-Physics (78F01B33-EBEA-4F98-B9B4-84EACCB95AA2): 0
LogDevObjectVersion:   Dev-Platform (6631380F-2D4D-43E0-8009-CF276956A95A): 0
LogDevObjectVersion:   Dev-Rendering (12F88B9F-8875-4AFC-A67C-D90C383ABD29): 12
LogDevObjectVersion:   Dev-Sequencer (7B5AE74C-D270-4C10-A958-57980B212A5A): 3
LogDevObjectVersion:   Dev-VR (D7296918-1DD6-4BDD-9DE2-64A83CC13884): 0
LogDevObjectVersion:   Dev-LoadTimes (C2A15278-BFE7-4AFE-6C17-90FF531DF755): 1
LogInit: Compiled (64-bit): May  1 2017 13:11:28
LogInit: Compiled with Visual C++: 19.00.23026.00
LogInit: Build Configuration: Development
LogInit: Branch Name: ++UE4+Release-4.15
LogInit: Command line:  
LogInit: Base directory: D:/Epic Games/UE_4.15/Engine/Binaries/Win64/
LogInit: Installed Engine Build: 1
LogInit: Presizing for max 8388607 objects, including 0 objects not considered by GC, pre-allocating 0 bytes for permanent pool.
LogInit: Object subsystem initialized
[2017.05.14-01.36.40:089][  0]LogInit: Selected Device Profile: [Windows]
[2017.05.14-01.36.40:089][  0]LogInit: Applying CVar settings loaded from the selected device profile: [Windows]
[2017.05.14-01.36.40:165][  0]LogInit: Computer: DESKTOP-44SKKF1
[2017.05.14-01.36.40:165][  0]LogInit: User: 1
[2017.05.14-01.36.40:165][  0]LogInit: CPU Page size=65536, Cores=4
[2017.05.14-01.36.40:165][  0]LogInit: High frequency timer resolution =1.754522 MHz
[2017.05.14-01.36.40:166][  0]LogMemory: Memory total: Physical=7.3GB (8GB approx)
[2017.05.14-01.36.40:166][  0]LogMemory: Platform Memory Stats for Windows
[2017.05.14-01.36.40:166][  0]LogMemory: Process Physical Memory: 263.57 MB used, 263.57 MB peak
[2017.05.14-01.36.40:166][  0]LogMemory: Process Virtual Memory: 262.68 MB used, 262.68 MB peak
[2017.05.14-01.36.40:166][  0]LogMemory: Physical Memory: 4988.76 MB used,  2496.57 MB free, 7485.34 MB total
[2017.05.14-01.36.40:166][  0]LogMemory: Virtual Memory: 643.94 MB used,  2496.57 MB free, 134217728.00 MB total
[2017.05.14-01.36.40:737][  0]LogInit: Overriding culture en with editor configuration.
[2017.05.14-01.36.46:983][  0]LogD3D11RHI: D3D11 adapters:
[2017.05.14-01.36.47:036][  0]LogD3D11RHI:    0. 'AMD Radeon R6 Graphics' (Feature Level 11_0)
[2017.05.14-01.36.47:036][  0]LogD3D11RHI:       487/0/3742 MB DedicatedVideo/DedicatedSystem/SharedSystem, Outputs:1, VendorId:0x1002
[2017.05.14-01.36.47:039][  0]LogD3D11RHI:    1. 'Microsoft Basic Render Driver' (Feature Level 11_0)
[2017.05.14-01.36.47:039][  0]LogD3D11RHI:       0/0/3742 MB DedicatedVideo/DedicatedSystem/SharedSystem, Outputs:0, VendorId:0x1414
[2017.05.14-01.36.47:039][  0]LogD3D11RHI: Chosen D3D11 Adapter: 0
[2017.05.14-01.36.47:117][  0]LogD3D11RHI: Creating new Direct3DDevice
[2017.05.14-01.36.47:117][  0]LogD3D11RHI:     GPU DeviceId: 0x9874 (for the marketing name, search the web for "GPU Device Id")
[2017.05.14-01.36.47:117][  0]LogWindows: EnumDisplayDevices:
[2017.05.14-01.36.47:118][  0]LogWindows:    0. 'AMD Radeon R6 Graphics' (P:1 D:1)
[2017.05.14-01.36.47:119][  0]LogWindows:    1. 'AMD Radeon R6 Graphics' (P:0 D:0)
[2017.05.14-01.36.47:120][  0]LogWindows:    2. 'AMD Radeon R6 Graphics' (P:0 D:0)
[2017.05.14-01.36.47:121][  0]LogWindows: DebugString: FoundDriverCount:3 
[2017.05.14-01.36.47:121][  0]LogD3D11RHI:     Adapter Name: AMD Radeon R6 Graphics
[2017.05.14-01.36.47:121][  0]LogD3D11RHI:   Driver Version: Crimson 16.6 (internal:21.19.137.514, unified:21.19.137.514)
[2017.05.14-01.36.47:121][  0]LogD3D11RHI:      Driver Date: 11-21-2016
[2017.05.14-01.36.47:121][  0]LogRHI: Texture pool is 340 MB (70% of 487 MB)
[2017.05.14-01.36.47:272][  0]LogD3D11RHI: Async texture creation enabled
[2017.05.14-01.36.47:322][  0]LogD3D11RHI: GPU Timing Frequency: 100.000000 (Debug: 2 1)
[2017.05.14-01.36.47:324][  0]LogShaderCompilers: Guid format shader working directory is 2 characters bigger than the processId version (C:/Users/lenovo/Documents/UnrealPro/Shooter/Intermediate/Shaders/WorkingDirectory/545944/).
[2017.05.14-01.36.47:325][  0]LogShaderCompilers: Cleaned the shader compiler working directory 'C:/Users/lenovo/AppData/Local/Temp/UnrealShaderWorkingDir/8CDE0FCE43676A773A8165AAA2923852/'.
[2017.05.14-01.36.47:325][  0]LogShaderCompilers:Display: Using Local Shader Compiler.
[2017.05.14-01.36.54:029][  0]LogTemp:Display: Loaded TP AllDesktopTargetPlatform
[2017.05.14-01.36.54:154][  0]LogTemp:Display: Loaded TP MacClientTargetPlatform
[2017.05.14-01.36.54:287][  0]LogTemp:Display: Loaded TP MacNoEditorTargetPlatform
[2017.05.14-01.36.54:417][  0]LogTemp:Display: Loaded TP MacServerTargetPlatform
[2017.05.14-01.36.54:563][  0]LogTemp:Display: Loaded TP MacTargetPlatform
[2017.05.14-01.36.54:692][  0]LogTemp:Display: Loaded TP WindowsClientTargetPlatform
[2017.05.14-01.36.54:817][  0]LogTemp:Display: Loaded TP WindowsNoEditorTargetPlatform
[2017.05.14-01.36.54:943][  0]LogTemp:Display: Loaded TP WindowsServerTargetPlatform
[2017.05.14-01.36.55:045][  0]LogTemp:Display: Loaded TP WindowsTargetPlatform
[2017.05.14-01.36.55:172][  0]LogTemp:Display: Loaded TP AndroidTargetPlatform
[2017.05.14-01.36.55:295][  0]LogTemp:Display: Loaded TP Android_ASTCTargetPlatform
[2017.05.14-01.36.55:430][  0]LogTemp:Display: Loaded TP Android_ATCTargetPlatform
[2017.05.14-01.36.55:566][  0]LogTemp:Display: Loaded TP Android_DXTTargetPlatform
[2017.05.14-01.36.55:692][  0]LogTemp:Display: Loaded TP Android_ETC1TargetPlatform
[2017.05.14-01.36.55:814][  0]LogTemp:Display: Loaded TP Android_ETC2TargetPlatform
[2017.05.14-01.36.56:055][  0]LogTemp:Display: Loaded TP Android_MultiTargetPlatform
[2017.05.14-01.36.56:055][  0]LogTemp:Display: Loaded TP Android_PVRTCTargetPlatform
[2017.05.14-01.36.56:142][  0]LogTemp:Display: Loaded TP HTML5TargetPlatform
[2017.05.14-01.36.56:396][  0]LogTemp:Display: Loaded TP IOSTargetPlatform
[2017.05.14-01.36.56:483][  0]LogTemp:Display: Loaded TP TVOSTargetPlatform
[2017.05.14-01.36.56:606][  0]LogTemp:Display: Loaded TP LinuxClientTargetPlatform
[2017.05.14-01.36.56:728][  0]LogTemp:Display: Loaded TP LinuxNoEditorTargetPlatform
[2017.05.14-01.36.56:853][  0]LogTemp:Display: Loaded TP LinuxServerTargetPlatform
[2017.05.14-01.36.57:024][  0]LogTemp:Display: Loaded TP LinuxTargetPlatform
[2017.05.14-01.36.57:024][  0]LogTargetPlatformManager:Display: Building Assets For Windows
[2017.05.14-01.36.58:682][  0]LogDerivedDataCache:Display: Max Cache Size: 512 MB
[2017.05.14-01.36.59:057][  0]LogDerivedDataCache: Loaded boot cache 0.37s 50MB C:/Users/lenovo/AppData/Local/UnrealEngine/4.15/DerivedDataCache/Boot.ddc.
[2017.05.14-01.36.59:057][  0]LogDerivedDataCache:Display: Loaded Boot cache: C:/Users/lenovo/AppData/Local/UnrealEngine/4.15/DerivedDataCache/Boot.ddc
[2017.05.14-01.36.59:057][  0]LogDerivedDataCache: FDerivedDataBackendGraph:  Pak pak cache file C:/Users/lenovo/Documents/UnrealPro/Shooter/DerivedDataCache/DDC.ddp not found, will not use a pak cache.
[2017.05.14-01.36.59:057][  0]LogDerivedDataCache: Unable to find inner node Pak for hierarchical cache Hierarchy.
[2017.05.14-01.36.59:057][  0]LogDerivedDataCache: FDerivedDataBackendGraph:  CompressedPak pak cache file C:/Users/lenovo/Documents/UnrealPro/Shooter/DerivedDataCache/Compressed.ddp not found, will not use a pak cache.
[2017.05.14-01.36.59:057][  0]LogDerivedDataCache: Unable to find inner node CompressedPak for hierarchical cache Hierarchy.
[2017.05.14-01.36.59:109][  0]LogDerivedDataCache:Display: Pak cache opened for reading ../../../Engine/DerivedDataCache/Compressed.ddp.
[2017.05.14-01.36.59:125][  0]LogDerivedDataCache: Using Local data cache path C:/Users/lenovo/AppData/Local/UnrealEngine/Common/DerivedDataCache: Writable
[2017.05.14-01.36.59:150][  0]LogSlate: Using Freetype 2.6.0
[2017.05.14-01.36.59:181][  0]LogSlate: SlateFontCache - WITH_FREETYPE: 1, WITH_HARFBUZZ: 1
[2017.05.14-01.36.59:181][  0]LogSlate: SlateFontCache - WITH_FREETYPE: 1, WITH_HARFBUZZ: 1
[2017.05.14-01.37.05:614][  0]LogInit: Selected Device Profile: [Windows]
[2017.05.14-01.37.05:621][  0]LogContentStreaming: Texture pool size is 0.00 MB
[2017.05.14-01.37.06:136][  0]LogMeshUtilities: Using QuadricMeshReduction for automatic static mesh reduction
[2017.05.14-01.37.06:237][  0]LogSimplygon: Simplygon DLL not present - disabling.
[2017.05.14-01.37.06:346][  0]LogMeshUtilities: Using SimplygonSwarm for distributed automatic mesh merging
[2017.05.14-01.37.06:346][  0]LogMeshUtilities: No automatic skeletal mesh reduction module available
[2017.05.14-01.37.06:346][  0]LogMeshUtilities: No automatic mesh merging module available
[2017.05.14-01.37.07:807][  0]LogNetVersion: GetLocalNetworkVersion: CL: 3299760, ProjectName: shooter, ProjectVersion: , EngineNetworkVersion: 2, GameNetworkVersion: 0, NetworkChecksum: 1589670086
[2017.05.14-01.37.07:883][  0]LogAssetRegistry: FAssetRegistry took 0.0234 seconds to start up
[2017.05.14-01.37.07:998][  0]LogPackageLocalizationCache: Processed 3 localized package path(s) for 1 prioritized culture(s) in 0.058782 seconds
[2017.05.14-01.37.08:011][  0]LogUObjectArray: 32493 objects as part of root set at end of initial load.
[2017.05.14-01.37.08:011][  0]LogUObjectAllocator: 7077032 out of 0 bytes used by permanent object pool.
[2017.05.14-01.37.08:011][  0]LogUObjectArray: CloseDisregardForGC: 0/0 objects in disregard for GC pool
[2017.05.14-01.37.08:167][  0]LogInit: WinSock: version 1.1 (2.2), MaxSocks=32767, MaxUdp=65467
[2017.05.14-01.37.16:435][  0]LogTcpMessaging: Initializing TcpMessaging bridge
[2017.05.14-01.37.16:514][  0]LogUdpMessaging: Initializing bridge on interface 0.0.0.0:0 to multicast group 230.0.0.1:6666.
[2017.05.14-01.37.17:586][  0]LogMaterial: Uniform references updated for custom material expression Custom.
[2017.05.14-01.37.18:510][  0]SourceControl: Info Source control is disabled
[2017.05.14-01.37.18:512][  0]SourceControl: Info Source control is disabled
[2017.05.14-01.37.18:623][  0]SourceControl: Info Source control is disabled
[2017.05.14-01.37.18:731][  0]SourceControl: Info Source control is disabled
[2017.05.14-01.37.21:824][  0]LogEngine: Initializing Engine...
[2017.05.14-01.37.21:826][  0]LogHMD: Failed to initialize OpenVR with code 110
[2017.05.14-01.37.22:067][  0]LogStats: UGameplayTagsManager::ConstructGameplayTagTree: Construct from data asset -  0.000 s
[2017.05.14-01.37.22:075][  0]LogStats: UGameplayTagsManager::ConstructGameplayTagTree: GameplayTagTreeChangedEvent.Broadcast -  0.000 s
[2017.05.14-01.37.22:331][  0]LogAIModule: Creating AISystem for world Untitled
[2017.05.14-01.37.22:365][  0]LogInit: XAudio2 using '扬声器 (Conexant SmartAudio HD)' : 2 channels at 48 kHz using 32 bits per sample (channel mask 0x3)
[2017.05.14-01.37.23:513][  0]LogInit: FAudioDevice initialized.
[2017.05.14-01.37.23:590][  0]LogDerivedDataCache: Saved boot cache 0.08s 50MB C:/Users/lenovo/AppData/Local/UnrealEngine/4.15/DerivedDataCache/Boot.ddc.
[2017.05.14-01.37.23:616][  0]LogInit: Texture streaming: Enabled
[2017.05.14-01.37.23:847][  0]LogEngineSessionManager: EngineSessionManager initialized
[2017.05.14-01.37.24:184][  0]LogInit: Transaction tracking system initialized
[2017.05.14-01.37.25:011][  0]BlueprintLog: New page: Editor Load
[2017.05.14-01.37.27:284][  0]LocalizationService: Info Localization service is disabled
[2017.05.14-01.37.29:246][  0]LogConsoleResponse:Display: 
[2017.05.14-01.37.29:542][  0]LogCook:Display: Max memory allowance for cook 16384mb min free memory 0mb
[2017.05.14-01.37.29:542][  0]LogCook:Display: Mobile HDR setting 1
[2017.05.14-01.37.29:910][  0]LogFileCache: Scanning file cache for directory 'C:/Users/lenovo/Documents/UnrealPro/Shooter/Content/' took 0.03s
[2017.05.14-01.37.32:264][  0]SourceControl: Info Source control is disabled
[2017.05.14-01.37.32:264][  0]Cmd: MAP LOAD FILE="C:/Users/lenovo/Documents/UnrealPro/Shooter/Content/ThirdPersonBP/Maps/ThirdPersonExampleMap.umap" TEMPLATE=0 SHOWPROGRESS=1 FEATURELEVEL=3
[2017.05.14-01.37.32:265][  0]LightingResults: New page: Lighting Build
[2017.05.14-01.37.32:365][  0]MapCheck: New page: Map Check
[2017.05.14-01.37.32:365][  0]LightingResults: New page: Lighting Build
[2017.05.14-01.37.34:684][  0]LogAIModule: Creating AISystem for world ThirdPersonExampleMap
[2017.05.14-01.37.34:761][  0]LogEditorServer: Finished looking for orphan Actors (0.000 secs)
[2017.05.14-01.37.34:763][  0]Cmd: MAP CHECKDEP NOCLEARLOG
[2017.05.14-01.37.34:891][  0]MapCheck: Info Map check complete: 0 Error(s), 0 Warning(s), took 128.591ms to complete.
[2017.05.14-01.37.34:891][  0]LogFileHelpers: Loading map 'ThirdPersonExampleMap' took 2.627
[2017.05.14-01.37.35:000][  0]LogWindowsTextInputMethodSystem:Display: IME system now activated using TSF (搜狗拼音输入法).
[2017.05.14-01.37.35:336][  0]LogCollectionManager: Loaded 0 collections in 0.003871 seconds
[2017.05.14-01.37.35:486][  0]LogFileCache: Scanning file cache for directory 'C:/Users/lenovo/Documents/UnrealPro/Shooter/Saved/Collections/' took 0.01s
[2017.05.14-01.37.35:486][  0]LogFileCache: Scanning file cache for directory 'C:/Users/lenovo/Documents/UnrealPro/Shooter/Content/Developers/1/Collections/' took 0.01s
[2017.05.14-01.37.35:486][  0]LogFileCache: Scanning file cache for directory 'C:/Users/lenovo/Documents/UnrealPro/Shooter/Content/Collections/' took 0.01s
[2017.05.14-01.37.35:486][  0]LogCollectionManager: Rebuilt the GUID cache for 0 collections in 0.000004 seconds
[2017.05.14-01.37.35:510][  0]LogContentBrowser: Native class hierarchy populated in 0.0235 seconds. Added 2245 classes and 453 folders.
[2017.05.14-01.37.35:667][  0]LogContentBrowser: Native class hierarchy updated for 'WidgetCarousel' in 0.0013 seconds. Added 0 classes and 0 folders.
[2017.05.14-01.37.36:494][  0]LogContentBrowser: Native class hierarchy updated for 'AddContentDialog' in 0.0013 seconds. Added 0 classes and 0 folders.
[2017.05.14-01.37.36:592][  0]LogContentBrowser: Native class hierarchy updated for 'SceneOutliner' in 0.0012 seconds. Added 1 classes and 2 folders.
[2017.05.14-01.37.36:782][  0]LogCrashTracker: Crashtracker disabled due to settings.
[2017.05.14-01.37.36:795][  0]LogUObjectGlobals:Warning: Failed to find object 'Class None.'
[2017.05.14-01.37.36:925][  0]LogContentBrowser: Native class hierarchy updated for 'HierarchicalLODOutliner' in 0.0013 seconds. Added 1 classes and 2 folders.
[2017.05.14-01.37.36:925][  0]LogLoad: (Engine Initialization) Total time: 65.58 seconds
[2017.05.14-01.37.36:925][  0]LogLoad: (Engine Initialization) Total Blueprint compile time: 0.63 seconds
[2017.05.14-01.37.36:925][  0]LogExternalProfiler: Found external profiler: VSPerf
[2017.05.14-01.37.36:926][  0]LogExternalProfiler: Using external profiler: VSPerf
[2017.05.14-01.37.36:947][  0]LogOcInput: OculusInput pre-init called
[2017.05.14-01.37.36:979][  0]LogContentStreaming: Texture pool size now 400 MB
[2017.05.14-01.37.36:993][  0]LogSlate: Took 0.012218 seconds to synchronously load lazily loaded font '../../../Engine/Content/Slate/Fonts/Roboto-Regular.ttf' (155K)
[2017.05.14-01.37.37:016][  0]LogSlate: Took 0.013780 seconds to synchronously load lazily loaded font '../../../Engine/Content/Slate/Fonts/Roboto-Bold.ttf' (160K)
[2017.05.14-01.37.37:042][  0]LogSlate: Took 0.013628 seconds to synchronously load lazily loaded font '../../../Engine/Content/Editor/Slate/Fonts/FontAwesome.ttf' (139K)
[2017.05.14-01.37.37:473][  0]LogRenderer: Reallocating scene render targets to support 884x408 NumSamples 1 (Frame:2).
[2017.05.14-01.37.37:889][  3]LogSlate: Took 0.012745 seconds to synchronously load lazily loaded font '../../../Engine/Content/Slate/Fonts/Roboto-Light.ttf' (159K)
[2017.05.14-01.37.37:921][  4]LogAssetRegistry: Asset discovery search completed in 30.0618 seconds
[2017.05.14-01.37.37:921][  4]LogCollectionManager: Rebuilt the object cache for 0 collections in 0.000037 seconds (found 0 objects)
[2017.05.14-01.37.37:921][  4]LogCollectionManager: Fixed up redirectors for 0 collections in 0.000085 seconds (updated 0 objects)
[2017.05.14-01.37.57:873][  4]LogHttp:Warning: 0000014611E8F280: request failed, libcurl error: 7 (Couldn't connect to server)
[2017.05.14-01.37.57:873][  4]LogHttp:Warning: 0000014611E8F280: libcurl info message cache 0 (  Trying 13.32.195.195...)
[2017.05.14-01.37.57:873][  4]LogHttp:Warning: 0000014611E8F280: libcurl info message cache 1 (connect to 13.32.195.195 port 80 failed: Timed out)
[2017.05.14-01.37.57:873][  4]LogHttp:Warning: 0000014611E8F280: libcurl info message cache 2 (Failed to connect to cdn.unrealengine.com port 80: Timed out)
[2017.05.14-01.37.57:873][  4]LogHttp:Warning: 0000014611E8F280: libcurl info message cache 3 (Closing connection 0)
[2017.05.14-01.59.46:882][904]LogWindowsTextInputMethodSystem:Display: IME system now deactivated.
[2017.05.14-01.59.46:883][904]LogWindowsTextInputMethodSystem:Display: IME system now deactivated.
[2017.05.14-01.59.49:789][ 62]LogBlueprint:Warning: [Compiler CharStatusBars] Warning 'UE4ASP Hero TPP Anim Blueprint' does not inherit from 'Character' ( Cast To UE4ASP_HeroTPP_AnimBlueprint  would always fail).
[2017.05.14-01.59.49:792][ 62]LogBlueprint:Warning: [Compiler CharStatusBars] Warning [1398.45] Compile of CharStatusBars successful, but with 1 Warning(s) [in 5 ms] (/Game/HUD/CharStatusBars.CharStatusBars)
[2017.05.14-01.59.49:793][ 62]LogBlueprint:Warning: [Compiler CharStatusBars] Warning [1398.45] Compile of CharStatusBars successful, but with 2 Warning(s) [in 0 ms] (/Game/HUD/CharStatusBars.CharStatusBars)
[2017.05.14-01.59.49:793][ 62]LogBlueprint:Warning: [Compiler CharStatusBars] Warning [1398.45] Compile of CharStatusBars successful, but with 3 Warning(s) [in 0 ms] (/Game/HUD/CharStatusBars.CharStatusBars)
[2017.05.14-01.59.49:796][ 62]LogBlueprint:Warning: [Compiler CharStatusBars] Warning 'UE4ASP Hero TPP Anim Blueprint' does not inherit from 'Character' ( Cast To UE4ASP_HeroTPP_AnimBlueprint  would always fail).
[2017.05.14-01.59.49:799][ 62]LogBlueprint:Warning: [Compiler CharStatusBars] Warning [1398.45] Compile of CharStatusBars successful, but with 1 Warning(s) [in 3 ms] (/Game/HUD/CharStatusBars.CharStatusBars)
[2017.05.14-01.59.49:799][ 62]LogBlueprint:Warning: [Compiler CharStatusBars] Warning [1398.45] Compile of CharStatusBars successful, but with 2 Warning(s) [in 0 ms] (/Game/HUD/CharStatusBars.CharStatusBars)
[2017.05.14-01.59.49:799][ 62]LogBlueprint:Warning: [Compiler CharStatusBars] Warning [1398.45] Compile of CharStatusBars successful, but with 3 Warning(s) [in 0 ms] (/Game/HUD/CharStatusBars.CharStatusBars)
[2017.05.14-01.59.49:811][ 62]LogSlate: Took 0.000466 seconds to synchronously load lazily loaded font '../../../Engine/Content/Slate/Fonts/Roboto-Light.ttf' (159K)
[2017.05.14-01.59.50:768][ 62]LogSlate: Took 0.000473 seconds to synchronously load lazily loaded font '../../../Engine/Content/Slate/Fonts/Roboto-Regular.ttf' (155K)
[2017.05.14-01.59.51:042][ 62]LogContentBrowser: Native class hierarchy updated for 'BlueprintGraph' in 0.0016 seconds. Added 112 classes and 0 folders.
[2017.05.14-01.59.52:664][ 62]LogSlate: Took 0.000443 seconds to synchronously load lazily loaded font '../../../Engine/Content/Slate/Fonts/Roboto-Light.ttf' (159K)
[2017.05.14-01.59.52:676][ 62]LogSlate: Took 0.010236 seconds to synchronously load lazily loaded font '../../../Engine/Content/Editor/Slate/Fonts/Roboto-BoldCondensed.ttf' (158K)
[2017.05.14-02.02.04:157][244]LogSlate: Took 0.034994 seconds to synchronously load lazily loaded font '../../../Engine/Content/Slate/Fonts/DroidSansFallback.ttf' (3848K)
[2017.05.14-02.02.51:380][982]LogFileHelpers: Editor autosave (incl. sublevels) for '/Game/ThirdPersonBP/Maps/ThirdPersonExampleMap' took 0.107
[2017.05.14-02.02.51:388][982]OBJ SavePackage: Generating thumbnails for [0] asset(s) in package [/Game/HUD/CharStatusBars] ([1] browsable assets)...
[2017.05.14-02.02.51:388][982]OBJ SavePackage: Finished generating thumbnails for package [/Game/HUD/CharStatusBars]
[2017.05.14-02.02.51:388][982]Cmd: OBJ SAVEPACKAGE PACKAGE="/Game/HUD/CharStatusBars" FILE="C:/Users/lenovo/Documents/UnrealPro/Shooter/Saved/Autosaves/Game/HUD/CharStatusBars_Auto1.uasset" SILENT=false AUTOSAVING=true
[2017.05.14-02.02.51:485][982]LogSavePackage: Save=38.60ms
[2017.05.14-02.02.51:485][982]LogSavePackage: Moving 'C:/Users/lenovo/Documents/UnrealPro/Shooter/Saved/CharStatusBars_Auto120514DE148F15494355178A8ED9C668B.tmp' to 'C:/Users/lenovo/Documents/UnrealPro/Shooter/Saved/Autosaves/Game/HUD/CharStatusBars_Auto1.uasset'
[2017.05.14-02.02.51:493][982]LogSavePackage:Display: Finished SavePackage C:/Users/lenovo/Documents/UnrealPro/Shooter/Saved/Autosaves/Game/HUD/CharStatusBars_Auto1.uasset
[2017.05.14-02.02.51:493][982]LogFileHelpers: Auto-saving content packages took 0.110
[2017.05.14-02.03.44:704][369]Cmd: OBJ SAVEPACKAGE PACKAGE="/Game/HUD/CharStatusBars" FILE="C:/Users/lenovo/Documents/UnrealPro/Shooter/Content/HUD/CharStatusBars.uasset" SILENT=true
[2017.05.14-02.03.44:768][369]LogSavePackage: Save=36.86ms
[2017.05.14-02.03.44:768][369]LogSavePackage: Moving 'C:/Users/lenovo/Documents/UnrealPro/Shooter/Saved/CharStatusBars72909CAE4C195825AD33AD9D3E9BB9B2.tmp' to 'C:/Users/lenovo/Documents/UnrealPro/Shooter/Content/HUD/CharStatusBars.uasset'
[2017.05.14-02.03.44:786][369]LogSavePackage:Display: Finished SavePackage C:/Users/lenovo/Documents/UnrealPro/Shooter/Content/HUD/CharStatusBars.uasset
[2017.05.14-02.03.46:892][449]BlueprintLog: New page: Compile CharStatusBars
[2017.05.14-02.03.46:903][449]LogBlueprint:Warning: [Compiler CharStatusBars] Warning 'UE4ASP Hero TPP Anim Blueprint' does not inherit from 'Character' ( Cast To UE4ASP_HeroTPP_AnimBlueprint  would always fail).
[2017.05.14-02.03.47:132][449]BlueprintEditorCompileResults:Warning: Warning 'UE4ASP Hero TPP Anim Blueprint' does not inherit from 'Character' ( Cast To UE4ASP_HeroTPP_AnimBlueprint  would always fail).
[2017.05.14-02.03.47:132][449]BlueprintEditorCompileResults: Info The execution path doesn't end with a return node.  Cast Failed
[2017.05.14-02.03.47:134][449]LogBlueprint:Warning: [Compiler CharStatusBars] Warning [1635.79] Compile of CharStatusBars successful, but with 1 Warning(s) [in 241 ms] (/Game/HUD/CharStatusBars.CharStatusBars)
[2017.05.14-02.03.54:042][777]LogEditorViewport: Clicking on Actor (LMB): Ue4ASP_Character_C (Ue4ASP_Character3)
[2017.05.14-02.03.59:929][974]LogSlate: Took 0.011018 seconds to synchronously load lazily loaded font '../../../Engine/Content/Editor/Slate/Fonts/Roboto-Italic.ttf' (157K)
[2017.05.14-02.07.20:596][813]BlueprintLog: New page: Compile CharStatusBars
[2017.05.14-02.07.20:836][813]BlueprintEditorCompileResults: Info The execution path doesn't end with a return node.  Cast Failed
[2017.05.14-02.07.23:476][888]Cmd: OBJ SAVEPACKAGE PACKAGE="/Game/HUD/CharStatusBars" FILE="C:/Users/lenovo/Documents/UnrealPro/Shooter/Content/HUD/CharStatusBars.uasset" SILENT=true
[2017.05.14-02.07.23:549][888]LogSavePackage: Save=41.43ms
[2017.05.14-02.07.23:549][888]LogSavePackage: Moving 'C:/Users/lenovo/Documents/UnrealPro/Shooter/Saved/CharStatusBars38858137432331F8A0C39295E2149B3C.tmp' to 'C:/Users/lenovo/Documents/UnrealPro/Shooter/Content/HUD/CharStatusBars.uasset'
[2017.05.14-02.07.23:560][888]LogSavePackage:Display: Finished SavePackage C:/Users/lenovo/Documents/UnrealPro/Shooter/Content/HUD/CharStatusBars.uasset
[2017.05.14-02.08.13:229][719]BlueprintLog: New page: Compile CharStatusBars
[2017.05.14-02.08.14:151][736]Cmd: OBJ SAVEPACKAGE PACKAGE="/Game/HUD/CharStatusBars" FILE="C:/Users/lenovo/Documents/UnrealPro/Shooter/Content/HUD/CharStatusBars.uasset" SILENT=true
[2017.05.14-02.08.14:237][736]LogSavePackage: Save=45.56ms
[2017.05.14-02.08.14:237][736]LogSavePackage: Moving 'C:/Users/lenovo/Documents/UnrealPro/Shooter/Saved/CharStatusBars920E25CD402F06BCF8C591899331092F.tmp' to 'C:/Users/lenovo/Documents/UnrealPro/Shooter/Content/HUD/CharStatusBars.uasset'
[2017.05.14-02.08.14:249][736]LogSavePackage:Display: Finished SavePackage C:/Users/lenovo/Documents/UnrealPro/Shooter/Content/HUD/CharStatusBars.uasset
[2017.05.14-02.09.42:182][184]BlueprintLog: New page: Compile CharStatusBars
[2017.05.14-02.09.42:202][184]LogBlueprint:Warning: [Compiler CharStatusBars] Warning 'Ue 4ASP Character' does not inherit from 'Player Controller' ( Cast To Ue4ASP_Character  would always fail).
[2017.05.14-02.09.42:408][184]BlueprintEditorCompileResults:Warning: Warning 'Ue 4ASP Character' does not inherit from 'Player Controller' ( Cast To Ue4ASP_Character  would always fail).
[2017.05.14-02.09.42:408][184]LogBlueprint:Warning: [Compiler CharStatusBars] Warning [1991.06] Compile of CharStatusBars successful, but with 1 Warning(s) [in 225 ms] (/Game/HUD/CharStatusBars.CharStatusBars)
[2017.05.14-02.10.33:361][ 44]Cmd: OBJ SAVEPACKAGE PACKAGE="/Game/HUD/CharStatusBars" FILE="C:/Users/lenovo/Documents/UnrealPro/Shooter/Content/HUD/CharStatusBars.uasset" SILENT=true
[2017.05.14-02.10.33:451][ 44]LogSavePackage: Save=57.23ms
[2017.05.14-02.10.33:451][ 44]LogSavePackage: Moving 'C:/Users/lenovo/Documents/UnrealPro/Shooter/Saved/CharStatusBarsA5D4AFAC4C30ED50A4077FAE625F97C1.tmp' to 'C:/Users/lenovo/Documents/UnrealPro/Shooter/Content/HUD/CharStatusBars.uasset'
[2017.05.14-02.10.33:465][ 44]LogSavePackage:Display: Finished SavePackage C:/Users/lenovo/Documents/UnrealPro/Shooter/Content/HUD/CharStatusBars.uasset
[2017.05.14-02.10.34:090][ 62]BlueprintLog: New page: Compile CharStatusBars
[2017.05.14-02.14.50:525][154]LogEditorTransaction: Undo Move Node
[2017.05.14-02.18.04:171][983]LogSavePackage: Save=554.34ms
[2017.05.14-02.18.04:171][983]LogSavePackage: Moving 'C:/Users/lenovo/Documents/UnrealPro/Shooter/Saved/ThirdPersonExampleMap_Auto23255C53E4FD862437005D181FFA65895.tmp' to 'C:/Users/lenovo/Documents/UnrealPro/Shooter/Saved/Autosaves/Game/ThirdPersonBP/Maps/ThirdPersonExampleMap_Auto2.umap'
[2017.05.14-02.18.04:181][983]LogSavePackage:Display: Finished SavePackage C:/Users/lenovo/Documents/UnrealPro/Shooter/Saved/Autosaves/Game/ThirdPersonBP/Maps/ThirdPersonExampleMap_Auto2.umap
[2017.05.14-02.18.04:192][983]LogFileHelpers: Editor autosave (incl. sublevels) for '/Game/ThirdPersonBP/Maps/ThirdPersonExampleMap' took 0.739
[2017.05.14-02.18.04:192][983]LogFileHelpers: Editor autosave (incl. sublevels) for all levels took 0.739
[2017.05.14-02.18.04:202][983]OBJ SavePackage: Generating thumbnails for [1] asset(s) in package [/Game/AnimStarterPack1/Ue4ASP_Character] ([1] browsable assets)...
[2017.05.14-02.18.04:296][983]OBJ SavePackage:     Rendered thumbnail for [Blueprint /Game/AnimStarterPack1/Ue4ASP_Character.Ue4ASP_Character]
[2017.05.14-02.18.04:296][983]OBJ SavePackage: Finished generating thumbnails for package [/Game/AnimStarterPack1/Ue4ASP_Character]
[2017.05.14-02.18.04:568][983]LogSavePackage: Save=221.77ms
[2017.05.14-02.18.04:568][983]LogSavePackage: Moving 'C:/Users/lenovo/Documents/UnrealPro/Shooter/Saved/Ue4ASP_Character_Auto2224D5C7840855F9FCB285F9420893E8A.tmp' to 'C:/Users/lenovo/Documents/UnrealPro/Shooter/Saved/Autosaves/Game/AnimStarterPack1/Ue4ASP_Character_Auto2.uasset'
[2017.05.14-02.18.04:582][983]LogSavePackage:Display: Finished SavePackage C:/Users/lenovo/Documents/UnrealPro/Shooter/Saved/Autosaves/Game/AnimStarterPack1/Ue4ASP_Character_Auto2.uasset
[2017.05.14-02.18.04:582][983]LogFileHelpers: Auto-saving content packages took 0.387
[2017.05.14-02.18.27:543][337]LogSlate: Took 0.012852 seconds to synchronously load lazily loaded font '../../../Engine/Content/Editor/Slate/Fonts/Roboto-BoldCondensedItalic.ttf' (160K)
[2017.05.14-02.20.01:548][381]LogTemp: Dropped IsDead on Category Status
[2017.05.14-02.21.06:966][777]BlueprintLog: New page: Compile Ue4ASP_Character
[2017.05.14-02.21.09:951][788]Cmd: OBJ SAVEPACKAGE PACKAGE="/Game/AnimStarterPack1/Ue4ASP_Character" FILE="C:/Users/lenovo/Documents/UnrealPro/Shooter/Content/AnimStarterPack1/Ue4ASP_Character.uasset" SILENT=true
[2017.05.14-02.21.10:157][788]LogSavePackage: Save=174.77ms
[2017.05.14-02.21.10:157][788]LogSavePackage: Moving 'C:/Users/lenovo/Documents/UnrealPro/Shooter/Saved/Ue4ASP_Character83D967AD40BFA752738D42A3771B30CF.tmp' to 'C:/Users/lenovo/Documents/UnrealPro/Shooter/Content/AnimStarterPack1/Ue4ASP_Character.uasset'
[2017.05.14-02.21.10:177][788]LogSavePackage:Display: Finished SavePackage C:/Users/lenovo/Documents/UnrealPro/Shooter/Content/AnimStarterPack1/Ue4ASP_Character.uasset
[2017.05.14-02.24.45:629][624]BlueprintLog: New page: Compile Ue4ASP_Character
[2017.05.14-02.24.47:500][633]Cmd: OBJ SAVEPACKAGE PACKAGE="/Game/AnimStarterPack1/Ue4ASP_Character" FILE="C:/Users/lenovo/Documents/UnrealPro/Shooter/Content/AnimStarterPack1/Ue4ASP_Character.uasset" SILENT=true
[2017.05.14-02.24.47:731][633]LogSavePackage: Save=180.87ms
[2017.05.14-02.24.47:731][633]LogSavePackage: Moving 'C:/Users/lenovo/Documents/UnrealPro/Shooter/Saved/Ue4ASP_CharacterBB9B33064C9E0CE885388B9BB7DDA024.tmp' to 'C:/Users/lenovo/Documents/UnrealPro/Shooter/Content/AnimStarterPack1/Ue4ASP_Character.uasset'
[2017.05.14-02.24.47:742][633]LogSavePackage:Display: Finished SavePackage C:/Users/lenovo/Documents/UnrealPro/Shooter/Content/AnimStarterPack1/Ue4ASP_Character.uasset
[2017.05.14-02.28.05:887][234]LogSavePackage: Save=613.18ms
[2017.05.14-02.28.05:887][234]LogSavePackage: Moving 'C:/Users/lenovo/Documents/UnrealPro/Shooter/Saved/ThirdPersonExampleMap_Auto34C7B92684078A5B36ADED5AF4D0E558E.tmp' to 'C:/Users/lenovo/Documents/UnrealPro/Shooter/Saved/Autosaves/Game/ThirdPersonBP/Maps/ThirdPersonExampleMap_Auto3.umap'
[2017.05.14-02.28.05:921][234]LogSavePackage:Display: Finished SavePackage C:/Users/lenovo/Documents/UnrealPro/Shooter/Saved/Autosaves/Game/ThirdPersonBP/Maps/ThirdPersonExampleMap_Auto3.umap
[2017.05.14-02.28.05:931][234]LogFileHelpers: Editor autosave (incl. sublevels) for '/Game/ThirdPersonBP/Maps/ThirdPersonExampleMap' took 0.858
[2017.05.14-02.28.05:931][234]LogFileHelpers: Editor autosave (incl. sublevels) for all levels took 0.858
[2017.05.14-02.40.20:450][397]LogSavePackage: Save=439.16ms
[2017.05.14-02.40.20:450][397]LogSavePackage: Moving 'C:/Users/lenovo/Documents/UnrealPro/Shooter/Saved/ThirdPersonExampleMap_Auto4C6F55D2948F80E3D06B0DE97919AA748.tmp' to 'C:/Users/lenovo/Documents/UnrealPro/Shooter/Saved/Autosaves/Game/ThirdPersonBP/Maps/ThirdPersonExampleMap_Auto4.umap'
[2017.05.14-02.40.20:456][397]LogSavePackage:Display: Finished SavePackage C:/Users/lenovo/Documents/UnrealPro/Shooter/Saved/Autosaves/Game/ThirdPersonBP/Maps/ThirdPersonExampleMap_Auto4.umap
[2017.05.14-02.40.20:463][397]LogFileHelpers: Editor autosave (incl. sublevels) for '/Game/ThirdPersonBP/Maps/ThirdPersonExampleMap' took 0.573
[2017.05.14-02.40.20:463][397]LogFileHelpers: Editor autosave (incl. sublevels) for all levels took 0.573
[2017.05.14-02.40.20:468][397]OBJ SavePackage: Generating thumbnails for [1] asset(s) in package [/Game/AnimStarterPack1/Ue4ASP_Character] ([1] browsable assets)...
[2017.05.14-02.40.20:523][397]OBJ SavePackage:     Rendered thumbnail for [Blueprint /Game/AnimStarterPack1/Ue4ASP_Character.Ue4ASP_Character]
[2017.05.14-02.40.20:523][397]OBJ SavePackage: Finished generating thumbnails for package [/Game/AnimStarterPack1/Ue4ASP_Character]
[2017.05.14-02.40.20:779][397]LogSavePackage: Save=198.49ms
[2017.05.14-02.40.20:779][397]LogSavePackage: Moving 'C:/Users/lenovo/Documents/UnrealPro/Shooter/Saved/Ue4ASP_Character_Auto44E75BDF44462BC1A2DE0E29C27A23F85.tmp' to 'C:/Users/lenovo/Documents/UnrealPro/Shooter/Saved/Autosaves/Game/AnimStarterPack1/Ue4ASP_Character_Auto4.uasset'
[2017.05.14-02.40.20:784][397]LogSavePackage:Display: Finished SavePackage C:/Users/lenovo/Documents/UnrealPro/Shooter/Saved/Autosaves/Game/AnimStarterPack1/Ue4ASP_Character_Auto4.uasset
[2017.05.14-02.40.20:784][397]LogFileHelpers: Auto-saving content packages took 0.320
[2017.05.14-02.51.09:057][411]Cmd: OBJ SAVEPACKAGE PACKAGE="/Game/AnimStarterPack1/Ue4ASP_Character" FILE="C:/Users/lenovo/Documents/UnrealPro/Shooter/Content/AnimStarterPack1/Ue4ASP_Character.uasset" SILENT=true
[2017.05.14-02.51.09:314][411]LogSavePackage: Save=208.37ms
[2017.05.14-02.51.09:314][411]LogSavePackage: Moving 'C:/Users/lenovo/Documents/UnrealPro/Shooter/Saved/Ue4ASP_Character07360BA746E29E716AF697A01D42A7AD.tmp' to 'C:/Users/lenovo/Documents/UnrealPro/Shooter/Content/AnimStarterPack1/Ue4ASP_Character.uasset'
[2017.05.14-02.51.09:331][411]LogSavePackage:Display: Finished SavePackage C:/Users/lenovo/Documents/UnrealPro/Shooter/Content/AnimStarterPack1/Ue4ASP_Character.uasset
[2017.05.14-02.51.09:789][423]BlueprintLog: New page: Compile Ue4ASP_Character
[2017.05.14-02.51.54:725][957]LogSavePackage: Save=642.61ms
[2017.05.14-02.51.54:725][957]LogSavePackage: Moving 'C:/Users/lenovo/Documents/UnrealPro/Shooter/Saved/ThirdPersonExampleMap_Auto5D18CD6BE44AFCB24EA135DAC1521BC21.tmp' to 'C:/Users/lenovo/Documents/UnrealPro/Shooter/Saved/Autosaves/Game/ThirdPersonBP/Maps/ThirdPersonExampleMap_Auto5.umap'
[2017.05.14-02.51.54:738][957]LogSavePackage:Display: Finished SavePackage C:/Users/lenovo/Documents/UnrealPro/Shooter/Saved/Autosaves/Game/ThirdPersonBP/Maps/ThirdPersonExampleMap_Auto5.umap
[2017.05.14-02.51.54:750][957]LogFileHelpers: Editor autosave (incl. sublevels) for '/Game/ThirdPersonBP/Maps/ThirdPersonExampleMap' took 0.842
[2017.05.14-02.51.54:750][957]LogFileHelpers: Editor autosave (incl. sublevels) for all levels took 0.842
[2017.05.14-02.51.54:758][957]OBJ SavePackage: Generating thumbnails for [1] asset(s) in package [/Game/AnimStarterPack1/Ue4ASP_Character] ([1] browsable assets)...
[2017.05.14-02.51.54:878][957]OBJ SavePackage:     Rendered thumbnail for [Blueprint /Game/AnimStarterPack1/Ue4ASP_Character.Ue4ASP_Character]
[2017.05.14-02.51.54:878][957]OBJ SavePackage: Finished generating thumbnails for package [/Game/AnimStarterPack1/Ue4ASP_Character]
[2017.05.14-02.51.55:444][957]LogSavePackage: Save=511.78ms
[2017.05.14-02.51.55:444][957]LogSavePackage: Moving 'C:/Users/lenovo/Documents/UnrealPro/Shooter/Saved/Ue4ASP_Character_Auto57FFC6ED448EC5FBE1D62399F2839F73B.tmp' to 'C:/Users/lenovo/Documents/UnrealPro/Shooter/Saved/Autosaves/Game/AnimStarterPack1/Ue4ASP_Character_Auto5.uasset'
[2017.05.14-02.51.55:476][957]LogSavePackage:Display: Finished SavePackage C:/Users/lenovo/Documents/UnrealPro/Shooter/Saved/Autosaves/Game/AnimStarterPack1/Ue4ASP_Character_Auto5.uasset
[2017.05.14-02.51.55:476][957]LogFileHelpers: Auto-saving content packages took 0.725
[2017.05.14-03.01.56:743][706]LogSavePackage: Save=468.73ms
[2017.05.14-03.01.56:743][706]LogSavePackage: Moving 'C:/Users/lenovo/Documents/UnrealPro/Shooter/Saved/ThirdPersonExampleMap_Auto61FB64E434C681156DBCFC491B0607060.tmp' to 'C:/Users/lenovo/Documents/UnrealPro/Shooter/Saved/Autosaves/Game/ThirdPersonBP/Maps/ThirdPersonExampleMap_Auto6.umap'
[2017.05.14-03.01.56:750][706]LogSavePackage:Display: Finished SavePackage C:/Users/lenovo/Documents/UnrealPro/Shooter/Saved/Autosaves/Game/ThirdPersonBP/Maps/ThirdPersonExampleMap_Auto6.umap
[2017.05.14-03.01.56:756][706]LogFileHelpers: Editor autosave (incl. sublevels) for '/Game/ThirdPersonBP/Maps/ThirdPersonExampleMap' took 0.617
[2017.05.14-03.01.56:756][706]LogFileHelpers: Editor autosave (incl. sublevels) for all levels took 0.617
[2017.05.14-03.01.56:762][706]OBJ SavePackage: Generating thumbnails for [1] asset(s) in package [/Game/AnimStarterPack1/Ue4ASP_Character] ([1] browsable assets)...
[2017.05.14-03.01.56:793][706]OBJ SavePackage:     Rendered thumbnail for [Blueprint /Game/AnimStarterPack1/Ue4ASP_Character.Ue4ASP_Character]
[2017.05.14-03.01.56:793][706]OBJ SavePackage: Finished generating thumbnails for package [/Game/AnimStarterPack1/Ue4ASP_Character]
[2017.05.14-03.01.57:059][706]LogSavePackage: Save=225.56ms
[2017.05.14-03.01.57:059][706]LogSavePackage: Moving 'C:/Users/lenovo/Documents/UnrealPro/Shooter/Saved/Ue4ASP_Character_Auto6B89FCCCB474D9FEE33A03588DE3DA77B.tmp' to 'C:/Users/lenovo/Documents/UnrealPro/Shooter/Saved/Autosaves/Game/AnimStarterPack1/Ue4ASP_Character_Auto6.uasset'
[2017.05.14-03.01.57:066][706]LogSavePackage:Display: Finished SavePackage C:/Users/lenovo/Documents/UnrealPro/Shooter/Saved/Autosaves/Game/AnimStarterPack1/Ue4ASP_Character_Auto6.uasset
[2017.05.14-03.01.57:066][706]LogFileHelpers: Auto-saving content packages took 0.308
[2017.05.14-03.03.54:560][279]LogTemp: Dropped StaminaRecoverRate on Category Status
[2017.05.14-03.03.58:159][347]LogTemp: Dropped StaminaUseRate on Category Status
[2017.05.14-03.12.35:924][538]LogSavePackage: Save=431.47ms
[2017.05.14-03.12.35:924][538]LogSavePackage: Moving 'C:/Users/lenovo/Documents/UnrealPro/Shooter/Saved/ThirdPersonExampleMap_Auto73DE75CF84235C5B36DC4439930B5BA5F.tmp' to 'C:/Users/lenovo/Documents/UnrealPro/Shooter/Saved/Autosaves/Game/ThirdPersonBP/Maps/ThirdPersonExampleMap_Auto7.umap'
[2017.05.14-03.12.35:930][538]LogSavePackage:Display: Finished SavePackage C:/Users/lenovo/Documents/UnrealPro/Shooter/Saved/Autosaves/Game/ThirdPersonBP/Maps/ThirdPersonExampleMap_Auto7.umap
[2017.05.14-03.12.35:936][538]LogFileHelpers: Editor autosave (incl. sublevels) for '/Game/ThirdPersonBP/Maps/ThirdPersonExampleMap' took 0.577
[2017.05.14-03.12.35:936][538]LogFileHelpers: Editor autosave (incl. sublevels) for all levels took 0.577
[2017.05.14-03.12.35:940][538]OBJ SavePackage: Generating thumbnails for [1] asset(s) in package [/Game/AnimStarterPack1/Ue4ASP_Character] ([1] browsable assets)...
[2017.05.14-03.12.35:973][538]OBJ SavePackage:     Rendered thumbnail for [Blueprint /Game/AnimStarterPack1/Ue4ASP_Character.Ue4ASP_Character]
[2017.05.14-03.12.35:973][538]OBJ SavePackage: Finished generating thumbnails for package [/Game/AnimStarterPack1/Ue4ASP_Character]
[2017.05.14-03.12.36:217][538]LogSavePackage: Save=204.06ms
[2017.05.14-03.12.36:217][538]LogSavePackage: Moving 'C:/Users/lenovo/Documents/UnrealPro/Shooter/Saved/Ue4ASP_Character_Auto741E6C84C487F2F45AB9D79997653F66A.tmp' to 'C:/Users/lenovo/Documents/UnrealPro/Shooter/Saved/Autosaves/Game/AnimStarterPack1/Ue4ASP_Character_Auto7.uasset'
[2017.05.14-03.12.36:224][538]LogSavePackage:Display: Finished SavePackage C:/Users/lenovo/Documents/UnrealPro/Shooter/Saved/Autosaves/Game/AnimStarterPack1/Ue4ASP_Character_Auto7.uasset
[2017.05.14-03.12.36:224][538]LogFileHelpers: Auto-saving content packages took 0.286
[2017.05.14-03.12.43:626][703]Cmd: OBJ SAVEPACKAGE PACKAGE="/Game/AnimStarterPack1/Ue4ASP_Character" FILE="C:/Users/lenovo/Documents/UnrealPro/Shooter/Content/AnimStarterPack1/Ue4ASP_Character.uasset" SILENT=true
[2017.05.14-03.12.43:842][703]LogSavePackage: Save=190.62ms
[2017.05.14-03.12.43:842][703]LogSavePackage: Moving 'C:/Users/lenovo/Documents/UnrealPro/Shooter/Saved/Ue4ASP_CharacterDEEADBAE4D48AD739012D0B8ACBDD6D1.tmp' to 'C:/Users/lenovo/Documents/UnrealPro/Shooter/Content/AnimStarterPack1/Ue4ASP_Character.uasset'
[2017.05.14-03.12.43:861][703]LogSavePackage:Display: Finished SavePackage C:/Users/lenovo/Documents/UnrealPro/Shooter/Content/AnimStarterPack1/Ue4ASP_Character.uasset
[2017.05.14-03.14.21:881][965]LogEditorTransaction: Undo Move Node
[2017.05.14-03.14.23:524][989]LogEditorTransaction: Undo Add Node
[2017.05.14-03.22.27:025][678]LogTemp: Dropped IsRunning on Category Sprint
[2017.05.14-03.23.59:543][197]LogSavePackage: Save=1246.79ms
[2017.05.14-03.23.59:543][197]LogSavePackage: Moving 'C:/Users/lenovo/Documents/UnrealPro/Shooter/Saved/ThirdPersonExampleMap_Auto8835F94514947EA5D5336C0850F7D6986.tmp' to 'C:/Users/lenovo/Documents/UnrealPro/Shooter/Saved/Autosaves/Game/ThirdPersonBP/Maps/ThirdPersonExampleMap_Auto8.umap'
[2017.05.14-03.23.59:565][197]LogSavePackage:Display: Finished SavePackage C:/Users/lenovo/Documents/UnrealPro/Shooter/Saved/Autosaves/Game/ThirdPersonBP/Maps/ThirdPersonExampleMap_Auto8.umap
[2017.05.14-03.23.59:607][197]LogFileHelpers: Editor autosave (incl. sublevels) for '/Game/ThirdPersonBP/Maps/ThirdPersonExampleMap' took 1.521
[2017.05.14-03.23.59:607][197]LogFileHelpers: Editor autosave (incl. sublevels) for all levels took 1.521
[2017.05.14-03.23.59:623][197]OBJ SavePackage: Generating thumbnails for [1] asset(s) in package [/Game/AnimStarterPack1/Ue4ASP_Character] ([1] browsable assets)...
[2017.05.14-03.23.59:670][197]OBJ SavePackage:     Rendered thumbnail for [Blueprint /Game/AnimStarterPack1/Ue4ASP_Character.Ue4ASP_Character]
[2017.05.14-03.23.59:670][197]OBJ SavePackage: Finished generating thumbnails for package [/Game/AnimStarterPack1/Ue4ASP_Character]
[2017.05.14-03.24.00:975][197]LogSavePackage: Save=1207.22ms
[2017.05.14-03.24.00:975][197]LogSavePackage: Moving 'C:/Users/lenovo/Documents/UnrealPro/Shooter/Saved/Ue4ASP_Character_Auto8C29E8C8343364E9714E9B88FC0C2712D.tmp' to 'C:/Users/lenovo/Documents/UnrealPro/Shooter/Saved/Autosaves/Game/AnimStarterPack1/Ue4ASP_Character_Auto8.uasset'
[2017.05.14-03.24.00:991][197]LogSavePackage:Display: Finished SavePackage C:/Users/lenovo/Documents/UnrealPro/Shooter/Saved/Autosaves/Game/AnimStarterPack1/Ue4ASP_Character_Auto8.uasset
[2017.05.14-03.24.00:992][197]LogFileHelpers: Auto-saving content packages took 1.377
[2017.05.14-03.30.46:491][982]BlueprintLog: New page: Compile Ue4ASP_Character
[2017.05.14-03.30.49:679][994]Cmd: OBJ SAVEPACKAGE PACKAGE="/Game/AnimStarterPack1/Ue4ASP_Character" FILE="C:/Users/lenovo/Documents/UnrealPro/Shooter/Content/AnimStarterPack1/Ue4ASP_Character.uasset" SILENT=true
[2017.05.14-03.30.49:942][994]LogSavePackage: Save=221.30ms
[2017.05.14-03.30.49:942][994]LogSavePackage: Moving 'C:/Users/lenovo/Documents/UnrealPro/Shooter/Saved/Ue4ASP_CharacterE655F9E24085486C284A999E851D7184.tmp' to 'C:/Users/lenovo/Documents/UnrealPro/Shooter/Content/AnimStarterPack1/Ue4ASP_Character.uasset'
[2017.05.14-03.30.49:962][994]LogSavePackage:Display: Finished SavePackage C:/Users/lenovo/Documents/UnrealPro/Shooter/Content/AnimStarterPack1/Ue4ASP_Character.uasset
[2017.05.14-03.33.44:986][664]BlueprintLog: New page: Compile Ue4ASP_Character
[2017.05.14-03.33.47:022][673]Cmd: OBJ SAVEPACKAGE PACKAGE="/Game/AnimStarterPack1/Ue4ASP_Character" FILE="C:/Users/lenovo/Documents/UnrealPro/Shooter/Content/AnimStarterPack1/Ue4ASP_Character.uasset" SILENT=true
[2017.05.14-03.33.47:278][673]LogSavePackage: Save=226.21ms
[2017.05.14-03.33.47:279][673]LogSavePackage: Moving 'C:/Users/lenovo/Documents/UnrealPro/Shooter/Saved/Ue4ASP_Character6C3600F140FC51ABB57C41AC53679653.tmp' to 'C:/Users/lenovo/Documents/UnrealPro/Shooter/Content/AnimStarterPack1/Ue4ASP_Character.uasset'
[2017.05.14-03.33.47:291][673]LogSavePackage:Display: Finished SavePackage C:/Users/lenovo/Documents/UnrealPro/Shooter/Content/AnimStarterPack1/Ue4ASP_Character.uasset
[2017.05.14-03.34.10:320][  1]BlueprintLog: New page: Compile Ue4ASP_Character
[2017.05.14-03.34.12:462][ 13]Cmd: OBJ SAVEPACKAGE PACKAGE="/Game/AnimStarterPack1/Ue4ASP_Character" FILE="C:/Users/lenovo/Documents/UnrealPro/Shooter/Content/AnimStarterPack1/Ue4ASP_Character.uasset" SILENT=true
[2017.05.14-03.34.12:718][ 13]LogSavePackage: Save=226.38ms
[2017.05.14-03.34.12:718][ 13]LogSavePackage: Moving 'C:/Users/lenovo/Documents/UnrealPro/Shooter/Saved/Ue4ASP_CharacterA01872B9479D3732B6945D895EEC3111.tmp' to 'C:/Users/lenovo/Documents/UnrealPro/Shooter/Content/AnimStarterPack1/Ue4ASP_Character.uasset'
[2017.05.14-03.34.12:731][ 13]LogSavePackage:Display: Finished SavePackage C:/Users/lenovo/Documents/UnrealPro/Shooter/Content/AnimStarterPack1/Ue4ASP_Character.uasset
[2017.05.14-03.34.38:167][101]LogSavePackage: Save=459.95ms
[2017.05.14-03.34.38:167][101]LogSavePackage: Moving 'C:/Users/lenovo/Documents/UnrealPro/Shooter/Saved/ThirdPersonExampleMap_Auto99B797DFA48733F78A7A234AD1268E2E1.tmp' to 'C:/Users/lenovo/Documents/UnrealPro/Shooter/Saved/Autosaves/Game/ThirdPersonBP/Maps/ThirdPersonExampleMap_Auto9.umap'
[2017.05.14-03.34.38:175][101]LogSavePackage:Display: Finished SavePackage C:/Users/lenovo/Documents/UnrealPro/Shooter/Saved/Autosaves/Game/ThirdPersonBP/Maps/ThirdPersonExampleMap_Auto9.umap
[2017.05.14-03.34.38:182][101]LogFileHelpers: Editor autosave (incl. sublevels) for '/Game/ThirdPersonBP/Maps/ThirdPersonExampleMap' took 0.586
[2017.05.14-03.34.38:182][101]LogFileHelpers: Editor autosave (incl. sublevels) for all levels took 0.586
[2017.05.14-03.45.04:965][364]LogBlueprintUserMessages: Early PlayInEditor Detection: Level '/Game/ThirdPersonBP/Maps/ThirdPersonExampleMap.ThirdPersonExampleMap:PersistentLevel' has LevelScriptBlueprint '/Game/ThirdPersonBP/Maps/ThirdPersonExampleMap.ThirdPersonExampleMap:PersistentLevel.ThirdPersonExampleMap' with GeneratedClass '/Game/ThirdPersonBP/Maps/ThirdPersonExampleMap.ThirdPersonExampleMap_C' with ClassGeneratedBy '/Game/ThirdPersonBP/Maps/ThirdPersonExampleMap.ThirdPersonExampleMap:PersistentLevel.ThirdPersonExampleMap'
[2017.05.14-03.45.04:966][364]BlueprintLog: New page: Pre-Play auto-recompile
[2017.05.14-03.45.04:966][364]LogPlayLevel: [PlayLevel] Compiling Ue4ASP_Character before play...
[2017.05.14-03.45.05:112][364]LogPlayLevel: [PlayLevel]   Compiling UE4ASP_HeroTPP_AnimBlueprint as a dependent...
[2017.05.14-03.45.05:874][364]LogPlayLevel: PlayLevel: Blueprint regeneration took 908 ms (2 blueprints)
[2017.05.14-03.45.05:884][364]PIE: New page: SIE session: ThirdPersonExampleMap (May 14, 2017, 7:45:05 PM)
[2017.05.14-03.45.05:884][364]LogPlayLevel: Creating play world package: /Game/ThirdPersonBP/Maps/UEDPIE_0_ThirdPersonExampleMap
[2017.05.14-03.45.05:957][364]LogPlayLevel: PIE: StaticDuplicateObject took: (0.072584s)
[2017.05.14-03.45.05:960][364]LogAIModule: Creating AISystem for world ThirdPersonExampleMap
[2017.05.14-03.45.05:961][364]LogPlayLevel: PIE: World Init took: (0.003892s)
[2017.05.14-03.45.05:961][364]LogPlayLevel: PIE: Created PIE world by copying editor world from /Game/ThirdPersonBP/Maps/ThirdPersonExampleMap.ThirdPersonExampleMap to /Game/ThirdPersonBP/Maps/UEDPIE_0_ThirdPersonExampleMap.ThirdPersonExampleMap (0.077785s)
[2017.05.14-03.45.06:056][364]LogInit: XAudio2 using '扬声器 (Conexant SmartAudio HD)' : 2 channels at 48 kHz using 32 bits per sample (channel mask 0x3)
[2017.05.14-03.45.06:077][364]LogInit: FAudioDevice initialized.
[2017.05.14-03.45.06:767][364]LogLoad: Game class is 'ThirdPersonGameMode_C'
[2017.05.14-03.45.06:778][364]LogWorld: Bringing World /Game/ThirdPersonBP/Maps/UEDPIE_0_ThirdPersonExampleMap.ThirdPersonExampleMap up for play (max tick rate 60) at 2017.05.14-11.45.06
[2017.05.14-03.45.06:779][364]LogWorld: Bringing up level for play took: 0.009164
[2017.05.14-03.45.06:887][364]LogContentBrowser: Native class hierarchy updated for 'MovieSceneCapture' in 0.0036 seconds. Added 11 classes and 0 folders.
[2017.05.14-03.45.06:895][364]PIE: Info Play in editor start time for /Game/ThirdPersonBP/Maps/UEDPIE_0_ThirdPersonExampleMap 1.897
[2017.05.14-03.45.07:108][364]LogBlueprintUserMessages: Late PlayInEditor Detection: Level '/Game/ThirdPersonBP/Maps/ThirdPersonExampleMap.ThirdPersonExampleMap:PersistentLevel' has LevelScriptBlueprint '/Game/ThirdPersonBP/Maps/ThirdPersonExampleMap.ThirdPersonExampleMap:PersistentLevel.ThirdPersonExampleMap' with GeneratedClass '/Game/ThirdPersonBP/Maps/ThirdPersonExampleMap.ThirdPersonExampleMap_C' with ClassGeneratedBy '/Game/ThirdPersonBP/Maps/ThirdPersonExampleMap.ThirdPersonExampleMap:PersistentLevel.ThirdPersonExampleMap'
[2017.05.14-03.45.07:112][364]LogBlueprintUserMessages: [Ue4ASP_Character2] You are Dead
[2017.05.14-03.45.07:114][364]LogBlueprintUserMessages: [Ue4ASP_Character3] You are Dead
[2017.05.14-03.45.07:843][365]LogBlueprintUserMessages: [Ue4ASP_Character2] You are Dead
[2017.05.14-03.45.07:844][365]LogBlueprintUserMessages: [Ue4ASP_Character3] You are Dead
[2017.05.14-03.45.10:517][440]LogBlueprintUserMessages: Early EndPlayMap Detection: Level '/Game/ThirdPersonBP/Maps/ThirdPersonExampleMap.ThirdPersonExampleMap:PersistentLevel' has LevelScriptBlueprint '/Game/ThirdPersonBP/Maps/ThirdPersonExampleMap.ThirdPersonExampleMap:PersistentLevel.ThirdPersonExampleMap' with GeneratedClass '/Game/ThirdPersonBP/Maps/ThirdPersonExampleMap.ThirdPersonExampleMap_C' with ClassGeneratedBy '/Game/ThirdPersonBP/Maps/ThirdPersonExampleMap.ThirdPersonExampleMap:PersistentLevel.ThirdPersonExampleMap'
[2017.05.14-03.45.10:815][440]LogBlueprintUserMessages: Late EndPlayMap Detection: Level '/Game/ThirdPersonBP/Maps/ThirdPersonExampleMap.ThirdPersonExampleMap:PersistentLevel' has LevelScriptBlueprint '/Game/ThirdPersonBP/Maps/ThirdPersonExampleMap.ThirdPersonExampleMap:PersistentLevel.ThirdPersonExampleMap' with GeneratedClass '/Game/ThirdPersonBP/Maps/ThirdPersonExampleMap.ThirdPersonExampleMap_C' with ClassGeneratedBy '/Game/ThirdPersonBP/Maps/ThirdPersonExampleMap.ThirdPersonExampleMap:PersistentLevel.ThirdPersonExampleMap'
[2017.05.14-03.45.55:237][444]BlueprintLog: New page: Compile Ue4ASP_Character
[2017.05.14-03.47.53:382][961]LogSavePackage: Save=455.32ms
[2017.05.14-03.47.53:382][961]LogSavePackage: Moving 'C:/Users/lenovo/Documents/UnrealPro/Shooter/Saved/ThirdPersonExampleMap_Auto0B422701A4E38AB6F4A0008B502D57B1E.tmp' to 'C:/Users/lenovo/Documents/UnrealPro/Shooter/Saved/Autosaves/Game/ThirdPersonBP/Maps/ThirdPersonExampleMap_Auto0.umap'
[2017.05.14-03.47.53:388][961]LogSavePackage:Display: Finished SavePackage C:/Users/lenovo/Documents/UnrealPro/Shooter/Saved/Autosaves/Game/ThirdPersonBP/Maps/ThirdPersonExampleMap_Auto0.umap
[2017.05.14-03.47.53:394][961]LogFileHelpers: Editor autosave (incl. sublevels) for '/Game/ThirdPersonBP/Maps/ThirdPersonExampleMap' took 0.581
[2017.05.14-03.47.53:394][961]LogFileHelpers: Editor autosave (incl. sublevels) for all levels took 0.581
[2017.05.14-03.47.53:399][961]OBJ SavePackage: Generating thumbnails for [1] asset(s) in package [/Game/AnimStarterPack1/Ue4ASP_Character] ([1] browsable assets)...
[2017.05.14-03.47.53:440][961]OBJ SavePackage:     Rendered thumbnail for [Blueprint /Game/AnimStarterPack1/Ue4ASP_Character.Ue4ASP_Character]
[2017.05.14-03.47.53:440][961]OBJ SavePackage: Finished generating thumbnails for package [/Game/AnimStarterPack1/Ue4ASP_Character]
[2017.05.14-03.47.53:698][961]LogSavePackage: Save=221.24ms
[2017.05.14-03.47.53:698][961]LogSavePackage: Moving 'C:/Users/lenovo/Documents/UnrealPro/Shooter/Saved/Ue4ASP_Character_Auto0FB68DB844471149CD103BCBAF1454559.tmp' to 'C:/Users/lenovo/Documents/UnrealPro/Shooter/Saved/Autosaves/Game/AnimStarterPack1/Ue4ASP_Character_Auto0.uasset'
[2017.05.14-03.47.53:704][961]LogSavePackage:Display: Finished SavePackage C:/Users/lenovo/Documents/UnrealPro/Shooter/Saved/Autosaves/Game/AnimStarterPack1/Ue4ASP_Character_Auto0.uasset
[2017.05.14-03.47.53:704][961]LogFileHelpers: Auto-saving content packages took 0.308
[2017.05.14-03.50.41:109][594]BlueprintLog: New page: Compile Ue4ASP_Character
[2017.05.14-03.50.43:851][603]Cmd: OBJ SAVEPACKAGE PACKAGE="/Game/AnimStarterPack1/Ue4ASP_Character" FILE="C:/Users/lenovo/Documents/UnrealPro/Shooter/Content/AnimStarterPack1/Ue4ASP_Character.uasset" SILENT=true
[2017.05.14-03.50.44:212][603]LogSavePackage: Save=301.08ms
[2017.05.14-03.50.44:212][603]LogSavePackage: Moving 'C:/Users/lenovo/Documents/UnrealPro/Shooter/Saved/Ue4ASP_CharacterCD1837E54E48E179F19B1AA10B38D601.tmp' to 'C:/Users/lenovo/Documents/UnrealPro/Shooter/Content/AnimStarterPack1/Ue4ASP_Character.uasset'
[2017.05.14-03.50.44:237][603]LogSavePackage:Display: Finished SavePackage C:/Users/lenovo/Documents/UnrealPro/Shooter/Content/AnimStarterPack1/Ue4ASP_Character.uasset
[2017.05.14-03.51.38:185][875]Cmd: OBJ SAVEPACKAGE PACKAGE="/Game/AnimStarterPack1/Ue4ASP_Character" FILE="C:/Users/lenovo/Documents/UnrealPro/Shooter/Content/AnimStarterPack1/Ue4ASP_Character.uasset" SILENT=true
[2017.05.14-03.51.38:416][875]LogSavePackage: Save=204.49ms
[2017.05.14-03.51.38:416][875]LogSavePackage: Moving 'C:/Users/lenovo/Documents/UnrealPro/Shooter/Saved/Ue4ASP_CharacterF1C951D347EC078D1484FC8216401B06.tmp' to 'C:/Users/lenovo/Documents/UnrealPro/Shooter/Content/AnimStarterPack1/Ue4ASP_Character.uasset'
[2017.05.14-03.51.38:427][875]LogSavePackage:Display: Finished SavePackage C:/Users/lenovo/Documents/UnrealPro/Shooter/Content/AnimStarterPack1/Ue4ASP_Character.uasset
[2017.05.14-03.51.58:921][314]LogTemp: Repeting last play command: Simulate
[2017.05.14-03.51.59:022][314]LogBlueprintUserMessages: Early PlayInEditor Detection: Level '/Game/ThirdPersonBP/Maps/ThirdPersonExampleMap.ThirdPersonExampleMap:PersistentLevel' has LevelScriptBlueprint '/Game/ThirdPersonBP/Maps/ThirdPersonExampleMap.ThirdPersonExampleMap:PersistentLevel.ThirdPersonExampleMap' with GeneratedClass '/Game/ThirdPersonBP/Maps/ThirdPersonExampleMap.ThirdPersonExampleMap_C' with ClassGeneratedBy '/Game/ThirdPersonBP/Maps/ThirdPersonExampleMap.ThirdPersonExampleMap:PersistentLevel.ThirdPersonExampleMap'
[2017.05.14-03.51.59:022][314]LogPlayLevel: PlayLevel: No blueprints needed recompiling
[2017.05.14-03.51.59:022][314]PIE: New page: SIE session: ThirdPersonExampleMap (May 14, 2017, 7:51:59 PM)
[2017.05.14-03.51.59:022][314]LogPlayLevel: Creating play world package: /Game/ThirdPersonBP/Maps/UEDPIE_0_ThirdPersonExampleMap
[2017.05.14-03.51.59:094][314]LogPlayLevel: PIE: StaticDuplicateObject took: (0.071662s)
[2017.05.14-03.51.59:096][314]LogAIModule: Creating AISystem for world ThirdPersonExampleMap
[2017.05.14-03.51.59:096][314]LogPlayLevel: PIE: World Init took: (0.001590s)
[2017.05.14-03.51.59:097][314]LogPlayLevel: PIE: Created PIE world by copying editor world from /Game/ThirdPersonBP/Maps/ThirdPersonExampleMap.ThirdPersonExampleMap to /Game/ThirdPersonBP/Maps/UEDPIE_0_ThirdPersonExampleMap.ThirdPersonExampleMap (0.073821s)
[2017.05.14-03.51.59:189][314]LogInit: XAudio2 using '扬声器 (Conexant SmartAudio HD)' : 2 channels at 48 kHz using 32 bits per sample (channel mask 0x3)
[2017.05.14-03.51.59:225][314]LogInit: FAudioDevice initialized.
[2017.05.14-03.51.59:263][314]LogLoad: Game class is 'ThirdPersonGameMode_C'
[2017.05.14-03.51.59:273][314]LogWorld: Bringing World /Game/ThirdPersonBP/Maps/UEDPIE_0_ThirdPersonExampleMap.ThirdPersonExampleMap up for play (max tick rate 60) at 2017.05.14-11.51.59
[2017.05.14-03.51.59:274][314]LogWorld: Bringing up level for play took: 0.007975
[2017.05.14-03.51.59:285][314]PIE: Info Play in editor start time for /Game/ThirdPersonBP/Maps/UEDPIE_0_ThirdPersonExampleMap 0.288
[2017.05.14-03.51.59:467][314]LogBlueprintUserMessages: Late PlayInEditor Detection: Level '/Game/ThirdPersonBP/Maps/ThirdPersonExampleMap.ThirdPersonExampleMap:PersistentLevel' has LevelScriptBlueprint '/Game/ThirdPersonBP/Maps/ThirdPersonExampleMap.ThirdPersonExampleMap:PersistentLevel.ThirdPersonExampleMap' with GeneratedClass '/Game/ThirdPersonBP/Maps/ThirdPersonExampleMap.ThirdPersonExampleMap_C' with ClassGeneratedBy '/Game/ThirdPersonBP/Maps/ThirdPersonExampleMap.ThirdPersonExampleMap:PersistentLevel.ThirdPersonExampleMap'
[2017.05.14-03.51.59:468][314]LogBlueprintUserMessages: [Ue4ASP_Character2] You are Dead
[2017.05.14-03.51.59:470][314]LogBlueprintUserMessages: [Ue4ASP_Character3] You are Dead
[2017.05.14-03.51.59:525][315]LogBlueprintUserMessages: [Ue4ASP_Character2] You are Dead
[2017.05.14-03.51.59:525][315]LogBlueprintUserMessages: [Ue4ASP_Character3] You are Dead
[2017.05.14-03.52.06:961][589]LogBlueprintUserMessages: Early EndPlayMap Detection: Level '/Game/ThirdPersonBP/Maps/ThirdPersonExampleMap.ThirdPersonExampleMap:PersistentLevel' has LevelScriptBlueprint '/Game/ThirdPersonBP/Maps/ThirdPersonExampleMap.ThirdPersonExampleMap:PersistentLevel.ThirdPersonExampleMap' with GeneratedClass '/Game/ThirdPersonBP/Maps/ThirdPersonExampleMap.ThirdPersonExampleMap_C' with ClassGeneratedBy '/Game/ThirdPersonBP/Maps/ThirdPersonExampleMap.ThirdPersonExampleMap:PersistentLevel.ThirdPersonExampleMap'
[2017.05.14-03.52.07:157][589]LogBlueprintUserMessages: Late EndPlayMap Detection: Level '/Game/ThirdPersonBP/Maps/ThirdPersonExampleMap.ThirdPersonExampleMap:PersistentLevel' has LevelScriptBlueprint '/Game/ThirdPersonBP/Maps/ThirdPersonExampleMap.ThirdPersonExampleMap:PersistentLevel.ThirdPersonExampleMap' with GeneratedClass '/Game/ThirdPersonBP/Maps/ThirdPersonExampleMap.ThirdPersonExampleMap_C' with ClassGeneratedBy '/Game/ThirdPersonBP/Maps/ThirdPersonExampleMap.ThirdPersonExampleMap:PersistentLevel.ThirdPersonExampleMap'
[2017.05.14-03.54.54:104][763]BlueprintLog: New page: Compile Ue4ASP_Character
[2017.05.14-03.54.59:519][835]Cmd: OBJ SAVEPACKAGE PACKAGE="/Game/AnimStarterPack1/Ue4ASP_Character" FILE="C:/Users/lenovo/Documents/UnrealPro/Shooter/Content/AnimStarterPack1/Ue4ASP_Character.uasset" SILENT=true
[2017.05.14-03.54.59:796][835]LogSavePackage: Save=230.20ms
[2017.05.14-03.54.59:796][835]LogSavePackage: Moving 'C:/Users/lenovo/Documents/UnrealPro/Shooter/Saved/Ue4ASP_Character7361BA9F469C8CD3AD5C5A9EAB4FB204.tmp' to 'C:/Users/lenovo/Documents/UnrealPro/Shooter/Content/AnimStarterPack1/Ue4ASP_Character.uasset'
[2017.05.14-03.54.59:811][835]LogSavePackage:Display: Finished SavePackage C:/Users/lenovo/Documents/UnrealPro/Shooter/Content/AnimStarterPack1/Ue4ASP_Character.uasset
[2017.05.14-03.55.01:608][889]LogTemp: Repeting last play command: Simulate
[2017.05.14-03.55.01:714][889]LogBlueprintUserMessages: Early PlayInEditor Detection: Level '/Game/ThirdPersonBP/Maps/ThirdPersonExampleMap.ThirdPersonExampleMap:PersistentLevel' has LevelScriptBlueprint '/Game/ThirdPersonBP/Maps/ThirdPersonExampleMap.ThirdPersonExampleMap:PersistentLevel.ThirdPersonExampleMap' with GeneratedClass '/Game/ThirdPersonBP/Maps/ThirdPersonExampleMap.ThirdPersonExampleMap_C' with ClassGeneratedBy '/Game/ThirdPersonBP/Maps/ThirdPersonExampleMap.ThirdPersonExampleMap:PersistentLevel.ThirdPersonExampleMap'
[2017.05.14-03.55.01:714][889]LogPlayLevel: PlayLevel: No blueprints needed recompiling
[2017.05.14-03.55.01:714][889]PIE: New page: SIE session: ThirdPersonExampleMap (May 14, 2017, 7:55:01 PM)
[2017.05.14-03.55.01:714][889]LogPlayLevel: Creating play world package: /Game/ThirdPersonBP/Maps/UEDPIE_0_ThirdPersonExampleMap
[2017.05.14-03.55.01:787][889]LogPlayLevel: PIE: StaticDuplicateObject took: (0.072459s)
[2017.05.14-03.55.01:788][889]LogAIModule: Creating AISystem for world ThirdPersonExampleMap
[2017.05.14-03.55.01:789][889]LogPlayLevel: PIE: World Init took: (0.001806s)
[2017.05.14-03.55.01:789][889]LogPlayLevel: PIE: Created PIE world by copying editor world from /Game/ThirdPersonBP/Maps/ThirdPersonExampleMap.ThirdPersonExampleMap to /Game/ThirdPersonBP/Maps/UEDPIE_0_ThirdPersonExampleMap.ThirdPersonExampleMap (0.074822s)
[2017.05.14-03.55.01:875][889]LogInit: XAudio2 using '扬声器 (Conexant SmartAudio HD)' : 2 channels at 48 kHz using 32 bits per sample (channel mask 0x3)
[2017.05.14-03.55.01:899][889]LogInit: FAudioDevice initialized.
[2017.05.14-03.55.01:942][889]LogLoad: Game class is 'ThirdPersonGameMode_C'
[2017.05.14-03.55.01:952][889]LogWorld: Bringing World /Game/ThirdPersonBP/Maps/UEDPIE_0_ThirdPersonExampleMap.ThirdPersonExampleMap up for play (max tick rate 60) at 2017.05.14-11.55.01
[2017.05.14-03.55.01:952][889]LogWorld: Bringing up level for play took: 0.007286
[2017.05.14-03.55.01:957][889]PIE: Info Play in editor start time for /Game/ThirdPersonBP/Maps/UEDPIE_0_ThirdPersonExampleMap 0.959
[2017.05.14-03.55.02:134][889]LogBlueprintUserMessages: Late PlayInEditor Detection: Level '/Game/ThirdPersonBP/Maps/ThirdPersonExampleMap.ThirdPersonExampleMap:PersistentLevel' has LevelScriptBlueprint '/Game/ThirdPersonBP/Maps/ThirdPersonExampleMap.ThirdPersonExampleMap:PersistentLevel.ThirdPersonExampleMap' with GeneratedClass '/Game/ThirdPersonBP/Maps/ThirdPersonExampleMap.ThirdPersonExampleMap_C' with ClassGeneratedBy '/Game/ThirdPersonBP/Maps/ThirdPersonExampleMap.ThirdPersonExampleMap:PersistentLevel.ThirdPersonExampleMap'
[2017.05.14-03.55.02:135][889]LogBlueprintUserMessages: [Ue4ASP_Character2] You are Dead
[2017.05.14-03.55.02:135][889]LogBlueprintUserMessages: [Ue4ASP_Character3] You are Dead
[2017.05.14-03.55.02:188][890]LogBlueprintUserMessages: [Ue4ASP_Character2] You are Dead
[2017.05.14-03.55.02:188][890]LogBlueprintUserMessages: [Ue4ASP_Character3] You are Dead
[2017.05.14-03.55.05:977][ 52]LogBlueprintUserMessages: Early EndPlayMap Detection: Level '/Game/ThirdPersonBP/Maps/ThirdPersonExampleMap.ThirdPersonExampleMap:PersistentLevel' has LevelScriptBlueprint '/Game/ThirdPersonBP/Maps/ThirdPersonExampleMap.ThirdPersonExampleMap:PersistentLevel.ThirdPersonExampleMap' with GeneratedClass '/Game/ThirdPersonBP/Maps/ThirdPersonExampleMap.ThirdPersonExampleMap_C' with ClassGeneratedBy '/Game/ThirdPersonBP/Maps/ThirdPersonExampleMap.ThirdPersonExampleMap:PersistentLevel.ThirdPersonExampleMap'
[2017.05.14-03.55.06:172][ 52]LogBlueprintUserMessages: Late EndPlayMap Detection: Level '/Game/ThirdPersonBP/Maps/ThirdPersonExampleMap.ThirdPersonExampleMap:PersistentLevel' has LevelScriptBlueprint '/Game/ThirdPersonBP/Maps/ThirdPersonExampleMap.ThirdPersonExampleMap:PersistentLevel.ThirdPersonExampleMap' with GeneratedClass '/Game/ThirdPersonBP/Maps/ThirdPersonExampleMap.ThirdPersonExampleMap_C' with ClassGeneratedBy '/Game/ThirdPersonBP/Maps/ThirdPersonExampleMap.ThirdPersonExampleMap:PersistentLevel.ThirdPersonExampleMap'
[2017.05.14-03.56.44:284][553]BlueprintLog: New page: Compile Ue4ASP_Character
[2017.05.14-03.56.46:438][554]Cmd: OBJ SAVEPACKAGE PACKAGE="/Game/AnimStarterPack1/Ue4ASP_Character" FILE="C:/Users/lenovo/Documents/UnrealPro/Shooter/Content/AnimStarterPack1/Ue4ASP_Character.uasset" SILENT=true
[2017.05.14-03.56.46:752][554]LogSavePackage: Save=269.86ms
[2017.05.14-03.56.46:752][554]LogSavePackage: Moving 'C:/Users/lenovo/Documents/UnrealPro/Shooter/Saved/Ue4ASP_CharacterD1B40E264342C002450647A8571726B8.tmp' to 'C:/Users/lenovo/Documents/UnrealPro/Shooter/Content/AnimStarterPack1/Ue4ASP_Character.uasset'
[2017.05.14-03.56.46:768][554]LogSavePackage:Display: Finished SavePackage C:/Users/lenovo/Documents/UnrealPro/Shooter/Content/AnimStarterPack1/Ue4ASP_Character.uasset
[2017.05.14-03.56.52:344][661]LogTemp: Repeting last play command: Simulate
[2017.05.14-03.56.52:442][661]LogBlueprintUserMessages: Early PlayInEditor Detection: Level '/Game/ThirdPersonBP/Maps/ThirdPersonExampleMap.ThirdPersonExampleMap:PersistentLevel' has LevelScriptBlueprint '/Game/ThirdPersonBP/Maps/ThirdPersonExampleMap.ThirdPersonExampleMap:PersistentLevel.ThirdPersonExampleMap' with GeneratedClass '/Game/ThirdPersonBP/Maps/ThirdPersonExampleMap.ThirdPersonExampleMap_C' with ClassGeneratedBy '/Game/ThirdPersonBP/Maps/ThirdPersonExampleMap.ThirdPersonExampleMap:PersistentLevel.ThirdPersonExampleMap'
[2017.05.14-03.56.52:442][661]LogPlayLevel: PlayLevel: No blueprints needed recompiling
[2017.05.14-03.56.52:442][661]PIE: New page: SIE session: ThirdPersonExampleMap (May 14, 2017, 7:56:52 PM)
[2017.05.14-03.56.52:442][661]LogPlayLevel: Creating play world package: /Game/ThirdPersonBP/Maps/UEDPIE_0_ThirdPersonExampleMap
[2017.05.14-03.56.52:512][661]LogPlayLevel: PIE: StaticDuplicateObject took: (0.069984s)
[2017.05.14-03.56.52:514][661]LogAIModule: Creating AISystem for world ThirdPersonExampleMap
[2017.05.14-03.56.52:514][661]LogPlayLevel: PIE: World Init took: (0.001543s)
[2017.05.14-03.56.52:514][661]LogPlayLevel: PIE: Created PIE world by copying editor world from /Game/ThirdPersonBP/Maps/ThirdPersonExampleMap.ThirdPersonExampleMap to /Game/ThirdPersonBP/Maps/UEDPIE_0_ThirdPersonExampleMap.ThirdPersonExampleMap (0.072074s)
[2017.05.14-03.56.52:609][661]LogInit: XAudio2 using '扬声器 (Conexant SmartAudio HD)' : 2 channels at 48 kHz using 32 bits per sample (channel mask 0x3)
[2017.05.14-03.56.52:634][661]LogInit: FAudioDevice initialized.
[2017.05.14-03.56.52:672][661]LogLoad: Game class is 'ThirdPersonGameMode_C'
[2017.05.14-03.56.52:682][661]LogWorld: Bringing World /Game/ThirdPersonBP/Maps/UEDPIE_0_ThirdPersonExampleMap.ThirdPersonExampleMap up for play (max tick rate 60) at 2017.05.14-11.56.52
[2017.05.14-03.56.52:683][661]LogWorld: Bringing up level for play took: 0.008666
[2017.05.14-03.56.52:689][661]PIE: Info Play in editor start time for /Game/ThirdPersonBP/Maps/UEDPIE_0_ThirdPersonExampleMap -0.309
[2017.05.14-03.56.52:878][661]LogBlueprintUserMessages: Late PlayInEditor Detection: Level '/Game/ThirdPersonBP/Maps/ThirdPersonExampleMap.ThirdPersonExampleMap:PersistentLevel' has LevelScriptBlueprint '/Game/ThirdPersonBP/Maps/ThirdPersonExampleMap.ThirdPersonExampleMap:PersistentLevel.ThirdPersonExampleMap' with GeneratedClass '/Game/ThirdPersonBP/Maps/ThirdPersonExampleMap.ThirdPersonExampleMap_C' with ClassGeneratedBy '/Game/ThirdPersonBP/Maps/ThirdPersonExampleMap.ThirdPersonExampleMap:PersistentLevel.ThirdPersonExampleMap'
[2017.05.14-03.57.08:032][166]LogEditorViewport: Clicking on Actor (LMB): Ue4ASP_Character_C (Ue4ASP_Character3)
[2017.05.14-03.57.12:914][304]LogSavePackage: Save=453.09ms
[2017.05.14-03.57.12:915][304]LogSavePackage: Moving 'C:/Users/lenovo/Documents/UnrealPro/Shooter/Saved/ThirdPersonExampleMap5991601F4F18578BBCD475BCF23136D3.tmp' to 'C:/Users/lenovo/Documents/UnrealPro/Shooter/Content/ThirdPersonBP/Maps/ThirdPersonExampleMap.umap'
[2017.05.14-03.57.12:929][304]LogSavePackage:Display: Finished SavePackage C:/Users/lenovo/Documents/UnrealPro/Shooter/Content/ThirdPersonBP/Maps/ThirdPersonExampleMap.umap
[2017.05.14-03.57.13:920][304]LogSavePackage: Save=741.05ms
[2017.05.14-03.57.13:920][304]LogSavePackage: Moving 'C:/Users/lenovo/Documents/UnrealPro/Shooter/Saved/ThirdPersonExampleMap_BuiltDataED55572642FD38201F32FB846EF41FA7.tmp' to 'C:/Users/lenovo/Documents/UnrealPro/Shooter/Content/ThirdPersonBP/Maps/ThirdPersonExampleMap_BuiltData.uasset'
[2017.05.14-03.57.13:927][304]LogSavePackage:Display: Finished SavePackage C:/Users/lenovo/Documents/UnrealPro/Shooter/Content/ThirdPersonBP/Maps/ThirdPersonExampleMap_BuiltData.uasset
[2017.05.14-03.57.14:484][323]LogBlueprintUserMessages: Early EndPlayMap Detection: Level '/Game/ThirdPersonBP/Maps/ThirdPersonExampleMap.ThirdPersonExampleMap:PersistentLevel' has LevelScriptBlueprint '/Game/ThirdPersonBP/Maps/ThirdPersonExampleMap.ThirdPersonExampleMap:PersistentLevel.ThirdPersonExampleMap' with GeneratedClass '/Game/ThirdPersonBP/Maps/ThirdPersonExampleMap.ThirdPersonExampleMap_C' with ClassGeneratedBy '/Game/ThirdPersonBP/Maps/ThirdPersonExampleMap.ThirdPersonExampleMap:PersistentLevel.ThirdPersonExampleMap'
[2017.05.14-03.57.14:983][323]LogStats: FPlatformStackWalk::StackWalkAndDump -  0.448 s
[2017.05.14-03.57.14:983][323]LogOutputDevice:Error: === Handled ensure: ===
[2017.05.14-03.57.14:983][323]LogOutputDevice:Error: 
[2017.05.14-03.57.14:983][323]LogOutputDevice:Error: Ensure condition failed: NewObject->IsA(this->GeneratedClass) [File:D:\Build\++UE4+Release-4.15+Compile\Sync\Engine\Source\Runtime\Engine\Private\Blueprint.cpp] [Line: 755]
[2017.05.14-03.57.14:983][323]LogOutputDevice:Error: Type mismatch: Expected ThirdPersonExampleMap_C, Found REINST_ThirdPersonExampleMap_C_239
[2017.05.14-03.57.14:983][323]LogOutputDevice:Error: Stack: 
[2017.05.14-03.57.14:983][323]LogOutputDevice:Error: UE4Editor-Core.dll!0x000000004B3895E6
[2017.05.14-03.57.14:983][323]LogOutputDevice:Error: UE4Editor-Core.dll!0x000000004B139B82
[2017.05.14-03.57.14:983][323]LogOutputDevice:Error: UE4Editor-Core.dll!0x000000004B14B666
[2017.05.14-03.57.14:983][323]LogOutputDevice:Error: UE4Editor-Engine.dll!0x000000004717F281
[2017.05.14-03.57.14:983][323]LogOutputDevice:Error: UE4Editor-Engine.dll!0x0000000047F59011
[2017.05.14-03.57.14:983][323]LogOutputDevice:Error: UE4Editor-UnrealEd.dll!0x0000000045D52D9D
[2017.05.14-03.57.14:983][323]LogOutputDevice:Error: UE4Editor-UnrealEd.dll!0x0000000045D0E99E
[2017.05.14-03.57.14:983][323]LogOutputDevice:Error: UE4Editor-UnrealEd.dll!0x0000000045837A9F
[2017.05.14-03.57.14:983][323]LogOutputDevice:Error: UE4Editor-UnrealEd.dll!0x0000000046042156
[2017.05.14-03.57.14:983][323]LogOutputDevice:Error: UE4Editor.exe!0x00000000E427DEE3
[2017.05.14-03.57.14:983][323]LogOutputDevice:Error: UE4Editor.exe!0x00000000E426EB40
[2017.05.14-03.57.14:983][323]LogOutputDevice:Error: UE4Editor.exe!0x00000000E426EBBA
[2017.05.14-03.57.14:983][323]LogOutputDevice:Error: UE4Editor.exe!0x00000000E4280A29
[2017.05.14-03.57.14:983][323]LogOutputDevice:Error: UE4Editor.exe!0x00000000E42822B6
[2017.05.14-03.57.14:983][323]LogOutputDevice:Error: KERNEL32.DLL!0x0000000089CE8364
[2017.05.14-03.57.14:983][323]LogOutputDevice:Error: ntdll.dll!0x000000008A6670D1
[2017.05.14-03.57.14:983][323]LogOutputDevice:Error: 
[2017.05.14-03.57.14:986][323]LogStats:                SubmitErrorReport -  0.000 s
